2022-01-04 00:14:29,132 INFO org.hibernate.validator.internal.util.Version [background-preinit] HV000001: Hibernate Validator 6.2.0.Final
2022-01-04 00:14:29,184 INFO org.springframework.boot.StartupInfoLogger [restartedMain] Starting EleicaoOnlineApplication using Java 15 on DESKTOP-GB6D24J with PID 8864 (C:\Users\Pedro\Documents\Projetos\pessoais\eleicao-online\eleicao-online-backend\target\classes started by Pedro in C:\Users\Pedro\Documents\Projetos\pessoais\eleicao-online\eleicao-online-backend)
2022-01-04 00:14:29,185 DEBUG org.springframework.boot.StartupInfoLogger [restartedMain] Running with Spring Boot v2.5.5, Spring v5.3.10
2022-01-04 00:14:29,191 INFO org.springframework.boot.SpringApplication [restartedMain] The following profiles are active: dev
2022-01-04 00:14:29,399 INFO org.springframework.boot.logging.DeferredLog [restartedMain] Devtools property defaults active! Set 'spring.devtools.add-properties' to 'false' to disable
2022-01-04 00:14:29,400 INFO org.springframework.boot.logging.DeferredLog [restartedMain] For additional web related logging consider setting the 'logging.level.web' property to 'DEBUG'
2022-01-04 00:14:34,875 INFO org.springframework.data.repository.config.RepositoryConfigurationDelegate [restartedMain] Bootstrapping Spring Data JPA repositories in DEFAULT mode.
2022-01-04 00:14:35,173 INFO org.springframework.data.repository.config.RepositoryConfigurationDelegate [restartedMain] Finished Spring Data repository scanning in 267 ms. Found 7 JPA repository interfaces.
2022-01-04 00:14:37,865 INFO org.springframework.context.support.PostProcessorRegistrationDelegate$BeanPostProcessorChecker [restartedMain] Bean 'springAsyncConfig' of type [br.com.eleicaoonline.config.SpringAsyncConfig$$EnhancerBySpringCGLIB$$649105c] is not eligible for getting processed by all BeanPostProcessors (for example: not eligible for auto-proxying)
2022-01-04 00:14:38,325 INFO org.springframework.context.support.PostProcessorRegistrationDelegate$BeanPostProcessorChecker [restartedMain] Bean 'org.springframework.security.access.expression.method.DefaultMethodSecurityExpressionHandler@286ae586' of type [org.springframework.security.access.expression.method.DefaultMethodSecurityExpressionHandler] is not eligible for getting processed by all BeanPostProcessors (for example: not eligible for auto-proxying)
2022-01-04 00:14:38,333 INFO org.springframework.context.support.PostProcessorRegistrationDelegate$BeanPostProcessorChecker [restartedMain] Bean 'methodSecurityConfig' of type [br.com.eleicaoonline.config.MethodSecurityConfig$$EnhancerBySpringCGLIB$$812a9506] is not eligible for getting processed by all BeanPostProcessors (for example: not eligible for auto-proxying)
2022-01-04 00:14:38,362 INFO org.springframework.context.support.PostProcessorRegistrationDelegate$BeanPostProcessorChecker [restartedMain] Bean 'methodSecurityMetadataSource' of type [org.springframework.security.access.method.DelegatingMethodSecurityMetadataSource] is not eligible for getting processed by all BeanPostProcessors (for example: not eligible for auto-proxying)
2022-01-04 00:14:40,697 INFO org.springframework.boot.web.embedded.tomcat.TomcatWebServer [restartedMain] Tomcat initialized with port(s): 8443 (https)
2022-01-04 00:14:40,732 INFO org.apache.juli.logging.DirectJDKLog [restartedMain] Initializing ProtocolHandler ["https-jsse-nio-8443"]
2022-01-04 00:14:40,734 INFO org.apache.juli.logging.DirectJDKLog [restartedMain] Starting service [Tomcat]
2022-01-04 00:14:40,737 INFO org.apache.juli.logging.DirectJDKLog [restartedMain] Starting Servlet engine: [Apache Tomcat/9.0.53]
2022-01-04 00:14:41,285 INFO org.apache.juli.logging.DirectJDKLog [restartedMain] Initializing Spring embedded WebApplicationContext
2022-01-04 00:14:41,287 INFO org.springframework.boot.web.servlet.context.ServletWebServerApplicationContext [restartedMain] Root WebApplicationContext: initialization completed in 11885 ms
2022-01-04 00:14:42,015 DEBUG org.springframework.web.filter.GenericFilterBean [restartedMain] Filter 'jwtRequestFilter' configured for use
2022-01-04 00:14:43,070 INFO org.hibernate.jpa.internal.util.LogHelper [restartedMain] HHH000204: Processing PersistenceUnitInfo [name: default]
2022-01-04 00:14:43,756 INFO org.hibernate.Version [restartedMain] HHH000412: Hibernate ORM core version 5.4.32.Final
2022-01-04 00:14:45,207 INFO org.hibernate.annotations.common.reflection.java.JavaReflectionManager [restartedMain] HCANN000001: Hibernate Commons Annotations {5.1.2.Final}
2022-01-04 00:14:45,998 INFO com.zaxxer.hikari.HikariDataSource [restartedMain] HikariPool-1 - Starting...
2022-01-04 00:14:47,139 INFO com.zaxxer.hikari.HikariDataSource [restartedMain] HikariPool-1 - Start completed.
2022-01-04 00:14:47,294 INFO org.hibernate.dialect.Dialect [restartedMain] HHH000400: Using dialect: org.hibernate.dialect.PostgreSQL10Dialect
2022-01-04 00:14:54,452 INFO org.hibernate.engine.transaction.jta.platform.internal.JtaPlatformInitiator [restartedMain] HHH000490: Using JtaPlatform implementation: [org.hibernate.engine.transaction.jta.platform.internal.NoJtaPlatform]
2022-01-04 00:14:54,483 INFO org.springframework.orm.jpa.AbstractEntityManagerFactoryBean [restartedMain] Initialized JPA EntityManagerFactory for persistence unit 'default'
2022-01-04 00:14:55,130 WARN org.springframework.boot.autoconfigure.orm.jpa.JpaBaseConfiguration$JpaWebConfiguration [restartedMain] spring.jpa.open-in-view is enabled by default. Therefore, database queries may be performed during view rendering. Explicitly configure spring.jpa.open-in-view to disable this warning
2022-01-04 00:15:11,125 INFO org.springframework.security.web.DefaultSecurityFilterChain [restartedMain] Will secure any request with [org.springframework.security.web.context.request.async.WebAsyncManagerIntegrationFilter@67729cbb, org.springframework.security.web.context.SecurityContextPersistenceFilter@24407e2d, org.springframework.security.web.header.HeaderWriterFilter@241743c0, org.springframework.web.filter.CorsFilter@678f94e4, org.springframework.security.web.authentication.logout.LogoutFilter@3329439b, org.springframework.security.oauth2.client.web.OAuth2AuthorizationRequestRedirectFilter@56c66a2b, org.springframework.security.oauth2.client.web.OAuth2LoginAuthenticationFilter@57b5fc5f, org.springframework.security.web.authentication.ui.DefaultLoginPageGeneratingFilter@74780fbe, org.springframework.security.web.authentication.ui.DefaultLogoutPageGeneratingFilter@1fae4e0a, org.springframework.security.web.savedrequest.RequestCacheAwareFilter@78e6ac4b, org.springframework.security.web.servletapi.SecurityContextHolderAwareRequestFilter@4dba4b5c, org.springframework.security.web.authentication.AnonymousAuthenticationFilter@1f745cb8, org.springframework.security.web.session.SessionManagementFilter@3bb05f40, org.springframework.security.web.access.ExceptionTranslationFilter@cad1d38, org.springframework.security.web.access.intercept.FilterSecurityInterceptor@49e7fb8]
2022-01-04 00:15:12,073 INFO org.springframework.boot.devtools.autoconfigure.OptionalLiveReloadServer [restartedMain] LiveReload server is running on port 35729
2022-01-04 00:15:14,126 INFO org.quartz.impl.StdSchedulerFactory [restartedMain] Using default implementation for ThreadExecutor
2022-01-04 00:15:14,204 INFO org.quartz.core.SchedulerSignalerImpl [restartedMain] Initialized Scheduler Signaller of type: class org.quartz.core.SchedulerSignalerImpl
2022-01-04 00:15:14,205 INFO org.quartz.core.QuartzScheduler [restartedMain] Quartz Scheduler v.2.3.2 created.
2022-01-04 00:15:14,207 INFO org.quartz.simpl.RAMJobStore [restartedMain] RAMJobStore initialized.
2022-01-04 00:15:14,209 INFO org.quartz.core.QuartzScheduler [restartedMain] Scheduler meta-data: Quartz Scheduler (v2.3.2) 'quartzScheduler' with instanceId 'NON_CLUSTERED'
  Scheduler class: 'org.quartz.core.QuartzScheduler' - running locally.
  NOT STARTED.
  Currently in standby mode.
  Number of jobs executed: 0
  Using thread pool 'org.quartz.simpl.SimpleThreadPool' - with 10 threads.
  Using job-store 'org.quartz.simpl.RAMJobStore' - which does not support persistence. and is not clustered.

2022-01-04 00:15:14,210 INFO org.quartz.impl.StdSchedulerFactory [restartedMain] Quartz scheduler 'quartzScheduler' initialized from an externally provided properties instance.
2022-01-04 00:15:14,213 INFO org.quartz.impl.StdSchedulerFactory [restartedMain] Quartz scheduler version: 2.3.2
2022-01-04 00:15:14,214 INFO org.quartz.core.QuartzScheduler [restartedMain] JobFactory set to: org.springframework.scheduling.quartz.SpringBeanJobFactory@5f7dc27
2022-01-04 00:15:15,093 INFO org.apache.juli.logging.DirectJDKLog [restartedMain] Starting ProtocolHandler ["https-jsse-nio-8443"]
2022-01-04 00:15:17,205 INFO org.springframework.boot.web.embedded.tomcat.TomcatWebServer [restartedMain] Tomcat started on port(s): 8443 (https) with context path ''
2022-01-04 00:15:18,401 INFO org.springframework.scheduling.quartz.SchedulerFactoryBean [restartedMain] Starting Quartz Scheduler now
2022-01-04 00:15:18,402 INFO org.quartz.core.QuartzScheduler [restartedMain] Scheduler quartzScheduler_$_NON_CLUSTERED started.
2022-01-04 00:15:18,469 INFO org.springframework.boot.StartupInfoLogger [restartedMain] Started EleicaoOnlineApplication in 50.687 seconds (JVM running for 52.498)
2022-01-04 00:16:00,044 INFO br.com.eleicaoonline.job.CalcularResultadoEleicaoJob [scheduling-1] Executando o job de calcular os resultados das eleições com falha
2022-01-04 00:16:00,069 INFO br.com.eleicaoonline.service.EleicaoService [scheduling-1] Executando buscarPorSituacao
2022-01-04 00:16:00,442 INFO br.com.eleicaoonline.job.IniciarFinalizarEleicaoJob [scheduling-1] Executando o job de iniciar eleição
2022-01-04 00:16:00,443 INFO br.com.eleicaoonline.service.EleicaoService [scheduling-1] Executando buscarPorSituacao
2022-01-04 00:16:00,458 INFO br.com.eleicaoonline.job.IniciarFinalizarEleicaoJob [scheduling-1] Executando o job de finalizar eleições processadas
2022-01-04 00:16:00,459 INFO br.com.eleicaoonline.service.EleicaoService [scheduling-1] Executando buscarPorSituacao
2022-01-04 00:16:00,470 INFO br.com.eleicaoonline.job.CalcularResultadoEleicaoJob [scheduling-1] Executando o job de calcular os resultados das eleições iniciadas
2022-01-04 00:16:00,471 INFO br.com.eleicaoonline.service.EleicaoService [scheduling-1] Executando buscarPorSituacao
2022-01-04 00:17:00,004 INFO br.com.eleicaoonline.job.IniciarFinalizarEleicaoJob [scheduling-1] Executando o job de finalizar eleições processadas
2022-01-04 00:17:00,005 INFO br.com.eleicaoonline.service.EleicaoService [scheduling-1] Executando buscarPorSituacao
2022-01-04 00:17:00,020 INFO br.com.eleicaoonline.job.CalcularResultadoEleicaoJob [scheduling-1] Executando o job de calcular os resultados das eleições com falha
2022-01-04 00:17:00,021 INFO br.com.eleicaoonline.service.EleicaoService [scheduling-1] Executando buscarPorSituacao
2022-01-04 00:17:00,028 INFO br.com.eleicaoonline.job.IniciarFinalizarEleicaoJob [scheduling-1] Executando o job de iniciar eleição
2022-01-04 00:17:00,029 INFO br.com.eleicaoonline.service.EleicaoService [scheduling-1] Executando buscarPorSituacao
2022-01-04 00:17:00,034 INFO br.com.eleicaoonline.job.CalcularResultadoEleicaoJob [scheduling-1] Executando o job de calcular os resultados das eleições iniciadas
2022-01-04 00:17:00,035 INFO br.com.eleicaoonline.service.EleicaoService [scheduling-1] Executando buscarPorSituacao
2022-01-04 00:17:27,602 INFO org.apache.juli.logging.DirectJDKLog [https-jsse-nio-8443-exec-3] Initializing Spring DispatcherServlet 'dispatcherServlet'
2022-01-04 00:17:27,603 INFO org.springframework.web.servlet.FrameworkServlet [https-jsse-nio-8443-exec-3] Initializing Servlet 'dispatcherServlet'
2022-01-04 00:17:27,608 INFO org.springframework.web.servlet.FrameworkServlet [https-jsse-nio-8443-exec-3] Completed initialization in 5 ms
2022-01-04 00:17:33,371 WARN br.com.eleicaoonline.filter.JwtRequestFilter [https-jsse-nio-8443-exec-4] Requisição não possui string bearer
2022-01-04 00:17:33,425 INFO br.com.eleicaoonline.service.AutenticacaoService [https-jsse-nio-8443-exec-4] Executando gerarToken
2022-01-04 00:17:33,432 INFO br.com.eleicaoonline.service.AdministradorService [https-jsse-nio-8443-exec-4] Executando buscarAdministradorPeloEmail
2022-01-04 00:17:33,521 INFO br.com.eleicaoonline.service.EleicaoService [https-jsse-nio-8443-exec-4] Executando buscarMembroComissaoPeloEmail
2022-01-04 00:17:33,544 INFO br.com.eleicaoonline.service.EleitorService [https-jsse-nio-8443-exec-4] Executando buscarEleitorPeloEmail
2022-01-04 00:17:35,713 INFO br.com.eleicaoonline.service.EleicaoService [https-jsse-nio-8443-exec-4] Executando listarEleicoes
2022-01-04 00:18:00,004 INFO br.com.eleicaoonline.job.IniciarFinalizarEleicaoJob [scheduling-1] Executando o job de iniciar eleição
2022-01-04 00:18:00,004 INFO br.com.eleicaoonline.service.EleicaoService [scheduling-1] Executando buscarPorSituacao
2022-01-04 00:18:00,019 INFO br.com.eleicaoonline.job.CalcularResultadoEleicaoJob [scheduling-1] Executando o job de calcular os resultados das eleições com falha
2022-01-04 00:18:00,020 INFO br.com.eleicaoonline.service.EleicaoService [scheduling-1] Executando buscarPorSituacao
2022-01-04 00:18:00,032 INFO br.com.eleicaoonline.job.IniciarFinalizarEleicaoJob [scheduling-1] Executando o job de finalizar eleições processadas
2022-01-04 00:18:00,033 INFO br.com.eleicaoonline.service.EleicaoService [scheduling-1] Executando buscarPorSituacao
2022-01-04 00:18:00,038 INFO br.com.eleicaoonline.job.CalcularResultadoEleicaoJob [scheduling-1] Executando o job de calcular os resultados das eleições iniciadas
2022-01-04 00:18:00,039 INFO br.com.eleicaoonline.service.EleicaoService [scheduling-1] Executando buscarPorSituacao
2022-01-04 00:18:03,111 WARN org.springframework.web.servlet.handler.AbstractHandlerExceptionResolver [https-jsse-nio-8443-exec-7] Resolved [org.springframework.http.converter.HttpMessageNotReadableException: Required request body is missing: public org.springframework.data.domain.Page<br.com.eleicaoonline.dto.PessoaDTO> br.com.eleicaoonline.controller.PessoaController.listarPessoas(br.com.eleicaoonline.controller.filtro.FiltroPessoa,org.springframework.data.domain.Pageable)]
2022-01-04 00:18:18,762 INFO br.com.eleicaoonline.service.EleicaoService [https-jsse-nio-8443-exec-4] Executando listarEleicoes
2022-01-04 00:18:19,149 WARN org.springframework.web.servlet.handler.AbstractHandlerExceptionResolver [https-jsse-nio-8443-exec-6] Resolved [org.springframework.http.converter.HttpMessageNotReadableException: Required request body is missing: public org.springframework.data.domain.Page<br.com.eleicaoonline.dto.PessoaDTO> br.com.eleicaoonline.controller.PessoaController.listarPessoas(br.com.eleicaoonline.controller.filtro.FiltroPessoa,org.springframework.data.domain.Pageable)]
2022-01-04 00:19:00,286 INFO br.com.eleicaoonline.job.IniciarFinalizarEleicaoJob [scheduling-1] Executando o job de finalizar eleições processadas
2022-01-04 00:19:00,287 INFO br.com.eleicaoonline.service.EleicaoService [scheduling-1] Executando buscarPorSituacao
2022-01-04 00:19:00,393 INFO br.com.eleicaoonline.job.CalcularResultadoEleicaoJob [scheduling-1] Executando o job de calcular os resultados das eleições com falha
2022-01-04 00:19:00,393 INFO br.com.eleicaoonline.service.EleicaoService [scheduling-1] Executando buscarPorSituacao
2022-01-04 00:19:00,399 INFO br.com.eleicaoonline.job.CalcularResultadoEleicaoJob [scheduling-1] Executando o job de calcular os resultados das eleições iniciadas
2022-01-04 00:19:00,401 INFO br.com.eleicaoonline.service.EleicaoService [scheduling-1] Executando buscarPorSituacao
2022-01-04 00:19:00,421 INFO br.com.eleicaoonline.job.IniciarFinalizarEleicaoJob [scheduling-1] Executando o job de iniciar eleição
2022-01-04 00:19:00,423 INFO br.com.eleicaoonline.service.EleicaoService [scheduling-1] Executando buscarPorSituacao
2022-01-04 00:19:02,299 INFO br.com.eleicaoonline.service.EleicaoService [https-jsse-nio-8443-exec-8] Executando listarEleicoes
2022-01-04 00:19:02,522 WARN org.springframework.web.servlet.handler.AbstractHandlerExceptionResolver [https-jsse-nio-8443-exec-10] Resolved [org.springframework.http.converter.HttpMessageNotReadableException: Required request body is missing: public org.springframework.data.domain.Page<br.com.eleicaoonline.dto.PessoaDTO> br.com.eleicaoonline.controller.PessoaController.listarPessoas(br.com.eleicaoonline.controller.filtro.FiltroPessoa,org.springframework.data.domain.Pageable)]
2022-01-04 00:19:27,032 INFO br.com.eleicaoonline.service.EleicaoService [https-jsse-nio-8443-exec-8] Executando listarEleicoes
2022-01-04 00:19:27,260 WARN org.springframework.web.servlet.handler.AbstractHandlerExceptionResolver [https-jsse-nio-8443-exec-7] Resolved [org.springframework.http.converter.HttpMessageNotReadableException: Required request body is missing: public org.springframework.data.domain.Page<br.com.eleicaoonline.dto.PessoaDTO> br.com.eleicaoonline.controller.PessoaController.listarPessoas(br.com.eleicaoonline.controller.filtro.FiltroPessoa,org.springframework.data.domain.Pageable)]
2022-01-04 00:20:00,005 INFO br.com.eleicaoonline.job.CalcularResultadoEleicaoJob [scheduling-1] Executando o job de calcular os resultados das eleições iniciadas
2022-01-04 00:20:00,005 INFO br.com.eleicaoonline.service.EleicaoService [scheduling-1] Executando buscarPorSituacao
2022-01-04 00:20:00,016 INFO br.com.eleicaoonline.job.IniciarFinalizarEleicaoJob [scheduling-1] Executando o job de iniciar eleição
2022-01-04 00:20:00,017 INFO br.com.eleicaoonline.service.EleicaoService [scheduling-1] Executando buscarPorSituacao
2022-01-04 00:20:00,022 INFO br.com.eleicaoonline.job.IniciarFinalizarEleicaoJob [scheduling-1] Executando o job de finalizar eleições processadas
2022-01-04 00:20:00,023 INFO br.com.eleicaoonline.service.EleicaoService [scheduling-1] Executando buscarPorSituacao
2022-01-04 00:20:00,029 INFO br.com.eleicaoonline.job.CalcularResultadoEleicaoJob [scheduling-1] Executando o job de calcular os resultados das eleições com falha
2022-01-04 00:20:00,029 INFO br.com.eleicaoonline.service.EleicaoService [scheduling-1] Executando buscarPorSituacao
2022-01-04 00:20:13,041 INFO br.com.eleicaoonline.service.EleicaoService [https-jsse-nio-8443-exec-10] Executando listarEleicoes
2022-01-04 00:20:13,226 WARN org.springframework.web.servlet.handler.AbstractHandlerExceptionResolver [https-jsse-nio-8443-exec-9] Resolved [org.springframework.http.converter.HttpMessageNotReadableException: Required request body is missing: public org.springframework.data.domain.Page<br.com.eleicaoonline.dto.PessoaDTO> br.com.eleicaoonline.controller.PessoaController.listarPessoas(br.com.eleicaoonline.controller.filtro.FiltroPessoa,org.springframework.data.domain.Pageable)]
2022-01-04 00:21:00,061 INFO br.com.eleicaoonline.job.IniciarFinalizarEleicaoJob [scheduling-1] Executando o job de finalizar eleições processadas
2022-01-04 00:21:00,063 INFO br.com.eleicaoonline.service.EleicaoService [scheduling-1] Executando buscarPorSituacao
2022-01-04 00:21:00,104 INFO br.com.eleicaoonline.job.CalcularResultadoEleicaoJob [scheduling-1] Executando o job de calcular os resultados das eleições com falha
2022-01-04 00:21:00,106 INFO br.com.eleicaoonline.service.EleicaoService [scheduling-1] Executando buscarPorSituacao
2022-01-04 00:21:00,122 INFO br.com.eleicaoonline.job.IniciarFinalizarEleicaoJob [scheduling-1] Executando o job de iniciar eleição
2022-01-04 00:21:00,123 INFO br.com.eleicaoonline.service.EleicaoService [scheduling-1] Executando buscarPorSituacao
2022-01-04 00:21:00,142 INFO br.com.eleicaoonline.job.CalcularResultadoEleicaoJob [scheduling-1] Executando o job de calcular os resultados das eleições iniciadas
2022-01-04 00:21:00,143 INFO br.com.eleicaoonline.service.EleicaoService [scheduling-1] Executando buscarPorSituacao
2022-01-04 00:22:00,013 INFO br.com.eleicaoonline.job.IniciarFinalizarEleicaoJob [scheduling-1] Executando o job de iniciar eleição
2022-01-04 00:22:00,013 INFO br.com.eleicaoonline.service.EleicaoService [scheduling-1] Executando buscarPorSituacao
2022-01-04 00:22:00,023 INFO br.com.eleicaoonline.job.CalcularResultadoEleicaoJob [scheduling-1] Executando o job de calcular os resultados das eleições com falha
2022-01-04 00:22:00,024 INFO br.com.eleicaoonline.service.EleicaoService [scheduling-1] Executando buscarPorSituacao
2022-01-04 00:22:00,029 INFO br.com.eleicaoonline.job.IniciarFinalizarEleicaoJob [scheduling-1] Executando o job de finalizar eleições processadas
2022-01-04 00:22:00,029 INFO br.com.eleicaoonline.service.EleicaoService [scheduling-1] Executando buscarPorSituacao
2022-01-04 00:22:00,034 INFO br.com.eleicaoonline.job.CalcularResultadoEleicaoJob [scheduling-1] Executando o job de calcular os resultados das eleições iniciadas
2022-01-04 00:22:00,035 INFO br.com.eleicaoonline.service.EleicaoService [scheduling-1] Executando buscarPorSituacao
2022-01-04 00:22:10,647 INFO br.com.eleicaoonline.service.EleicaoService [https-jsse-nio-8443-exec-10] Executando listarEleicoes
2022-01-04 00:22:17,551 INFO br.com.eleicaoonline.service.EleicaoService [https-jsse-nio-8443-exec-9] Executando listarEleicoes
2022-01-04 00:22:28,246 INFO br.com.eleicaoonline.service.PessoaService [https-jsse-nio-8443-exec-5] Executando listarPessoas
2022-01-04 00:22:35,513 INFO br.com.eleicaoonline.service.PessoaService [https-jsse-nio-8443-exec-5] Executando listarPessoas
2022-01-04 00:22:38,392 INFO br.com.eleicaoonline.service.PessoaService [https-jsse-nio-8443-exec-1] Executando listarPessoas
2022-01-04 00:23:00,004 INFO br.com.eleicaoonline.job.CalcularResultadoEleicaoJob [scheduling-1] Executando o job de calcular os resultados das eleições com falha
2022-01-04 00:23:00,005 INFO br.com.eleicaoonline.service.EleicaoService [scheduling-1] Executando buscarPorSituacao
2022-01-04 00:23:00,018 INFO br.com.eleicaoonline.job.IniciarFinalizarEleicaoJob [scheduling-1] Executando o job de finalizar eleições processadas
2022-01-04 00:23:00,018 INFO br.com.eleicaoonline.service.EleicaoService [scheduling-1] Executando buscarPorSituacao
2022-01-04 00:23:00,024 INFO br.com.eleicaoonline.job.CalcularResultadoEleicaoJob [scheduling-1] Executando o job de calcular os resultados das eleições iniciadas
2022-01-04 00:23:00,024 INFO br.com.eleicaoonline.service.EleicaoService [scheduling-1] Executando buscarPorSituacao
2022-01-04 00:23:00,031 INFO br.com.eleicaoonline.job.IniciarFinalizarEleicaoJob [scheduling-1] Executando o job de iniciar eleição
2022-01-04 00:23:00,033 INFO br.com.eleicaoonline.service.EleicaoService [scheduling-1] Executando buscarPorSituacao
2022-01-04 00:23:11,002 INFO br.com.eleicaoonline.service.EleicaoService [https-jsse-nio-8443-exec-3] Executando listarEleicoes
2022-01-04 00:23:11,174 INFO br.com.eleicaoonline.service.PessoaService [https-jsse-nio-8443-exec-6] Executando listarPessoas
2022-01-04 00:24:00,005 INFO br.com.eleicaoonline.job.CalcularResultadoEleicaoJob [scheduling-1] Executando o job de calcular os resultados das eleições com falha
2022-01-04 00:24:00,006 INFO br.com.eleicaoonline.service.EleicaoService [scheduling-1] Executando buscarPorSituacao
2022-01-04 00:24:00,070 INFO br.com.eleicaoonline.job.IniciarFinalizarEleicaoJob [scheduling-1] Executando o job de finalizar eleições processadas
2022-01-04 00:24:00,071 INFO br.com.eleicaoonline.service.EleicaoService [scheduling-1] Executando buscarPorSituacao
2022-01-04 00:24:00,092 INFO br.com.eleicaoonline.job.CalcularResultadoEleicaoJob [scheduling-1] Executando o job de calcular os resultados das eleições iniciadas
2022-01-04 00:24:00,093 INFO br.com.eleicaoonline.service.EleicaoService [scheduling-1] Executando buscarPorSituacao
2022-01-04 00:24:00,122 INFO br.com.eleicaoonline.job.IniciarFinalizarEleicaoJob [scheduling-1] Executando o job de iniciar eleição
2022-01-04 00:24:00,123 INFO br.com.eleicaoonline.service.EleicaoService [scheduling-1] Executando buscarPorSituacao
2022-01-04 00:25:00,028 INFO br.com.eleicaoonline.job.IniciarFinalizarEleicaoJob [scheduling-1] Executando o job de finalizar eleições processadas
2022-01-04 00:25:00,028 INFO br.com.eleicaoonline.service.EleicaoService [scheduling-1] Executando buscarPorSituacao
2022-01-04 00:25:00,037 INFO br.com.eleicaoonline.job.IniciarFinalizarEleicaoJob [scheduling-1] Executando o job de iniciar eleição
2022-01-04 00:25:00,038 INFO br.com.eleicaoonline.service.EleicaoService [scheduling-1] Executando buscarPorSituacao
2022-01-04 00:25:00,047 INFO br.com.eleicaoonline.job.CalcularResultadoEleicaoJob [scheduling-1] Executando o job de calcular os resultados das eleições com falha
2022-01-04 00:25:00,049 INFO br.com.eleicaoonline.service.EleicaoService [scheduling-1] Executando buscarPorSituacao
2022-01-04 00:25:00,073 INFO br.com.eleicaoonline.job.CalcularResultadoEleicaoJob [scheduling-1] Executando o job de calcular os resultados das eleições iniciadas
2022-01-04 00:25:00,073 INFO br.com.eleicaoonline.service.EleicaoService [scheduling-1] Executando buscarPorSituacao
2022-01-04 00:26:00,045 INFO br.com.eleicaoonline.job.CalcularResultadoEleicaoJob [scheduling-1] Executando o job de calcular os resultados das eleições iniciadas
2022-01-04 00:26:00,046 INFO br.com.eleicaoonline.service.EleicaoService [scheduling-1] Executando buscarPorSituacao
2022-01-04 00:26:00,088 INFO br.com.eleicaoonline.job.IniciarFinalizarEleicaoJob [scheduling-1] Executando o job de iniciar eleição
2022-01-04 00:26:00,089 INFO br.com.eleicaoonline.service.EleicaoService [scheduling-1] Executando buscarPorSituacao
2022-01-04 00:26:00,093 INFO br.com.eleicaoonline.job.CalcularResultadoEleicaoJob [scheduling-1] Executando o job de calcular os resultados das eleições com falha
2022-01-04 00:26:00,094 INFO br.com.eleicaoonline.service.EleicaoService [scheduling-1] Executando buscarPorSituacao
2022-01-04 00:26:00,101 INFO br.com.eleicaoonline.job.IniciarFinalizarEleicaoJob [scheduling-1] Executando o job de finalizar eleições processadas
2022-01-04 00:26:00,102 INFO br.com.eleicaoonline.service.EleicaoService [scheduling-1] Executando buscarPorSituacao
2022-01-04 00:26:01,840 INFO br.com.eleicaoonline.service.EleicaoService [https-jsse-nio-8443-exec-6] Executando listarEleicoes
2022-01-04 00:26:02,112 INFO br.com.eleicaoonline.service.PessoaService [https-jsse-nio-8443-exec-2] Executando listarPessoas
2022-01-04 00:26:16,974 INFO br.com.eleicaoonline.service.EleicaoService [https-jsse-nio-8443-exec-4] Executando listarEleicoes
2022-01-04 00:26:17,118 INFO br.com.eleicaoonline.service.PessoaService [https-jsse-nio-8443-exec-7] Executando listarPessoas
2022-01-04 00:26:25,489 INFO br.com.eleicaoonline.service.EleicaoService [https-jsse-nio-8443-exec-10] Executando listarEleicoes
2022-01-04 00:26:31,945 INFO br.com.eleicaoonline.service.PessoaService [https-jsse-nio-8443-exec-9] Executando listarPessoas
2022-01-04 00:26:36,681 INFO br.com.eleicaoonline.service.PessoaService [https-jsse-nio-8443-exec-9] Executando listarPessoas
2022-01-04 00:27:00,052 INFO br.com.eleicaoonline.job.CalcularResultadoEleicaoJob [scheduling-1] Executando o job de calcular os resultados das eleições iniciadas
2022-01-04 00:27:00,054 INFO br.com.eleicaoonline.service.EleicaoService [scheduling-1] Executando buscarPorSituacao
2022-01-04 00:27:00,071 INFO br.com.eleicaoonline.job.CalcularResultadoEleicaoJob [scheduling-1] Executando o job de calcular os resultados das eleições com falha
2022-01-04 00:27:00,072 INFO br.com.eleicaoonline.service.EleicaoService [scheduling-1] Executando buscarPorSituacao
2022-01-04 00:27:00,101 INFO br.com.eleicaoonline.job.IniciarFinalizarEleicaoJob [scheduling-1] Executando o job de finalizar eleições processadas
2022-01-04 00:27:00,102 INFO br.com.eleicaoonline.service.EleicaoService [scheduling-1] Executando buscarPorSituacao
2022-01-04 00:27:00,110 INFO br.com.eleicaoonline.job.IniciarFinalizarEleicaoJob [scheduling-1] Executando o job de iniciar eleição
2022-01-04 00:27:00,111 INFO br.com.eleicaoonline.service.EleicaoService [scheduling-1] Executando buscarPorSituacao
2022-01-04 00:27:23,968 INFO br.com.eleicaoonline.service.EleicaoService [https-jsse-nio-8443-exec-8] Executando listarEleicoes
2022-01-04 00:27:37,879 INFO br.com.eleicaoonline.service.PessoaService [https-jsse-nio-8443-exec-5] Executando listarPessoas
2022-01-04 00:27:53,138 INFO br.com.eleicaoonline.service.PessoaService [https-jsse-nio-8443-exec-5] Executando listarPessoas
2022-01-04 00:28:00,037 INFO br.com.eleicaoonline.job.CalcularResultadoEleicaoJob [scheduling-1] Executando o job de calcular os resultados das eleições iniciadas
2022-01-04 00:28:00,039 INFO br.com.eleicaoonline.service.EleicaoService [scheduling-1] Executando buscarPorSituacao
2022-01-04 00:28:00,071 INFO br.com.eleicaoonline.job.IniciarFinalizarEleicaoJob [scheduling-1] Executando o job de finalizar eleições processadas
2022-01-04 00:28:00,072 INFO br.com.eleicaoonline.service.EleicaoService [scheduling-1] Executando buscarPorSituacao
2022-01-04 00:28:00,078 INFO br.com.eleicaoonline.job.CalcularResultadoEleicaoJob [scheduling-1] Executando o job de calcular os resultados das eleições com falha
2022-01-04 00:28:00,078 INFO br.com.eleicaoonline.service.EleicaoService [scheduling-1] Executando buscarPorSituacao
2022-01-04 00:28:00,083 INFO br.com.eleicaoonline.job.IniciarFinalizarEleicaoJob [scheduling-1] Executando o job de iniciar eleição
2022-01-04 00:28:00,085 INFO br.com.eleicaoonline.service.EleicaoService [scheduling-1] Executando buscarPorSituacao
2022-01-04 00:29:00,007 INFO br.com.eleicaoonline.job.IniciarFinalizarEleicaoJob [scheduling-1] Executando o job de finalizar eleições processadas
2022-01-04 00:29:00,009 INFO br.com.eleicaoonline.service.EleicaoService [scheduling-1] Executando buscarPorSituacao
2022-01-04 00:29:00,195 INFO br.com.eleicaoonline.job.IniciarFinalizarEleicaoJob [scheduling-1] Executando o job de iniciar eleição
2022-01-04 00:29:00,196 INFO br.com.eleicaoonline.service.EleicaoService [scheduling-1] Executando buscarPorSituacao
2022-01-04 00:29:00,211 INFO br.com.eleicaoonline.job.CalcularResultadoEleicaoJob [scheduling-1] Executando o job de calcular os resultados das eleições com falha
2022-01-04 00:29:00,213 INFO br.com.eleicaoonline.service.EleicaoService [scheduling-1] Executando buscarPorSituacao
2022-01-04 00:29:00,229 INFO br.com.eleicaoonline.job.CalcularResultadoEleicaoJob [scheduling-1] Executando o job de calcular os resultados das eleições iniciadas
2022-01-04 00:29:00,231 INFO br.com.eleicaoonline.service.EleicaoService [scheduling-1] Executando buscarPorSituacao
2022-01-04 00:29:33,356 INFO br.com.eleicaoonline.service.EleicaoService [https-jsse-nio-8443-exec-5] Executando listarEleicoes
2022-01-04 00:29:33,578 INFO br.com.eleicaoonline.service.PessoaService [https-jsse-nio-8443-exec-1] Executando listarPessoas
2022-01-04 00:30:00,129 INFO br.com.eleicaoonline.job.IniciarFinalizarEleicaoJob [scheduling-1] Executando o job de finalizar eleições processadas
2022-01-04 00:30:00,130 INFO br.com.eleicaoonline.service.EleicaoService [scheduling-1] Executando buscarPorSituacao
2022-01-04 00:30:00,244 INFO br.com.eleicaoonline.job.CalcularResultadoEleicaoJob [scheduling-1] Executando o job de calcular os resultados das eleições com falha
2022-01-04 00:30:00,245 INFO br.com.eleicaoonline.service.EleicaoService [scheduling-1] Executando buscarPorSituacao
2022-01-04 00:30:00,285 INFO br.com.eleicaoonline.job.IniciarFinalizarEleicaoJob [scheduling-1] Executando o job de iniciar eleição
2022-01-04 00:30:00,286 INFO br.com.eleicaoonline.service.EleicaoService [scheduling-1] Executando buscarPorSituacao
2022-01-04 00:30:00,321 INFO br.com.eleicaoonline.job.CalcularResultadoEleicaoJob [scheduling-1] Executando o job de calcular os resultados das eleições iniciadas
2022-01-04 00:30:00,322 INFO br.com.eleicaoonline.service.EleicaoService [scheduling-1] Executando buscarPorSituacao
2022-01-04 00:30:01,152 INFO br.com.eleicaoonline.service.EleicaoService [https-jsse-nio-8443-exec-3] Executando listarEleicoes
2022-01-04 00:30:01,424 INFO br.com.eleicaoonline.service.PessoaService [https-jsse-nio-8443-exec-6] Executando listarPessoas
2022-01-04 00:30:24,383 INFO br.com.eleicaoonline.service.EleicaoService [https-jsse-nio-8443-exec-4] Executando listarEleicoes
2022-01-04 00:30:24,644 INFO br.com.eleicaoonline.service.PessoaService [https-jsse-nio-8443-exec-2] Executando listarPessoas
2022-01-04 00:31:00,061 INFO br.com.eleicaoonline.job.IniciarFinalizarEleicaoJob [scheduling-1] Executando o job de finalizar eleições processadas
2022-01-04 00:31:00,065 INFO br.com.eleicaoonline.service.EleicaoService [scheduling-1] Executando buscarPorSituacao
2022-01-04 00:31:00,219 INFO br.com.eleicaoonline.job.CalcularResultadoEleicaoJob [scheduling-1] Executando o job de calcular os resultados das eleições com falha
2022-01-04 00:31:00,223 INFO br.com.eleicaoonline.service.EleicaoService [scheduling-1] Executando buscarPorSituacao
2022-01-04 00:31:00,331 INFO br.com.eleicaoonline.job.IniciarFinalizarEleicaoJob [scheduling-1] Executando o job de iniciar eleição
2022-01-04 00:31:00,335 INFO br.com.eleicaoonline.service.EleicaoService [scheduling-1] Executando buscarPorSituacao
2022-01-04 00:31:00,405 INFO br.com.eleicaoonline.job.CalcularResultadoEleicaoJob [scheduling-1] Executando o job de calcular os resultados das eleições iniciadas
2022-01-04 00:31:00,411 INFO br.com.eleicaoonline.service.EleicaoService [scheduling-1] Executando buscarPorSituacao
2022-01-04 00:31:20,231 INFO br.com.eleicaoonline.service.EleicaoService [https-jsse-nio-8443-exec-7] Executando listarEleicoes
2022-01-04 00:31:20,657 INFO br.com.eleicaoonline.service.PessoaService [https-jsse-nio-8443-exec-10] Executando listarPessoas
2022-01-04 00:31:56,609 INFO br.com.eleicaoonline.service.EleicaoService [https-jsse-nio-8443-exec-9] Executando listarEleicoes
2022-01-04 00:32:01,062 INFO br.com.eleicaoonline.job.CalcularResultadoEleicaoJob [scheduling-1] Executando o job de calcular os resultados das eleições iniciadas
2022-01-04 00:32:01,063 INFO br.com.eleicaoonline.service.EleicaoService [scheduling-1] Executando buscarPorSituacao
2022-01-04 00:32:01,471 INFO br.com.eleicaoonline.service.PessoaService [https-jsse-nio-8443-exec-8] Executando listarPessoas
2022-01-04 00:32:02,091 INFO br.com.eleicaoonline.job.IniciarFinalizarEleicaoJob [scheduling-1] Executando o job de finalizar eleições processadas
2022-01-04 00:32:02,096 INFO br.com.eleicaoonline.service.EleicaoService [scheduling-1] Executando buscarPorSituacao
2022-01-04 00:32:03,028 INFO br.com.eleicaoonline.job.CalcularResultadoEleicaoJob [scheduling-1] Executando o job de calcular os resultados das eleições com falha
2022-01-04 00:32:03,038 INFO br.com.eleicaoonline.service.EleicaoService [scheduling-1] Executando buscarPorSituacao
2022-01-04 00:32:03,507 INFO br.com.eleicaoonline.job.IniciarFinalizarEleicaoJob [scheduling-1] Executando o job de iniciar eleição
2022-01-04 00:32:03,511 INFO br.com.eleicaoonline.service.EleicaoService [scheduling-1] Executando buscarPorSituacao
2022-01-04 00:32:30,060 INFO br.com.eleicaoonline.service.EleicaoService [https-jsse-nio-8443-exec-5] Executando listarEleicoes
2022-01-04 00:32:30,233 INFO br.com.eleicaoonline.service.PessoaService [https-jsse-nio-8443-exec-1] Executando listarPessoas
2022-01-04 00:33:00,141 INFO br.com.eleicaoonline.job.IniciarFinalizarEleicaoJob [scheduling-1] Executando o job de iniciar eleição
2022-01-04 00:33:00,147 INFO br.com.eleicaoonline.service.EleicaoService [scheduling-1] Executando buscarPorSituacao
2022-01-04 00:33:00,242 INFO br.com.eleicaoonline.job.IniciarFinalizarEleicaoJob [scheduling-1] Executando o job de finalizar eleições processadas
2022-01-04 00:33:00,248 INFO br.com.eleicaoonline.service.EleicaoService [scheduling-1] Executando buscarPorSituacao
2022-01-04 00:33:00,273 INFO br.com.eleicaoonline.job.CalcularResultadoEleicaoJob [scheduling-1] Executando o job de calcular os resultados das eleições com falha
2022-01-04 00:33:00,277 INFO br.com.eleicaoonline.service.EleicaoService [scheduling-1] Executando buscarPorSituacao
2022-01-04 00:33:00,357 INFO br.com.eleicaoonline.job.CalcularResultadoEleicaoJob [scheduling-1] Executando o job de calcular os resultados das eleições iniciadas
2022-01-04 00:33:00,361 INFO br.com.eleicaoonline.service.EleicaoService [scheduling-1] Executando buscarPorSituacao
2022-01-04 00:33:36,493 INFO br.com.eleicaoonline.service.EleicaoService [https-jsse-nio-8443-exec-1] Executando listarEleicoes
2022-01-04 00:33:36,607 INFO br.com.eleicaoonline.service.PessoaService [https-jsse-nio-8443-exec-3] Executando listarPessoas
2022-01-04 00:34:00,041 INFO br.com.eleicaoonline.job.IniciarFinalizarEleicaoJob [scheduling-1] Executando o job de iniciar eleição
2022-01-04 00:34:00,046 INFO br.com.eleicaoonline.service.EleicaoService [scheduling-1] Executando buscarPorSituacao
2022-01-04 00:34:00,107 INFO br.com.eleicaoonline.job.CalcularResultadoEleicaoJob [scheduling-1] Executando o job de calcular os resultados das eleições iniciadas
2022-01-04 00:34:00,111 INFO br.com.eleicaoonline.service.EleicaoService [scheduling-1] Executando buscarPorSituacao
2022-01-04 00:34:00,141 INFO br.com.eleicaoonline.job.CalcularResultadoEleicaoJob [scheduling-1] Executando o job de calcular os resultados das eleições com falha
2022-01-04 00:34:00,145 INFO br.com.eleicaoonline.service.EleicaoService [scheduling-1] Executando buscarPorSituacao
2022-01-04 00:34:00,174 INFO br.com.eleicaoonline.job.IniciarFinalizarEleicaoJob [scheduling-1] Executando o job de finalizar eleições processadas
2022-01-04 00:34:00,179 INFO br.com.eleicaoonline.service.EleicaoService [scheduling-1] Executando buscarPorSituacao
2022-01-04 00:34:10,724 INFO br.com.eleicaoonline.service.EleicaoService [https-jsse-nio-8443-exec-6] Executando listarEleicoes
2022-01-04 00:34:10,851 INFO br.com.eleicaoonline.service.PessoaService [https-jsse-nio-8443-exec-4] Executando listarPessoas
2022-01-04 00:35:00,816 INFO br.com.eleicaoonline.job.IniciarFinalizarEleicaoJob [scheduling-1] Executando o job de iniciar eleição
2022-01-04 00:35:00,821 INFO br.com.eleicaoonline.service.EleicaoService [scheduling-1] Executando buscarPorSituacao
2022-01-04 00:35:01,437 INFO br.com.eleicaoonline.job.IniciarFinalizarEleicaoJob [scheduling-1] Executando o job de finalizar eleições processadas
2022-01-04 00:35:01,441 INFO br.com.eleicaoonline.service.EleicaoService [scheduling-1] Executando buscarPorSituacao
2022-01-04 00:35:01,955 INFO br.com.eleicaoonline.job.CalcularResultadoEleicaoJob [scheduling-1] Executando o job de calcular os resultados das eleições com falha
2022-01-04 00:35:01,955 INFO br.com.eleicaoonline.service.EleicaoService [scheduling-1] Executando buscarPorSituacao
2022-01-04 00:35:02,505 INFO br.com.eleicaoonline.job.CalcularResultadoEleicaoJob [scheduling-1] Executando o job de calcular os resultados das eleições iniciadas
2022-01-04 00:35:02,514 INFO br.com.eleicaoonline.service.EleicaoService [scheduling-1] Executando buscarPorSituacao
2022-01-04 00:35:06,668 INFO br.com.eleicaoonline.service.EleicaoService [https-jsse-nio-8443-exec-2] Executando listarEleicoes
2022-01-04 00:35:08,213 INFO br.com.eleicaoonline.service.PessoaService [https-jsse-nio-8443-exec-7] Executando listarPessoas
2022-01-04 00:36:00,014 INFO br.com.eleicaoonline.job.CalcularResultadoEleicaoJob [scheduling-1] Executando o job de calcular os resultados das eleições com falha
2022-01-04 00:36:00,016 INFO br.com.eleicaoonline.service.EleicaoService [scheduling-1] Executando buscarPorSituacao
2022-01-04 00:36:00,075 INFO br.com.eleicaoonline.job.CalcularResultadoEleicaoJob [scheduling-1] Executando o job de calcular os resultados das eleições iniciadas
2022-01-04 00:36:00,078 INFO br.com.eleicaoonline.service.EleicaoService [scheduling-1] Executando buscarPorSituacao
2022-01-04 00:36:00,108 INFO br.com.eleicaoonline.job.IniciarFinalizarEleicaoJob [scheduling-1] Executando o job de finalizar eleições processadas
2022-01-04 00:36:00,109 INFO br.com.eleicaoonline.service.EleicaoService [scheduling-1] Executando buscarPorSituacao
2022-01-04 00:36:00,113 INFO br.com.eleicaoonline.job.IniciarFinalizarEleicaoJob [scheduling-1] Executando o job de iniciar eleição
2022-01-04 00:36:00,114 INFO br.com.eleicaoonline.service.EleicaoService [scheduling-1] Executando buscarPorSituacao
2022-01-04 00:36:20,900 INFO br.com.eleicaoonline.service.EleicaoService [https-jsse-nio-8443-exec-2] Executando listarEleicoes
2022-01-04 00:36:22,227 INFO br.com.eleicaoonline.service.PessoaService [https-jsse-nio-8443-exec-10] Executando listarPessoas
2022-01-04 00:37:00,009 INFO br.com.eleicaoonline.job.IniciarFinalizarEleicaoJob [scheduling-1] Executando o job de finalizar eleições processadas
2022-01-04 00:37:00,012 INFO br.com.eleicaoonline.service.EleicaoService [scheduling-1] Executando buscarPorSituacao
2022-01-04 00:37:00,038 INFO br.com.eleicaoonline.job.CalcularResultadoEleicaoJob [scheduling-1] Executando o job de calcular os resultados das eleições iniciadas
2022-01-04 00:37:00,040 INFO br.com.eleicaoonline.service.EleicaoService [scheduling-1] Executando buscarPorSituacao
2022-01-04 00:37:00,048 INFO br.com.eleicaoonline.job.IniciarFinalizarEleicaoJob [scheduling-1] Executando o job de iniciar eleição
2022-01-04 00:37:00,049 INFO br.com.eleicaoonline.service.EleicaoService [scheduling-1] Executando buscarPorSituacao
2022-01-04 00:37:00,055 INFO br.com.eleicaoonline.job.CalcularResultadoEleicaoJob [scheduling-1] Executando o job de calcular os resultados das eleições com falha
2022-01-04 00:37:00,056 INFO br.com.eleicaoonline.service.EleicaoService [scheduling-1] Executando buscarPorSituacao
2022-01-04 00:38:00,150 INFO br.com.eleicaoonline.job.IniciarFinalizarEleicaoJob [scheduling-1] Executando o job de finalizar eleições processadas
2022-01-04 00:38:00,155 INFO br.com.eleicaoonline.service.EleicaoService [scheduling-1] Executando buscarPorSituacao
2022-01-04 00:38:00,605 INFO br.com.eleicaoonline.job.IniciarFinalizarEleicaoJob [scheduling-1] Executando o job de iniciar eleição
2022-01-04 00:38:00,609 INFO br.com.eleicaoonline.service.EleicaoService [scheduling-1] Executando buscarPorSituacao
2022-01-04 00:38:00,823 INFO br.com.eleicaoonline.job.CalcularResultadoEleicaoJob [scheduling-1] Executando o job de calcular os resultados das eleições iniciadas
2022-01-04 00:38:00,826 INFO br.com.eleicaoonline.service.EleicaoService [scheduling-1] Executando buscarPorSituacao
2022-01-04 00:38:01,037 INFO br.com.eleicaoonline.job.CalcularResultadoEleicaoJob [scheduling-1] Executando o job de calcular os resultados das eleições com falha
2022-01-04 00:38:01,041 INFO br.com.eleicaoonline.service.EleicaoService [scheduling-1] Executando buscarPorSituacao
