2021-11-17 14:58:13,598 INFO org.hibernate.validator.internal.util.Version [background-preinit] HV000001: Hibernate Validator 6.2.0.Final
2021-11-17 14:58:13,591 INFO org.springframework.boot.StartupInfoLogger [restartedMain] Starting EleicaoOnlineApplication using Java 15 on DESKTOP-GB6D24J with PID 5044 (C:\Users\Pedro\Documents\Projetos\pessoais\eleicao-online\eleicao-online-backend\target\classes started by Pedro in C:\Users\Pedro\Documents\Projetos\pessoais\eleicao-online\eleicao-online-backend)
2021-11-17 14:58:13,641 DEBUG org.springframework.boot.StartupInfoLogger [restartedMain] Running with Spring Boot v2.5.5, Spring v5.3.10
2021-11-17 14:58:13,647 INFO org.springframework.boot.SpringApplication [restartedMain] The following profiles are active: dev
2021-11-17 14:58:14,254 INFO org.springframework.boot.logging.DeferredLog [restartedMain] Devtools property defaults active! Set 'spring.devtools.add-properties' to 'false' to disable
2021-11-17 14:58:14,256 INFO org.springframework.boot.logging.DeferredLog [restartedMain] For additional web related logging consider setting the 'logging.level.web' property to 'DEBUG'
2021-11-17 14:58:25,395 INFO org.springframework.data.repository.config.RepositoryConfigurationDelegate [restartedMain] Bootstrapping Spring Data JPA repositories in DEFAULT mode.
2021-11-17 14:58:26,034 INFO org.springframework.data.repository.config.RepositoryConfigurationDelegate [restartedMain] Finished Spring Data repository scanning in 566 ms. Found 7 JPA repository interfaces.
2021-11-17 14:58:30,694 INFO org.springframework.context.support.PostProcessorRegistrationDelegate$BeanPostProcessorChecker [restartedMain] Bean 'springAsyncConfig' of type [br.com.eleicaoonline.config.SpringAsyncConfig$$EnhancerBySpringCGLIB$$6d979d56] is not eligible for getting processed by all BeanPostProcessors (for example: not eligible for auto-proxying)
2021-11-17 14:58:31,179 INFO org.springframework.context.support.PostProcessorRegistrationDelegate$BeanPostProcessorChecker [restartedMain] Bean 'org.springframework.security.access.expression.method.DefaultMethodSecurityExpressionHandler@50adaf4e' of type [org.springframework.security.access.expression.method.DefaultMethodSecurityExpressionHandler] is not eligible for getting processed by all BeanPostProcessors (for example: not eligible for auto-proxying)
2021-11-17 14:58:31,188 INFO org.springframework.context.support.PostProcessorRegistrationDelegate$BeanPostProcessorChecker [restartedMain] Bean 'methodSecurityConfig' of type [br.com.eleicaoonline.config.MethodSecurityConfig$$EnhancerBySpringCGLIB$$e8792200] is not eligible for getting processed by all BeanPostProcessors (for example: not eligible for auto-proxying)
2021-11-17 14:58:31,290 INFO org.springframework.context.support.PostProcessorRegistrationDelegate$BeanPostProcessorChecker [restartedMain] Bean 'methodSecurityMetadataSource' of type [org.springframework.security.access.method.DelegatingMethodSecurityMetadataSource] is not eligible for getting processed by all BeanPostProcessors (for example: not eligible for auto-proxying)
2021-11-17 14:58:35,101 INFO org.springframework.boot.web.embedded.tomcat.TomcatWebServer [restartedMain] Tomcat initialized with port(s): 8443 (https)
2021-11-17 14:58:35,165 INFO org.apache.juli.logging.DirectJDKLog [restartedMain] Initializing ProtocolHandler ["https-jsse-nio-8443"]
2021-11-17 14:58:35,172 INFO org.apache.juli.logging.DirectJDKLog [restartedMain] Starting service [Tomcat]
2021-11-17 14:58:35,177 INFO org.apache.juli.logging.DirectJDKLog [restartedMain] Starting Servlet engine: [Apache Tomcat/9.0.53]
2021-11-17 14:58:36,032 INFO org.apache.juli.logging.DirectJDKLog [restartedMain] Initializing Spring embedded WebApplicationContext
2021-11-17 14:58:36,033 INFO org.springframework.boot.web.servlet.context.ServletWebServerApplicationContext [restartedMain] Root WebApplicationContext: initialization completed in 21774 ms
2021-11-17 14:58:37,460 DEBUG org.springframework.web.filter.GenericFilterBean [restartedMain] Filter 'jwtRequestFilter' configured for use
2021-11-17 14:58:39,437 INFO org.hibernate.jpa.internal.util.LogHelper [restartedMain] HHH000204: Processing PersistenceUnitInfo [name: default]
2021-11-17 14:58:39,682 INFO org.hibernate.Version [restartedMain] HHH000412: Hibernate ORM core version 5.4.32.Final
2021-11-17 14:58:40,216 INFO org.hibernate.annotations.common.reflection.java.JavaReflectionManager [restartedMain] HCANN000001: Hibernate Commons Annotations {5.1.2.Final}
2021-11-17 14:58:40,851 INFO com.zaxxer.hikari.HikariDataSource [restartedMain] HikariPool-1 - Starting...
2021-11-17 14:58:41,498 INFO com.zaxxer.hikari.HikariDataSource [restartedMain] HikariPool-1 - Start completed.
2021-11-17 14:58:41,614 INFO org.hibernate.dialect.Dialect [restartedMain] HHH000400: Using dialect: org.hibernate.dialect.PostgreSQL10Dialect
2021-11-17 14:58:49,478 INFO org.hibernate.engine.transaction.jta.platform.internal.JtaPlatformInitiator [restartedMain] HHH000490: Using JtaPlatform implementation: [org.hibernate.engine.transaction.jta.platform.internal.NoJtaPlatform]
2021-11-17 14:58:49,670 INFO org.springframework.orm.jpa.AbstractEntityManagerFactoryBean [restartedMain] Initialized JPA EntityManagerFactory for persistence unit 'default'
2021-11-17 14:58:51,101 WARN org.springframework.boot.autoconfigure.orm.jpa.JpaBaseConfiguration$JpaWebConfiguration [restartedMain] spring.jpa.open-in-view is enabled by default. Therefore, database queries may be performed during view rendering. Explicitly configure spring.jpa.open-in-view to disable this warning
2021-11-17 14:59:18,706 INFO org.springframework.security.web.DefaultSecurityFilterChain [restartedMain] Will secure any request with [org.springframework.security.web.context.request.async.WebAsyncManagerIntegrationFilter@66e8cb91, org.springframework.security.web.context.SecurityContextPersistenceFilter@7044565d, org.springframework.security.web.header.HeaderWriterFilter@715c21b8, org.springframework.web.filter.CorsFilter@36a3e9a6, org.springframework.security.web.authentication.logout.LogoutFilter@4a0dce24, org.springframework.security.oauth2.client.web.OAuth2AuthorizationRequestRedirectFilter@37b9b4bc, org.springframework.security.oauth2.client.web.OAuth2LoginAuthenticationFilter@657fa999, org.springframework.security.web.authentication.ui.DefaultLoginPageGeneratingFilter@174b6c5d, org.springframework.security.web.authentication.ui.DefaultLogoutPageGeneratingFilter@3146c79c, org.springframework.security.web.savedrequest.RequestCacheAwareFilter@4fba6b84, org.springframework.security.web.servletapi.SecurityContextHolderAwareRequestFilter@11fc83d5, org.springframework.security.web.authentication.AnonymousAuthenticationFilter@4061c4db, org.springframework.security.web.session.SessionManagementFilter@32c09e0d, org.springframework.security.web.access.ExceptionTranslationFilter@361d1330, org.springframework.security.web.access.intercept.FilterSecurityInterceptor@2550da82]
2021-11-17 14:59:20,740 INFO org.springframework.boot.devtools.autoconfigure.OptionalLiveReloadServer [restartedMain] LiveReload server is running on port 35729
2021-11-17 14:59:24,248 INFO org.quartz.impl.StdSchedulerFactory [restartedMain] Using default implementation for ThreadExecutor
2021-11-17 14:59:24,290 INFO org.quartz.core.SchedulerSignalerImpl [restartedMain] Initialized Scheduler Signaller of type: class org.quartz.core.SchedulerSignalerImpl
2021-11-17 14:59:24,292 INFO org.quartz.core.QuartzScheduler [restartedMain] Quartz Scheduler v.2.3.2 created.
2021-11-17 14:59:24,296 INFO org.quartz.simpl.RAMJobStore [restartedMain] RAMJobStore initialized.
2021-11-17 14:59:24,298 INFO org.quartz.core.QuartzScheduler [restartedMain] Scheduler meta-data: Quartz Scheduler (v2.3.2) 'quartzScheduler' with instanceId 'NON_CLUSTERED'
  Scheduler class: 'org.quartz.core.QuartzScheduler' - running locally.
  NOT STARTED.
  Currently in standby mode.
  Number of jobs executed: 0
  Using thread pool 'org.quartz.simpl.SimpleThreadPool' - with 10 threads.
  Using job-store 'org.quartz.simpl.RAMJobStore' - which does not support persistence. and is not clustered.

2021-11-17 14:59:24,302 INFO org.quartz.impl.StdSchedulerFactory [restartedMain] Quartz scheduler 'quartzScheduler' initialized from an externally provided properties instance.
2021-11-17 14:59:24,302 INFO org.quartz.impl.StdSchedulerFactory [restartedMain] Quartz scheduler version: 2.3.2
2021-11-17 14:59:24,305 INFO org.quartz.core.QuartzScheduler [restartedMain] JobFactory set to: org.springframework.scheduling.quartz.SpringBeanJobFactory@55422826
2021-11-17 14:59:25,621 INFO org.apache.juli.logging.DirectJDKLog [restartedMain] Starting ProtocolHandler ["https-jsse-nio-8443"]
2021-11-17 14:59:27,369 INFO org.springframework.boot.web.embedded.tomcat.TomcatWebServer [restartedMain] Tomcat started on port(s): 8443 (https) with context path ''
2021-11-17 14:59:28,479 INFO org.springframework.scheduling.quartz.SchedulerFactoryBean [restartedMain] Starting Quartz Scheduler now
2021-11-17 14:59:28,482 INFO org.quartz.core.QuartzScheduler [restartedMain] Scheduler quartzScheduler_$_NON_CLUSTERED started.
2021-11-17 14:59:28,621 INFO org.springframework.boot.StartupInfoLogger [restartedMain] Started EleicaoOnlineApplication in 78.189 seconds (JVM running for 82.435)
2021-11-17 14:59:33,488 INFO org.apache.juli.logging.DirectJDKLog [https-jsse-nio-8443-exec-3] Initializing Spring DispatcherServlet 'dispatcherServlet'
2021-11-17 14:59:33,489 INFO org.springframework.web.servlet.FrameworkServlet [https-jsse-nio-8443-exec-3] Initializing Servlet 'dispatcherServlet'
2021-11-17 14:59:33,494 INFO org.springframework.web.servlet.FrameworkServlet [https-jsse-nio-8443-exec-3] Completed initialization in 4 ms
2021-11-17 14:59:33,912 WARN org.apache.juli.logging.DirectJDKLog [https-jsse-nio-8443-exec-3] Creation of SecureRandom instance for session ID generation using [SHA1PRNG] took [123] milliseconds.
2021-11-17 14:59:41,709 WARN br.com.eleicaoonline.filter.JwtRequestFilter [https-jsse-nio-8443-exec-5] Requisição não possui string bearer
2021-11-17 14:59:41,938 INFO br.com.eleicaoonline.service.AutenticacaoService [https-jsse-nio-8443-exec-5] Executando gerarToken
2021-11-17 14:59:41,952 INFO br.com.eleicaoonline.service.AdministradorService [https-jsse-nio-8443-exec-5] Executando buscarAdministradorPeloEmail
2021-11-17 14:59:42,316 INFO br.com.eleicaoonline.service.EleicaoService [https-jsse-nio-8443-exec-5] Executando buscarMembroComissaoPeloEmail
2021-11-17 14:59:42,441 INFO br.com.eleicaoonline.service.EleitorService [https-jsse-nio-8443-exec-5] Executando buscarEleitorPeloEmail
2021-11-17 14:59:47,130 INFO br.com.eleicaoonline.service.EleicaoService [https-jsse-nio-8443-exec-5] Executando listarEleicoesPorPessoaEleitor
2021-11-17 15:00:00,069 INFO br.com.eleicaoonline.job.CalcularResultadoEleicaoJob [scheduling-1] Executando o job de calcular os resultados das eleições iniciadas
2021-11-17 15:00:00,070 INFO br.com.eleicaoonline.service.EleicaoService [scheduling-1] Executando buscarPorSituacao
2021-11-17 15:00:00,448 INFO br.com.eleicaoonline.job.IniciarFinalizarEleicaoJob [scheduling-1] Executando o job de iniciar eleição
2021-11-17 15:00:00,449 INFO br.com.eleicaoonline.service.EleicaoService [scheduling-1] Executando buscarPorSituacao
2021-11-17 15:00:00,501 INFO br.com.eleicaoonline.job.IniciarFinalizarEleicaoJob [scheduling-1] Executando o job de finalizar eleições processadas
2021-11-17 15:00:00,502 INFO br.com.eleicaoonline.service.EleicaoService [scheduling-1] Executando buscarPorSituacao
2021-11-17 15:00:00,530 INFO br.com.eleicaoonline.job.CalcularResultadoEleicaoJob [scheduling-1] Executando o job de calcular os resultados das eleições com falha
2021-11-17 15:00:00,530 INFO br.com.eleicaoonline.service.EleicaoService [scheduling-1] Executando buscarPorSituacao
2021-11-17 15:00:15,509 INFO br.com.eleicaoonline.service.EleicaoService [https-jsse-nio-8443-exec-7] Executando listarEleicoesPorPessoaEleitor
2021-11-17 15:00:24,040 INFO br.com.eleicaoonline.service.EleicaoService [https-jsse-nio-8443-exec-2] Executando listarEleicoesPorPessoaEleitor
2021-11-17 15:00:26,907 INFO br.com.eleicaoonline.service.EleicaoService [https-jsse-nio-8443-exec-3] Executando listarEleicoesPorPessoaEleitor
2021-11-17 15:00:28,183 INFO br.com.eleicaoonline.service.EleicaoService [https-jsse-nio-8443-exec-4] Executando listarEleicoesPorPessoaEleitor
2021-11-17 15:00:29,483 INFO br.com.eleicaoonline.service.EleicaoService [https-jsse-nio-8443-exec-5] Executando listarEleicoesPorPessoaEleitor
2021-11-17 15:00:30,776 INFO br.com.eleicaoonline.service.EleicaoService [https-jsse-nio-8443-exec-6] Executando listarEleicoesPorPessoaEleitor
2021-11-17 15:00:32,236 INFO br.com.eleicaoonline.service.EleicaoService [https-jsse-nio-8443-exec-8] Executando listarEleicoesPorPessoaEleitor
2021-11-17 15:00:34,359 INFO br.com.eleicaoonline.service.EleicaoService [https-jsse-nio-8443-exec-9] Executando listarEleicoesPorPessoaEleitor
2021-11-17 15:00:50,594 INFO br.com.eleicaoonline.service.EleicaoService [https-jsse-nio-8443-exec-7] Executando buscarEleicaoPeloId
2021-11-17 15:00:50,781 INFO br.com.eleicaoonline.service.EleicaoService [https-jsse-nio-8443-exec-1] Executando listarEleicoesPorPessoaEleitor
2021-11-17 15:00:51,086 INFO br.com.eleicaoonline.service.EleicaoService [https-jsse-nio-8443-exec-2] Executando listarCandidatosEleicao
2021-11-17 15:01:00,003 INFO br.com.eleicaoonline.job.CalcularResultadoEleicaoJob [scheduling-1] Executando o job de calcular os resultados das eleições com falha
2021-11-17 15:01:00,004 INFO br.com.eleicaoonline.service.EleicaoService [scheduling-1] Executando buscarPorSituacao
2021-11-17 15:01:00,013 INFO br.com.eleicaoonline.job.IniciarFinalizarEleicaoJob [scheduling-1] Executando o job de iniciar eleição
2021-11-17 15:01:00,014 INFO br.com.eleicaoonline.service.EleicaoService [scheduling-1] Executando buscarPorSituacao
2021-11-17 15:01:00,038 INFO br.com.eleicaoonline.job.CalcularResultadoEleicaoJob [scheduling-1] Executando o job de calcular os resultados das eleições iniciadas
2021-11-17 15:01:00,039 INFO br.com.eleicaoonline.service.EleicaoService [scheduling-1] Executando buscarPorSituacao
2021-11-17 15:01:41,882 INFO br.com.eleicaoonline.service.EleicaoService [https-jsse-nio-8443-exec-5] Executando listarEleicoesPorPessoaEleitor
2021-11-17 15:01:58,938 INFO br.com.eleicaoonline.service.EleicaoService [https-jsse-nio-8443-exec-8] Executando buscarEleicaoPeloId
2021-11-17 15:01:59,186 INFO br.com.eleicaoonline.service.EleicaoService [https-jsse-nio-8443-exec-9] Executando listarEleicoesPorPessoaEleitor
2021-11-17 15:01:59,477 INFO br.com.eleicaoonline.service.EleicaoService [https-jsse-nio-8443-exec-5] Executando listarCandidatosEleicao
2021-11-17 15:02:00,803 INFO br.com.eleicaoonline.job.CalcularResultadoEleicaoJob [scheduling-1] Executando o job de calcular os resultados das eleições iniciadas
2021-11-17 15:02:00,804 INFO br.com.eleicaoonline.service.EleicaoService [scheduling-1] Executando buscarPorSituacao
2021-11-17 15:02:01,091 INFO br.com.eleicaoonline.job.CalcularResultadoEleicaoJob [scheduling-1] Executando o job de calcular os resultados das eleições com falha
2021-11-17 15:02:01,093 INFO br.com.eleicaoonline.service.EleicaoService [scheduling-1] Executando buscarPorSituacao
2021-11-17 15:02:01,131 INFO br.com.eleicaoonline.job.IniciarFinalizarEleicaoJob [scheduling-1] Executando o job de iniciar eleição
2021-11-17 15:02:01,132 INFO br.com.eleicaoonline.service.EleicaoService [scheduling-1] Executando buscarPorSituacao
2021-11-17 15:02:01,232 INFO br.com.eleicaoonline.service.EleicaoService [https-jsse-nio-8443-exec-7] Executando listarEleicoesPorPessoaEleitor
2021-11-17 15:02:02,203 INFO br.com.eleicaoonline.service.EleicaoService [https-jsse-nio-8443-exec-4] Executando buscarEleicaoPeloId
2021-11-17 15:02:02,318 INFO br.com.eleicaoonline.service.EleicaoService [https-jsse-nio-8443-exec-2] Executando listarEleicoesPorPessoaEleitor
2021-11-17 15:02:02,345 INFO br.com.eleicaoonline.service.EleicaoService [https-jsse-nio-8443-exec-1] Executando listarCandidatosEleicao
2021-11-17 15:02:04,727 INFO br.com.eleicaoonline.service.EleicaoService [https-jsse-nio-8443-exec-3] Executando listarEleicoesPorPessoaEleitor
2021-11-17 15:02:06,687 INFO br.com.eleicaoonline.service.EleicaoService [https-jsse-nio-8443-exec-6] Executando buscarEleicaoPeloId
2021-11-17 15:02:06,858 INFO br.com.eleicaoonline.service.EleicaoService [https-jsse-nio-8443-exec-8] Executando listarEleicoesPorPessoaEleitor
2021-11-17 15:02:06,858 INFO br.com.eleicaoonline.service.EleicaoService [https-jsse-nio-8443-exec-10] Executando listarCandidatosEleicao
2021-11-17 15:02:08,643 INFO br.com.eleicaoonline.service.EleicaoService [https-jsse-nio-8443-exec-5] Executando listarEleicoesPorPessoaEleitor
2021-11-17 15:02:11,688 INFO br.com.eleicaoonline.service.EleicaoService [https-jsse-nio-8443-exec-9] Executando buscarEleicaoPeloId
2021-11-17 15:02:11,882 INFO br.com.eleicaoonline.service.EleicaoService [https-jsse-nio-8443-exec-4] Executando listarCandidatosEleicao
2021-11-17 15:02:11,883 INFO br.com.eleicaoonline.service.EleicaoService [https-jsse-nio-8443-exec-7] Executando listarEleicoesPorPessoaEleitor
2021-11-17 15:02:13,295 INFO br.com.eleicaoonline.service.EleicaoService [https-jsse-nio-8443-exec-1] Executando listarEleicoesPorPessoaEleitor
2021-11-17 15:02:27,617 INFO br.com.eleicaoonline.service.EleicaoService [https-jsse-nio-8443-exec-2] Executando listarEleicoesPorPessoaEleitor
2021-11-17 15:02:32,215 INFO br.com.eleicaoonline.service.EleicaoService [https-jsse-nio-8443-exec-3] Executando listarEleicoesPorPessoaEleitor
2021-11-17 15:02:33,864 INFO br.com.eleicaoonline.service.EleicaoService [https-jsse-nio-8443-exec-6] Executando listarEleicoesPorPessoaEleitor
2021-11-17 15:02:36,113 INFO br.com.eleicaoonline.service.EleicaoService [https-jsse-nio-8443-exec-10] Executando listarEleicoesPorPessoaEleitor
2021-11-17 15:03:00,084 INFO br.com.eleicaoonline.job.CalcularResultadoEleicaoJob [scheduling-1] Executando o job de calcular os resultados das eleições com falha
2021-11-17 15:03:00,085 INFO br.com.eleicaoonline.service.EleicaoService [scheduling-1] Executando buscarPorSituacao
2021-11-17 15:03:00,264 INFO br.com.eleicaoonline.job.CalcularResultadoEleicaoJob [scheduling-1] Executando o job de calcular os resultados das eleições iniciadas
2021-11-17 15:03:00,265 INFO br.com.eleicaoonline.service.EleicaoService [scheduling-1] Executando buscarPorSituacao
2021-11-17 15:03:00,379 INFO br.com.eleicaoonline.job.IniciarFinalizarEleicaoJob [scheduling-1] Executando o job de iniciar eleição
2021-11-17 15:03:00,380 INFO br.com.eleicaoonline.service.EleicaoService [scheduling-1] Executando buscarPorSituacao
2021-11-17 15:04:00,006 INFO br.com.eleicaoonline.job.CalcularResultadoEleicaoJob [scheduling-1] Executando o job de calcular os resultados das eleições com falha
2021-11-17 15:04:00,006 INFO br.com.eleicaoonline.service.EleicaoService [scheduling-1] Executando buscarPorSituacao
2021-11-17 15:04:00,094 INFO br.com.eleicaoonline.job.CalcularResultadoEleicaoJob [scheduling-1] Executando o job de calcular os resultados das eleições iniciadas
2021-11-17 15:04:00,095 INFO br.com.eleicaoonline.service.EleicaoService [scheduling-1] Executando buscarPorSituacao
2021-11-17 15:04:00,185 INFO br.com.eleicaoonline.job.IniciarFinalizarEleicaoJob [scheduling-1] Executando o job de iniciar eleição
2021-11-17 15:04:00,186 INFO br.com.eleicaoonline.service.EleicaoService [scheduling-1] Executando buscarPorSituacao
2021-11-17 15:04:59,577 WARN br.com.eleicaoonline.filter.JwtRequestFilter [https-jsse-nio-8443-exec-4] Requisição não possui string bearer
2021-11-17 15:04:59,586 INFO br.com.eleicaoonline.service.AutenticacaoService [https-jsse-nio-8443-exec-4] Executando gerarToken
2021-11-17 15:04:59,591 INFO br.com.eleicaoonline.service.AdministradorService [https-jsse-nio-8443-exec-4] Executando buscarAdministradorPeloEmail
2021-11-17 15:04:59,611 INFO br.com.eleicaoonline.service.EleicaoService [https-jsse-nio-8443-exec-4] Executando buscarMembroComissaoPeloEmail
2021-11-17 15:04:59,634 INFO br.com.eleicaoonline.service.EleitorService [https-jsse-nio-8443-exec-4] Executando buscarEleitorPeloEmail
2021-11-17 15:04:59,679 INFO br.com.eleicaoonline.service.PessoaService [https-jsse-nio-8443-exec-4] Executando buscarPessoaPeloEmail
2021-11-17 15:05:00,003 INFO br.com.eleicaoonline.job.CalcularResultadoEleicaoJob [scheduling-1] Executando o job de calcular os resultados das eleições com falha
2021-11-17 15:05:00,004 INFO br.com.eleicaoonline.service.EleicaoService [scheduling-1] Executando buscarPorSituacao
2021-11-17 15:05:00,035 INFO br.com.eleicaoonline.job.CalcularResultadoEleicaoJob [scheduling-1] Executando o job de calcular os resultados das eleições iniciadas
2021-11-17 15:05:00,036 INFO br.com.eleicaoonline.service.EleicaoService [scheduling-1] Executando buscarPorSituacao
2021-11-17 15:05:00,743 INFO br.com.eleicaoonline.job.IniciarFinalizarEleicaoJob [scheduling-1] Executando o job de iniciar eleição
2021-11-17 15:05:00,744 INFO br.com.eleicaoonline.service.EleicaoService [scheduling-1] Executando buscarPorSituacao
2021-11-17 15:05:34,922 WARN br.com.eleicaoonline.filter.JwtRequestFilter [https-jsse-nio-8443-exec-9] Requisição não possui string bearer
2021-11-17 15:05:34,927 INFO br.com.eleicaoonline.service.AutenticacaoService [https-jsse-nio-8443-exec-9] Executando gerarToken
2021-11-17 15:05:34,929 INFO br.com.eleicaoonline.service.AdministradorService [https-jsse-nio-8443-exec-9] Executando buscarAdministradorPeloEmail
2021-11-17 15:05:34,939 INFO br.com.eleicaoonline.service.EleicaoService [https-jsse-nio-8443-exec-9] Executando buscarMembroComissaoPeloEmail
2021-11-17 15:05:34,955 INFO br.com.eleicaoonline.service.EleitorService [https-jsse-nio-8443-exec-9] Executando buscarEleitorPeloEmail
2021-11-17 15:05:34,959 INFO br.com.eleicaoonline.service.PessoaService [https-jsse-nio-8443-exec-9] Executando buscarPessoaPeloEmail
2021-11-17 15:05:58,225 WARN br.com.eleicaoonline.filter.JwtRequestFilter [https-jsse-nio-8443-exec-9] Requisição não possui string bearer
2021-11-17 15:05:58,448 INFO br.com.eleicaoonline.service.PessoaService [https-jsse-nio-8443-exec-9] Executando cadastrarPessoa
2021-11-17 15:05:58,699 ERROR br.com.eleicaoonline.exception.GlobalExceptionHandler [https-jsse-nio-8443-exec-9] Erro de negócio: 
br.com.eleicaoonline.exception.BusinessException: CPF se encontra associado à outra pessoa no sistema.
	at br.com.eleicaoonline.service.validation.CPFCadastradoValidation.validate(CPFCadastradoValidation.java:25)
	at br.com.eleicaoonline.service.validation.CPFCadastradoValidation.validate(CPFCadastradoValidation.java:1)
	at br.com.eleicaoonline.service.BaseService.validateBusiness(BaseService.java:72)
	at br.com.eleicaoonline.service.PessoaService.cadastrarPessoa(PessoaService.java:43)
	at br.com.eleicaoonline.service.PessoaService$$FastClassBySpringCGLIB$$7902bdf5.invoke(<generated>)
	at org.springframework.cglib.proxy.MethodProxy.invoke(MethodProxy.java:218)
	at org.springframework.aop.framework.CglibAopProxy$CglibMethodInvocation.invokeJoinpoint(CglibAopProxy.java:779)
	at org.springframework.aop.framework.ReflectiveMethodInvocation.proceed(ReflectiveMethodInvocation.java:163)
	at org.springframework.aop.framework.CglibAopProxy$CglibMethodInvocation.proceed(CglibAopProxy.java:750)
	at org.springframework.transaction.interceptor.TransactionInterceptor$1.proceedWithInvocation(TransactionInterceptor.java:123)
	at org.springframework.transaction.interceptor.TransactionAspectSupport.invokeWithinTransaction(TransactionAspectSupport.java:388)
	at org.springframework.transaction.interceptor.TransactionInterceptor.invoke(TransactionInterceptor.java:119)
	at org.springframework.aop.framework.ReflectiveMethodInvocation.proceed(ReflectiveMethodInvocation.java:186)
	at org.springframework.aop.framework.CglibAopProxy$CglibMethodInvocation.proceed(CglibAopProxy.java:750)
	at org.springframework.aop.framework.CglibAopProxy$DynamicAdvisedInterceptor.intercept(CglibAopProxy.java:692)
	at br.com.eleicaoonline.service.PessoaService$$EnhancerBySpringCGLIB$$44540a87.cadastrarPessoa(<generated>)
	at br.com.eleicaoonline.controller.PessoaController.cadastrarPessoaPublico(PessoaController.java:99)
	at br.com.eleicaoonline.controller.PessoaController$$FastClassBySpringCGLIB$$a06df355.invoke(<generated>)
	at org.springframework.cglib.proxy.MethodProxy.invoke(MethodProxy.java:218)
	at org.springframework.aop.framework.CglibAopProxy$DynamicAdvisedInterceptor.intercept(CglibAopProxy.java:688)
	at br.com.eleicaoonline.controller.PessoaController$$EnhancerBySpringCGLIB$$517237d4.cadastrarPessoaPublico(<generated>)
	at java.base/jdk.internal.reflect.NativeMethodAccessorImpl.invoke0(Native Method)
	at java.base/jdk.internal.reflect.NativeMethodAccessorImpl.invoke(NativeMethodAccessorImpl.java:64)
	at java.base/jdk.internal.reflect.DelegatingMethodAccessorImpl.invoke(DelegatingMethodAccessorImpl.java:43)
	at java.base/java.lang.reflect.Method.invoke(Method.java:564)
	at org.springframework.web.method.support.InvocableHandlerMethod.doInvoke(InvocableHandlerMethod.java:205)
	at org.springframework.web.method.support.InvocableHandlerMethod.invokeForRequest(InvocableHandlerMethod.java:150)
	at org.springframework.web.servlet.mvc.method.annotation.ServletInvocableHandlerMethod.invokeAndHandle(ServletInvocableHandlerMethod.java:117)
	at org.springframework.web.servlet.mvc.method.annotation.RequestMappingHandlerAdapter.invokeHandlerMethod(RequestMappingHandlerAdapter.java:895)
	at org.springframework.web.servlet.mvc.method.annotation.RequestMappingHandlerAdapter.handleInternal(RequestMappingHandlerAdapter.java:808)
	at org.springframework.web.servlet.mvc.method.AbstractHandlerMethodAdapter.handle(AbstractHandlerMethodAdapter.java:87)
	at org.springframework.web.servlet.DispatcherServlet.doDispatch(DispatcherServlet.java:1067)
	at org.springframework.web.servlet.DispatcherServlet.doService(DispatcherServlet.java:963)
	at org.springframework.web.servlet.FrameworkServlet.processRequest(FrameworkServlet.java:1006)
	at org.springframework.web.servlet.FrameworkServlet.doPost(FrameworkServlet.java:909)
	at javax.servlet.http.HttpServlet.service(HttpServlet.java:681)
	at org.springframework.web.servlet.FrameworkServlet.service(FrameworkServlet.java:883)
	at javax.servlet.http.HttpServlet.service(HttpServlet.java:764)
	at org.apache.catalina.core.ApplicationFilterChain.internalDoFilter(ApplicationFilterChain.java:227)
	at org.apache.catalina.core.ApplicationFilterChain.doFilter(ApplicationFilterChain.java:162)
	at org.apache.tomcat.websocket.server.WsFilter.doFilter(WsFilter.java:53)
	at org.apache.catalina.core.ApplicationFilterChain.internalDoFilter(ApplicationFilterChain.java:189)
	at org.apache.catalina.core.ApplicationFilterChain.doFilter(ApplicationFilterChain.java:162)
	at br.com.eleicaoonline.filter.JwtRequestFilter.doFilterInternal(JwtRequestFilter.java:64)
	at org.springframework.web.filter.OncePerRequestFilter.doFilter(OncePerRequestFilter.java:119)
	at org.apache.catalina.core.ApplicationFilterChain.internalDoFilter(ApplicationFilterChain.java:189)
	at org.apache.catalina.core.ApplicationFilterChain.doFilter(ApplicationFilterChain.java:162)
	at org.springframework.security.web.FilterChainProxy$VirtualFilterChain.doFilter(FilterChainProxy.java:327)
	at org.springframework.security.web.access.intercept.FilterSecurityInterceptor.invoke(FilterSecurityInterceptor.java:115)
	at org.springframework.security.web.access.intercept.FilterSecurityInterceptor.doFilter(FilterSecurityInterceptor.java:81)
	at org.springframework.security.web.FilterChainProxy$VirtualFilterChain.doFilter(FilterChainProxy.java:336)
	at org.springframework.security.web.access.ExceptionTranslationFilter.doFilter(ExceptionTranslationFilter.java:121)
	at org.springframework.security.web.access.ExceptionTranslationFilter.doFilter(ExceptionTranslationFilter.java:115)
	at org.springframework.security.web.FilterChainProxy$VirtualFilterChain.doFilter(FilterChainProxy.java:336)
	at org.springframework.security.web.session.SessionManagementFilter.doFilter(SessionManagementFilter.java:126)
	at org.springframework.security.web.session.SessionManagementFilter.doFilter(SessionManagementFilter.java:81)
	at org.springframework.security.web.FilterChainProxy$VirtualFilterChain.doFilter(FilterChainProxy.java:336)
	at org.springframework.security.web.authentication.AnonymousAuthenticationFilter.doFilter(AnonymousAuthenticationFilter.java:105)
	at org.springframework.security.web.FilterChainProxy$VirtualFilterChain.doFilter(FilterChainProxy.java:336)
	at org.springframework.security.web.servletapi.SecurityContextHolderAwareRequestFilter.doFilter(SecurityContextHolderAwareRequestFilter.java:149)
	at org.springframework.security.web.FilterChainProxy$VirtualFilterChain.doFilter(FilterChainProxy.java:336)
	at org.springframework.security.web.savedrequest.RequestCacheAwareFilter.doFilter(RequestCacheAwareFilter.java:63)
	at org.springframework.security.web.FilterChainProxy$VirtualFilterChain.doFilter(FilterChainProxy.java:336)
	at org.springframework.security.web.authentication.ui.DefaultLogoutPageGeneratingFilter.doFilterInternal(DefaultLogoutPageGeneratingFilter.java:58)
	at org.springframework.web.filter.OncePerRequestFilter.doFilter(OncePerRequestFilter.java:119)
	at org.springframework.security.web.FilterChainProxy$VirtualFilterChain.doFilter(FilterChainProxy.java:336)
	at org.springframework.security.web.authentication.ui.DefaultLoginPageGeneratingFilter.doFilter(DefaultLoginPageGeneratingFilter.java:237)
	at org.springframework.security.web.authentication.ui.DefaultLoginPageGeneratingFilter.doFilter(DefaultLoginPageGeneratingFilter.java:223)
	at org.springframework.security.web.FilterChainProxy$VirtualFilterChain.doFilter(FilterChainProxy.java:336)
	at org.springframework.security.web.authentication.AbstractAuthenticationProcessingFilter.doFilter(AbstractAuthenticationProcessingFilter.java:218)
	at org.springframework.security.web.authentication.AbstractAuthenticationProcessingFilter.doFilter(AbstractAuthenticationProcessingFilter.java:212)
	at org.springframework.security.web.FilterChainProxy$VirtualFilterChain.doFilter(FilterChainProxy.java:336)
	at org.springframework.security.oauth2.client.web.OAuth2AuthorizationRequestRedirectFilter.doFilterInternal(OAuth2AuthorizationRequestRedirectFilter.java:178)
	at org.springframework.web.filter.OncePerRequestFilter.doFilter(OncePerRequestFilter.java:119)
	at org.springframework.security.web.FilterChainProxy$VirtualFilterChain.doFilter(FilterChainProxy.java:336)
	at org.springframework.security.web.authentication.logout.LogoutFilter.doFilter(LogoutFilter.java:103)
	at org.springframework.security.web.authentication.logout.LogoutFilter.doFilter(LogoutFilter.java:89)
	at org.springframework.security.web.FilterChainProxy$VirtualFilterChain.doFilter(FilterChainProxy.java:336)
	at org.springframework.web.filter.CorsFilter.doFilterInternal(CorsFilter.java:91)
	at org.springframework.web.filter.OncePerRequestFilter.doFilter(OncePerRequestFilter.java:119)
	at org.springframework.security.web.FilterChainProxy$VirtualFilterChain.doFilter(FilterChainProxy.java:336)
	at org.springframework.security.web.header.HeaderWriterFilter.doHeadersAfter(HeaderWriterFilter.java:90)
	at org.springframework.security.web.header.HeaderWriterFilter.doFilterInternal(HeaderWriterFilter.java:75)
	at org.springframework.web.filter.OncePerRequestFilter.doFilter(OncePerRequestFilter.java:119)
	at org.springframework.security.web.FilterChainProxy$VirtualFilterChain.doFilter(FilterChainProxy.java:336)
	at org.springframework.security.web.context.SecurityContextPersistenceFilter.doFilter(SecurityContextPersistenceFilter.java:110)
	at org.springframework.security.web.context.SecurityContextPersistenceFilter.doFilter(SecurityContextPersistenceFilter.java:80)
	at org.springframework.security.web.FilterChainProxy$VirtualFilterChain.doFilter(FilterChainProxy.java:336)
	at org.springframework.security.web.context.request.async.WebAsyncManagerIntegrationFilter.doFilterInternal(WebAsyncManagerIntegrationFilter.java:55)
	at org.springframework.web.filter.OncePerRequestFilter.doFilter(OncePerRequestFilter.java:119)
	at org.springframework.security.web.FilterChainProxy$VirtualFilterChain.doFilter(FilterChainProxy.java:336)
	at org.springframework.security.web.FilterChainProxy.doFilterInternal(FilterChainProxy.java:211)
	at org.springframework.security.web.FilterChainProxy.doFilter(FilterChainProxy.java:183)
	at org.springframework.web.filter.DelegatingFilterProxy.invokeDelegate(DelegatingFilterProxy.java:358)
	at org.springframework.web.filter.DelegatingFilterProxy.doFilter(DelegatingFilterProxy.java:271)
	at org.apache.catalina.core.ApplicationFilterChain.internalDoFilter(ApplicationFilterChain.java:189)
	at org.apache.catalina.core.ApplicationFilterChain.doFilter(ApplicationFilterChain.java:162)
	at org.springframework.web.filter.RequestContextFilter.doFilterInternal(RequestContextFilter.java:100)
	at org.springframework.web.filter.OncePerRequestFilter.doFilter(OncePerRequestFilter.java:119)
	at org.apache.catalina.core.ApplicationFilterChain.internalDoFilter(ApplicationFilterChain.java:189)
	at org.apache.catalina.core.ApplicationFilterChain.doFilter(ApplicationFilterChain.java:162)
	at org.springframework.web.filter.FormContentFilter.doFilterInternal(FormContentFilter.java:93)
	at org.springframework.web.filter.OncePerRequestFilter.doFilter(OncePerRequestFilter.java:119)
	at org.apache.catalina.core.ApplicationFilterChain.internalDoFilter(ApplicationFilterChain.java:189)
	at org.apache.catalina.core.ApplicationFilterChain.doFilter(ApplicationFilterChain.java:162)
	at org.springframework.web.filter.CharacterEncodingFilter.doFilterInternal(CharacterEncodingFilter.java:201)
	at org.springframework.web.filter.OncePerRequestFilter.doFilter(OncePerRequestFilter.java:119)
	at org.apache.catalina.core.ApplicationFilterChain.internalDoFilter(ApplicationFilterChain.java:189)
	at org.apache.catalina.core.ApplicationFilterChain.doFilter(ApplicationFilterChain.java:162)
	at org.apache.catalina.core.StandardWrapperValve.invoke(StandardWrapperValve.java:197)
	at org.apache.catalina.core.StandardContextValve.invoke(StandardContextValve.java:97)
	at org.apache.catalina.authenticator.AuthenticatorBase.invoke(AuthenticatorBase.java:540)
	at org.apache.catalina.core.StandardHostValve.invoke(StandardHostValve.java:135)
	at org.apache.catalina.valves.ErrorReportValve.invoke(ErrorReportValve.java:92)
	at org.apache.catalina.core.StandardEngineValve.invoke(StandardEngineValve.java:78)
	at org.apache.catalina.connector.CoyoteAdapter.service(CoyoteAdapter.java:357)
	at org.apache.coyote.http11.Http11Processor.service(Http11Processor.java:382)
	at org.apache.coyote.AbstractProcessorLight.process(AbstractProcessorLight.java:65)
	at org.apache.coyote.AbstractProtocol$ConnectionHandler.process(AbstractProtocol.java:893)
	at org.apache.tomcat.util.net.NioEndpoint$SocketProcessor.doRun(NioEndpoint.java:1726)
	at org.apache.tomcat.util.net.SocketProcessorBase.run(SocketProcessorBase.java:49)
	at org.apache.tomcat.util.threads.ThreadPoolExecutor.runWorker(ThreadPoolExecutor.java:1191)
	at org.apache.tomcat.util.threads.ThreadPoolExecutor$Worker.run(ThreadPoolExecutor.java:659)
	at org.apache.tomcat.util.threads.TaskThread$WrappingRunnable.run(TaskThread.java:61)
	at java.base/java.lang.Thread.run(Thread.java:832)
2021-11-17 15:05:58,725 WARN org.springframework.web.servlet.handler.AbstractHandlerExceptionResolver [https-jsse-nio-8443-exec-9] Resolved [br.com.eleicaoonline.exception.BusinessException: CPF se encontra associado à outra pessoa no sistema.]
2021-11-17 15:06:00,177 INFO br.com.eleicaoonline.job.CalcularResultadoEleicaoJob [scheduling-1] Executando o job de calcular os resultados das eleições com falha
2021-11-17 15:06:00,178 INFO br.com.eleicaoonline.service.EleicaoService [scheduling-1] Executando buscarPorSituacao
2021-11-17 15:06:00,201 INFO br.com.eleicaoonline.job.IniciarFinalizarEleicaoJob [scheduling-1] Executando o job de iniciar eleição
2021-11-17 15:06:00,202 INFO br.com.eleicaoonline.service.EleicaoService [scheduling-1] Executando buscarPorSituacao
2021-11-17 15:06:00,246 INFO br.com.eleicaoonline.job.CalcularResultadoEleicaoJob [scheduling-1] Executando o job de calcular os resultados das eleições iniciadas
2021-11-17 15:06:00,247 INFO br.com.eleicaoonline.service.EleicaoService [scheduling-1] Executando buscarPorSituacao
2021-11-17 15:06:06,488 WARN br.com.eleicaoonline.filter.JwtRequestFilter [https-jsse-nio-8443-exec-7] Requisição não possui string bearer
2021-11-17 15:06:06,501 INFO br.com.eleicaoonline.service.PessoaService [https-jsse-nio-8443-exec-7] Executando cadastrarPessoa
2021-11-17 15:06:06,827 INFO br.com.eleicaoonline.service.AutenticacaoService [https-jsse-nio-8443-exec-7] Executando gerarToken
2021-11-17 15:06:06,828 INFO br.com.eleicaoonline.service.AdministradorService [https-jsse-nio-8443-exec-7] Executando buscarAdministradorPeloEmail
2021-11-17 15:06:06,857 INFO br.com.eleicaoonline.service.EleicaoService [https-jsse-nio-8443-exec-7] Executando buscarMembroComissaoPeloEmail
2021-11-17 15:06:06,864 INFO br.com.eleicaoonline.service.EleitorService [https-jsse-nio-8443-exec-7] Executando buscarEleitorPeloEmail
2021-11-17 15:06:06,870 INFO br.com.eleicaoonline.service.PessoaService [https-jsse-nio-8443-exec-7] Executando buscarPessoaPeloEmail
2021-11-17 15:06:07,427 INFO br.com.eleicaoonline.service.EleicaoService [https-jsse-nio-8443-exec-1] Executando listarEleicoesPorPessoaEleitor
2021-11-17 15:07:00,555 INFO br.com.eleicaoonline.job.CalcularResultadoEleicaoJob [scheduling-1] Executando o job de calcular os resultados das eleições com falha
2021-11-17 15:07:00,556 INFO br.com.eleicaoonline.service.EleicaoService [scheduling-1] Executando buscarPorSituacao
2021-11-17 15:07:01,134 INFO br.com.eleicaoonline.job.IniciarFinalizarEleicaoJob [scheduling-1] Executando o job de iniciar eleição
2021-11-17 15:07:01,135 INFO br.com.eleicaoonline.service.EleicaoService [scheduling-1] Executando buscarPorSituacao
2021-11-17 15:07:01,177 INFO br.com.eleicaoonline.job.CalcularResultadoEleicaoJob [scheduling-1] Executando o job de calcular os resultados das eleições iniciadas
2021-11-17 15:07:01,178 INFO br.com.eleicaoonline.service.EleicaoService [scheduling-1] Executando buscarPorSituacao
2021-11-17 15:08:00,004 INFO br.com.eleicaoonline.job.CalcularResultadoEleicaoJob [scheduling-1] Executando o job de calcular os resultados das eleições com falha
2021-11-17 15:08:00,005 INFO br.com.eleicaoonline.service.EleicaoService [scheduling-1] Executando buscarPorSituacao
2021-11-17 15:08:00,059 INFO br.com.eleicaoonline.job.CalcularResultadoEleicaoJob [scheduling-1] Executando o job de calcular os resultados das eleições iniciadas
2021-11-17 15:08:00,059 INFO br.com.eleicaoonline.service.EleicaoService [scheduling-1] Executando buscarPorSituacao
2021-11-17 15:08:00,126 INFO br.com.eleicaoonline.job.IniciarFinalizarEleicaoJob [scheduling-1] Executando o job de iniciar eleição
2021-11-17 15:08:00,127 INFO br.com.eleicaoonline.service.EleicaoService [scheduling-1] Executando buscarPorSituacao
2021-11-17 15:09:00,008 INFO br.com.eleicaoonline.job.CalcularResultadoEleicaoJob [scheduling-1] Executando o job de calcular os resultados das eleições iniciadas
2021-11-17 15:09:00,009 INFO br.com.eleicaoonline.service.EleicaoService [scheduling-1] Executando buscarPorSituacao
2021-11-17 15:09:00,128 INFO br.com.eleicaoonline.job.IniciarFinalizarEleicaoJob [scheduling-1] Executando o job de iniciar eleição
2021-11-17 15:09:00,129 INFO br.com.eleicaoonline.service.EleicaoService [scheduling-1] Executando buscarPorSituacao
2021-11-17 15:09:00,141 INFO br.com.eleicaoonline.job.CalcularResultadoEleicaoJob [scheduling-1] Executando o job de calcular os resultados das eleições com falha
2021-11-17 15:09:00,141 INFO br.com.eleicaoonline.service.EleicaoService [scheduling-1] Executando buscarPorSituacao
2021-11-17 15:09:05,481 WARN br.com.eleicaoonline.filter.JwtRequestFilter [https-jsse-nio-8443-exec-2] Requisição não possui string bearer
2021-11-17 15:09:05,487 INFO br.com.eleicaoonline.service.AutenticacaoService [https-jsse-nio-8443-exec-2] Executando gerarToken
2021-11-17 15:09:05,487 INFO br.com.eleicaoonline.service.AdministradorService [https-jsse-nio-8443-exec-2] Executando buscarAdministradorPeloEmail
2021-11-17 15:09:05,495 INFO br.com.eleicaoonline.service.EleicaoService [https-jsse-nio-8443-exec-2] Executando buscarMembroComissaoPeloEmail
2021-11-17 15:09:05,500 INFO br.com.eleicaoonline.service.EleitorService [https-jsse-nio-8443-exec-2] Executando buscarEleitorPeloEmail
2021-11-17 15:09:05,509 INFO br.com.eleicaoonline.service.PessoaService [https-jsse-nio-8443-exec-2] Executando buscarPessoaPeloEmail
2021-11-17 15:09:07,882 INFO br.com.eleicaoonline.service.EleicaoService [https-jsse-nio-8443-exec-5] Executando listarEleicoesPorPessoaEleitor
2021-11-17 15:10:00,009 INFO br.com.eleicaoonline.job.IniciarFinalizarEleicaoJob [scheduling-1] Executando o job de iniciar eleição
2021-11-17 15:10:00,010 INFO br.com.eleicaoonline.service.EleicaoService [scheduling-1] Executando buscarPorSituacao
2021-11-17 15:10:00,035 INFO br.com.eleicaoonline.job.CalcularResultadoEleicaoJob [scheduling-1] Executando o job de calcular os resultados das eleições iniciadas
2021-11-17 15:10:00,036 INFO br.com.eleicaoonline.service.EleicaoService [scheduling-1] Executando buscarPorSituacao
2021-11-17 15:10:00,097 INFO br.com.eleicaoonline.job.CalcularResultadoEleicaoJob [scheduling-1] Executando o job de calcular os resultados das eleições com falha
2021-11-17 15:10:00,098 INFO br.com.eleicaoonline.service.EleicaoService [scheduling-1] Executando buscarPorSituacao
