2021-11-10 00:00:00,002 INFO br.com.eleicaoonline.job.IniciarFinalizarEleicaoJob [scheduling-1] Executando o job de finalizar eleições processadas
2021-11-10 00:00:00,009 INFO br.com.eleicaoonline.service.impl.EleicaoServiceImpl [scheduling-1] Executando buscarPorSituacao
2021-11-10 00:00:00,043 INFO br.com.eleicaoonline.job.CalcularResultadoEleicaoJob [scheduling-1] Executando o job de calcular os resultados das eleições com falha
2021-11-10 00:00:00,043 INFO br.com.eleicaoonline.service.impl.EleicaoServiceImpl [scheduling-1] Executando buscarPorSituacao
2021-11-10 00:00:00,048 INFO br.com.eleicaoonline.job.CalcularResultadoEleicaoJob [scheduling-1] Executando o job de calcular os resultados das eleições iniciadas
2021-11-10 00:00:00,049 INFO br.com.eleicaoonline.service.impl.EleicaoServiceImpl [scheduling-1] Executando buscarPorSituacao
2021-11-10 00:00:00,053 INFO br.com.eleicaoonline.job.IniciarFinalizarEleicaoJob [scheduling-1] Executando o job de iniciar eleição
2021-11-10 00:00:00,054 INFO br.com.eleicaoonline.service.impl.EleicaoServiceImpl [scheduling-1] Executando buscarPorSituacao
2021-11-10 00:01:00,025 INFO br.com.eleicaoonline.job.IniciarFinalizarEleicaoJob [scheduling-1] Executando o job de iniciar eleição
2021-11-10 00:01:00,026 INFO br.com.eleicaoonline.service.impl.EleicaoServiceImpl [scheduling-1] Executando buscarPorSituacao
2021-11-10 00:01:00,041 INFO br.com.eleicaoonline.job.CalcularResultadoEleicaoJob [scheduling-1] Executando o job de calcular os resultados das eleições iniciadas
2021-11-10 00:01:00,041 INFO br.com.eleicaoonline.service.impl.EleicaoServiceImpl [scheduling-1] Executando buscarPorSituacao
2021-11-10 00:01:00,049 INFO br.com.eleicaoonline.job.CalcularResultadoEleicaoJob [scheduling-1] Executando o job de calcular os resultados das eleições com falha
2021-11-10 00:01:00,050 INFO br.com.eleicaoonline.service.impl.EleicaoServiceImpl [scheduling-1] Executando buscarPorSituacao
2021-11-10 00:02:00,010 INFO br.com.eleicaoonline.job.CalcularResultadoEleicaoJob [scheduling-1] Executando o job de calcular os resultados das eleições iniciadas
2021-11-10 00:02:00,012 INFO br.com.eleicaoonline.service.impl.EleicaoServiceImpl [scheduling-1] Executando buscarPorSituacao
2021-11-10 00:02:00,039 INFO br.com.eleicaoonline.job.CalcularResultadoEleicaoJob [scheduling-1] Executando o job de calcular os resultados das eleições com falha
2021-11-10 00:02:00,039 INFO br.com.eleicaoonline.service.impl.EleicaoServiceImpl [scheduling-1] Executando buscarPorSituacao
2021-11-10 00:02:00,047 INFO br.com.eleicaoonline.job.IniciarFinalizarEleicaoJob [scheduling-1] Executando o job de iniciar eleição
2021-11-10 00:02:00,047 INFO br.com.eleicaoonline.service.impl.EleicaoServiceImpl [scheduling-1] Executando buscarPorSituacao
2021-11-10 00:03:00,028 INFO br.com.eleicaoonline.job.CalcularResultadoEleicaoJob [scheduling-1] Executando o job de calcular os resultados das eleições iniciadas
2021-11-10 00:03:00,028 INFO br.com.eleicaoonline.service.impl.EleicaoServiceImpl [scheduling-1] Executando buscarPorSituacao
2021-11-10 00:03:00,039 INFO br.com.eleicaoonline.job.CalcularResultadoEleicaoJob [scheduling-1] Executando o job de calcular os resultados das eleições com falha
2021-11-10 00:03:00,039 INFO br.com.eleicaoonline.service.impl.EleicaoServiceImpl [scheduling-1] Executando buscarPorSituacao
2021-11-10 00:03:00,043 INFO br.com.eleicaoonline.job.IniciarFinalizarEleicaoJob [scheduling-1] Executando o job de iniciar eleição
2021-11-10 00:03:00,043 INFO br.com.eleicaoonline.service.impl.EleicaoServiceImpl [scheduling-1] Executando buscarPorSituacao
2021-11-10 00:04:00,060 INFO br.com.eleicaoonline.job.CalcularResultadoEleicaoJob [scheduling-1] Executando o job de calcular os resultados das eleições iniciadas
2021-11-10 00:04:00,061 INFO br.com.eleicaoonline.service.impl.EleicaoServiceImpl [scheduling-1] Executando buscarPorSituacao
2021-11-10 00:04:00,069 INFO br.com.eleicaoonline.job.IniciarFinalizarEleicaoJob [scheduling-1] Executando o job de iniciar eleição
2021-11-10 00:04:00,071 INFO br.com.eleicaoonline.service.impl.EleicaoServiceImpl [scheduling-1] Executando buscarPorSituacao
2021-11-10 00:04:00,077 INFO br.com.eleicaoonline.job.CalcularResultadoEleicaoJob [scheduling-1] Executando o job de calcular os resultados das eleições com falha
2021-11-10 00:04:00,077 INFO br.com.eleicaoonline.service.impl.EleicaoServiceImpl [scheduling-1] Executando buscarPorSituacao
2021-11-10 00:05:00,004 INFO br.com.eleicaoonline.job.CalcularResultadoEleicaoJob [scheduling-1] Executando o job de calcular os resultados das eleições com falha
2021-11-10 00:05:00,005 INFO br.com.eleicaoonline.service.impl.EleicaoServiceImpl [scheduling-1] Executando buscarPorSituacao
2021-11-10 00:05:00,012 INFO br.com.eleicaoonline.job.IniciarFinalizarEleicaoJob [scheduling-1] Executando o job de iniciar eleição
2021-11-10 00:05:00,012 INFO br.com.eleicaoonline.service.impl.EleicaoServiceImpl [scheduling-1] Executando buscarPorSituacao
2021-11-10 00:05:00,023 INFO br.com.eleicaoonline.job.CalcularResultadoEleicaoJob [scheduling-1] Executando o job de calcular os resultados das eleições iniciadas
2021-11-10 00:05:00,024 INFO br.com.eleicaoonline.service.impl.EleicaoServiceImpl [scheduling-1] Executando buscarPorSituacao
2021-11-10 00:06:00,018 INFO br.com.eleicaoonline.job.CalcularResultadoEleicaoJob [scheduling-1] Executando o job de calcular os resultados das eleições iniciadas
2021-11-10 00:06:00,018 INFO br.com.eleicaoonline.service.impl.EleicaoServiceImpl [scheduling-1] Executando buscarPorSituacao
2021-11-10 00:06:00,032 INFO br.com.eleicaoonline.job.IniciarFinalizarEleicaoJob [scheduling-1] Executando o job de iniciar eleição
2021-11-10 00:06:00,033 INFO br.com.eleicaoonline.service.impl.EleicaoServiceImpl [scheduling-1] Executando buscarPorSituacao
2021-11-10 00:06:00,040 INFO br.com.eleicaoonline.job.CalcularResultadoEleicaoJob [scheduling-1] Executando o job de calcular os resultados das eleições com falha
2021-11-10 00:06:00,040 INFO br.com.eleicaoonline.service.impl.EleicaoServiceImpl [scheduling-1] Executando buscarPorSituacao
2021-11-10 00:07:00,037 INFO br.com.eleicaoonline.job.IniciarFinalizarEleicaoJob [scheduling-1] Executando o job de iniciar eleição
2021-11-10 00:07:00,038 INFO br.com.eleicaoonline.service.impl.EleicaoServiceImpl [scheduling-1] Executando buscarPorSituacao
2021-11-10 00:07:00,052 INFO br.com.eleicaoonline.job.CalcularResultadoEleicaoJob [scheduling-1] Executando o job de calcular os resultados das eleições com falha
2021-11-10 00:07:00,052 INFO br.com.eleicaoonline.service.impl.EleicaoServiceImpl [scheduling-1] Executando buscarPorSituacao
2021-11-10 00:07:00,057 INFO br.com.eleicaoonline.job.CalcularResultadoEleicaoJob [scheduling-1] Executando o job de calcular os resultados das eleições iniciadas
2021-11-10 00:07:00,057 INFO br.com.eleicaoonline.service.impl.EleicaoServiceImpl [scheduling-1] Executando buscarPorSituacao
2021-11-10 00:08:00,106 INFO br.com.eleicaoonline.job.CalcularResultadoEleicaoJob [scheduling-1] Executando o job de calcular os resultados das eleições iniciadas
2021-11-10 00:08:00,106 INFO br.com.eleicaoonline.service.impl.EleicaoServiceImpl [scheduling-1] Executando buscarPorSituacao
2021-11-10 00:08:00,125 INFO br.com.eleicaoonline.job.IniciarFinalizarEleicaoJob [scheduling-1] Executando o job de iniciar eleição
2021-11-10 00:08:00,126 INFO br.com.eleicaoonline.service.impl.EleicaoServiceImpl [scheduling-1] Executando buscarPorSituacao
2021-11-10 00:08:00,134 INFO br.com.eleicaoonline.job.CalcularResultadoEleicaoJob [scheduling-1] Executando o job de calcular os resultados das eleições com falha
2021-11-10 00:08:00,135 INFO br.com.eleicaoonline.service.impl.EleicaoServiceImpl [scheduling-1] Executando buscarPorSituacao
2021-11-10 00:09:00,004 INFO br.com.eleicaoonline.job.CalcularResultadoEleicaoJob [scheduling-1] Executando o job de calcular os resultados das eleições iniciadas
2021-11-10 00:09:00,005 INFO br.com.eleicaoonline.service.impl.EleicaoServiceImpl [scheduling-1] Executando buscarPorSituacao
2021-11-10 00:09:00,015 INFO br.com.eleicaoonline.job.CalcularResultadoEleicaoJob [scheduling-1] Executando o job de calcular os resultados das eleições com falha
2021-11-10 00:09:00,015 INFO br.com.eleicaoonline.service.impl.EleicaoServiceImpl [scheduling-1] Executando buscarPorSituacao
2021-11-10 00:09:00,021 INFO br.com.eleicaoonline.job.IniciarFinalizarEleicaoJob [scheduling-1] Executando o job de iniciar eleição
2021-11-10 00:09:00,021 INFO br.com.eleicaoonline.service.impl.EleicaoServiceImpl [scheduling-1] Executando buscarPorSituacao
2021-11-10 00:10:00,012 INFO br.com.eleicaoonline.job.CalcularResultadoEleicaoJob [scheduling-1] Executando o job de calcular os resultados das eleições com falha
2021-11-10 00:10:00,014 INFO br.com.eleicaoonline.service.impl.EleicaoServiceImpl [scheduling-1] Executando buscarPorSituacao
2021-11-10 00:10:00,042 INFO br.com.eleicaoonline.job.IniciarFinalizarEleicaoJob [scheduling-1] Executando o job de iniciar eleição
2021-11-10 00:10:00,042 INFO br.com.eleicaoonline.service.impl.EleicaoServiceImpl [scheduling-1] Executando buscarPorSituacao
2021-11-10 00:10:00,046 INFO br.com.eleicaoonline.job.CalcularResultadoEleicaoJob [scheduling-1] Executando o job de calcular os resultados das eleições iniciadas
2021-11-10 00:10:00,047 INFO br.com.eleicaoonline.service.impl.EleicaoServiceImpl [scheduling-1] Executando buscarPorSituacao
2021-11-10 00:11:00,108 INFO br.com.eleicaoonline.job.IniciarFinalizarEleicaoJob [scheduling-1] Executando o job de iniciar eleição
2021-11-10 00:11:00,109 INFO br.com.eleicaoonline.service.impl.EleicaoServiceImpl [scheduling-1] Executando buscarPorSituacao
2021-11-10 00:11:00,115 INFO br.com.eleicaoonline.job.CalcularResultadoEleicaoJob [scheduling-1] Executando o job de calcular os resultados das eleições com falha
2021-11-10 00:11:00,115 INFO br.com.eleicaoonline.service.impl.EleicaoServiceImpl [scheduling-1] Executando buscarPorSituacao
2021-11-10 00:11:00,124 INFO br.com.eleicaoonline.job.CalcularResultadoEleicaoJob [scheduling-1] Executando o job de calcular os resultados das eleições iniciadas
2021-11-10 00:11:00,124 INFO br.com.eleicaoonline.service.impl.EleicaoServiceImpl [scheduling-1] Executando buscarPorSituacao
2021-11-10 00:12:00,007 INFO br.com.eleicaoonline.job.CalcularResultadoEleicaoJob [scheduling-1] Executando o job de calcular os resultados das eleições iniciadas
2021-11-10 00:12:00,009 INFO br.com.eleicaoonline.service.impl.EleicaoServiceImpl [scheduling-1] Executando buscarPorSituacao
2021-11-10 00:12:00,036 INFO br.com.eleicaoonline.job.IniciarFinalizarEleicaoJob [scheduling-1] Executando o job de iniciar eleição
2021-11-10 00:12:00,037 INFO br.com.eleicaoonline.service.impl.EleicaoServiceImpl [scheduling-1] Executando buscarPorSituacao
2021-11-10 00:12:00,042 INFO br.com.eleicaoonline.job.CalcularResultadoEleicaoJob [scheduling-1] Executando o job de calcular os resultados das eleições com falha
2021-11-10 00:12:00,042 INFO br.com.eleicaoonline.service.impl.EleicaoServiceImpl [scheduling-1] Executando buscarPorSituacao
2021-11-10 00:13:00,010 INFO br.com.eleicaoonline.job.CalcularResultadoEleicaoJob [scheduling-1] Executando o job de calcular os resultados das eleições iniciadas
2021-11-10 00:13:00,011 INFO br.com.eleicaoonline.service.impl.EleicaoServiceImpl [scheduling-1] Executando buscarPorSituacao
2021-11-10 00:13:00,158 INFO br.com.eleicaoonline.job.IniciarFinalizarEleicaoJob [scheduling-1] Executando o job de iniciar eleição
2021-11-10 00:13:00,158 INFO br.com.eleicaoonline.service.impl.EleicaoServiceImpl [scheduling-1] Executando buscarPorSituacao
2021-11-10 00:13:00,171 INFO br.com.eleicaoonline.job.CalcularResultadoEleicaoJob [scheduling-1] Executando o job de calcular os resultados das eleições com falha
2021-11-10 00:13:00,171 INFO br.com.eleicaoonline.service.impl.EleicaoServiceImpl [scheduling-1] Executando buscarPorSituacao
2021-11-10 00:14:00,025 INFO br.com.eleicaoonline.job.IniciarFinalizarEleicaoJob [scheduling-1] Executando o job de iniciar eleição
2021-11-10 00:14:00,026 INFO br.com.eleicaoonline.service.impl.EleicaoServiceImpl [scheduling-1] Executando buscarPorSituacao
2021-11-10 00:14:00,039 INFO br.com.eleicaoonline.job.CalcularResultadoEleicaoJob [scheduling-1] Executando o job de calcular os resultados das eleições com falha
2021-11-10 00:14:00,039 INFO br.com.eleicaoonline.service.impl.EleicaoServiceImpl [scheduling-1] Executando buscarPorSituacao
2021-11-10 00:14:00,046 INFO br.com.eleicaoonline.job.CalcularResultadoEleicaoJob [scheduling-1] Executando o job de calcular os resultados das eleições iniciadas
2021-11-10 00:14:00,046 INFO br.com.eleicaoonline.service.impl.EleicaoServiceImpl [scheduling-1] Executando buscarPorSituacao
