2022-01-15 23:26:02,574 INFO org.hibernate.validator.internal.util.Version [background-preinit] HV000001: Hibernate Validator 6.2.0.Final
2022-01-15 23:26:02,624 INFO org.springframework.boot.StartupInfoLogger [restartedMain] Starting EleicaoOnlineApplication using Java 15 on DESKTOP-GB6D24J with PID 6796 (C:\Users\Pedro\Documents\Projetos\pessoais\eleicao-online\eleicao-online-backend\target\classes started by Pedro in C:\Users\Pedro\Documents\Projetos\pessoais\eleicao-online\eleicao-online-backend)
2022-01-15 23:26:02,625 DEBUG org.springframework.boot.StartupInfoLogger [restartedMain] Running with Spring Boot v2.5.5, Spring v5.3.10
2022-01-15 23:26:02,644 INFO org.springframework.boot.SpringApplication [restartedMain] The following profiles are active: dev
2022-01-15 23:26:02,815 INFO org.springframework.boot.logging.DeferredLog [restartedMain] Devtools property defaults active! Set 'spring.devtools.add-properties' to 'false' to disable
2022-01-15 23:26:02,817 INFO org.springframework.boot.logging.DeferredLog [restartedMain] For additional web related logging consider setting the 'logging.level.web' property to 'DEBUG'
2022-01-15 23:26:07,484 INFO org.springframework.data.repository.config.RepositoryConfigurationDelegate [restartedMain] Bootstrapping Spring Data JPA repositories in DEFAULT mode.
2022-01-15 23:26:07,760 INFO org.springframework.data.repository.config.RepositoryConfigurationDelegate [restartedMain] Finished Spring Data repository scanning in 253 ms. Found 8 JPA repository interfaces.
2022-01-15 23:26:08,980 INFO org.springframework.context.support.PostProcessorRegistrationDelegate$BeanPostProcessorChecker [restartedMain] Bean 'springAsyncConfig' of type [br.com.eleicaoonline.config.SpringAsyncConfig$$EnhancerBySpringCGLIB$$7f0adae1] is not eligible for getting processed by all BeanPostProcessors (for example: not eligible for auto-proxying)
2022-01-15 23:26:09,372 INFO org.springframework.context.support.PostProcessorRegistrationDelegate$BeanPostProcessorChecker [restartedMain] Bean 'org.springframework.security.access.expression.method.DefaultMethodSecurityExpressionHandler@615f266b' of type [org.springframework.security.access.expression.method.DefaultMethodSecurityExpressionHandler] is not eligible for getting processed by all BeanPostProcessors (for example: not eligible for auto-proxying)
2022-01-15 23:26:09,376 INFO org.springframework.context.support.PostProcessorRegistrationDelegate$BeanPostProcessorChecker [restartedMain] Bean 'methodSecurityConfig' of type [br.com.eleicaoonline.config.MethodSecurityConfig$$EnhancerBySpringCGLIB$$f9ec5f8b] is not eligible for getting processed by all BeanPostProcessors (for example: not eligible for auto-proxying)
2022-01-15 23:26:09,399 INFO org.springframework.context.support.PostProcessorRegistrationDelegate$BeanPostProcessorChecker [restartedMain] Bean 'methodSecurityMetadataSource' of type [org.springframework.security.access.method.DelegatingMethodSecurityMetadataSource] is not eligible for getting processed by all BeanPostProcessors (for example: not eligible for auto-proxying)
2022-01-15 23:26:11,021 INFO org.springframework.boot.web.embedded.tomcat.TomcatWebServer [restartedMain] Tomcat initialized with port(s): 8443 (https)
2022-01-15 23:26:11,053 INFO org.apache.juli.logging.DirectJDKLog [restartedMain] Initializing ProtocolHandler ["https-jsse-nio-8443"]
2022-01-15 23:26:11,054 INFO org.apache.juli.logging.DirectJDKLog [restartedMain] Starting service [Tomcat]
2022-01-15 23:26:11,056 INFO org.apache.juli.logging.DirectJDKLog [restartedMain] Starting Servlet engine: [Apache Tomcat/9.0.53]
2022-01-15 23:26:11,363 INFO org.apache.juli.logging.DirectJDKLog [restartedMain] Initializing Spring embedded WebApplicationContext
2022-01-15 23:26:11,364 INFO org.springframework.boot.web.servlet.context.ServletWebServerApplicationContext [restartedMain] Root WebApplicationContext: initialization completed in 8543 ms
2022-01-15 23:26:11,822 DEBUG org.springframework.web.filter.GenericFilterBean [restartedMain] Filter 'jwtRequestFilter' configured for use
2022-01-15 23:26:12,264 INFO org.hibernate.jpa.internal.util.LogHelper [restartedMain] HHH000204: Processing PersistenceUnitInfo [name: default]
2022-01-15 23:26:12,403 INFO org.hibernate.Version [restartedMain] HHH000412: Hibernate ORM core version 5.4.32.Final
2022-01-15 23:26:12,733 INFO org.hibernate.annotations.common.reflection.java.JavaReflectionManager [restartedMain] HCANN000001: Hibernate Commons Annotations {5.1.2.Final}
2022-01-15 23:26:13,046 INFO com.zaxxer.hikari.HikariDataSource [restartedMain] HikariPool-1 - Starting...
2022-01-15 23:26:13,487 INFO com.zaxxer.hikari.HikariDataSource [restartedMain] HikariPool-1 - Start completed.
2022-01-15 23:26:13,572 INFO org.hibernate.dialect.Dialect [restartedMain] HHH000400: Using dialect: org.hibernate.dialect.PostgreSQL10Dialect
2022-01-15 23:26:16,313 INFO org.hibernate.engine.transaction.jta.platform.internal.JtaPlatformInitiator [restartedMain] HHH000490: Using JtaPlatform implementation: [org.hibernate.engine.transaction.jta.platform.internal.NoJtaPlatform]
2022-01-15 23:26:16,337 INFO org.springframework.orm.jpa.AbstractEntityManagerFactoryBean [restartedMain] Initialized JPA EntityManagerFactory for persistence unit 'default'
2022-01-15 23:26:16,655 WARN org.springframework.boot.autoconfigure.orm.jpa.JpaBaseConfiguration$JpaWebConfiguration [restartedMain] spring.jpa.open-in-view is enabled by default. Therefore, database queries may be performed during view rendering. Explicitly configure spring.jpa.open-in-view to disable this warning
2022-01-15 23:26:22,416 INFO org.springframework.security.web.DefaultSecurityFilterChain [restartedMain] Will secure any request with [org.springframework.security.web.context.request.async.WebAsyncManagerIntegrationFilter@686b473b, org.springframework.security.web.context.SecurityContextPersistenceFilter@733cfb66, org.springframework.security.web.header.HeaderWriterFilter@4b39636b, org.springframework.web.filter.CorsFilter@11335668, org.springframework.security.web.authentication.logout.LogoutFilter@66b3e168, org.springframework.security.oauth2.client.web.OAuth2AuthorizationRequestRedirectFilter@7f40a157, org.springframework.security.oauth2.client.web.OAuth2LoginAuthenticationFilter@53da1d2, org.springframework.security.web.authentication.ui.DefaultLoginPageGeneratingFilter@6f3ccf79, org.springframework.security.web.authentication.ui.DefaultLogoutPageGeneratingFilter@237b7ed6, org.springframework.security.web.savedrequest.RequestCacheAwareFilter@33997fd5, org.springframework.security.web.servletapi.SecurityContextHolderAwareRequestFilter@7b69371, org.springframework.security.web.authentication.AnonymousAuthenticationFilter@745b198, org.springframework.security.web.session.SessionManagementFilter@33dc43ee, org.springframework.security.web.access.ExceptionTranslationFilter@3588e88b, org.springframework.security.web.access.intercept.FilterSecurityInterceptor@74fbe083]
2022-01-15 23:26:22,816 INFO org.springframework.boot.devtools.autoconfigure.OptionalLiveReloadServer [restartedMain] LiveReload server is running on port 35729
2022-01-15 23:26:23,762 INFO org.quartz.impl.StdSchedulerFactory [restartedMain] Using default implementation for ThreadExecutor
2022-01-15 23:26:23,802 INFO org.quartz.core.SchedulerSignalerImpl [restartedMain] Initialized Scheduler Signaller of type: class org.quartz.core.SchedulerSignalerImpl
2022-01-15 23:26:23,802 INFO org.quartz.core.QuartzScheduler [restartedMain] Quartz Scheduler v.2.3.2 created.
2022-01-15 23:26:23,804 INFO org.quartz.simpl.RAMJobStore [restartedMain] RAMJobStore initialized.
2022-01-15 23:26:23,806 INFO org.quartz.core.QuartzScheduler [restartedMain] Scheduler meta-data: Quartz Scheduler (v2.3.2) 'quartzScheduler' with instanceId 'NON_CLUSTERED'
  Scheduler class: 'org.quartz.core.QuartzScheduler' - running locally.
  NOT STARTED.
  Currently in standby mode.
  Number of jobs executed: 0
  Using thread pool 'org.quartz.simpl.SimpleThreadPool' - with 10 threads.
  Using job-store 'org.quartz.simpl.RAMJobStore' - which does not support persistence. and is not clustered.

2022-01-15 23:26:23,807 INFO org.quartz.impl.StdSchedulerFactory [restartedMain] Quartz scheduler 'quartzScheduler' initialized from an externally provided properties instance.
2022-01-15 23:26:23,807 INFO org.quartz.impl.StdSchedulerFactory [restartedMain] Quartz scheduler version: 2.3.2
2022-01-15 23:26:23,808 INFO org.quartz.core.QuartzScheduler [restartedMain] JobFactory set to: org.springframework.scheduling.quartz.SpringBeanJobFactory@2e1f3a86
2022-01-15 23:26:24,232 INFO org.apache.juli.logging.DirectJDKLog [restartedMain] Starting ProtocolHandler ["https-jsse-nio-8443"]
2022-01-15 23:26:25,744 INFO org.springframework.boot.web.embedded.tomcat.TomcatWebServer [restartedMain] Tomcat started on port(s): 8443 (https) with context path ''
2022-01-15 23:26:26,332 INFO org.springframework.scheduling.quartz.SchedulerFactoryBean [restartedMain] Starting Quartz Scheduler now
2022-01-15 23:26:26,333 INFO org.quartz.core.QuartzScheduler [restartedMain] Scheduler quartzScheduler_$_NON_CLUSTERED started.
2022-01-15 23:26:26,373 INFO org.springframework.boot.StartupInfoLogger [restartedMain] Started EleicaoOnlineApplication in 25.695 seconds (JVM running for 27.453)
2022-01-15 23:27:00,027 INFO br.com.eleicaoonline.job.CalcularResultadoEleicaoJob [scheduling-1] Executando o job de calcular os resultados das eleições com falha
2022-01-15 23:27:00,041 INFO br.com.eleicaoonline.service.EleicaoService [scheduling-1] Executando buscarPorSituacao
2022-01-15 23:27:00,655 INFO br.com.eleicaoonline.job.IniciarFinalizarEleicaoJob [scheduling-1] Executando o job de finalizar eleições processadas
2022-01-15 23:27:00,655 INFO br.com.eleicaoonline.service.EleicaoService [scheduling-1] Executando buscarPorSituacao
2022-01-15 23:27:00,679 INFO br.com.eleicaoonline.job.IniciarFinalizarEleicaoJob [scheduling-1] Executando o job de iniciar eleição
2022-01-15 23:27:00,680 INFO br.com.eleicaoonline.service.EleicaoService [scheduling-1] Executando buscarPorSituacao
2022-01-15 23:27:00,690 INFO br.com.eleicaoonline.job.CalcularResultadoEleicaoJob [scheduling-1] Executando o job de calcular os resultados das eleições iniciadas
2022-01-15 23:27:00,691 INFO br.com.eleicaoonline.service.EleicaoService [scheduling-1] Executando buscarPorSituacao
2022-01-15 23:27:00,710 INFO org.apache.juli.logging.DirectJDKLog [https-jsse-nio-8443-exec-4] Initializing Spring DispatcherServlet 'dispatcherServlet'
2022-01-15 23:27:00,710 INFO org.springframework.web.servlet.FrameworkServlet [https-jsse-nio-8443-exec-4] Initializing Servlet 'dispatcherServlet'
2022-01-15 23:27:00,715 INFO org.springframework.web.servlet.FrameworkServlet [https-jsse-nio-8443-exec-4] Completed initialization in 4 ms
2022-01-15 23:27:00,991 WARN org.apache.juli.logging.DirectJDKLog [https-jsse-nio-8443-exec-4] Creation of SecureRandom instance for session ID generation using [SHA1PRNG] took [126] milliseconds.
2022-01-15 23:27:06,401 WARN br.com.eleicaoonline.filter.JwtRequestFilter [https-jsse-nio-8443-exec-6] Requisição não possui string bearer
2022-01-15 23:27:06,436 INFO br.com.eleicaoonline.service.AutenticacaoService [https-jsse-nio-8443-exec-6] Executando gerarToken
2022-01-15 23:27:06,443 INFO br.com.eleicaoonline.service.AdministradorService [https-jsse-nio-8443-exec-6] Executando buscarAdministradorPeloEmail
2022-01-15 23:27:06,517 INFO br.com.eleicaoonline.service.EleicaoService [https-jsse-nio-8443-exec-6] Executando buscarMembroComissaoPeloEmail
2022-01-15 23:27:06,561 INFO br.com.eleicaoonline.service.EleitorService [https-jsse-nio-8443-exec-6] Executando buscarEleitorPeloEmail
2022-01-15 23:27:08,541 INFO br.com.eleicaoonline.service.EleicaoService [https-jsse-nio-8443-exec-6] Executando listarEleicoes
2022-01-15 23:27:29,515 INFO br.com.eleicaoonline.service.EleicaoService [https-jsse-nio-8443-exec-8] Executando listarEleicoes por filtro
2022-01-15 23:27:37,451 INFO br.com.eleicaoonline.service.EleicaoService [https-jsse-nio-8443-exec-5] Executando listarEleicoes por filtro
2022-01-15 23:28:00,008 INFO br.com.eleicaoonline.job.CalcularResultadoEleicaoJob [scheduling-1] Executando o job de calcular os resultados das eleições iniciadas
2022-01-15 23:28:00,010 INFO br.com.eleicaoonline.service.EleicaoService [scheduling-1] Executando buscarPorSituacao
2022-01-15 23:28:00,026 INFO br.com.eleicaoonline.job.IniciarFinalizarEleicaoJob [scheduling-1] Executando o job de iniciar eleição
2022-01-15 23:28:00,027 INFO br.com.eleicaoonline.service.EleicaoService [scheduling-1] Executando buscarPorSituacao
2022-01-15 23:28:00,032 INFO br.com.eleicaoonline.job.CalcularResultadoEleicaoJob [scheduling-1] Executando o job de calcular os resultados das eleições com falha
2022-01-15 23:28:00,033 INFO br.com.eleicaoonline.service.EleicaoService [scheduling-1] Executando buscarPorSituacao
2022-01-15 23:28:00,038 INFO br.com.eleicaoonline.job.IniciarFinalizarEleicaoJob [scheduling-1] Executando o job de finalizar eleições processadas
2022-01-15 23:28:00,038 INFO br.com.eleicaoonline.service.EleicaoService [scheduling-1] Executando buscarPorSituacao
2022-01-15 23:29:00,005 INFO br.com.eleicaoonline.job.IniciarFinalizarEleicaoJob [scheduling-1] Executando o job de iniciar eleição
2022-01-15 23:29:00,005 INFO br.com.eleicaoonline.service.EleicaoService [scheduling-1] Executando buscarPorSituacao
2022-01-15 23:29:00,019 INFO br.com.eleicaoonline.job.CalcularResultadoEleicaoJob [scheduling-1] Executando o job de calcular os resultados das eleições iniciadas
2022-01-15 23:29:00,019 INFO br.com.eleicaoonline.service.EleicaoService [scheduling-1] Executando buscarPorSituacao
2022-01-15 23:29:00,026 INFO br.com.eleicaoonline.job.IniciarFinalizarEleicaoJob [scheduling-1] Executando o job de finalizar eleições processadas
2022-01-15 23:29:00,027 INFO br.com.eleicaoonline.service.EleicaoService [scheduling-1] Executando buscarPorSituacao
2022-01-15 23:29:00,033 INFO br.com.eleicaoonline.job.CalcularResultadoEleicaoJob [scheduling-1] Executando o job de calcular os resultados das eleições com falha
2022-01-15 23:29:00,034 INFO br.com.eleicaoonline.service.EleicaoService [scheduling-1] Executando buscarPorSituacao
2022-01-15 23:29:18,013 INFO br.com.eleicaoonline.service.EleicaoService [https-jsse-nio-8443-exec-5] Executando listarEleicoes por filtro
2022-01-15 23:29:45,402 INFO br.com.eleicaoonline.service.EleicaoService [https-jsse-nio-8443-exec-10] Executando cadastrarEleicao
2022-01-15 23:29:45,864 INFO br.com.eleicaoonline.service.EleicaoService [https-jsse-nio-8443-exec-2] Executando listarEleicoes por filtro
2022-01-15 23:30:00,003 INFO br.com.eleicaoonline.job.CalcularResultadoEleicaoJob [scheduling-1] Executando o job de calcular os resultados das eleições com falha
2022-01-15 23:30:00,004 INFO br.com.eleicaoonline.service.EleicaoService [scheduling-1] Executando buscarPorSituacao
2022-01-15 23:30:00,017 INFO br.com.eleicaoonline.job.IniciarFinalizarEleicaoJob [scheduling-1] Executando o job de iniciar eleição
2022-01-15 23:30:00,018 INFO br.com.eleicaoonline.service.EleicaoService [scheduling-1] Executando buscarPorSituacao
2022-01-15 23:30:00,028 INFO br.com.eleicaoonline.job.IniciarFinalizarEleicaoJob [scheduling-1] Executando o job de finalizar eleições processadas
2022-01-15 23:30:00,028 INFO br.com.eleicaoonline.service.EleicaoService [scheduling-1] Executando buscarPorSituacao
2022-01-15 23:30:00,032 INFO br.com.eleicaoonline.job.CalcularResultadoEleicaoJob [scheduling-1] Executando o job de calcular os resultados das eleições iniciadas
2022-01-15 23:30:00,033 INFO br.com.eleicaoonline.service.EleicaoService [scheduling-1] Executando buscarPorSituacao
2022-01-15 23:31:00,012 INFO br.com.eleicaoonline.job.IniciarFinalizarEleicaoJob [scheduling-1] Executando o job de finalizar eleições processadas
2022-01-15 23:31:00,013 INFO br.com.eleicaoonline.service.EleicaoService [scheduling-1] Executando buscarPorSituacao
2022-01-15 23:31:00,022 INFO br.com.eleicaoonline.job.CalcularResultadoEleicaoJob [scheduling-1] Executando o job de calcular os resultados das eleições com falha
2022-01-15 23:31:00,023 INFO br.com.eleicaoonline.service.EleicaoService [scheduling-1] Executando buscarPorSituacao
2022-01-15 23:31:00,027 INFO br.com.eleicaoonline.job.CalcularResultadoEleicaoJob [scheduling-1] Executando o job de calcular os resultados das eleições iniciadas
2022-01-15 23:31:00,028 INFO br.com.eleicaoonline.service.EleicaoService [scheduling-1] Executando buscarPorSituacao
2022-01-15 23:31:00,031 INFO br.com.eleicaoonline.job.IniciarFinalizarEleicaoJob [scheduling-1] Executando o job de iniciar eleição
2022-01-15 23:31:00,032 INFO br.com.eleicaoonline.service.EleicaoService [scheduling-1] Executando buscarPorSituacao
2022-01-15 23:31:35,515 INFO br.com.eleicaoonline.service.EleicaoService [https-jsse-nio-8443-exec-2] Executando listarEleicoes
2022-01-15 23:31:37,783 INFO br.com.eleicaoonline.service.EleicaoService [https-jsse-nio-8443-exec-6] Executando listarEleicoes por filtro
2022-01-15 23:32:00,078 INFO br.com.eleicaoonline.job.IniciarFinalizarEleicaoJob [scheduling-1] Executando o job de finalizar eleições processadas
2022-01-15 23:32:00,079 INFO br.com.eleicaoonline.service.EleicaoService [scheduling-1] Executando buscarPorSituacao
2022-01-15 23:32:00,086 INFO br.com.eleicaoonline.job.CalcularResultadoEleicaoJob [scheduling-1] Executando o job de calcular os resultados das eleições iniciadas
2022-01-15 23:32:00,087 INFO br.com.eleicaoonline.service.EleicaoService [scheduling-1] Executando buscarPorSituacao
2022-01-15 23:32:00,091 INFO br.com.eleicaoonline.job.IniciarFinalizarEleicaoJob [scheduling-1] Executando o job de iniciar eleição
2022-01-15 23:32:00,091 INFO br.com.eleicaoonline.service.EleicaoService [scheduling-1] Executando buscarPorSituacao
2022-01-15 23:32:00,152 INFO br.com.eleicaoonline.job.CalcularResultadoEleicaoJob [scheduling-1] Executando o job de calcular os resultados das eleições com falha
2022-01-15 23:32:00,152 INFO br.com.eleicaoonline.service.EleicaoService [scheduling-1] Executando buscarPorSituacao
2022-01-15 23:32:50,120 INFO br.com.eleicaoonline.service.EleicaoService [https-jsse-nio-8443-exec-2] Executando listarEleicoes
2022-01-15 23:32:50,476 INFO br.com.eleicaoonline.service.EleicaoService [https-jsse-nio-8443-exec-3] Executando listarEleicoes por filtro
2022-01-15 23:33:00,013 INFO br.com.eleicaoonline.job.IniciarFinalizarEleicaoJob [scheduling-1] Executando o job de finalizar eleições processadas
2022-01-15 23:33:00,014 INFO br.com.eleicaoonline.service.EleicaoService [scheduling-1] Executando buscarPorSituacao
2022-01-15 23:33:00,025 INFO br.com.eleicaoonline.job.CalcularResultadoEleicaoJob [scheduling-1] Executando o job de calcular os resultados das eleições iniciadas
2022-01-15 23:33:00,026 INFO br.com.eleicaoonline.service.EleicaoService [scheduling-1] Executando buscarPorSituacao
2022-01-15 23:33:00,032 INFO br.com.eleicaoonline.job.IniciarFinalizarEleicaoJob [scheduling-1] Executando o job de iniciar eleição
2022-01-15 23:33:00,032 INFO br.com.eleicaoonline.service.EleicaoService [scheduling-1] Executando buscarPorSituacao
2022-01-15 23:33:00,040 INFO br.com.eleicaoonline.job.CalcularResultadoEleicaoJob [scheduling-1] Executando o job de calcular os resultados das eleições com falha
2022-01-15 23:33:00,041 INFO br.com.eleicaoonline.service.EleicaoService [scheduling-1] Executando buscarPorSituacao
2022-01-15 23:33:18,740 INFO br.com.eleicaoonline.service.EleicaoService [https-jsse-nio-8443-exec-4] Executando listarEleicoes
2022-01-15 23:33:19,112 INFO br.com.eleicaoonline.service.EleicaoService [https-jsse-nio-8443-exec-7] Executando listarEleicoes por filtro
2022-01-15 23:33:32,245 INFO br.com.eleicaoonline.service.EleicaoService [https-jsse-nio-8443-exec-8] Executando listarEleicoes
2022-01-15 23:33:32,615 INFO br.com.eleicaoonline.service.EleicaoService [https-jsse-nio-8443-exec-5] Executando listarEleicoes por filtro
2022-01-15 23:33:43,754 INFO br.com.eleicaoonline.service.EleicaoService [https-jsse-nio-8443-exec-9] Executando listarEleicoes
2022-01-15 23:33:43,933 INFO br.com.eleicaoonline.service.EleicaoService [https-jsse-nio-8443-exec-1] Executando listarEleicoes por filtro
2022-01-15 23:33:49,427 INFO br.com.eleicaoonline.service.EleicaoService [https-jsse-nio-8443-exec-10] Executando listarEleicoes por filtro
2022-01-15 23:33:56,924 INFO br.com.eleicaoonline.service.EleicaoService [https-jsse-nio-8443-exec-6] Executando listarEleicoes por filtro
2022-01-15 23:34:00,027 INFO br.com.eleicaoonline.job.CalcularResultadoEleicaoJob [scheduling-1] Executando o job de calcular os resultados das eleições iniciadas
2022-01-15 23:34:00,028 INFO br.com.eleicaoonline.service.EleicaoService [scheduling-1] Executando buscarPorSituacao
2022-01-15 23:34:00,037 INFO br.com.eleicaoonline.job.IniciarFinalizarEleicaoJob [scheduling-1] Executando o job de iniciar eleição
2022-01-15 23:34:00,038 INFO br.com.eleicaoonline.service.EleicaoService [scheduling-1] Executando buscarPorSituacao
2022-01-15 23:34:00,046 INFO br.com.eleicaoonline.job.IniciarFinalizarEleicaoJob [scheduling-1] Executando o job de finalizar eleições processadas
2022-01-15 23:34:00,046 INFO br.com.eleicaoonline.service.EleicaoService [scheduling-1] Executando buscarPorSituacao
2022-01-15 23:34:00,059 INFO br.com.eleicaoonline.job.CalcularResultadoEleicaoJob [scheduling-1] Executando o job de calcular os resultados das eleições com falha
2022-01-15 23:34:00,059 INFO br.com.eleicaoonline.service.EleicaoService [scheduling-1] Executando buscarPorSituacao
2022-01-15 23:35:00,022 INFO br.com.eleicaoonline.job.CalcularResultadoEleicaoJob [scheduling-1] Executando o job de calcular os resultados das eleições com falha
2022-01-15 23:35:00,025 INFO br.com.eleicaoonline.service.EleicaoService [scheduling-1] Executando buscarPorSituacao
2022-01-15 23:35:00,043 INFO br.com.eleicaoonline.job.CalcularResultadoEleicaoJob [scheduling-1] Executando o job de calcular os resultados das eleições iniciadas
2022-01-15 23:35:00,046 INFO br.com.eleicaoonline.service.EleicaoService [scheduling-1] Executando buscarPorSituacao
2022-01-15 23:35:00,051 INFO br.com.eleicaoonline.job.IniciarFinalizarEleicaoJob [scheduling-1] Executando o job de finalizar eleições processadas
2022-01-15 23:35:00,051 INFO br.com.eleicaoonline.service.EleicaoService [scheduling-1] Executando buscarPorSituacao
2022-01-15 23:35:00,056 INFO br.com.eleicaoonline.job.IniciarFinalizarEleicaoJob [scheduling-1] Executando o job de iniciar eleição
2022-01-15 23:35:00,057 INFO br.com.eleicaoonline.service.EleicaoService [scheduling-1] Executando buscarPorSituacao
2022-01-15 23:36:00,010 INFO br.com.eleicaoonline.job.IniciarFinalizarEleicaoJob [scheduling-1] Executando o job de iniciar eleição
2022-01-15 23:36:00,012 INFO br.com.eleicaoonline.service.EleicaoService [scheduling-1] Executando buscarPorSituacao
2022-01-15 23:36:00,039 INFO br.com.eleicaoonline.job.CalcularResultadoEleicaoJob [scheduling-1] Executando o job de calcular os resultados das eleições com falha
2022-01-15 23:36:00,040 INFO br.com.eleicaoonline.service.EleicaoService [scheduling-1] Executando buscarPorSituacao
2022-01-15 23:36:00,044 INFO br.com.eleicaoonline.job.CalcularResultadoEleicaoJob [scheduling-1] Executando o job de calcular os resultados das eleições iniciadas
2022-01-15 23:36:00,044 INFO br.com.eleicaoonline.service.EleicaoService [scheduling-1] Executando buscarPorSituacao
2022-01-15 23:36:00,048 INFO br.com.eleicaoonline.job.IniciarFinalizarEleicaoJob [scheduling-1] Executando o job de finalizar eleições processadas
2022-01-15 23:36:00,048 INFO br.com.eleicaoonline.service.EleicaoService [scheduling-1] Executando buscarPorSituacao
2022-01-15 23:37:00,007 INFO br.com.eleicaoonline.job.CalcularResultadoEleicaoJob [scheduling-1] Executando o job de calcular os resultados das eleições com falha
2022-01-15 23:37:00,008 INFO br.com.eleicaoonline.service.EleicaoService [scheduling-1] Executando buscarPorSituacao
2022-01-15 23:37:00,019 INFO br.com.eleicaoonline.job.IniciarFinalizarEleicaoJob [scheduling-1] Executando o job de iniciar eleição
2022-01-15 23:37:00,020 INFO br.com.eleicaoonline.service.EleicaoService [scheduling-1] Executando buscarPorSituacao
2022-01-15 23:37:00,032 INFO br.com.eleicaoonline.job.CalcularResultadoEleicaoJob [scheduling-1] Executando o job de calcular os resultados das eleições iniciadas
2022-01-15 23:37:00,032 INFO br.com.eleicaoonline.service.EleicaoService [scheduling-1] Executando buscarPorSituacao
2022-01-15 23:37:00,040 INFO br.com.eleicaoonline.job.IniciarFinalizarEleicaoJob [scheduling-1] Executando o job de finalizar eleições processadas
2022-01-15 23:37:00,040 INFO br.com.eleicaoonline.service.EleicaoService [scheduling-1] Executando buscarPorSituacao
2022-01-15 23:38:00,033 INFO br.com.eleicaoonline.job.IniciarFinalizarEleicaoJob [scheduling-1] Executando o job de iniciar eleição
2022-01-15 23:38:00,033 INFO br.com.eleicaoonline.service.EleicaoService [scheduling-1] Executando buscarPorSituacao
2022-01-15 23:38:00,174 INFO br.com.eleicaoonline.job.CalcularResultadoEleicaoJob [scheduling-1] Executando o job de calcular os resultados das eleições com falha
2022-01-15 23:38:00,175 INFO br.com.eleicaoonline.service.EleicaoService [scheduling-1] Executando buscarPorSituacao
2022-01-15 23:38:00,230 INFO br.com.eleicaoonline.job.CalcularResultadoEleicaoJob [scheduling-1] Executando o job de calcular os resultados das eleições iniciadas
2022-01-15 23:38:00,231 INFO br.com.eleicaoonline.service.EleicaoService [scheduling-1] Executando buscarPorSituacao
2022-01-15 23:38:00,238 INFO br.com.eleicaoonline.job.IniciarFinalizarEleicaoJob [scheduling-1] Executando o job de finalizar eleições processadas
2022-01-15 23:38:00,239 INFO br.com.eleicaoonline.service.EleicaoService [scheduling-1] Executando buscarPorSituacao
2022-01-15 23:39:00,004 INFO br.com.eleicaoonline.job.CalcularResultadoEleicaoJob [scheduling-1] Executando o job de calcular os resultados das eleições com falha
2022-01-15 23:39:00,005 INFO br.com.eleicaoonline.service.EleicaoService [scheduling-1] Executando buscarPorSituacao
2022-01-15 23:39:00,017 INFO br.com.eleicaoonline.job.IniciarFinalizarEleicaoJob [scheduling-1] Executando o job de iniciar eleição
2022-01-15 23:39:00,018 INFO br.com.eleicaoonline.service.EleicaoService [scheduling-1] Executando buscarPorSituacao
2022-01-15 23:39:00,028 INFO br.com.eleicaoonline.job.CalcularResultadoEleicaoJob [scheduling-1] Executando o job de calcular os resultados das eleições iniciadas
2022-01-15 23:39:00,028 INFO br.com.eleicaoonline.service.EleicaoService [scheduling-1] Executando buscarPorSituacao
2022-01-15 23:39:00,032 INFO br.com.eleicaoonline.job.IniciarFinalizarEleicaoJob [scheduling-1] Executando o job de finalizar eleições processadas
2022-01-15 23:39:00,033 INFO br.com.eleicaoonline.service.EleicaoService [scheduling-1] Executando buscarPorSituacao
2022-01-15 23:39:42,914 INFO br.com.eleicaoonline.service.EleicaoService [https-jsse-nio-8443-exec-6] Executando listarEleicoes
2022-01-15 23:39:43,199 INFO br.com.eleicaoonline.service.EleicaoService [https-jsse-nio-8443-exec-2] Executando listarEleicoes por filtro
2022-01-15 23:40:00,004 INFO br.com.eleicaoonline.job.CalcularResultadoEleicaoJob [scheduling-1] Executando o job de calcular os resultados das eleições iniciadas
2022-01-15 23:40:00,005 INFO br.com.eleicaoonline.service.EleicaoService [scheduling-1] Executando buscarPorSituacao
2022-01-15 23:40:00,015 INFO br.com.eleicaoonline.job.IniciarFinalizarEleicaoJob [scheduling-1] Executando o job de finalizar eleições processadas
2022-01-15 23:40:00,016 INFO br.com.eleicaoonline.service.EleicaoService [scheduling-1] Executando buscarPorSituacao
2022-01-15 23:40:00,025 INFO br.com.eleicaoonline.job.IniciarFinalizarEleicaoJob [scheduling-1] Executando o job de iniciar eleição
2022-01-15 23:40:00,027 INFO br.com.eleicaoonline.service.EleicaoService [scheduling-1] Executando buscarPorSituacao
2022-01-15 23:40:00,039 INFO br.com.eleicaoonline.job.CalcularResultadoEleicaoJob [scheduling-1] Executando o job de calcular os resultados das eleições com falha
2022-01-15 23:40:00,040 INFO br.com.eleicaoonline.service.EleicaoService [scheduling-1] Executando buscarPorSituacao
2022-01-15 23:40:08,279 INFO br.com.eleicaoonline.service.EleicaoService [https-jsse-nio-8443-exec-3] Executando listarEleicoes por filtro
2022-01-15 23:40:12,521 INFO br.com.eleicaoonline.service.EleicaoService [https-jsse-nio-8443-exec-4] Executando listarEleicoes por filtro
2022-01-15 23:40:16,473 INFO br.com.eleicaoonline.service.EleicaoService [https-jsse-nio-8443-exec-8] Executando listarEleicoes por filtro
2022-01-15 23:41:00,003 INFO br.com.eleicaoonline.job.IniciarFinalizarEleicaoJob [scheduling-1] Executando o job de iniciar eleição
2022-01-15 23:41:00,004 INFO br.com.eleicaoonline.service.EleicaoService [scheduling-1] Executando buscarPorSituacao
2022-01-15 23:41:00,022 INFO br.com.eleicaoonline.job.IniciarFinalizarEleicaoJob [scheduling-1] Executando o job de finalizar eleições processadas
2022-01-15 23:41:00,023 INFO br.com.eleicaoonline.service.EleicaoService [scheduling-1] Executando buscarPorSituacao
2022-01-15 23:41:00,038 INFO br.com.eleicaoonline.job.CalcularResultadoEleicaoJob [scheduling-1] Executando o job de calcular os resultados das eleições com falha
2022-01-15 23:41:00,040 INFO br.com.eleicaoonline.service.EleicaoService [scheduling-1] Executando buscarPorSituacao
2022-01-15 23:41:00,047 INFO br.com.eleicaoonline.job.CalcularResultadoEleicaoJob [scheduling-1] Executando o job de calcular os resultados das eleições iniciadas
2022-01-15 23:41:00,047 INFO br.com.eleicaoonline.service.EleicaoService [scheduling-1] Executando buscarPorSituacao
2022-01-15 23:42:00,008 INFO br.com.eleicaoonline.job.CalcularResultadoEleicaoJob [scheduling-1] Executando o job de calcular os resultados das eleições iniciadas
2022-01-15 23:42:00,012 INFO br.com.eleicaoonline.service.EleicaoService [scheduling-1] Executando buscarPorSituacao
2022-01-15 23:42:00,051 INFO br.com.eleicaoonline.job.IniciarFinalizarEleicaoJob [scheduling-1] Executando o job de iniciar eleição
2022-01-15 23:42:00,052 INFO br.com.eleicaoonline.service.EleicaoService [scheduling-1] Executando buscarPorSituacao
2022-01-15 23:42:00,065 INFO br.com.eleicaoonline.job.CalcularResultadoEleicaoJob [scheduling-1] Executando o job de calcular os resultados das eleições com falha
2022-01-15 23:42:00,065 INFO br.com.eleicaoonline.service.EleicaoService [scheduling-1] Executando buscarPorSituacao
2022-01-15 23:42:00,072 INFO br.com.eleicaoonline.job.IniciarFinalizarEleicaoJob [scheduling-1] Executando o job de finalizar eleições processadas
2022-01-15 23:42:00,072 INFO br.com.eleicaoonline.service.EleicaoService [scheduling-1] Executando buscarPorSituacao
2022-01-15 23:42:50,331 INFO br.com.eleicaoonline.service.EleicaoService [https-jsse-nio-8443-exec-8] Executando listarEleicoes
2022-01-15 23:42:50,425 INFO br.com.eleicaoonline.service.EleicaoService [https-jsse-nio-8443-exec-7] Executando listarEleicoes por filtro
2022-01-15 23:43:00,007 INFO br.com.eleicaoonline.job.CalcularResultadoEleicaoJob [scheduling-1] Executando o job de calcular os resultados das eleições com falha
2022-01-15 23:43:00,010 INFO br.com.eleicaoonline.service.EleicaoService [scheduling-1] Executando buscarPorSituacao
2022-01-15 23:43:00,036 INFO br.com.eleicaoonline.job.IniciarFinalizarEleicaoJob [scheduling-1] Executando o job de iniciar eleição
2022-01-15 23:43:00,037 INFO br.com.eleicaoonline.service.EleicaoService [scheduling-1] Executando buscarPorSituacao
2022-01-15 23:43:00,047 INFO br.com.eleicaoonline.job.IniciarFinalizarEleicaoJob [scheduling-1] Executando o job de finalizar eleições processadas
2022-01-15 23:43:00,048 INFO br.com.eleicaoonline.service.EleicaoService [scheduling-1] Executando buscarPorSituacao
2022-01-15 23:43:00,054 INFO br.com.eleicaoonline.job.CalcularResultadoEleicaoJob [scheduling-1] Executando o job de calcular os resultados das eleições iniciadas
2022-01-15 23:43:00,055 INFO br.com.eleicaoonline.service.EleicaoService [scheduling-1] Executando buscarPorSituacao
2022-01-15 23:43:13,555 INFO br.com.eleicaoonline.service.EleicaoService [https-jsse-nio-8443-exec-5] Executando listarEleicoes
2022-01-15 23:43:13,699 INFO br.com.eleicaoonline.service.EleicaoService [https-jsse-nio-8443-exec-9] Executando listarEleicoes por filtro
2022-01-15 23:43:43,073 INFO br.com.eleicaoonline.service.EleicaoService [https-jsse-nio-8443-exec-1] Executando listarEleicoes
2022-01-15 23:43:43,343 INFO br.com.eleicaoonline.service.EleicaoService [https-jsse-nio-8443-exec-10] Executando listarEleicoes por filtro
2022-01-15 23:44:00,003 INFO br.com.eleicaoonline.job.CalcularResultadoEleicaoJob [scheduling-1] Executando o job de calcular os resultados das eleições com falha
2022-01-15 23:44:00,004 INFO br.com.eleicaoonline.service.EleicaoService [scheduling-1] Executando buscarPorSituacao
2022-01-15 23:44:00,026 INFO br.com.eleicaoonline.job.IniciarFinalizarEleicaoJob [scheduling-1] Executando o job de iniciar eleição
2022-01-15 23:44:00,027 INFO br.com.eleicaoonline.service.EleicaoService [scheduling-1] Executando buscarPorSituacao
2022-01-15 23:44:00,041 INFO br.com.eleicaoonline.job.CalcularResultadoEleicaoJob [scheduling-1] Executando o job de calcular os resultados das eleições iniciadas
2022-01-15 23:44:00,042 INFO br.com.eleicaoonline.service.EleicaoService [scheduling-1] Executando buscarPorSituacao
2022-01-15 23:44:00,048 INFO br.com.eleicaoonline.job.IniciarFinalizarEleicaoJob [scheduling-1] Executando o job de finalizar eleições processadas
2022-01-15 23:44:00,048 INFO br.com.eleicaoonline.service.EleicaoService [scheduling-1] Executando buscarPorSituacao
2022-01-15 23:44:00,781 INFO br.com.eleicaoonline.service.EleicaoService [https-jsse-nio-8443-exec-6] Executando listarEleicoes
2022-01-15 23:44:01,031 INFO br.com.eleicaoonline.service.EleicaoService [https-jsse-nio-8443-exec-2] Executando listarEleicoes por filtro
2022-01-15 23:44:30,988 INFO br.com.eleicaoonline.service.EleicaoService [https-jsse-nio-8443-exec-3] Executando listarEleicoes
2022-01-15 23:44:31,227 INFO br.com.eleicaoonline.service.EleicaoService [https-jsse-nio-8443-exec-4] Executando listarEleicoes por filtro
2022-01-15 23:44:40,692 INFO br.com.eleicaoonline.service.EleicaoService [https-jsse-nio-8443-exec-8] Executando listarEleicoes
2022-01-15 23:44:40,938 INFO br.com.eleicaoonline.service.EleicaoService [https-jsse-nio-8443-exec-7] Executando listarEleicoes por filtro
2022-01-15 23:45:00,204 INFO br.com.eleicaoonline.job.CalcularResultadoEleicaoJob [scheduling-1] Executando o job de calcular os resultados das eleições com falha
2022-01-15 23:45:00,204 INFO br.com.eleicaoonline.service.EleicaoService [scheduling-1] Executando buscarPorSituacao
2022-01-15 23:45:00,303 INFO br.com.eleicaoonline.job.IniciarFinalizarEleicaoJob [scheduling-1] Executando o job de finalizar eleições processadas
2022-01-15 23:45:00,303 INFO br.com.eleicaoonline.service.EleicaoService [scheduling-1] Executando buscarPorSituacao
2022-01-15 23:45:00,311 INFO br.com.eleicaoonline.job.IniciarFinalizarEleicaoJob [scheduling-1] Executando o job de iniciar eleição
2022-01-15 23:45:00,312 INFO br.com.eleicaoonline.service.EleicaoService [scheduling-1] Executando buscarPorSituacao
2022-01-15 23:45:00,340 INFO br.com.eleicaoonline.job.CalcularResultadoEleicaoJob [scheduling-1] Executando o job de calcular os resultados das eleições iniciadas
2022-01-15 23:45:00,340 INFO br.com.eleicaoonline.service.EleicaoService [scheduling-1] Executando buscarPorSituacao
2022-01-15 23:45:02,091 INFO br.com.eleicaoonline.service.EleicaoService [https-jsse-nio-8443-exec-5] Executando listarEleicoes
2022-01-15 23:45:02,256 INFO br.com.eleicaoonline.service.EleicaoService [https-jsse-nio-8443-exec-9] Executando listarEleicoes por filtro
2022-01-15 23:45:28,568 INFO br.com.eleicaoonline.service.EleicaoService [https-jsse-nio-8443-exec-1] Executando listarEleicoes
2022-01-15 23:45:28,707 INFO br.com.eleicaoonline.service.EleicaoService [https-jsse-nio-8443-exec-10] Executando listarEleicoes por filtro
2022-01-15 23:45:46,332 INFO br.com.eleicaoonline.service.EleicaoService [https-jsse-nio-8443-exec-6] Executando listarEleicoes
2022-01-15 23:45:46,567 INFO br.com.eleicaoonline.service.EleicaoService [https-jsse-nio-8443-exec-2] Executando listarEleicoes por filtro
2022-01-15 23:45:53,055 INFO br.com.eleicaoonline.service.EleicaoService [https-jsse-nio-8443-exec-3] Executando listarEleicoes
2022-01-15 23:45:53,497 INFO br.com.eleicaoonline.service.EleicaoService [https-jsse-nio-8443-exec-4] Executando listarEleicoes por filtro
2022-01-15 23:46:00,005 INFO br.com.eleicaoonline.job.CalcularResultadoEleicaoJob [scheduling-1] Executando o job de calcular os resultados das eleições iniciadas
2022-01-15 23:46:00,006 INFO br.com.eleicaoonline.service.EleicaoService [scheduling-1] Executando buscarPorSituacao
2022-01-15 23:46:00,020 INFO br.com.eleicaoonline.job.IniciarFinalizarEleicaoJob [scheduling-1] Executando o job de iniciar eleição
2022-01-15 23:46:00,020 INFO br.com.eleicaoonline.service.EleicaoService [scheduling-1] Executando buscarPorSituacao
2022-01-15 23:46:00,026 INFO br.com.eleicaoonline.job.IniciarFinalizarEleicaoJob [scheduling-1] Executando o job de finalizar eleições processadas
2022-01-15 23:46:00,026 INFO br.com.eleicaoonline.service.EleicaoService [scheduling-1] Executando buscarPorSituacao
2022-01-15 23:46:00,030 INFO br.com.eleicaoonline.job.CalcularResultadoEleicaoJob [scheduling-1] Executando o job de calcular os resultados das eleições com falha
2022-01-15 23:46:00,030 INFO br.com.eleicaoonline.service.EleicaoService [scheduling-1] Executando buscarPorSituacao
2022-01-15 23:47:00,003 INFO br.com.eleicaoonline.job.CalcularResultadoEleicaoJob [scheduling-1] Executando o job de calcular os resultados das eleições iniciadas
2022-01-15 23:47:00,004 INFO br.com.eleicaoonline.service.EleicaoService [scheduling-1] Executando buscarPorSituacao
2022-01-15 23:47:00,031 INFO br.com.eleicaoonline.job.IniciarFinalizarEleicaoJob [scheduling-1] Executando o job de iniciar eleição
2022-01-15 23:47:00,031 INFO br.com.eleicaoonline.service.EleicaoService [scheduling-1] Executando buscarPorSituacao
2022-01-15 23:47:00,037 INFO br.com.eleicaoonline.job.IniciarFinalizarEleicaoJob [scheduling-1] Executando o job de finalizar eleições processadas
2022-01-15 23:47:00,038 INFO br.com.eleicaoonline.service.EleicaoService [scheduling-1] Executando buscarPorSituacao
2022-01-15 23:47:00,049 INFO br.com.eleicaoonline.job.CalcularResultadoEleicaoJob [scheduling-1] Executando o job de calcular os resultados das eleições com falha
2022-01-15 23:47:00,049 INFO br.com.eleicaoonline.service.EleicaoService [scheduling-1] Executando buscarPorSituacao
2022-01-15 23:48:00,003 INFO br.com.eleicaoonline.job.IniciarFinalizarEleicaoJob [scheduling-1] Executando o job de finalizar eleições processadas
2022-01-15 23:48:00,004 INFO br.com.eleicaoonline.service.EleicaoService [scheduling-1] Executando buscarPorSituacao
2022-01-15 23:48:00,019 INFO br.com.eleicaoonline.job.IniciarFinalizarEleicaoJob [scheduling-1] Executando o job de iniciar eleição
2022-01-15 23:48:00,020 INFO br.com.eleicaoonline.service.EleicaoService [scheduling-1] Executando buscarPorSituacao
2022-01-15 23:48:00,029 INFO br.com.eleicaoonline.job.CalcularResultadoEleicaoJob [scheduling-1] Executando o job de calcular os resultados das eleições com falha
2022-01-15 23:48:00,030 INFO br.com.eleicaoonline.service.EleicaoService [scheduling-1] Executando buscarPorSituacao
2022-01-15 23:48:00,035 INFO br.com.eleicaoonline.job.CalcularResultadoEleicaoJob [scheduling-1] Executando o job de calcular os resultados das eleições iniciadas
2022-01-15 23:48:00,035 INFO br.com.eleicaoonline.service.EleicaoService [scheduling-1] Executando buscarPorSituacao
2022-01-15 23:49:00,008 INFO br.com.eleicaoonline.job.CalcularResultadoEleicaoJob [scheduling-1] Executando o job de calcular os resultados das eleições iniciadas
2022-01-15 23:49:00,010 INFO br.com.eleicaoonline.service.EleicaoService [scheduling-1] Executando buscarPorSituacao
2022-01-15 23:49:00,036 INFO br.com.eleicaoonline.job.CalcularResultadoEleicaoJob [scheduling-1] Executando o job de calcular os resultados das eleições com falha
2022-01-15 23:49:00,036 INFO br.com.eleicaoonline.service.EleicaoService [scheduling-1] Executando buscarPorSituacao
2022-01-15 23:49:00,042 INFO br.com.eleicaoonline.job.IniciarFinalizarEleicaoJob [scheduling-1] Executando o job de iniciar eleição
2022-01-15 23:49:00,042 INFO br.com.eleicaoonline.service.EleicaoService [scheduling-1] Executando buscarPorSituacao
2022-01-15 23:49:00,049 INFO br.com.eleicaoonline.job.IniciarFinalizarEleicaoJob [scheduling-1] Executando o job de finalizar eleições processadas
2022-01-15 23:49:00,049 INFO br.com.eleicaoonline.service.EleicaoService [scheduling-1] Executando buscarPorSituacao
2022-01-15 23:49:45,304 INFO br.com.eleicaoonline.service.EleicaoService [https-jsse-nio-8443-exec-4] Executando listarEleicoes por filtro
2022-01-15 23:49:46,645 INFO br.com.eleicaoonline.service.EleicaoService [https-jsse-nio-8443-exec-5] Executando buscarEleicaoPeloId
2022-01-15 23:49:49,089 INFO br.com.eleicaoonline.service.EleicaoService [https-jsse-nio-8443-exec-7] Executando listarEleicoes por filtro
2022-01-15 23:49:53,146 INFO br.com.eleicaoonline.service.EleicaoService [https-jsse-nio-8443-exec-1] Executando listarEleicoes por filtro
2022-01-15 23:50:00,014 INFO br.com.eleicaoonline.job.CalcularResultadoEleicaoJob [scheduling-1] Executando o job de calcular os resultados das eleições com falha
2022-01-15 23:50:00,014 INFO br.com.eleicaoonline.service.EleicaoService [scheduling-1] Executando buscarPorSituacao
2022-01-15 23:50:00,037 INFO br.com.eleicaoonline.job.CalcularResultadoEleicaoJob [scheduling-1] Executando o job de calcular os resultados das eleições iniciadas
2022-01-15 23:50:00,037 INFO br.com.eleicaoonline.service.EleicaoService [scheduling-1] Executando buscarPorSituacao
2022-01-15 23:50:00,043 INFO br.com.eleicaoonline.job.IniciarFinalizarEleicaoJob [scheduling-1] Executando o job de iniciar eleição
2022-01-15 23:50:00,044 INFO br.com.eleicaoonline.service.EleicaoService [scheduling-1] Executando buscarPorSituacao
2022-01-15 23:50:00,052 INFO br.com.eleicaoonline.job.IniciarFinalizarEleicaoJob [scheduling-1] Executando o job de finalizar eleições processadas
2022-01-15 23:50:00,052 INFO br.com.eleicaoonline.service.EleicaoService [scheduling-1] Executando buscarPorSituacao
2022-01-15 23:51:00,002 INFO br.com.eleicaoonline.job.IniciarFinalizarEleicaoJob [scheduling-1] Executando o job de iniciar eleição
2022-01-15 23:51:00,003 INFO br.com.eleicaoonline.service.EleicaoService [scheduling-1] Executando buscarPorSituacao
2022-01-15 23:51:00,010 INFO br.com.eleicaoonline.job.CalcularResultadoEleicaoJob [scheduling-1] Executando o job de calcular os resultados das eleições com falha
2022-01-15 23:51:00,011 INFO br.com.eleicaoonline.service.EleicaoService [scheduling-1] Executando buscarPorSituacao
2022-01-15 23:51:00,018 INFO br.com.eleicaoonline.job.CalcularResultadoEleicaoJob [scheduling-1] Executando o job de calcular os resultados das eleições iniciadas
2022-01-15 23:51:00,018 INFO br.com.eleicaoonline.service.EleicaoService [scheduling-1] Executando buscarPorSituacao
2022-01-15 23:51:00,025 INFO br.com.eleicaoonline.job.IniciarFinalizarEleicaoJob [scheduling-1] Executando o job de finalizar eleições processadas
2022-01-15 23:51:00,025 INFO br.com.eleicaoonline.service.EleicaoService [scheduling-1] Executando buscarPorSituacao
2022-01-15 23:51:32,450 INFO br.com.eleicaoonline.service.EleicaoService [https-jsse-nio-8443-exec-1] Executando listarEleicoes
2022-01-15 23:52:00,003 INFO br.com.eleicaoonline.job.CalcularResultadoEleicaoJob [scheduling-1] Executando o job de calcular os resultados das eleições iniciadas
2022-01-15 23:52:00,004 INFO br.com.eleicaoonline.service.EleicaoService [scheduling-1] Executando buscarPorSituacao
2022-01-15 23:52:00,018 INFO br.com.eleicaoonline.job.IniciarFinalizarEleicaoJob [scheduling-1] Executando o job de iniciar eleição
2022-01-15 23:52:00,018 INFO br.com.eleicaoonline.service.EleicaoService [scheduling-1] Executando buscarPorSituacao
2022-01-15 23:52:00,026 INFO br.com.eleicaoonline.job.CalcularResultadoEleicaoJob [scheduling-1] Executando o job de calcular os resultados das eleições com falha
2022-01-15 23:52:00,026 INFO br.com.eleicaoonline.service.EleicaoService [scheduling-1] Executando buscarPorSituacao
2022-01-15 23:52:00,029 INFO br.com.eleicaoonline.job.IniciarFinalizarEleicaoJob [scheduling-1] Executando o job de finalizar eleições processadas
2022-01-15 23:52:00,029 INFO br.com.eleicaoonline.service.EleicaoService [scheduling-1] Executando buscarPorSituacao
2022-01-15 23:52:10,754 INFO br.com.eleicaoonline.service.EleicaoService [https-jsse-nio-8443-exec-9] Executando listarEleicoes
2022-01-15 23:52:17,278 INFO br.com.eleicaoonline.service.EleicaoService [https-jsse-nio-8443-exec-10] Executando listarEleicoes
2022-01-15 23:53:00,004 INFO br.com.eleicaoonline.job.CalcularResultadoEleicaoJob [scheduling-1] Executando o job de calcular os resultados das eleições iniciadas
2022-01-15 23:53:00,005 INFO br.com.eleicaoonline.service.EleicaoService [scheduling-1] Executando buscarPorSituacao
2022-01-15 23:53:00,022 INFO br.com.eleicaoonline.job.IniciarFinalizarEleicaoJob [scheduling-1] Executando o job de finalizar eleições processadas
2022-01-15 23:53:00,023 INFO br.com.eleicaoonline.service.EleicaoService [scheduling-1] Executando buscarPorSituacao
2022-01-15 23:53:00,035 INFO br.com.eleicaoonline.job.CalcularResultadoEleicaoJob [scheduling-1] Executando o job de calcular os resultados das eleições com falha
2022-01-15 23:53:00,035 INFO br.com.eleicaoonline.service.EleicaoService [scheduling-1] Executando buscarPorSituacao
2022-01-15 23:53:00,044 INFO br.com.eleicaoonline.job.IniciarFinalizarEleicaoJob [scheduling-1] Executando o job de iniciar eleição
2022-01-15 23:53:00,044 INFO br.com.eleicaoonline.service.EleicaoService [scheduling-1] Executando buscarPorSituacao
2022-01-15 23:53:04,054 INFO br.com.eleicaoonline.service.EleicaoService [https-jsse-nio-8443-exec-6] Executando listarEleicoes
2022-01-15 23:54:00,003 INFO br.com.eleicaoonline.job.IniciarFinalizarEleicaoJob [scheduling-1] Executando o job de finalizar eleições processadas
2022-01-15 23:54:00,005 INFO br.com.eleicaoonline.service.EleicaoService [scheduling-1] Executando buscarPorSituacao
2022-01-15 23:54:00,017 INFO br.com.eleicaoonline.job.IniciarFinalizarEleicaoJob [scheduling-1] Executando o job de iniciar eleição
2022-01-15 23:54:00,018 INFO br.com.eleicaoonline.service.EleicaoService [scheduling-1] Executando buscarPorSituacao
2022-01-15 23:54:00,029 INFO br.com.eleicaoonline.job.CalcularResultadoEleicaoJob [scheduling-1] Executando o job de calcular os resultados das eleições iniciadas
2022-01-15 23:54:00,029 INFO br.com.eleicaoonline.service.EleicaoService [scheduling-1] Executando buscarPorSituacao
2022-01-15 23:54:00,033 INFO br.com.eleicaoonline.job.CalcularResultadoEleicaoJob [scheduling-1] Executando o job de calcular os resultados das eleições com falha
2022-01-15 23:54:00,033 INFO br.com.eleicaoonline.service.EleicaoService [scheduling-1] Executando buscarPorSituacao
2022-01-15 23:55:00,004 INFO br.com.eleicaoonline.job.IniciarFinalizarEleicaoJob [scheduling-1] Executando o job de iniciar eleição
2022-01-15 23:55:00,005 INFO br.com.eleicaoonline.service.EleicaoService [scheduling-1] Executando buscarPorSituacao
2022-01-15 23:55:00,041 INFO br.com.eleicaoonline.job.CalcularResultadoEleicaoJob [scheduling-1] Executando o job de calcular os resultados das eleições com falha
2022-01-15 23:55:00,042 INFO br.com.eleicaoonline.service.EleicaoService [scheduling-1] Executando buscarPorSituacao
2022-01-15 23:55:00,045 INFO br.com.eleicaoonline.job.IniciarFinalizarEleicaoJob [scheduling-1] Executando o job de finalizar eleições processadas
2022-01-15 23:55:00,045 INFO br.com.eleicaoonline.service.EleicaoService [scheduling-1] Executando buscarPorSituacao
2022-01-15 23:55:00,049 INFO br.com.eleicaoonline.job.CalcularResultadoEleicaoJob [scheduling-1] Executando o job de calcular os resultados das eleições iniciadas
2022-01-15 23:55:00,049 INFO br.com.eleicaoonline.service.EleicaoService [scheduling-1] Executando buscarPorSituacao
2022-01-15 23:56:00,002 INFO br.com.eleicaoonline.job.CalcularResultadoEleicaoJob [scheduling-1] Executando o job de calcular os resultados das eleições iniciadas
2022-01-15 23:56:00,003 INFO br.com.eleicaoonline.service.EleicaoService [scheduling-1] Executando buscarPorSituacao
2022-01-15 23:56:00,023 INFO br.com.eleicaoonline.job.IniciarFinalizarEleicaoJob [scheduling-1] Executando o job de finalizar eleições processadas
2022-01-15 23:56:00,024 INFO br.com.eleicaoonline.service.EleicaoService [scheduling-1] Executando buscarPorSituacao
2022-01-15 23:56:00,028 INFO br.com.eleicaoonline.job.CalcularResultadoEleicaoJob [scheduling-1] Executando o job de calcular os resultados das eleições com falha
2022-01-15 23:56:00,028 INFO br.com.eleicaoonline.service.EleicaoService [scheduling-1] Executando buscarPorSituacao
2022-01-15 23:56:00,032 INFO br.com.eleicaoonline.job.IniciarFinalizarEleicaoJob [scheduling-1] Executando o job de iniciar eleição
2022-01-15 23:56:00,033 INFO br.com.eleicaoonline.service.EleicaoService [scheduling-1] Executando buscarPorSituacao
2022-01-15 23:57:00,007 INFO br.com.eleicaoonline.job.IniciarFinalizarEleicaoJob [scheduling-1] Executando o job de finalizar eleições processadas
2022-01-15 23:57:00,008 INFO br.com.eleicaoonline.service.EleicaoService [scheduling-1] Executando buscarPorSituacao
2022-01-15 23:57:00,020 INFO br.com.eleicaoonline.job.CalcularResultadoEleicaoJob [scheduling-1] Executando o job de calcular os resultados das eleições iniciadas
2022-01-15 23:57:00,021 INFO br.com.eleicaoonline.service.EleicaoService [scheduling-1] Executando buscarPorSituacao
2022-01-15 23:57:00,025 INFO br.com.eleicaoonline.job.CalcularResultadoEleicaoJob [scheduling-1] Executando o job de calcular os resultados das eleições com falha
2022-01-15 23:57:00,026 INFO br.com.eleicaoonline.service.EleicaoService [scheduling-1] Executando buscarPorSituacao
2022-01-15 23:57:00,032 INFO br.com.eleicaoonline.job.IniciarFinalizarEleicaoJob [scheduling-1] Executando o job de iniciar eleição
2022-01-15 23:57:00,033 INFO br.com.eleicaoonline.service.EleicaoService [scheduling-1] Executando buscarPorSituacao
2022-01-15 23:58:00,003 INFO br.com.eleicaoonline.job.IniciarFinalizarEleicaoJob [scheduling-1] Executando o job de iniciar eleição
2022-01-15 23:58:00,004 INFO br.com.eleicaoonline.service.EleicaoService [scheduling-1] Executando buscarPorSituacao
2022-01-15 23:58:00,036 INFO br.com.eleicaoonline.job.IniciarFinalizarEleicaoJob [scheduling-1] Executando o job de finalizar eleições processadas
2022-01-15 23:58:00,036 INFO br.com.eleicaoonline.service.EleicaoService [scheduling-1] Executando buscarPorSituacao
2022-01-15 23:58:00,041 INFO br.com.eleicaoonline.job.CalcularResultadoEleicaoJob [scheduling-1] Executando o job de calcular os resultados das eleições com falha
2022-01-15 23:58:00,041 INFO br.com.eleicaoonline.service.EleicaoService [scheduling-1] Executando buscarPorSituacao
2022-01-15 23:58:00,045 INFO br.com.eleicaoonline.job.CalcularResultadoEleicaoJob [scheduling-1] Executando o job de calcular os resultados das eleições iniciadas
2022-01-15 23:58:00,045 INFO br.com.eleicaoonline.service.EleicaoService [scheduling-1] Executando buscarPorSituacao
2022-01-15 23:59:00,007 INFO br.com.eleicaoonline.job.IniciarFinalizarEleicaoJob [scheduling-1] Executando o job de finalizar eleições processadas
2022-01-15 23:59:00,009 INFO br.com.eleicaoonline.service.EleicaoService [scheduling-1] Executando buscarPorSituacao
2022-01-15 23:59:00,042 INFO br.com.eleicaoonline.job.CalcularResultadoEleicaoJob [scheduling-1] Executando o job de calcular os resultados das eleições com falha
2022-01-15 23:59:00,042 INFO br.com.eleicaoonline.service.EleicaoService [scheduling-1] Executando buscarPorSituacao
2022-01-15 23:59:00,047 INFO br.com.eleicaoonline.job.IniciarFinalizarEleicaoJob [scheduling-1] Executando o job de iniciar eleição
2022-01-15 23:59:00,047 INFO br.com.eleicaoonline.service.EleicaoService [scheduling-1] Executando buscarPorSituacao
2022-01-15 23:59:00,053 INFO br.com.eleicaoonline.job.CalcularResultadoEleicaoJob [scheduling-1] Executando o job de calcular os resultados das eleições iniciadas
2022-01-15 23:59:00,054 INFO br.com.eleicaoonline.service.EleicaoService [scheduling-1] Executando buscarPorSituacao
