2022-01-18 23:27:04,158 INFO org.springframework.boot.StartupInfoLogger [restartedMain] Starting EleicaoOnlineApplication using Java 15 on DESKTOP-GB6D24J with PID 10244 (C:\Users\Pedro\Documents\Projetos\pessoais\eleicao-online\eleicao-online-backend\target\classes started by Pedro in C:\Users\Pedro\Documents\Projetos\pessoais\eleicao-online\eleicao-online-backend)
2022-01-18 23:27:04,143 INFO org.hibernate.validator.internal.util.Version [background-preinit] HV000001: Hibernate Validator 6.2.0.Final
2022-01-18 23:27:04,179 DEBUG org.springframework.boot.StartupInfoLogger [restartedMain] Running with Spring Boot v2.5.5, Spring v5.3.10
2022-01-18 23:27:04,180 INFO org.springframework.boot.SpringApplication [restartedMain] The following profiles are active: dev
2022-01-18 23:27:04,398 INFO org.springframework.boot.logging.DeferredLog [restartedMain] Devtools property defaults active! Set 'spring.devtools.add-properties' to 'false' to disable
2022-01-18 23:27:04,399 INFO org.springframework.boot.logging.DeferredLog [restartedMain] For additional web related logging consider setting the 'logging.level.web' property to 'DEBUG'
2022-01-18 23:27:08,404 INFO org.springframework.data.repository.config.RepositoryConfigurationDelegate [restartedMain] Bootstrapping Spring Data JPA repositories in DEFAULT mode.
2022-01-18 23:27:08,793 INFO org.springframework.data.repository.config.RepositoryConfigurationDelegate [restartedMain] Finished Spring Data repository scanning in 366 ms. Found 8 JPA repository interfaces.
2022-01-18 23:27:10,369 INFO org.springframework.context.support.PostProcessorRegistrationDelegate$BeanPostProcessorChecker [restartedMain] Bean 'springAsyncConfig' of type [br.com.eleicaoonline.config.SpringAsyncConfig$$EnhancerBySpringCGLIB$$2ab8a7f3] is not eligible for getting processed by all BeanPostProcessors (for example: not eligible for auto-proxying)
2022-01-18 23:27:10,722 INFO org.springframework.context.support.PostProcessorRegistrationDelegate$BeanPostProcessorChecker [restartedMain] Bean 'org.springframework.security.access.expression.method.DefaultMethodSecurityExpressionHandler@2b05ea97' of type [org.springframework.security.access.expression.method.DefaultMethodSecurityExpressionHandler] is not eligible for getting processed by all BeanPostProcessors (for example: not eligible for auto-proxying)
2022-01-18 23:27:10,732 INFO org.springframework.context.support.PostProcessorRegistrationDelegate$BeanPostProcessorChecker [restartedMain] Bean 'methodSecurityConfig' of type [br.com.eleicaoonline.config.MethodSecurityConfig$$EnhancerBySpringCGLIB$$a59a2c9d] is not eligible for getting processed by all BeanPostProcessors (for example: not eligible for auto-proxying)
2022-01-18 23:27:10,763 INFO org.springframework.context.support.PostProcessorRegistrationDelegate$BeanPostProcessorChecker [restartedMain] Bean 'methodSecurityMetadataSource' of type [org.springframework.security.access.method.DelegatingMethodSecurityMetadataSource] is not eligible for getting processed by all BeanPostProcessors (for example: not eligible for auto-proxying)
2022-01-18 23:27:12,638 INFO org.springframework.boot.web.embedded.tomcat.TomcatWebServer [restartedMain] Tomcat initialized with port(s): 8443 (https)
2022-01-18 23:27:12,676 INFO org.apache.juli.logging.DirectJDKLog [restartedMain] Initializing ProtocolHandler ["https-jsse-nio-8443"]
2022-01-18 23:27:12,678 INFO org.apache.juli.logging.DirectJDKLog [restartedMain] Starting service [Tomcat]
2022-01-18 23:27:12,680 INFO org.apache.juli.logging.DirectJDKLog [restartedMain] Starting Servlet engine: [Apache Tomcat/9.0.53]
2022-01-18 23:27:13,138 INFO org.apache.juli.logging.DirectJDKLog [restartedMain] Initializing Spring embedded WebApplicationContext
2022-01-18 23:27:13,139 INFO org.springframework.boot.web.servlet.context.ServletWebServerApplicationContext [restartedMain] Root WebApplicationContext: initialization completed in 8738 ms
2022-01-18 23:27:13,715 DEBUG org.springframework.web.filter.GenericFilterBean [restartedMain] Filter 'jwtRequestFilter' configured for use
2022-01-18 23:27:14,309 INFO org.hibernate.jpa.internal.util.LogHelper [restartedMain] HHH000204: Processing PersistenceUnitInfo [name: default]
2022-01-18 23:27:14,571 INFO org.hibernate.Version [restartedMain] HHH000412: Hibernate ORM core version 5.4.32.Final
2022-01-18 23:27:15,000 INFO org.hibernate.annotations.common.reflection.java.JavaReflectionManager [restartedMain] HCANN000001: Hibernate Commons Annotations {5.1.2.Final}
2022-01-18 23:27:15,445 INFO com.zaxxer.hikari.HikariDataSource [restartedMain] HikariPool-1 - Starting...
2022-01-18 23:27:16,071 INFO com.zaxxer.hikari.HikariDataSource [restartedMain] HikariPool-1 - Start completed.
2022-01-18 23:27:16,173 INFO org.hibernate.dialect.Dialect [restartedMain] HHH000400: Using dialect: org.hibernate.dialect.PostgreSQL10Dialect
2022-01-18 23:27:19,856 INFO org.hibernate.engine.transaction.jta.platform.internal.JtaPlatformInitiator [restartedMain] HHH000490: Using JtaPlatform implementation: [org.hibernate.engine.transaction.jta.platform.internal.NoJtaPlatform]
2022-01-18 23:27:19,881 INFO org.springframework.orm.jpa.AbstractEntityManagerFactoryBean [restartedMain] Initialized JPA EntityManagerFactory for persistence unit 'default'
2022-01-18 23:27:20,320 WARN org.springframework.boot.autoconfigure.orm.jpa.JpaBaseConfiguration$JpaWebConfiguration [restartedMain] spring.jpa.open-in-view is enabled by default. Therefore, database queries may be performed during view rendering. Explicitly configure spring.jpa.open-in-view to disable this warning
2022-01-18 23:27:28,357 INFO org.springframework.security.web.DefaultSecurityFilterChain [restartedMain] Will secure any request with [org.springframework.security.web.context.request.async.WebAsyncManagerIntegrationFilter@35256cd4, org.springframework.security.web.context.SecurityContextPersistenceFilter@4aa8b2ca, org.springframework.security.web.header.HeaderWriterFilter@5cb240d3, org.springframework.web.filter.CorsFilter@3e2eec0e, org.springframework.security.web.authentication.logout.LogoutFilter@6c192d2, org.springframework.security.oauth2.client.web.OAuth2AuthorizationRequestRedirectFilter@7f0de23b, org.springframework.security.oauth2.client.web.OAuth2LoginAuthenticationFilter@44716a7c, org.springframework.security.web.authentication.ui.DefaultLoginPageGeneratingFilter@72014237, org.springframework.security.web.authentication.ui.DefaultLogoutPageGeneratingFilter@46dba8d3, org.springframework.security.web.savedrequest.RequestCacheAwareFilter@2d1fc665, org.springframework.security.web.servletapi.SecurityContextHolderAwareRequestFilter@33997fd5, org.springframework.security.web.authentication.AnonymousAuthenticationFilter@6cb818e1, org.springframework.security.web.session.SessionManagementFilter@3ddb2e24, org.springframework.security.web.access.ExceptionTranslationFilter@51172802, org.springframework.security.web.access.intercept.FilterSecurityInterceptor@5dfb224a]
2022-01-18 23:27:28,927 INFO org.springframework.boot.devtools.autoconfigure.OptionalLiveReloadServer [restartedMain] LiveReload server is running on port 35729
2022-01-18 23:27:30,179 INFO org.quartz.impl.StdSchedulerFactory [restartedMain] Using default implementation for ThreadExecutor
2022-01-18 23:27:30,240 INFO org.quartz.core.SchedulerSignalerImpl [restartedMain] Initialized Scheduler Signaller of type: class org.quartz.core.SchedulerSignalerImpl
2022-01-18 23:27:30,240 INFO org.quartz.core.QuartzScheduler [restartedMain] Quartz Scheduler v.2.3.2 created.
2022-01-18 23:27:30,245 INFO org.quartz.simpl.RAMJobStore [restartedMain] RAMJobStore initialized.
2022-01-18 23:27:30,247 INFO org.quartz.core.QuartzScheduler [restartedMain] Scheduler meta-data: Quartz Scheduler (v2.3.2) 'quartzScheduler' with instanceId 'NON_CLUSTERED'
  Scheduler class: 'org.quartz.core.QuartzScheduler' - running locally.
  NOT STARTED.
  Currently in standby mode.
  Number of jobs executed: 0
  Using thread pool 'org.quartz.simpl.SimpleThreadPool' - with 10 threads.
  Using job-store 'org.quartz.simpl.RAMJobStore' - which does not support persistence. and is not clustered.

2022-01-18 23:27:30,248 INFO org.quartz.impl.StdSchedulerFactory [restartedMain] Quartz scheduler 'quartzScheduler' initialized from an externally provided properties instance.
2022-01-18 23:27:30,248 INFO org.quartz.impl.StdSchedulerFactory [restartedMain] Quartz scheduler version: 2.3.2
2022-01-18 23:27:30,250 INFO org.quartz.core.QuartzScheduler [restartedMain] JobFactory set to: org.springframework.scheduling.quartz.SpringBeanJobFactory@399c0ed2
2022-01-18 23:27:30,917 INFO org.apache.juli.logging.DirectJDKLog [restartedMain] Starting ProtocolHandler ["https-jsse-nio-8443"]
2022-01-18 23:27:32,216 INFO org.springframework.boot.web.embedded.tomcat.TomcatWebServer [restartedMain] Tomcat started on port(s): 8443 (https) with context path ''
2022-01-18 23:27:33,068 INFO org.springframework.scheduling.quartz.SchedulerFactoryBean [restartedMain] Starting Quartz Scheduler now
2022-01-18 23:27:33,069 INFO org.quartz.core.QuartzScheduler [restartedMain] Scheduler quartzScheduler_$_NON_CLUSTERED started.
2022-01-18 23:27:33,123 INFO org.springframework.boot.StartupInfoLogger [restartedMain] Started EleicaoOnlineApplication in 30.486 seconds (JVM running for 32.291)
2022-01-18 23:28:00,032 INFO br.com.eleicaoonline.job.CalcularResultadoEleicaoJob [scheduling-1] Executando o job de calcular os resultados das eleições iniciadas
2022-01-18 23:28:00,051 INFO br.com.eleicaoonline.service.EleicaoService [scheduling-1] Executando buscarPorSituacao
2022-01-18 23:28:00,183 INFO br.com.eleicaoonline.job.IniciarFinalizarEleicaoJob [scheduling-1] Executando o job de finalizar eleições processadas
2022-01-18 23:28:00,184 INFO br.com.eleicaoonline.service.EleicaoService [scheduling-1] Executando buscarPorSituacao
2022-01-18 23:28:00,190 INFO br.com.eleicaoonline.job.CalcularResultadoEleicaoJob [scheduling-1] Executando o job de calcular os resultados das eleições com falha
2022-01-18 23:28:00,191 INFO br.com.eleicaoonline.service.EleicaoService [scheduling-1] Executando buscarPorSituacao
2022-01-18 23:28:00,200 INFO br.com.eleicaoonline.job.IniciarFinalizarEleicaoJob [scheduling-1] Executando o job de iniciar eleição
2022-01-18 23:28:00,201 INFO br.com.eleicaoonline.service.EleicaoService [scheduling-1] Executando buscarPorSituacao
2022-01-18 23:29:00,003 INFO br.com.eleicaoonline.job.IniciarFinalizarEleicaoJob [scheduling-1] Executando o job de finalizar eleições processadas
2022-01-18 23:29:00,004 INFO br.com.eleicaoonline.service.EleicaoService [scheduling-1] Executando buscarPorSituacao
2022-01-18 23:29:00,021 INFO br.com.eleicaoonline.job.IniciarFinalizarEleicaoJob [scheduling-1] Executando o job de iniciar eleição
2022-01-18 23:29:00,021 INFO br.com.eleicaoonline.service.EleicaoService [scheduling-1] Executando buscarPorSituacao
2022-01-18 23:29:00,035 INFO br.com.eleicaoonline.job.CalcularResultadoEleicaoJob [scheduling-1] Executando o job de calcular os resultados das eleições iniciadas
2022-01-18 23:29:00,035 INFO br.com.eleicaoonline.service.EleicaoService [scheduling-1] Executando buscarPorSituacao
2022-01-18 23:29:00,047 INFO br.com.eleicaoonline.job.CalcularResultadoEleicaoJob [scheduling-1] Executando o job de calcular os resultados das eleições com falha
2022-01-18 23:29:00,048 INFO br.com.eleicaoonline.service.EleicaoService [scheduling-1] Executando buscarPorSituacao
2022-01-18 23:30:00,033 INFO br.com.eleicaoonline.job.CalcularResultadoEleicaoJob [scheduling-1] Executando o job de calcular os resultados das eleições iniciadas
2022-01-18 23:30:00,036 INFO br.com.eleicaoonline.service.EleicaoService [scheduling-1] Executando buscarPorSituacao
2022-01-18 23:30:00,052 INFO br.com.eleicaoonline.job.IniciarFinalizarEleicaoJob [scheduling-1] Executando o job de finalizar eleições processadas
2022-01-18 23:30:00,053 INFO br.com.eleicaoonline.service.EleicaoService [scheduling-1] Executando buscarPorSituacao
2022-01-18 23:30:00,066 INFO br.com.eleicaoonline.job.CalcularResultadoEleicaoJob [scheduling-1] Executando o job de calcular os resultados das eleições com falha
2022-01-18 23:30:00,068 INFO br.com.eleicaoonline.service.EleicaoService [scheduling-1] Executando buscarPorSituacao
2022-01-18 23:30:00,077 INFO br.com.eleicaoonline.job.IniciarFinalizarEleicaoJob [scheduling-1] Executando o job de iniciar eleição
2022-01-18 23:30:00,078 INFO br.com.eleicaoonline.service.EleicaoService [scheduling-1] Executando buscarPorSituacao
2022-01-18 23:30:46,193 INFO org.apache.juli.logging.DirectJDKLog [https-jsse-nio-8443-exec-3] Initializing Spring DispatcherServlet 'dispatcherServlet'
2022-01-18 23:30:46,195 INFO org.springframework.web.servlet.FrameworkServlet [https-jsse-nio-8443-exec-3] Initializing Servlet 'dispatcherServlet'
2022-01-18 23:30:46,198 INFO org.springframework.web.servlet.FrameworkServlet [https-jsse-nio-8443-exec-3] Completed initialization in 3 ms
2022-01-18 23:30:55,263 WARN br.com.eleicaoonline.filter.JwtRequestFilter [https-jsse-nio-8443-exec-9] Requisição não possui string bearer
2022-01-18 23:30:55,297 INFO br.com.eleicaoonline.service.AutenticacaoService [https-jsse-nio-8443-exec-9] Executando gerarToken
2022-01-18 23:30:55,310 INFO br.com.eleicaoonline.service.AdministradorService [https-jsse-nio-8443-exec-9] Executando buscarAdministradorPeloEmail
2022-01-18 23:30:55,424 INFO br.com.eleicaoonline.service.EleicaoService [https-jsse-nio-8443-exec-9] Executando buscarMembroComissaoPeloEmail
2022-01-18 23:30:55,485 INFO br.com.eleicaoonline.service.EleitorService [https-jsse-nio-8443-exec-9] Executando buscarEleitorPeloEmail
2022-01-18 23:30:57,322 INFO br.com.eleicaoonline.service.EleicaoService [https-jsse-nio-8443-exec-9] Executando listarEleicoes
2022-01-18 23:31:00,036 INFO br.com.eleicaoonline.job.IniciarFinalizarEleicaoJob [scheduling-1] Executando o job de iniciar eleição
2022-01-18 23:31:00,038 INFO br.com.eleicaoonline.service.EleicaoService [scheduling-1] Executando buscarPorSituacao
2022-01-18 23:31:00,058 INFO br.com.eleicaoonline.job.CalcularResultadoEleicaoJob [scheduling-1] Executando o job de calcular os resultados das eleições iniciadas
2022-01-18 23:31:00,060 INFO br.com.eleicaoonline.service.EleicaoService [scheduling-1] Executando buscarPorSituacao
2022-01-18 23:31:00,065 INFO br.com.eleicaoonline.job.CalcularResultadoEleicaoJob [scheduling-1] Executando o job de calcular os resultados das eleições com falha
2022-01-18 23:31:00,066 INFO br.com.eleicaoonline.service.EleicaoService [scheduling-1] Executando buscarPorSituacao
2022-01-18 23:31:00,073 INFO br.com.eleicaoonline.job.IniciarFinalizarEleicaoJob [scheduling-1] Executando o job de finalizar eleições processadas
2022-01-18 23:31:00,073 INFO br.com.eleicaoonline.service.EleicaoService [scheduling-1] Executando buscarPorSituacao
2022-01-18 23:31:04,548 INFO br.com.eleicaoonline.service.EleitorService [https-jsse-nio-8443-exec-6] Executando listarEleitoresVotantes
2022-01-18 23:31:11,076 INFO br.com.eleicaoonline.service.EleitorService [https-jsse-nio-8443-exec-8] Executando listarEleitoresVotantes
2022-01-18 23:31:21,654 INFO br.com.eleicaoonline.service.EleitorService [https-jsse-nio-8443-exec-7] Executando listarEleitoresVotantes
2022-01-18 23:31:30,169 INFO br.com.eleicaoonline.service.EleicaoService [https-jsse-nio-8443-exec-5] Executando listarEleicoes por filtro
2022-01-18 23:31:33,526 INFO br.com.eleicaoonline.service.EleicaoService [https-jsse-nio-8443-exec-4] Executando buscarEleicaoPeloId
2022-01-18 23:31:35,029 INFO br.com.eleicaoonline.service.EleicaoService [https-jsse-nio-8443-exec-9] Executando atualizarEleicao
2022-01-18 23:31:35,131 ERROR br.com.eleicaoonline.exception.GlobalExceptionHandler [https-jsse-nio-8443-exec-9] Erro de negócio: 
br.com.eleicaoonline.exception.BusinessException: Eleição numa situação diferente de cadastrada não pode ser alterada ou removida
	at br.com.eleicaoonline.service.validation.EleicaoNaoCadastradaValidation.validate(EleicaoNaoCadastradaValidation.java:40)
	at br.com.eleicaoonline.service.BaseService.validateBusiness(BaseService.java:80)
	at br.com.eleicaoonline.service.EleicaoService.atualizarEleicao(EleicaoService.java:162)
	at br.com.eleicaoonline.service.EleicaoService$$FastClassBySpringCGLIB$$565a8f68.invoke(<generated>)
	at org.springframework.cglib.proxy.MethodProxy.invoke(MethodProxy.java:218)
	at org.springframework.aop.framework.CglibAopProxy$CglibMethodInvocation.invokeJoinpoint(CglibAopProxy.java:779)
	at org.springframework.aop.framework.ReflectiveMethodInvocation.proceed(ReflectiveMethodInvocation.java:163)
	at org.springframework.aop.framework.CglibAopProxy$CglibMethodInvocation.proceed(CglibAopProxy.java:750)
	at org.springframework.transaction.interceptor.TransactionInterceptor$1.proceedWithInvocation(TransactionInterceptor.java:123)
	at org.springframework.transaction.interceptor.TransactionAspectSupport.invokeWithinTransaction(TransactionAspectSupport.java:388)
	at org.springframework.transaction.interceptor.TransactionInterceptor.invoke(TransactionInterceptor.java:119)
	at org.springframework.aop.framework.ReflectiveMethodInvocation.proceed(ReflectiveMethodInvocation.java:186)
	at org.springframework.aop.framework.CglibAopProxy$CglibMethodInvocation.proceed(CglibAopProxy.java:750)
	at org.springframework.aop.framework.CglibAopProxy$DynamicAdvisedInterceptor.intercept(CglibAopProxy.java:692)
	at br.com.eleicaoonline.service.EleicaoService$$EnhancerBySpringCGLIB$$4d2d6df8.atualizarEleicao(<generated>)
	at br.com.eleicaoonline.controller.EleicaoController.atualizarEleicao(EleicaoController.java:182)
	at br.com.eleicaoonline.controller.EleicaoController$$FastClassBySpringCGLIB$$64f50a30.invoke(<generated>)
	at org.springframework.cglib.proxy.MethodProxy.invoke(MethodProxy.java:218)
	at org.springframework.aop.framework.CglibAopProxy$CglibMethodInvocation.invokeJoinpoint(CglibAopProxy.java:779)
	at org.springframework.aop.framework.ReflectiveMethodInvocation.proceed(ReflectiveMethodInvocation.java:163)
	at org.springframework.aop.framework.CglibAopProxy$CglibMethodInvocation.proceed(CglibAopProxy.java:750)
	at org.springframework.security.access.intercept.aopalliance.MethodSecurityInterceptor.invoke(MethodSecurityInterceptor.java:61)
	at org.springframework.aop.framework.ReflectiveMethodInvocation.proceed(ReflectiveMethodInvocation.java:186)
	at org.springframework.aop.framework.CglibAopProxy$CglibMethodInvocation.proceed(CglibAopProxy.java:750)
	at org.springframework.aop.framework.CglibAopProxy$DynamicAdvisedInterceptor.intercept(CglibAopProxy.java:692)
	at br.com.eleicaoonline.controller.EleicaoController$$EnhancerBySpringCGLIB$$f6d82a61.atualizarEleicao(<generated>)
	at java.base/jdk.internal.reflect.NativeMethodAccessorImpl.invoke0(Native Method)
	at java.base/jdk.internal.reflect.NativeMethodAccessorImpl.invoke(NativeMethodAccessorImpl.java:64)
	at java.base/jdk.internal.reflect.DelegatingMethodAccessorImpl.invoke(DelegatingMethodAccessorImpl.java:43)
	at java.base/java.lang.reflect.Method.invoke(Method.java:564)
	at org.springframework.web.method.support.InvocableHandlerMethod.doInvoke(InvocableHandlerMethod.java:205)
	at org.springframework.web.method.support.InvocableHandlerMethod.invokeForRequest(InvocableHandlerMethod.java:150)
	at org.springframework.web.servlet.mvc.method.annotation.ServletInvocableHandlerMethod.invokeAndHandle(ServletInvocableHandlerMethod.java:117)
	at org.springframework.web.servlet.mvc.method.annotation.RequestMappingHandlerAdapter.invokeHandlerMethod(RequestMappingHandlerAdapter.java:895)
	at org.springframework.web.servlet.mvc.method.annotation.RequestMappingHandlerAdapter.handleInternal(RequestMappingHandlerAdapter.java:808)
	at org.springframework.web.servlet.mvc.method.AbstractHandlerMethodAdapter.handle(AbstractHandlerMethodAdapter.java:87)
	at org.springframework.web.servlet.DispatcherServlet.doDispatch(DispatcherServlet.java:1067)
	at org.springframework.web.servlet.DispatcherServlet.doService(DispatcherServlet.java:963)
	at org.springframework.web.servlet.FrameworkServlet.processRequest(FrameworkServlet.java:1006)
	at org.springframework.web.servlet.FrameworkServlet.doPut(FrameworkServlet.java:920)
	at javax.servlet.http.HttpServlet.service(HttpServlet.java:684)
	at org.springframework.web.servlet.FrameworkServlet.service(FrameworkServlet.java:883)
	at javax.servlet.http.HttpServlet.service(HttpServlet.java:764)
	at org.apache.catalina.core.ApplicationFilterChain.internalDoFilter(ApplicationFilterChain.java:227)
	at org.apache.catalina.core.ApplicationFilterChain.doFilter(ApplicationFilterChain.java:162)
	at org.apache.tomcat.websocket.server.WsFilter.doFilter(WsFilter.java:53)
	at org.apache.catalina.core.ApplicationFilterChain.internalDoFilter(ApplicationFilterChain.java:189)
	at org.apache.catalina.core.ApplicationFilterChain.doFilter(ApplicationFilterChain.java:162)
	at br.com.eleicaoonline.filter.JwtRequestFilter.doFilterInternal(JwtRequestFilter.java:64)
	at org.springframework.web.filter.OncePerRequestFilter.doFilter(OncePerRequestFilter.java:119)
	at org.apache.catalina.core.ApplicationFilterChain.internalDoFilter(ApplicationFilterChain.java:189)
	at org.apache.catalina.core.ApplicationFilterChain.doFilter(ApplicationFilterChain.java:162)
	at org.springframework.security.web.FilterChainProxy$VirtualFilterChain.doFilter(FilterChainProxy.java:327)
	at org.springframework.security.web.access.intercept.FilterSecurityInterceptor.invoke(FilterSecurityInterceptor.java:115)
	at org.springframework.security.web.access.intercept.FilterSecurityInterceptor.doFilter(FilterSecurityInterceptor.java:81)
	at org.springframework.security.web.FilterChainProxy$VirtualFilterChain.doFilter(FilterChainProxy.java:336)
	at org.springframework.security.web.access.ExceptionTranslationFilter.doFilter(ExceptionTranslationFilter.java:121)
	at org.springframework.security.web.access.ExceptionTranslationFilter.doFilter(ExceptionTranslationFilter.java:115)
	at org.springframework.security.web.FilterChainProxy$VirtualFilterChain.doFilter(FilterChainProxy.java:336)
	at org.springframework.security.web.session.SessionManagementFilter.doFilter(SessionManagementFilter.java:126)
	at org.springframework.security.web.session.SessionManagementFilter.doFilter(SessionManagementFilter.java:81)
	at org.springframework.security.web.FilterChainProxy$VirtualFilterChain.doFilter(FilterChainProxy.java:336)
	at org.springframework.security.web.authentication.AnonymousAuthenticationFilter.doFilter(AnonymousAuthenticationFilter.java:105)
	at org.springframework.security.web.FilterChainProxy$VirtualFilterChain.doFilter(FilterChainProxy.java:336)
	at org.springframework.security.web.servletapi.SecurityContextHolderAwareRequestFilter.doFilter(SecurityContextHolderAwareRequestFilter.java:149)
	at org.springframework.security.web.FilterChainProxy$VirtualFilterChain.doFilter(FilterChainProxy.java:336)
	at org.springframework.security.web.savedrequest.RequestCacheAwareFilter.doFilter(RequestCacheAwareFilter.java:63)
	at org.springframework.security.web.FilterChainProxy$VirtualFilterChain.doFilter(FilterChainProxy.java:336)
	at org.springframework.security.web.authentication.ui.DefaultLogoutPageGeneratingFilter.doFilterInternal(DefaultLogoutPageGeneratingFilter.java:58)
	at org.springframework.web.filter.OncePerRequestFilter.doFilter(OncePerRequestFilter.java:119)
	at org.springframework.security.web.FilterChainProxy$VirtualFilterChain.doFilter(FilterChainProxy.java:336)
	at org.springframework.security.web.authentication.ui.DefaultLoginPageGeneratingFilter.doFilter(DefaultLoginPageGeneratingFilter.java:237)
	at org.springframework.security.web.authentication.ui.DefaultLoginPageGeneratingFilter.doFilter(DefaultLoginPageGeneratingFilter.java:223)
	at org.springframework.security.web.FilterChainProxy$VirtualFilterChain.doFilter(FilterChainProxy.java:336)
	at org.springframework.security.web.authentication.AbstractAuthenticationProcessingFilter.doFilter(AbstractAuthenticationProcessingFilter.java:218)
	at org.springframework.security.web.authentication.AbstractAuthenticationProcessingFilter.doFilter(AbstractAuthenticationProcessingFilter.java:212)
	at org.springframework.security.web.FilterChainProxy$VirtualFilterChain.doFilter(FilterChainProxy.java:336)
	at org.springframework.security.oauth2.client.web.OAuth2AuthorizationRequestRedirectFilter.doFilterInternal(OAuth2AuthorizationRequestRedirectFilter.java:178)
	at org.springframework.web.filter.OncePerRequestFilter.doFilter(OncePerRequestFilter.java:119)
	at org.springframework.security.web.FilterChainProxy$VirtualFilterChain.doFilter(FilterChainProxy.java:336)
	at org.springframework.security.web.authentication.logout.LogoutFilter.doFilter(LogoutFilter.java:103)
	at org.springframework.security.web.authentication.logout.LogoutFilter.doFilter(LogoutFilter.java:89)
	at org.springframework.security.web.FilterChainProxy$VirtualFilterChain.doFilter(FilterChainProxy.java:336)
	at org.springframework.web.filter.CorsFilter.doFilterInternal(CorsFilter.java:91)
	at org.springframework.web.filter.OncePerRequestFilter.doFilter(OncePerRequestFilter.java:119)
	at org.springframework.security.web.FilterChainProxy$VirtualFilterChain.doFilter(FilterChainProxy.java:336)
	at org.springframework.security.web.header.HeaderWriterFilter.doHeadersAfter(HeaderWriterFilter.java:90)
	at org.springframework.security.web.header.HeaderWriterFilter.doFilterInternal(HeaderWriterFilter.java:75)
	at org.springframework.web.filter.OncePerRequestFilter.doFilter(OncePerRequestFilter.java:119)
	at org.springframework.security.web.FilterChainProxy$VirtualFilterChain.doFilter(FilterChainProxy.java:336)
	at org.springframework.security.web.context.SecurityContextPersistenceFilter.doFilter(SecurityContextPersistenceFilter.java:110)
	at org.springframework.security.web.context.SecurityContextPersistenceFilter.doFilter(SecurityContextPersistenceFilter.java:80)
	at org.springframework.security.web.FilterChainProxy$VirtualFilterChain.doFilter(FilterChainProxy.java:336)
	at org.springframework.security.web.context.request.async.WebAsyncManagerIntegrationFilter.doFilterInternal(WebAsyncManagerIntegrationFilter.java:55)
	at org.springframework.web.filter.OncePerRequestFilter.doFilter(OncePerRequestFilter.java:119)
	at org.springframework.security.web.FilterChainProxy$VirtualFilterChain.doFilter(FilterChainProxy.java:336)
	at org.springframework.security.web.FilterChainProxy.doFilterInternal(FilterChainProxy.java:211)
	at org.springframework.security.web.FilterChainProxy.doFilter(FilterChainProxy.java:183)
	at org.springframework.web.filter.DelegatingFilterProxy.invokeDelegate(DelegatingFilterProxy.java:358)
	at org.springframework.web.filter.DelegatingFilterProxy.doFilter(DelegatingFilterProxy.java:271)
	at org.apache.catalina.core.ApplicationFilterChain.internalDoFilter(ApplicationFilterChain.java:189)
	at org.apache.catalina.core.ApplicationFilterChain.doFilter(ApplicationFilterChain.java:162)
	at org.springframework.web.filter.RequestContextFilter.doFilterInternal(RequestContextFilter.java:100)
	at org.springframework.web.filter.OncePerRequestFilter.doFilter(OncePerRequestFilter.java:119)
	at org.apache.catalina.core.ApplicationFilterChain.internalDoFilter(ApplicationFilterChain.java:189)
	at org.apache.catalina.core.ApplicationFilterChain.doFilter(ApplicationFilterChain.java:162)
	at org.springframework.web.filter.FormContentFilter.doFilterInternal(FormContentFilter.java:93)
	at org.springframework.web.filter.OncePerRequestFilter.doFilter(OncePerRequestFilter.java:119)
	at org.apache.catalina.core.ApplicationFilterChain.internalDoFilter(ApplicationFilterChain.java:189)
	at org.apache.catalina.core.ApplicationFilterChain.doFilter(ApplicationFilterChain.java:162)
	at org.springframework.web.filter.CharacterEncodingFilter.doFilterInternal(CharacterEncodingFilter.java:201)
	at org.springframework.web.filter.OncePerRequestFilter.doFilter(OncePerRequestFilter.java:119)
	at org.apache.catalina.core.ApplicationFilterChain.internalDoFilter(ApplicationFilterChain.java:189)
	at org.apache.catalina.core.ApplicationFilterChain.doFilter(ApplicationFilterChain.java:162)
	at org.apache.catalina.core.StandardWrapperValve.invoke(StandardWrapperValve.java:197)
	at org.apache.catalina.core.StandardContextValve.invoke(StandardContextValve.java:97)
	at org.apache.catalina.authenticator.AuthenticatorBase.invoke(AuthenticatorBase.java:540)
	at org.apache.catalina.core.StandardHostValve.invoke(StandardHostValve.java:135)
	at org.apache.catalina.valves.ErrorReportValve.invoke(ErrorReportValve.java:92)
	at org.apache.catalina.core.StandardEngineValve.invoke(StandardEngineValve.java:78)
	at org.apache.catalina.connector.CoyoteAdapter.service(CoyoteAdapter.java:357)
	at org.apache.coyote.http11.Http11Processor.service(Http11Processor.java:382)
	at org.apache.coyote.AbstractProcessorLight.process(AbstractProcessorLight.java:65)
	at org.apache.coyote.AbstractProtocol$ConnectionHandler.process(AbstractProtocol.java:893)
	at org.apache.tomcat.util.net.NioEndpoint$SocketProcessor.doRun(NioEndpoint.java:1726)
	at org.apache.tomcat.util.net.SocketProcessorBase.run(SocketProcessorBase.java:49)
	at org.apache.tomcat.util.threads.ThreadPoolExecutor.runWorker(ThreadPoolExecutor.java:1191)
	at org.apache.tomcat.util.threads.ThreadPoolExecutor$Worker.run(ThreadPoolExecutor.java:659)
	at org.apache.tomcat.util.threads.TaskThread$WrappingRunnable.run(TaskThread.java:61)
	at java.base/java.lang.Thread.run(Thread.java:832)
2022-01-18 23:31:35,140 WARN org.springframework.web.servlet.handler.AbstractHandlerExceptionResolver [https-jsse-nio-8443-exec-9] Resolved [br.com.eleicaoonline.exception.BusinessException: Eleição numa situação diferente de cadastrada não pode ser alterada ou removida]
2022-01-18 23:31:38,898 INFO br.com.eleicaoonline.service.EleicaoService [https-jsse-nio-8443-exec-2] Executando listarEleicoes por filtro
2022-01-18 23:32:00,010 INFO br.com.eleicaoonline.job.IniciarFinalizarEleicaoJob [scheduling-1] Executando o job de iniciar eleição
2022-01-18 23:32:00,010 INFO br.com.eleicaoonline.service.EleicaoService [scheduling-1] Executando buscarPorSituacao
2022-01-18 23:32:00,018 INFO br.com.eleicaoonline.job.CalcularResultadoEleicaoJob [scheduling-1] Executando o job de calcular os resultados das eleições com falha
2022-01-18 23:32:00,019 INFO br.com.eleicaoonline.service.EleicaoService [scheduling-1] Executando buscarPorSituacao
2022-01-18 23:32:00,024 INFO br.com.eleicaoonline.job.CalcularResultadoEleicaoJob [scheduling-1] Executando o job de calcular os resultados das eleições iniciadas
2022-01-18 23:32:00,025 INFO br.com.eleicaoonline.service.EleicaoService [scheduling-1] Executando buscarPorSituacao
2022-01-18 23:32:00,029 INFO br.com.eleicaoonline.job.IniciarFinalizarEleicaoJob [scheduling-1] Executando o job de finalizar eleições processadas
2022-01-18 23:32:00,029 INFO br.com.eleicaoonline.service.EleicaoService [scheduling-1] Executando buscarPorSituacao
2022-01-18 23:33:00,007 INFO br.com.eleicaoonline.job.CalcularResultadoEleicaoJob [scheduling-1] Executando o job de calcular os resultados das eleições iniciadas
2022-01-18 23:33:00,010 INFO br.com.eleicaoonline.service.EleicaoService [scheduling-1] Executando buscarPorSituacao
2022-01-18 23:33:00,049 INFO br.com.eleicaoonline.job.CalcularResultadoEleicaoJob [scheduling-1] Executando o job de calcular os resultados das eleições com falha
2022-01-18 23:33:00,050 INFO br.com.eleicaoonline.service.EleicaoService [scheduling-1] Executando buscarPorSituacao
2022-01-18 23:33:00,067 INFO br.com.eleicaoonline.job.IniciarFinalizarEleicaoJob [scheduling-1] Executando o job de iniciar eleição
2022-01-18 23:33:00,067 INFO br.com.eleicaoonline.service.EleicaoService [scheduling-1] Executando buscarPorSituacao
2022-01-18 23:33:00,076 INFO br.com.eleicaoonline.job.IniciarFinalizarEleicaoJob [scheduling-1] Executando o job de finalizar eleições processadas
2022-01-18 23:33:00,077 INFO br.com.eleicaoonline.service.EleicaoService [scheduling-1] Executando buscarPorSituacao
2022-01-18 23:34:00,015 INFO br.com.eleicaoonline.job.CalcularResultadoEleicaoJob [scheduling-1] Executando o job de calcular os resultados das eleições com falha
2022-01-18 23:34:00,016 INFO br.com.eleicaoonline.service.EleicaoService [scheduling-1] Executando buscarPorSituacao
2022-01-18 23:34:00,026 INFO br.com.eleicaoonline.job.IniciarFinalizarEleicaoJob [scheduling-1] Executando o job de finalizar eleições processadas
2022-01-18 23:34:00,026 INFO br.com.eleicaoonline.service.EleicaoService [scheduling-1] Executando buscarPorSituacao
2022-01-18 23:34:00,031 INFO br.com.eleicaoonline.job.IniciarFinalizarEleicaoJob [scheduling-1] Executando o job de iniciar eleição
2022-01-18 23:34:00,032 INFO br.com.eleicaoonline.service.EleicaoService [scheduling-1] Executando buscarPorSituacao
2022-01-18 23:34:00,036 INFO br.com.eleicaoonline.job.CalcularResultadoEleicaoJob [scheduling-1] Executando o job de calcular os resultados das eleições iniciadas
2022-01-18 23:34:00,036 INFO br.com.eleicaoonline.service.EleicaoService [scheduling-1] Executando buscarPorSituacao
2022-01-18 23:35:00,147 INFO br.com.eleicaoonline.job.CalcularResultadoEleicaoJob [scheduling-1] Executando o job de calcular os resultados das eleições com falha
2022-01-18 23:35:00,148 INFO br.com.eleicaoonline.service.EleicaoService [scheduling-1] Executando buscarPorSituacao
2022-01-18 23:35:00,366 INFO br.com.eleicaoonline.job.IniciarFinalizarEleicaoJob [scheduling-1] Executando o job de iniciar eleição
2022-01-18 23:35:00,366 INFO br.com.eleicaoonline.service.EleicaoService [scheduling-1] Executando buscarPorSituacao
2022-01-18 23:35:00,512 INFO br.com.eleicaoonline.job.CalcularResultadoEleicaoJob [scheduling-1] Executando o job de calcular os resultados das eleições iniciadas
2022-01-18 23:35:00,513 INFO br.com.eleicaoonline.service.EleicaoService [scheduling-1] Executando buscarPorSituacao
2022-01-18 23:35:00,744 INFO br.com.eleicaoonline.job.IniciarFinalizarEleicaoJob [scheduling-1] Executando o job de finalizar eleições processadas
2022-01-18 23:35:00,745 INFO br.com.eleicaoonline.service.EleicaoService [scheduling-1] Executando buscarPorSituacao
2022-01-18 23:36:00,006 INFO br.com.eleicaoonline.job.IniciarFinalizarEleicaoJob [scheduling-1] Executando o job de iniciar eleição
2022-01-18 23:36:00,007 INFO br.com.eleicaoonline.service.EleicaoService [scheduling-1] Executando buscarPorSituacao
2022-01-18 23:36:00,017 INFO br.com.eleicaoonline.job.CalcularResultadoEleicaoJob [scheduling-1] Executando o job de calcular os resultados das eleições com falha
2022-01-18 23:36:00,018 INFO br.com.eleicaoonline.service.EleicaoService [scheduling-1] Executando buscarPorSituacao
2022-01-18 23:36:00,032 INFO br.com.eleicaoonline.job.IniciarFinalizarEleicaoJob [scheduling-1] Executando o job de finalizar eleições processadas
2022-01-18 23:36:00,032 INFO br.com.eleicaoonline.service.EleicaoService [scheduling-1] Executando buscarPorSituacao
2022-01-18 23:36:00,037 INFO br.com.eleicaoonline.job.CalcularResultadoEleicaoJob [scheduling-1] Executando o job de calcular os resultados das eleições iniciadas
2022-01-18 23:36:00,038 INFO br.com.eleicaoonline.service.EleicaoService [scheduling-1] Executando buscarPorSituacao
2022-01-18 23:37:00,007 INFO br.com.eleicaoonline.job.IniciarFinalizarEleicaoJob [scheduling-1] Executando o job de finalizar eleições processadas
2022-01-18 23:37:00,010 INFO br.com.eleicaoonline.service.EleicaoService [scheduling-1] Executando buscarPorSituacao
2022-01-18 23:37:00,028 INFO br.com.eleicaoonline.job.CalcularResultadoEleicaoJob [scheduling-1] Executando o job de calcular os resultados das eleições com falha
2022-01-18 23:37:00,029 INFO br.com.eleicaoonline.service.EleicaoService [scheduling-1] Executando buscarPorSituacao
2022-01-18 23:37:00,033 INFO br.com.eleicaoonline.job.CalcularResultadoEleicaoJob [scheduling-1] Executando o job de calcular os resultados das eleições iniciadas
2022-01-18 23:37:00,034 INFO br.com.eleicaoonline.service.EleicaoService [scheduling-1] Executando buscarPorSituacao
2022-01-18 23:37:00,038 INFO br.com.eleicaoonline.job.IniciarFinalizarEleicaoJob [scheduling-1] Executando o job de iniciar eleição
2022-01-18 23:37:00,038 INFO br.com.eleicaoonline.service.EleicaoService [scheduling-1] Executando buscarPorSituacao
2022-01-18 23:38:00,040 INFO br.com.eleicaoonline.job.CalcularResultadoEleicaoJob [scheduling-1] Executando o job de calcular os resultados das eleições com falha
2022-01-18 23:38:00,041 INFO br.com.eleicaoonline.service.EleicaoService [scheduling-1] Executando buscarPorSituacao
2022-01-18 23:38:00,090 INFO br.com.eleicaoonline.job.IniciarFinalizarEleicaoJob [scheduling-1] Executando o job de finalizar eleições processadas
2022-01-18 23:38:00,091 INFO br.com.eleicaoonline.service.EleicaoService [scheduling-1] Executando buscarPorSituacao
2022-01-18 23:38:00,141 INFO br.com.eleicaoonline.job.IniciarFinalizarEleicaoJob [scheduling-1] Executando o job de iniciar eleição
2022-01-18 23:38:00,141 INFO br.com.eleicaoonline.service.EleicaoService [scheduling-1] Executando buscarPorSituacao
2022-01-18 23:38:00,161 INFO br.com.eleicaoonline.job.CalcularResultadoEleicaoJob [scheduling-1] Executando o job de calcular os resultados das eleições iniciadas
2022-01-18 23:38:00,162 INFO br.com.eleicaoonline.service.EleicaoService [scheduling-1] Executando buscarPorSituacao
2022-01-18 23:38:35,174 INFO br.com.eleicaoonline.service.EleicaoService [https-jsse-nio-8443-exec-6] Executando listarEleicoes
2022-01-18 23:39:00,006 INFO br.com.eleicaoonline.job.CalcularResultadoEleicaoJob [scheduling-1] Executando o job de calcular os resultados das eleições com falha
2022-01-18 23:39:00,006 INFO br.com.eleicaoonline.service.EleicaoService [scheduling-1] Executando buscarPorSituacao
2022-01-18 23:39:00,041 INFO br.com.eleicaoonline.job.IniciarFinalizarEleicaoJob [scheduling-1] Executando o job de iniciar eleição
2022-01-18 23:39:00,041 INFO br.com.eleicaoonline.service.EleicaoService [scheduling-1] Executando buscarPorSituacao
2022-01-18 23:39:00,097 INFO br.com.eleicaoonline.job.IniciarFinalizarEleicaoJob [scheduling-1] Executando o job de finalizar eleições processadas
2022-01-18 23:39:00,098 INFO br.com.eleicaoonline.service.EleicaoService [scheduling-1] Executando buscarPorSituacao
2022-01-18 23:39:00,111 INFO br.com.eleicaoonline.job.CalcularResultadoEleicaoJob [scheduling-1] Executando o job de calcular os resultados das eleições iniciadas
2022-01-18 23:39:00,112 INFO br.com.eleicaoonline.service.EleicaoService [scheduling-1] Executando buscarPorSituacao
2022-01-18 23:40:00,023 INFO br.com.eleicaoonline.job.CalcularResultadoEleicaoJob [scheduling-1] Executando o job de calcular os resultados das eleições com falha
2022-01-18 23:40:00,024 INFO br.com.eleicaoonline.service.EleicaoService [scheduling-1] Executando buscarPorSituacao
2022-01-18 23:40:00,037 INFO br.com.eleicaoonline.job.CalcularResultadoEleicaoJob [scheduling-1] Executando o job de calcular os resultados das eleições iniciadas
2022-01-18 23:40:00,038 INFO br.com.eleicaoonline.service.EleicaoService [scheduling-1] Executando buscarPorSituacao
2022-01-18 23:40:00,047 INFO br.com.eleicaoonline.job.IniciarFinalizarEleicaoJob [scheduling-1] Executando o job de iniciar eleição
2022-01-18 23:40:00,047 INFO br.com.eleicaoonline.service.EleicaoService [scheduling-1] Executando buscarPorSituacao
2022-01-18 23:40:00,051 INFO br.com.eleicaoonline.job.IniciarFinalizarEleicaoJob [scheduling-1] Executando o job de finalizar eleições processadas
2022-01-18 23:40:00,052 INFO br.com.eleicaoonline.service.EleicaoService [scheduling-1] Executando buscarPorSituacao
2022-01-18 23:41:00,020 INFO br.com.eleicaoonline.job.IniciarFinalizarEleicaoJob [scheduling-1] Executando o job de iniciar eleição
2022-01-18 23:41:00,021 INFO br.com.eleicaoonline.service.EleicaoService [scheduling-1] Executando buscarPorSituacao
2022-01-18 23:41:00,028 INFO br.com.eleicaoonline.job.CalcularResultadoEleicaoJob [scheduling-1] Executando o job de calcular os resultados das eleições com falha
2022-01-18 23:41:00,029 INFO br.com.eleicaoonline.service.EleicaoService [scheduling-1] Executando buscarPorSituacao
2022-01-18 23:41:00,033 INFO br.com.eleicaoonline.job.IniciarFinalizarEleicaoJob [scheduling-1] Executando o job de finalizar eleições processadas
2022-01-18 23:41:00,033 INFO br.com.eleicaoonline.service.EleicaoService [scheduling-1] Executando buscarPorSituacao
2022-01-18 23:41:00,037 INFO br.com.eleicaoonline.job.CalcularResultadoEleicaoJob [scheduling-1] Executando o job de calcular os resultados das eleições iniciadas
2022-01-18 23:41:00,038 INFO br.com.eleicaoonline.service.EleicaoService [scheduling-1] Executando buscarPorSituacao
2022-01-18 23:42:00,014 INFO br.com.eleicaoonline.job.CalcularResultadoEleicaoJob [scheduling-1] Executando o job de calcular os resultados das eleições iniciadas
2022-01-18 23:42:00,015 INFO br.com.eleicaoonline.service.EleicaoService [scheduling-1] Executando buscarPorSituacao
2022-01-18 23:42:00,029 INFO br.com.eleicaoonline.job.CalcularResultadoEleicaoJob [scheduling-1] Executando o job de calcular os resultados das eleições com falha
2022-01-18 23:42:00,030 INFO br.com.eleicaoonline.service.EleicaoService [scheduling-1] Executando buscarPorSituacao
2022-01-18 23:42:00,036 INFO br.com.eleicaoonline.job.IniciarFinalizarEleicaoJob [scheduling-1] Executando o job de iniciar eleição
2022-01-18 23:42:00,037 INFO br.com.eleicaoonline.service.EleicaoService [scheduling-1] Executando buscarPorSituacao
2022-01-18 23:42:00,044 INFO br.com.eleicaoonline.job.IniciarFinalizarEleicaoJob [scheduling-1] Executando o job de finalizar eleições processadas
2022-01-18 23:42:00,045 INFO br.com.eleicaoonline.service.EleicaoService [scheduling-1] Executando buscarPorSituacao
2022-01-18 23:43:00,012 INFO br.com.eleicaoonline.job.IniciarFinalizarEleicaoJob [scheduling-1] Executando o job de finalizar eleições processadas
2022-01-18 23:43:00,012 INFO br.com.eleicaoonline.service.EleicaoService [scheduling-1] Executando buscarPorSituacao
2022-01-18 23:43:00,022 INFO br.com.eleicaoonline.job.IniciarFinalizarEleicaoJob [scheduling-1] Executando o job de iniciar eleição
2022-01-18 23:43:00,022 INFO br.com.eleicaoonline.service.EleicaoService [scheduling-1] Executando buscarPorSituacao
2022-01-18 23:43:00,028 INFO br.com.eleicaoonline.job.CalcularResultadoEleicaoJob [scheduling-1] Executando o job de calcular os resultados das eleições iniciadas
2022-01-18 23:43:00,029 INFO br.com.eleicaoonline.service.EleicaoService [scheduling-1] Executando buscarPorSituacao
2022-01-18 23:43:00,035 INFO br.com.eleicaoonline.job.CalcularResultadoEleicaoJob [scheduling-1] Executando o job de calcular os resultados das eleições com falha
2022-01-18 23:43:00,037 INFO br.com.eleicaoonline.service.EleicaoService [scheduling-1] Executando buscarPorSituacao
2022-01-18 23:44:00,003 INFO br.com.eleicaoonline.job.IniciarFinalizarEleicaoJob [scheduling-1] Executando o job de finalizar eleições processadas
2022-01-18 23:44:00,004 INFO br.com.eleicaoonline.service.EleicaoService [scheduling-1] Executando buscarPorSituacao
2022-01-18 23:44:00,036 INFO br.com.eleicaoonline.job.CalcularResultadoEleicaoJob [scheduling-1] Executando o job de calcular os resultados das eleições iniciadas
2022-01-18 23:44:00,038 INFO br.com.eleicaoonline.service.EleicaoService [scheduling-1] Executando buscarPorSituacao
2022-01-18 23:44:00,049 INFO br.com.eleicaoonline.job.IniciarFinalizarEleicaoJob [scheduling-1] Executando o job de iniciar eleição
2022-01-18 23:44:00,050 INFO br.com.eleicaoonline.service.EleicaoService [scheduling-1] Executando buscarPorSituacao
2022-01-18 23:44:00,055 INFO br.com.eleicaoonline.job.CalcularResultadoEleicaoJob [scheduling-1] Executando o job de calcular os resultados das eleições com falha
2022-01-18 23:44:00,056 INFO br.com.eleicaoonline.service.EleicaoService [scheduling-1] Executando buscarPorSituacao
2022-01-18 23:45:00,005 INFO br.com.eleicaoonline.job.CalcularResultadoEleicaoJob [scheduling-1] Executando o job de calcular os resultados das eleições com falha
2022-01-18 23:45:00,007 INFO br.com.eleicaoonline.service.EleicaoService [scheduling-1] Executando buscarPorSituacao
2022-01-18 23:45:00,037 INFO br.com.eleicaoonline.job.IniciarFinalizarEleicaoJob [scheduling-1] Executando o job de iniciar eleição
2022-01-18 23:45:00,038 INFO br.com.eleicaoonline.service.EleicaoService [scheduling-1] Executando buscarPorSituacao
2022-01-18 23:45:00,050 INFO br.com.eleicaoonline.job.CalcularResultadoEleicaoJob [scheduling-1] Executando o job de calcular os resultados das eleições iniciadas
2022-01-18 23:45:00,051 INFO br.com.eleicaoonline.service.EleicaoService [scheduling-1] Executando buscarPorSituacao
2022-01-18 23:45:00,058 INFO br.com.eleicaoonline.job.IniciarFinalizarEleicaoJob [scheduling-1] Executando o job de finalizar eleições processadas
2022-01-18 23:45:00,059 INFO br.com.eleicaoonline.service.EleicaoService [scheduling-1] Executando buscarPorSituacao
2022-01-18 23:46:00,050 INFO br.com.eleicaoonline.job.IniciarFinalizarEleicaoJob [scheduling-1] Executando o job de iniciar eleição
2022-01-18 23:46:00,051 INFO br.com.eleicaoonline.service.EleicaoService [scheduling-1] Executando buscarPorSituacao
2022-01-18 23:46:00,151 INFO br.com.eleicaoonline.job.IniciarFinalizarEleicaoJob [scheduling-1] Executando o job de finalizar eleições processadas
2022-01-18 23:46:00,152 INFO br.com.eleicaoonline.service.EleicaoService [scheduling-1] Executando buscarPorSituacao
2022-01-18 23:46:00,187 INFO br.com.eleicaoonline.job.CalcularResultadoEleicaoJob [scheduling-1] Executando o job de calcular os resultados das eleições com falha
2022-01-18 23:46:00,188 INFO br.com.eleicaoonline.service.EleicaoService [scheduling-1] Executando buscarPorSituacao
2022-01-18 23:46:00,197 INFO br.com.eleicaoonline.job.CalcularResultadoEleicaoJob [scheduling-1] Executando o job de calcular os resultados das eleições iniciadas
2022-01-18 23:46:00,198 INFO br.com.eleicaoonline.service.EleicaoService [scheduling-1] Executando buscarPorSituacao
2022-01-18 23:47:00,004 INFO br.com.eleicaoonline.job.IniciarFinalizarEleicaoJob [scheduling-1] Executando o job de iniciar eleição
2022-01-18 23:47:00,005 INFO br.com.eleicaoonline.service.EleicaoService [scheduling-1] Executando buscarPorSituacao
2022-01-18 23:47:00,016 INFO br.com.eleicaoonline.job.CalcularResultadoEleicaoJob [scheduling-1] Executando o job de calcular os resultados das eleições iniciadas
2022-01-18 23:47:00,017 INFO br.com.eleicaoonline.service.EleicaoService [scheduling-1] Executando buscarPorSituacao
2022-01-18 23:47:00,023 INFO br.com.eleicaoonline.job.CalcularResultadoEleicaoJob [scheduling-1] Executando o job de calcular os resultados das eleições com falha
2022-01-18 23:47:00,024 INFO br.com.eleicaoonline.service.EleicaoService [scheduling-1] Executando buscarPorSituacao
2022-01-18 23:47:00,029 INFO br.com.eleicaoonline.job.IniciarFinalizarEleicaoJob [scheduling-1] Executando o job de finalizar eleições processadas
2022-01-18 23:47:00,030 INFO br.com.eleicaoonline.service.EleicaoService [scheduling-1] Executando buscarPorSituacao
2022-01-18 23:48:00,003 INFO br.com.eleicaoonline.job.IniciarFinalizarEleicaoJob [scheduling-1] Executando o job de iniciar eleição
2022-01-18 23:48:00,004 INFO br.com.eleicaoonline.service.EleicaoService [scheduling-1] Executando buscarPorSituacao
2022-01-18 23:48:00,014 INFO br.com.eleicaoonline.job.CalcularResultadoEleicaoJob [scheduling-1] Executando o job de calcular os resultados das eleições com falha
2022-01-18 23:48:00,015 INFO br.com.eleicaoonline.service.EleicaoService [scheduling-1] Executando buscarPorSituacao
2022-01-18 23:48:00,029 INFO br.com.eleicaoonline.job.CalcularResultadoEleicaoJob [scheduling-1] Executando o job de calcular os resultados das eleições iniciadas
2022-01-18 23:48:00,029 INFO br.com.eleicaoonline.service.EleicaoService [scheduling-1] Executando buscarPorSituacao
2022-01-18 23:48:00,039 INFO br.com.eleicaoonline.job.IniciarFinalizarEleicaoJob [scheduling-1] Executando o job de finalizar eleições processadas
2022-01-18 23:48:00,039 INFO br.com.eleicaoonline.service.EleicaoService [scheduling-1] Executando buscarPorSituacao
2022-01-18 23:49:00,005 INFO br.com.eleicaoonline.job.IniciarFinalizarEleicaoJob [scheduling-1] Executando o job de finalizar eleições processadas
2022-01-18 23:49:00,005 INFO br.com.eleicaoonline.service.EleicaoService [scheduling-1] Executando buscarPorSituacao
2022-01-18 23:49:00,017 INFO br.com.eleicaoonline.job.IniciarFinalizarEleicaoJob [scheduling-1] Executando o job de iniciar eleição
2022-01-18 23:49:00,018 INFO br.com.eleicaoonline.service.EleicaoService [scheduling-1] Executando buscarPorSituacao
2022-01-18 23:49:00,024 INFO br.com.eleicaoonline.job.CalcularResultadoEleicaoJob [scheduling-1] Executando o job de calcular os resultados das eleições iniciadas
2022-01-18 23:49:00,025 INFO br.com.eleicaoonline.service.EleicaoService [scheduling-1] Executando buscarPorSituacao
2022-01-18 23:49:00,029 INFO br.com.eleicaoonline.job.CalcularResultadoEleicaoJob [scheduling-1] Executando o job de calcular os resultados das eleições com falha
2022-01-18 23:49:00,030 INFO br.com.eleicaoonline.service.EleicaoService [scheduling-1] Executando buscarPorSituacao
2022-01-18 23:50:00,005 INFO br.com.eleicaoonline.job.IniciarFinalizarEleicaoJob [scheduling-1] Executando o job de finalizar eleições processadas
2022-01-18 23:50:00,007 INFO br.com.eleicaoonline.service.EleicaoService [scheduling-1] Executando buscarPorSituacao
2022-01-18 23:50:00,044 INFO br.com.eleicaoonline.job.CalcularResultadoEleicaoJob [scheduling-1] Executando o job de calcular os resultados das eleições iniciadas
2022-01-18 23:50:00,045 INFO br.com.eleicaoonline.service.EleicaoService [scheduling-1] Executando buscarPorSituacao
2022-01-18 23:50:00,056 INFO br.com.eleicaoonline.job.IniciarFinalizarEleicaoJob [scheduling-1] Executando o job de iniciar eleição
2022-01-18 23:50:00,057 INFO br.com.eleicaoonline.service.EleicaoService [scheduling-1] Executando buscarPorSituacao
2022-01-18 23:50:00,063 INFO br.com.eleicaoonline.job.CalcularResultadoEleicaoJob [scheduling-1] Executando o job de calcular os resultados das eleições com falha
2022-01-18 23:50:00,063 INFO br.com.eleicaoonline.service.EleicaoService [scheduling-1] Executando buscarPorSituacao
2022-01-18 23:51:00,004 INFO br.com.eleicaoonline.job.IniciarFinalizarEleicaoJob [scheduling-1] Executando o job de finalizar eleições processadas
2022-01-18 23:51:00,004 INFO br.com.eleicaoonline.service.EleicaoService [scheduling-1] Executando buscarPorSituacao
2022-01-18 23:51:00,014 INFO br.com.eleicaoonline.job.CalcularResultadoEleicaoJob [scheduling-1] Executando o job de calcular os resultados das eleições iniciadas
2022-01-18 23:51:00,015 INFO br.com.eleicaoonline.service.EleicaoService [scheduling-1] Executando buscarPorSituacao
2022-01-18 23:51:00,035 INFO br.com.eleicaoonline.job.IniciarFinalizarEleicaoJob [scheduling-1] Executando o job de iniciar eleição
2022-01-18 23:51:00,035 INFO br.com.eleicaoonline.service.EleicaoService [scheduling-1] Executando buscarPorSituacao
2022-01-18 23:51:00,039 INFO br.com.eleicaoonline.job.CalcularResultadoEleicaoJob [scheduling-1] Executando o job de calcular os resultados das eleições com falha
2022-01-18 23:51:00,040 INFO br.com.eleicaoonline.service.EleicaoService [scheduling-1] Executando buscarPorSituacao
2022-01-18 23:52:00,006 INFO br.com.eleicaoonline.job.IniciarFinalizarEleicaoJob [scheduling-1] Executando o job de iniciar eleição
2022-01-18 23:52:00,007 INFO br.com.eleicaoonline.service.EleicaoService [scheduling-1] Executando buscarPorSituacao
2022-01-18 23:52:00,023 INFO br.com.eleicaoonline.job.CalcularResultadoEleicaoJob [scheduling-1] Executando o job de calcular os resultados das eleições com falha
2022-01-18 23:52:00,024 INFO br.com.eleicaoonline.service.EleicaoService [scheduling-1] Executando buscarPorSituacao
2022-01-18 23:52:00,036 INFO br.com.eleicaoonline.job.CalcularResultadoEleicaoJob [scheduling-1] Executando o job de calcular os resultados das eleições iniciadas
2022-01-18 23:52:00,037 INFO br.com.eleicaoonline.service.EleicaoService [scheduling-1] Executando buscarPorSituacao
2022-01-18 23:52:00,043 INFO br.com.eleicaoonline.job.IniciarFinalizarEleicaoJob [scheduling-1] Executando o job de finalizar eleições processadas
2022-01-18 23:52:00,044 INFO br.com.eleicaoonline.service.EleicaoService [scheduling-1] Executando buscarPorSituacao
2022-01-18 23:53:00,021 INFO br.com.eleicaoonline.job.IniciarFinalizarEleicaoJob [scheduling-1] Executando o job de finalizar eleições processadas
2022-01-18 23:53:00,022 INFO br.com.eleicaoonline.service.EleicaoService [scheduling-1] Executando buscarPorSituacao
2022-01-18 23:53:00,037 INFO br.com.eleicaoonline.job.CalcularResultadoEleicaoJob [scheduling-1] Executando o job de calcular os resultados das eleições com falha
2022-01-18 23:53:00,038 INFO br.com.eleicaoonline.service.EleicaoService [scheduling-1] Executando buscarPorSituacao
2022-01-18 23:53:00,044 INFO br.com.eleicaoonline.job.CalcularResultadoEleicaoJob [scheduling-1] Executando o job de calcular os resultados das eleições iniciadas
2022-01-18 23:53:00,045 INFO br.com.eleicaoonline.service.EleicaoService [scheduling-1] Executando buscarPorSituacao
2022-01-18 23:53:00,048 INFO br.com.eleicaoonline.job.IniciarFinalizarEleicaoJob [scheduling-1] Executando o job de iniciar eleição
2022-01-18 23:53:00,049 INFO br.com.eleicaoonline.service.EleicaoService [scheduling-1] Executando buscarPorSituacao
2022-01-18 23:54:00,018 INFO br.com.eleicaoonline.job.IniciarFinalizarEleicaoJob [scheduling-1] Executando o job de finalizar eleições processadas
2022-01-18 23:54:00,018 INFO br.com.eleicaoonline.service.EleicaoService [scheduling-1] Executando buscarPorSituacao
2022-01-18 23:54:00,025 INFO br.com.eleicaoonline.job.IniciarFinalizarEleicaoJob [scheduling-1] Executando o job de iniciar eleição
2022-01-18 23:54:00,026 INFO br.com.eleicaoonline.service.EleicaoService [scheduling-1] Executando buscarPorSituacao
2022-01-18 23:54:00,032 INFO br.com.eleicaoonline.job.CalcularResultadoEleicaoJob [scheduling-1] Executando o job de calcular os resultados das eleições iniciadas
2022-01-18 23:54:00,033 INFO br.com.eleicaoonline.service.EleicaoService [scheduling-1] Executando buscarPorSituacao
2022-01-18 23:54:00,036 INFO br.com.eleicaoonline.job.CalcularResultadoEleicaoJob [scheduling-1] Executando o job de calcular os resultados das eleições com falha
2022-01-18 23:54:00,037 INFO br.com.eleicaoonline.service.EleicaoService [scheduling-1] Executando buscarPorSituacao
2022-01-18 23:55:00,011 INFO br.com.eleicaoonline.job.IniciarFinalizarEleicaoJob [scheduling-1] Executando o job de iniciar eleição
2022-01-18 23:55:00,012 INFO br.com.eleicaoonline.service.EleicaoService [scheduling-1] Executando buscarPorSituacao
2022-01-18 23:55:00,026 INFO br.com.eleicaoonline.job.CalcularResultadoEleicaoJob [scheduling-1] Executando o job de calcular os resultados das eleições iniciadas
2022-01-18 23:55:00,026 INFO br.com.eleicaoonline.service.EleicaoService [scheduling-1] Executando buscarPorSituacao
2022-01-18 23:55:00,030 INFO br.com.eleicaoonline.job.CalcularResultadoEleicaoJob [scheduling-1] Executando o job de calcular os resultados das eleições com falha
2022-01-18 23:55:00,031 INFO br.com.eleicaoonline.service.EleicaoService [scheduling-1] Executando buscarPorSituacao
2022-01-18 23:55:00,035 INFO br.com.eleicaoonline.job.IniciarFinalizarEleicaoJob [scheduling-1] Executando o job de finalizar eleições processadas
2022-01-18 23:55:00,036 INFO br.com.eleicaoonline.service.EleicaoService [scheduling-1] Executando buscarPorSituacao
2022-01-18 23:56:00,004 INFO br.com.eleicaoonline.job.IniciarFinalizarEleicaoJob [scheduling-1] Executando o job de finalizar eleições processadas
2022-01-18 23:56:00,005 INFO br.com.eleicaoonline.service.EleicaoService [scheduling-1] Executando buscarPorSituacao
2022-01-18 23:56:00,021 INFO br.com.eleicaoonline.job.CalcularResultadoEleicaoJob [scheduling-1] Executando o job de calcular os resultados das eleições iniciadas
2022-01-18 23:56:00,021 INFO br.com.eleicaoonline.service.EleicaoService [scheduling-1] Executando buscarPorSituacao
2022-01-18 23:56:00,025 INFO br.com.eleicaoonline.job.CalcularResultadoEleicaoJob [scheduling-1] Executando o job de calcular os resultados das eleições com falha
2022-01-18 23:56:00,026 INFO br.com.eleicaoonline.service.EleicaoService [scheduling-1] Executando buscarPorSituacao
2022-01-18 23:56:00,033 INFO br.com.eleicaoonline.job.IniciarFinalizarEleicaoJob [scheduling-1] Executando o job de iniciar eleição
2022-01-18 23:56:00,033 INFO br.com.eleicaoonline.service.EleicaoService [scheduling-1] Executando buscarPorSituacao
2022-01-18 23:57:00,002 INFO br.com.eleicaoonline.job.IniciarFinalizarEleicaoJob [scheduling-1] Executando o job de finalizar eleições processadas
2022-01-18 23:57:00,003 INFO br.com.eleicaoonline.service.EleicaoService [scheduling-1] Executando buscarPorSituacao
2022-01-18 23:57:00,018 INFO br.com.eleicaoonline.job.IniciarFinalizarEleicaoJob [scheduling-1] Executando o job de iniciar eleição
2022-01-18 23:57:00,019 INFO br.com.eleicaoonline.service.EleicaoService [scheduling-1] Executando buscarPorSituacao
2022-01-18 23:57:00,041 INFO br.com.eleicaoonline.job.CalcularResultadoEleicaoJob [scheduling-1] Executando o job de calcular os resultados das eleições iniciadas
2022-01-18 23:57:00,041 INFO br.com.eleicaoonline.service.EleicaoService [scheduling-1] Executando buscarPorSituacao
2022-01-18 23:57:00,051 INFO br.com.eleicaoonline.job.CalcularResultadoEleicaoJob [scheduling-1] Executando o job de calcular os resultados das eleições com falha
2022-01-18 23:57:00,052 INFO br.com.eleicaoonline.service.EleicaoService [scheduling-1] Executando buscarPorSituacao
2022-01-18 23:58:00,002 INFO br.com.eleicaoonline.job.IniciarFinalizarEleicaoJob [scheduling-1] Executando o job de finalizar eleições processadas
2022-01-18 23:58:00,003 INFO br.com.eleicaoonline.service.EleicaoService [scheduling-1] Executando buscarPorSituacao
2022-01-18 23:58:00,133 INFO br.com.eleicaoonline.job.CalcularResultadoEleicaoJob [scheduling-1] Executando o job de calcular os resultados das eleições com falha
2022-01-18 23:58:00,134 INFO br.com.eleicaoonline.service.EleicaoService [scheduling-1] Executando buscarPorSituacao
2022-01-18 23:58:00,157 INFO br.com.eleicaoonline.job.CalcularResultadoEleicaoJob [scheduling-1] Executando o job de calcular os resultados das eleições iniciadas
2022-01-18 23:58:00,157 INFO br.com.eleicaoonline.service.EleicaoService [scheduling-1] Executando buscarPorSituacao
2022-01-18 23:58:00,167 INFO br.com.eleicaoonline.job.IniciarFinalizarEleicaoJob [scheduling-1] Executando o job de iniciar eleição
2022-01-18 23:58:00,168 INFO br.com.eleicaoonline.service.EleicaoService [scheduling-1] Executando buscarPorSituacao
2022-01-18 23:59:00,017 INFO br.com.eleicaoonline.job.CalcularResultadoEleicaoJob [scheduling-1] Executando o job de calcular os resultados das eleições iniciadas
2022-01-18 23:59:00,018 INFO br.com.eleicaoonline.service.EleicaoService [scheduling-1] Executando buscarPorSituacao
2022-01-18 23:59:00,068 INFO br.com.eleicaoonline.job.IniciarFinalizarEleicaoJob [scheduling-1] Executando o job de finalizar eleições processadas
2022-01-18 23:59:00,068 INFO br.com.eleicaoonline.service.EleicaoService [scheduling-1] Executando buscarPorSituacao
2022-01-18 23:59:00,094 INFO br.com.eleicaoonline.job.CalcularResultadoEleicaoJob [scheduling-1] Executando o job de calcular os resultados das eleições com falha
2022-01-18 23:59:00,094 INFO br.com.eleicaoonline.service.EleicaoService [scheduling-1] Executando buscarPorSituacao
2022-01-18 23:59:00,146 INFO br.com.eleicaoonline.job.IniciarFinalizarEleicaoJob [scheduling-1] Executando o job de iniciar eleição
2022-01-18 23:59:00,146 INFO br.com.eleicaoonline.service.EleicaoService [scheduling-1] Executando buscarPorSituacao
