2021-12-22 22:38:05,025 INFO org.hibernate.validator.internal.util.Version [background-preinit] HV000001: Hibernate Validator 6.2.0.Final
2021-12-22 22:38:05,041 INFO org.springframework.boot.StartupInfoLogger [restartedMain] Starting EleicaoOnlineApplication using Java 15 on DESKTOP-GB6D24J with PID 13880 (C:\Users\Pedro\Documents\Projetos\pessoais\eleicao-online\eleicao-online-backend\target\classes started by Pedro in C:\Users\Pedro\Documents\Projetos\pessoais\eleicao-online\eleicao-online-backend)
2021-12-22 22:38:05,042 DEBUG org.springframework.boot.StartupInfoLogger [restartedMain] Running with Spring Boot v2.5.5, Spring v5.3.10
2021-12-22 22:38:05,043 INFO org.springframework.boot.SpringApplication [restartedMain] The following profiles are active: dev
2021-12-22 22:38:05,185 INFO org.springframework.boot.logging.DeferredLog [restartedMain] Devtools property defaults active! Set 'spring.devtools.add-properties' to 'false' to disable
2021-12-22 22:38:05,185 INFO org.springframework.boot.logging.DeferredLog [restartedMain] For additional web related logging consider setting the 'logging.level.web' property to 'DEBUG'
2021-12-22 22:38:08,233 INFO org.springframework.data.repository.config.RepositoryConfigurationDelegate [restartedMain] Bootstrapping Spring Data JPA repositories in DEFAULT mode.
2021-12-22 22:38:08,440 INFO org.springframework.data.repository.config.RepositoryConfigurationDelegate [restartedMain] Finished Spring Data repository scanning in 186 ms. Found 7 JPA repository interfaces.
2021-12-22 22:38:09,424 INFO org.springframework.context.support.PostProcessorRegistrationDelegate$BeanPostProcessorChecker [restartedMain] Bean 'springAsyncConfig' of type [br.com.eleicaoonline.config.SpringAsyncConfig$$EnhancerBySpringCGLIB$$b63bcc56] is not eligible for getting processed by all BeanPostProcessors (for example: not eligible for auto-proxying)
2021-12-22 22:38:09,646 INFO org.springframework.context.support.PostProcessorRegistrationDelegate$BeanPostProcessorChecker [restartedMain] Bean 'org.springframework.security.access.expression.method.DefaultMethodSecurityExpressionHandler@726cdcbf' of type [org.springframework.security.access.expression.method.DefaultMethodSecurityExpressionHandler] is not eligible for getting processed by all BeanPostProcessors (for example: not eligible for auto-proxying)
2021-12-22 22:38:09,652 INFO org.springframework.context.support.PostProcessorRegistrationDelegate$BeanPostProcessorChecker [restartedMain] Bean 'methodSecurityConfig' of type [br.com.eleicaoonline.config.MethodSecurityConfig$$EnhancerBySpringCGLIB$$311d5100] is not eligible for getting processed by all BeanPostProcessors (for example: not eligible for auto-proxying)
2021-12-22 22:38:09,675 INFO org.springframework.context.support.PostProcessorRegistrationDelegate$BeanPostProcessorChecker [restartedMain] Bean 'methodSecurityMetadataSource' of type [org.springframework.security.access.method.DelegatingMethodSecurityMetadataSource] is not eligible for getting processed by all BeanPostProcessors (for example: not eligible for auto-proxying)
2021-12-22 22:38:10,988 INFO org.springframework.boot.web.embedded.tomcat.TomcatWebServer [restartedMain] Tomcat initialized with port(s): 8443 (https)
2021-12-22 22:38:11,014 INFO org.apache.juli.logging.DirectJDKLog [restartedMain] Initializing ProtocolHandler ["https-jsse-nio-8443"]
2021-12-22 22:38:11,015 INFO org.apache.juli.logging.DirectJDKLog [restartedMain] Starting service [Tomcat]
2021-12-22 22:38:11,017 INFO org.apache.juli.logging.DirectJDKLog [restartedMain] Starting Servlet engine: [Apache Tomcat/9.0.53]
2021-12-22 22:38:11,377 INFO org.apache.juli.logging.DirectJDKLog [restartedMain] Initializing Spring embedded WebApplicationContext
2021-12-22 22:38:11,378 INFO org.springframework.boot.web.servlet.context.ServletWebServerApplicationContext [restartedMain] Root WebApplicationContext: initialization completed in 6191 ms
2021-12-22 22:38:11,737 DEBUG org.springframework.web.filter.GenericFilterBean [restartedMain] Filter 'jwtRequestFilter' configured for use
2021-12-22 22:38:12,101 INFO org.hibernate.jpa.internal.util.LogHelper [restartedMain] HHH000204: Processing PersistenceUnitInfo [name: default]
2021-12-22 22:38:12,246 INFO org.hibernate.Version [restartedMain] HHH000412: Hibernate ORM core version 5.4.32.Final
2021-12-22 22:38:12,594 INFO org.hibernate.annotations.common.reflection.java.JavaReflectionManager [restartedMain] HCANN000001: Hibernate Commons Annotations {5.1.2.Final}
2021-12-22 22:38:12,888 INFO com.zaxxer.hikari.HikariDataSource [restartedMain] HikariPool-1 - Starting...
2021-12-22 22:38:16,058 ERROR com.zaxxer.hikari.pool.HikariPool [restartedMain] HikariPool-1 - Exception during pool initialization.
org.postgresql.util.PSQLException: Connection to localhost:5432 refused. Check that the hostname and port are correct and that the postmaster is accepting TCP/IP connections.
	at org.postgresql.core.v3.ConnectionFactoryImpl.openConnectionImpl(ConnectionFactoryImpl.java:303)
	at org.postgresql.core.ConnectionFactory.openConnection(ConnectionFactory.java:51)
	at org.postgresql.jdbc.PgConnection.<init>(PgConnection.java:223)
	at org.postgresql.Driver.makeConnection(Driver.java:465)
	at org.postgresql.Driver.connect(Driver.java:264)
	at com.zaxxer.hikari.util.DriverDataSource.getConnection(DriverDataSource.java:138)
	at com.zaxxer.hikari.pool.PoolBase.newConnection(PoolBase.java:364)
	at com.zaxxer.hikari.pool.PoolBase.newPoolEntry(PoolBase.java:206)
	at com.zaxxer.hikari.pool.HikariPool.createPoolEntry(HikariPool.java:476)
	at com.zaxxer.hikari.pool.HikariPool.checkFailFast(HikariPool.java:561)
	at com.zaxxer.hikari.pool.HikariPool.<init>(HikariPool.java:115)
	at com.zaxxer.hikari.HikariDataSource.getConnection(HikariDataSource.java:112)
	at org.hibernate.engine.jdbc.connections.internal.DatasourceConnectionProviderImpl.getConnection(DatasourceConnectionProviderImpl.java:122)
	at org.hibernate.engine.jdbc.env.internal.JdbcEnvironmentInitiator$ConnectionProviderJdbcConnectionAccess.obtainConnection(JdbcEnvironmentInitiator.java:180)
	at org.hibernate.engine.jdbc.env.internal.JdbcEnvironmentInitiator.initiateService(JdbcEnvironmentInitiator.java:68)
	at org.hibernate.engine.jdbc.env.internal.JdbcEnvironmentInitiator.initiateService(JdbcEnvironmentInitiator.java:35)
	at org.hibernate.boot.registry.internal.StandardServiceRegistryImpl.initiateService(StandardServiceRegistryImpl.java:101)
	at org.hibernate.service.internal.AbstractServiceRegistryImpl.createService(AbstractServiceRegistryImpl.java:263)
	at org.hibernate.service.internal.AbstractServiceRegistryImpl.initializeService(AbstractServiceRegistryImpl.java:237)
	at org.hibernate.service.internal.AbstractServiceRegistryImpl.getService(AbstractServiceRegistryImpl.java:214)
	at org.hibernate.id.factory.internal.DefaultIdentifierGeneratorFactory.injectServices(DefaultIdentifierGeneratorFactory.java:152)
	at org.hibernate.service.internal.AbstractServiceRegistryImpl.injectDependencies(AbstractServiceRegistryImpl.java:286)
	at org.hibernate.service.internal.AbstractServiceRegistryImpl.initializeService(AbstractServiceRegistryImpl.java:243)
	at org.hibernate.service.internal.AbstractServiceRegistryImpl.getService(AbstractServiceRegistryImpl.java:214)
	at org.hibernate.boot.internal.InFlightMetadataCollectorImpl.<init>(InFlightMetadataCollectorImpl.java:176)
	at org.hibernate.boot.model.process.spi.MetadataBuildingProcess.complete(MetadataBuildingProcess.java:127)
	at org.hibernate.jpa.boot.internal.EntityManagerFactoryBuilderImpl.metadata(EntityManagerFactoryBuilderImpl.java:1224)
	at org.hibernate.jpa.boot.internal.EntityManagerFactoryBuilderImpl.build(EntityManagerFactoryBuilderImpl.java:1255)
	at org.springframework.orm.jpa.vendor.SpringHibernateJpaPersistenceProvider.createContainerEntityManagerFactory(SpringHibernateJpaPersistenceProvider.java:58)
	at org.springframework.orm.jpa.LocalContainerEntityManagerFactoryBean.createNativeEntityManagerFactory(LocalContainerEntityManagerFactoryBean.java:365)
	at org.springframework.orm.jpa.AbstractEntityManagerFactoryBean.buildNativeEntityManagerFactory(AbstractEntityManagerFactoryBean.java:409)
	at org.springframework.orm.jpa.AbstractEntityManagerFactoryBean.afterPropertiesSet(AbstractEntityManagerFactoryBean.java:396)
	at org.springframework.orm.jpa.LocalContainerEntityManagerFactoryBean.afterPropertiesSet(LocalContainerEntityManagerFactoryBean.java:341)
	at org.springframework.beans.factory.support.AbstractAutowireCapableBeanFactory.invokeInitMethods(AbstractAutowireCapableBeanFactory.java:1863)
	at org.springframework.beans.factory.support.AbstractAutowireCapableBeanFactory.initializeBean(AbstractAutowireCapableBeanFactory.java:1800)
	at org.springframework.beans.factory.support.AbstractAutowireCapableBeanFactory.doCreateBean(AbstractAutowireCapableBeanFactory.java:620)
	at org.springframework.beans.factory.support.AbstractAutowireCapableBeanFactory.createBean(AbstractAutowireCapableBeanFactory.java:542)
	at org.springframework.beans.factory.support.AbstractBeanFactory.lambda$doGetBean$0(AbstractBeanFactory.java:335)
	at org.springframework.beans.factory.support.DefaultSingletonBeanRegistry.getSingleton(DefaultSingletonBeanRegistry.java:234)
	at org.springframework.beans.factory.support.AbstractBeanFactory.doGetBean(AbstractBeanFactory.java:333)
	at org.springframework.beans.factory.support.AbstractBeanFactory.getBean(AbstractBeanFactory.java:208)
	at org.springframework.context.support.AbstractApplicationContext.getBean(AbstractApplicationContext.java:1154)
	at org.springframework.context.support.AbstractApplicationContext.finishBeanFactoryInitialization(AbstractApplicationContext.java:908)
	at org.springframework.context.support.AbstractApplicationContext.refresh(AbstractApplicationContext.java:583)
	at org.springframework.boot.web.servlet.context.ServletWebServerApplicationContext.refresh(ServletWebServerApplicationContext.java:145)
	at org.springframework.boot.SpringApplication.refresh(SpringApplication.java:754)
	at org.springframework.boot.SpringApplication.refreshContext(SpringApplication.java:434)
	at org.springframework.boot.SpringApplication.run(SpringApplication.java:338)
	at org.springframework.boot.SpringApplication.run(SpringApplication.java:1343)
	at org.springframework.boot.SpringApplication.run(SpringApplication.java:1332)
	at br.com.eleicaoonline.EleicaoOnlineApplication.main(EleicaoOnlineApplication.java:16)
	at java.base/jdk.internal.reflect.NativeMethodAccessorImpl.invoke0(Native Method)
	at java.base/jdk.internal.reflect.NativeMethodAccessorImpl.invoke(NativeMethodAccessorImpl.java:64)
	at java.base/jdk.internal.reflect.DelegatingMethodAccessorImpl.invoke(DelegatingMethodAccessorImpl.java:43)
	at java.base/java.lang.reflect.Method.invoke(Method.java:564)
	at org.springframework.boot.devtools.restart.RestartLauncher.run(RestartLauncher.java:49)
Caused by: java.net.ConnectException: Connection refused: no further information
	at java.base/sun.nio.ch.Net.pollConnect(Native Method)
	at java.base/sun.nio.ch.Net.pollConnectNow(Net.java:660)
	at java.base/sun.nio.ch.NioSocketImpl.timedFinishConnect(NioSocketImpl.java:549)
	at java.base/sun.nio.ch.NioSocketImpl.connect(NioSocketImpl.java:597)
	at java.base/java.net.SocksSocketImpl.connect(SocksSocketImpl.java:333)
	at java.base/java.net.Socket.connect(Socket.java:648)
	at org.postgresql.core.PGStream.createSocket(PGStream.java:231)
	at org.postgresql.core.PGStream.<init>(PGStream.java:95)
	at org.postgresql.core.v3.ConnectionFactoryImpl.tryConnect(ConnectionFactoryImpl.java:98)
	at org.postgresql.core.v3.ConnectionFactoryImpl.openConnectionImpl(ConnectionFactoryImpl.java:213)
	... 55 common frames omitted
2021-12-22 22:38:16,064 WARN org.hibernate.engine.jdbc.env.internal.JdbcEnvironmentInitiator [restartedMain] HHH000342: Could not obtain connection to query metadata
org.postgresql.util.PSQLException: Connection to localhost:5432 refused. Check that the hostname and port are correct and that the postmaster is accepting TCP/IP connections.
	at org.postgresql.core.v3.ConnectionFactoryImpl.openConnectionImpl(ConnectionFactoryImpl.java:303)
	at org.postgresql.core.ConnectionFactory.openConnection(ConnectionFactory.java:51)
	at org.postgresql.jdbc.PgConnection.<init>(PgConnection.java:223)
	at org.postgresql.Driver.makeConnection(Driver.java:465)
	at org.postgresql.Driver.connect(Driver.java:264)
	at com.zaxxer.hikari.util.DriverDataSource.getConnection(DriverDataSource.java:138)
	at com.zaxxer.hikari.pool.PoolBase.newConnection(PoolBase.java:364)
	at com.zaxxer.hikari.pool.PoolBase.newPoolEntry(PoolBase.java:206)
	at com.zaxxer.hikari.pool.HikariPool.createPoolEntry(HikariPool.java:476)
	at com.zaxxer.hikari.pool.HikariPool.checkFailFast(HikariPool.java:561)
	at com.zaxxer.hikari.pool.HikariPool.<init>(HikariPool.java:115)
	at com.zaxxer.hikari.HikariDataSource.getConnection(HikariDataSource.java:112)
	at org.hibernate.engine.jdbc.connections.internal.DatasourceConnectionProviderImpl.getConnection(DatasourceConnectionProviderImpl.java:122)
	at org.hibernate.engine.jdbc.env.internal.JdbcEnvironmentInitiator$ConnectionProviderJdbcConnectionAccess.obtainConnection(JdbcEnvironmentInitiator.java:180)
	at org.hibernate.engine.jdbc.env.internal.JdbcEnvironmentInitiator.initiateService(JdbcEnvironmentInitiator.java:68)
	at org.hibernate.engine.jdbc.env.internal.JdbcEnvironmentInitiator.initiateService(JdbcEnvironmentInitiator.java:35)
	at org.hibernate.boot.registry.internal.StandardServiceRegistryImpl.initiateService(StandardServiceRegistryImpl.java:101)
	at org.hibernate.service.internal.AbstractServiceRegistryImpl.createService(AbstractServiceRegistryImpl.java:263)
	at org.hibernate.service.internal.AbstractServiceRegistryImpl.initializeService(AbstractServiceRegistryImpl.java:237)
	at org.hibernate.service.internal.AbstractServiceRegistryImpl.getService(AbstractServiceRegistryImpl.java:214)
	at org.hibernate.id.factory.internal.DefaultIdentifierGeneratorFactory.injectServices(DefaultIdentifierGeneratorFactory.java:152)
	at org.hibernate.service.internal.AbstractServiceRegistryImpl.injectDependencies(AbstractServiceRegistryImpl.java:286)
	at org.hibernate.service.internal.AbstractServiceRegistryImpl.initializeService(AbstractServiceRegistryImpl.java:243)
	at org.hibernate.service.internal.AbstractServiceRegistryImpl.getService(AbstractServiceRegistryImpl.java:214)
	at org.hibernate.boot.internal.InFlightMetadataCollectorImpl.<init>(InFlightMetadataCollectorImpl.java:176)
	at org.hibernate.boot.model.process.spi.MetadataBuildingProcess.complete(MetadataBuildingProcess.java:127)
	at org.hibernate.jpa.boot.internal.EntityManagerFactoryBuilderImpl.metadata(EntityManagerFactoryBuilderImpl.java:1224)
	at org.hibernate.jpa.boot.internal.EntityManagerFactoryBuilderImpl.build(EntityManagerFactoryBuilderImpl.java:1255)
	at org.springframework.orm.jpa.vendor.SpringHibernateJpaPersistenceProvider.createContainerEntityManagerFactory(SpringHibernateJpaPersistenceProvider.java:58)
	at org.springframework.orm.jpa.LocalContainerEntityManagerFactoryBean.createNativeEntityManagerFactory(LocalContainerEntityManagerFactoryBean.java:365)
	at org.springframework.orm.jpa.AbstractEntityManagerFactoryBean.buildNativeEntityManagerFactory(AbstractEntityManagerFactoryBean.java:409)
	at org.springframework.orm.jpa.AbstractEntityManagerFactoryBean.afterPropertiesSet(AbstractEntityManagerFactoryBean.java:396)
	at org.springframework.orm.jpa.LocalContainerEntityManagerFactoryBean.afterPropertiesSet(LocalContainerEntityManagerFactoryBean.java:341)
	at org.springframework.beans.factory.support.AbstractAutowireCapableBeanFactory.invokeInitMethods(AbstractAutowireCapableBeanFactory.java:1863)
	at org.springframework.beans.factory.support.AbstractAutowireCapableBeanFactory.initializeBean(AbstractAutowireCapableBeanFactory.java:1800)
	at org.springframework.beans.factory.support.AbstractAutowireCapableBeanFactory.doCreateBean(AbstractAutowireCapableBeanFactory.java:620)
	at org.springframework.beans.factory.support.AbstractAutowireCapableBeanFactory.createBean(AbstractAutowireCapableBeanFactory.java:542)
	at org.springframework.beans.factory.support.AbstractBeanFactory.lambda$doGetBean$0(AbstractBeanFactory.java:335)
	at org.springframework.beans.factory.support.DefaultSingletonBeanRegistry.getSingleton(DefaultSingletonBeanRegistry.java:234)
	at org.springframework.beans.factory.support.AbstractBeanFactory.doGetBean(AbstractBeanFactory.java:333)
	at org.springframework.beans.factory.support.AbstractBeanFactory.getBean(AbstractBeanFactory.java:208)
	at org.springframework.context.support.AbstractApplicationContext.getBean(AbstractApplicationContext.java:1154)
	at org.springframework.context.support.AbstractApplicationContext.finishBeanFactoryInitialization(AbstractApplicationContext.java:908)
	at org.springframework.context.support.AbstractApplicationContext.refresh(AbstractApplicationContext.java:583)
	at org.springframework.boot.web.servlet.context.ServletWebServerApplicationContext.refresh(ServletWebServerApplicationContext.java:145)
	at org.springframework.boot.SpringApplication.refresh(SpringApplication.java:754)
	at org.springframework.boot.SpringApplication.refreshContext(SpringApplication.java:434)
	at org.springframework.boot.SpringApplication.run(SpringApplication.java:338)
	at org.springframework.boot.SpringApplication.run(SpringApplication.java:1343)
	at org.springframework.boot.SpringApplication.run(SpringApplication.java:1332)
	at br.com.eleicaoonline.EleicaoOnlineApplication.main(EleicaoOnlineApplication.java:16)
	at java.base/jdk.internal.reflect.NativeMethodAccessorImpl.invoke0(Native Method)
	at java.base/jdk.internal.reflect.NativeMethodAccessorImpl.invoke(NativeMethodAccessorImpl.java:64)
	at java.base/jdk.internal.reflect.DelegatingMethodAccessorImpl.invoke(DelegatingMethodAccessorImpl.java:43)
	at java.base/java.lang.reflect.Method.invoke(Method.java:564)
	at org.springframework.boot.devtools.restart.RestartLauncher.run(RestartLauncher.java:49)
Caused by: java.net.ConnectException: Connection refused: no further information
	at java.base/sun.nio.ch.Net.pollConnect(Native Method)
	at java.base/sun.nio.ch.Net.pollConnectNow(Net.java:660)
	at java.base/sun.nio.ch.NioSocketImpl.timedFinishConnect(NioSocketImpl.java:549)
	at java.base/sun.nio.ch.NioSocketImpl.connect(NioSocketImpl.java:597)
	at java.base/java.net.SocksSocketImpl.connect(SocksSocketImpl.java:333)
	at java.base/java.net.Socket.connect(Socket.java:648)
	at org.postgresql.core.PGStream.createSocket(PGStream.java:231)
	at org.postgresql.core.PGStream.<init>(PGStream.java:95)
	at org.postgresql.core.v3.ConnectionFactoryImpl.tryConnect(ConnectionFactoryImpl.java:98)
	at org.postgresql.core.v3.ConnectionFactoryImpl.openConnectionImpl(ConnectionFactoryImpl.java:213)
	... 55 common frames omitted
2021-12-22 22:38:16,079 ERROR org.springframework.orm.jpa.AbstractEntityManagerFactoryBean [restartedMain] Failed to initialize JPA EntityManagerFactory: Unable to create requested service [org.hibernate.engine.jdbc.env.spi.JdbcEnvironment]
2021-12-22 22:38:16,081 WARN org.springframework.context.support.AbstractApplicationContext [restartedMain] Exception encountered during context initialization - cancelling refresh attempt: org.springframework.beans.factory.BeanCreationException: Error creating bean with name 'entityManagerFactory' defined in class path resource [org/springframework/boot/autoconfigure/orm/jpa/HibernateJpaConfiguration.class]: Invocation of init method failed; nested exception is org.hibernate.service.spi.ServiceException: Unable to create requested service [org.hibernate.engine.jdbc.env.spi.JdbcEnvironment]
2021-12-22 22:38:16,093 INFO org.apache.juli.logging.DirectJDKLog [restartedMain] Stopping service [Tomcat]
2021-12-22 22:38:16,122 INFO org.springframework.boot.autoconfigure.logging.ConditionEvaluationReportLoggingListener [restartedMain] 

Error starting ApplicationContext. To display the conditions report re-run your application with 'debug' enabled.
2021-12-22 22:38:16,192 ERROR org.springframework.boot.SpringApplication [restartedMain] Application run failed
org.springframework.beans.factory.BeanCreationException: Error creating bean with name 'entityManagerFactory' defined in class path resource [org/springframework/boot/autoconfigure/orm/jpa/HibernateJpaConfiguration.class]: Invocation of init method failed; nested exception is org.hibernate.service.spi.ServiceException: Unable to create requested service [org.hibernate.engine.jdbc.env.spi.JdbcEnvironment]
	at org.springframework.beans.factory.support.AbstractAutowireCapableBeanFactory.initializeBean(AbstractAutowireCapableBeanFactory.java:1804)
	at org.springframework.beans.factory.support.AbstractAutowireCapableBeanFactory.doCreateBean(AbstractAutowireCapableBeanFactory.java:620)
	at org.springframework.beans.factory.support.AbstractAutowireCapableBeanFactory.createBean(AbstractAutowireCapableBeanFactory.java:542)
	at org.springframework.beans.factory.support.AbstractBeanFactory.lambda$doGetBean$0(AbstractBeanFactory.java:335)
	at org.springframework.beans.factory.support.DefaultSingletonBeanRegistry.getSingleton(DefaultSingletonBeanRegistry.java:234)
	at org.springframework.beans.factory.support.AbstractBeanFactory.doGetBean(AbstractBeanFactory.java:333)
	at org.springframework.beans.factory.support.AbstractBeanFactory.getBean(AbstractBeanFactory.java:208)
	at org.springframework.context.support.AbstractApplicationContext.getBean(AbstractApplicationContext.java:1154)
	at org.springframework.context.support.AbstractApplicationContext.finishBeanFactoryInitialization(AbstractApplicationContext.java:908)
	at org.springframework.context.support.AbstractApplicationContext.refresh(AbstractApplicationContext.java:583)
	at org.springframework.boot.web.servlet.context.ServletWebServerApplicationContext.refresh(ServletWebServerApplicationContext.java:145)
	at org.springframework.boot.SpringApplication.refresh(SpringApplication.java:754)
	at org.springframework.boot.SpringApplication.refreshContext(SpringApplication.java:434)
	at org.springframework.boot.SpringApplication.run(SpringApplication.java:338)
	at org.springframework.boot.SpringApplication.run(SpringApplication.java:1343)
	at org.springframework.boot.SpringApplication.run(SpringApplication.java:1332)
	at br.com.eleicaoonline.EleicaoOnlineApplication.main(EleicaoOnlineApplication.java:16)
	at java.base/jdk.internal.reflect.NativeMethodAccessorImpl.invoke0(Native Method)
	at java.base/jdk.internal.reflect.NativeMethodAccessorImpl.invoke(NativeMethodAccessorImpl.java:64)
	at java.base/jdk.internal.reflect.DelegatingMethodAccessorImpl.invoke(DelegatingMethodAccessorImpl.java:43)
	at java.base/java.lang.reflect.Method.invoke(Method.java:564)
	at org.springframework.boot.devtools.restart.RestartLauncher.run(RestartLauncher.java:49)
Caused by: org.hibernate.service.spi.ServiceException: Unable to create requested service [org.hibernate.engine.jdbc.env.spi.JdbcEnvironment]
	at org.hibernate.service.internal.AbstractServiceRegistryImpl.createService(AbstractServiceRegistryImpl.java:275)
	at org.hibernate.service.internal.AbstractServiceRegistryImpl.initializeService(AbstractServiceRegistryImpl.java:237)
	at org.hibernate.service.internal.AbstractServiceRegistryImpl.getService(AbstractServiceRegistryImpl.java:214)
	at org.hibernate.id.factory.internal.DefaultIdentifierGeneratorFactory.injectServices(DefaultIdentifierGeneratorFactory.java:152)
	at org.hibernate.service.internal.AbstractServiceRegistryImpl.injectDependencies(AbstractServiceRegistryImpl.java:286)
	at org.hibernate.service.internal.AbstractServiceRegistryImpl.initializeService(AbstractServiceRegistryImpl.java:243)
	at org.hibernate.service.internal.AbstractServiceRegistryImpl.getService(AbstractServiceRegistryImpl.java:214)
	at org.hibernate.boot.internal.InFlightMetadataCollectorImpl.<init>(InFlightMetadataCollectorImpl.java:176)
	at org.hibernate.boot.model.process.spi.MetadataBuildingProcess.complete(MetadataBuildingProcess.java:127)
	at org.hibernate.jpa.boot.internal.EntityManagerFactoryBuilderImpl.metadata(EntityManagerFactoryBuilderImpl.java:1224)
	at org.hibernate.jpa.boot.internal.EntityManagerFactoryBuilderImpl.build(EntityManagerFactoryBuilderImpl.java:1255)
	at org.springframework.orm.jpa.vendor.SpringHibernateJpaPersistenceProvider.createContainerEntityManagerFactory(SpringHibernateJpaPersistenceProvider.java:58)
	at org.springframework.orm.jpa.LocalContainerEntityManagerFactoryBean.createNativeEntityManagerFactory(LocalContainerEntityManagerFactoryBean.java:365)
	at org.springframework.orm.jpa.AbstractEntityManagerFactoryBean.buildNativeEntityManagerFactory(AbstractEntityManagerFactoryBean.java:409)
	at org.springframework.orm.jpa.AbstractEntityManagerFactoryBean.afterPropertiesSet(AbstractEntityManagerFactoryBean.java:396)
	at org.springframework.orm.jpa.LocalContainerEntityManagerFactoryBean.afterPropertiesSet(LocalContainerEntityManagerFactoryBean.java:341)
	at org.springframework.beans.factory.support.AbstractAutowireCapableBeanFactory.invokeInitMethods(AbstractAutowireCapableBeanFactory.java:1863)
	at org.springframework.beans.factory.support.AbstractAutowireCapableBeanFactory.initializeBean(AbstractAutowireCapableBeanFactory.java:1800)
	... 21 common frames omitted
Caused by: org.hibernate.HibernateException: Access to DialectResolutionInfo cannot be null when 'hibernate.dialect' not set
	at org.hibernate.engine.jdbc.dialect.internal.DialectFactoryImpl.determineDialect(DialectFactoryImpl.java:100)
	at org.hibernate.engine.jdbc.dialect.internal.DialectFactoryImpl.buildDialect(DialectFactoryImpl.java:54)
	at org.hibernate.engine.jdbc.env.internal.JdbcEnvironmentInitiator.initiateService(JdbcEnvironmentInitiator.java:137)
	at org.hibernate.engine.jdbc.env.internal.JdbcEnvironmentInitiator.initiateService(JdbcEnvironmentInitiator.java:35)
	at org.hibernate.boot.registry.internal.StandardServiceRegistryImpl.initiateService(StandardServiceRegistryImpl.java:101)
	at org.hibernate.service.internal.AbstractServiceRegistryImpl.createService(AbstractServiceRegistryImpl.java:263)
	... 38 common frames omitted
2021-12-22 22:53:39,114 INFO org.springframework.boot.StartupInfoLogger [restartedMain] Starting EleicaoOnlineApplication using Java 15 on DESKTOP-GB6D24J with PID 13300 (C:\Users\Pedro\Documents\Projetos\pessoais\eleicao-online\eleicao-online-backend\target\classes started by Pedro in C:\Users\Pedro\Documents\Projetos\pessoais\eleicao-online\eleicao-online-backend)
2021-12-22 22:53:39,124 DEBUG org.springframework.boot.StartupInfoLogger [restartedMain] Running with Spring Boot v2.5.5, Spring v5.3.10
2021-12-22 22:53:39,124 INFO org.springframework.boot.SpringApplication [restartedMain] The following profiles are active: dev
2021-12-22 22:53:39,131 INFO org.hibernate.validator.internal.util.Version [background-preinit] HV000001: Hibernate Validator 6.2.0.Final
2021-12-22 22:53:39,326 INFO org.springframework.boot.logging.DeferredLog [restartedMain] Devtools property defaults active! Set 'spring.devtools.add-properties' to 'false' to disable
2021-12-22 22:53:39,326 INFO org.springframework.boot.logging.DeferredLog [restartedMain] For additional web related logging consider setting the 'logging.level.web' property to 'DEBUG'
2021-12-22 22:53:42,606 INFO org.springframework.data.repository.config.RepositoryConfigurationDelegate [restartedMain] Bootstrapping Spring Data JPA repositories in DEFAULT mode.
2021-12-22 22:53:42,870 INFO org.springframework.data.repository.config.RepositoryConfigurationDelegate [restartedMain] Finished Spring Data repository scanning in 249 ms. Found 7 JPA repository interfaces.
2021-12-22 22:53:44,332 INFO org.springframework.context.support.PostProcessorRegistrationDelegate$BeanPostProcessorChecker [restartedMain] Bean 'springAsyncConfig' of type [br.com.eleicaoonline.config.SpringAsyncConfig$$EnhancerBySpringCGLIB$$7ec1c56e] is not eligible for getting processed by all BeanPostProcessors (for example: not eligible for auto-proxying)
2021-12-22 22:53:44,654 INFO org.springframework.context.support.PostProcessorRegistrationDelegate$BeanPostProcessorChecker [restartedMain] Bean 'org.springframework.security.access.expression.method.DefaultMethodSecurityExpressionHandler@5de66093' of type [org.springframework.security.access.expression.method.DefaultMethodSecurityExpressionHandler] is not eligible for getting processed by all BeanPostProcessors (for example: not eligible for auto-proxying)
2021-12-22 22:53:44,667 INFO org.springframework.context.support.PostProcessorRegistrationDelegate$BeanPostProcessorChecker [restartedMain] Bean 'methodSecurityConfig' of type [br.com.eleicaoonline.config.MethodSecurityConfig$$EnhancerBySpringCGLIB$$f9a34a18] is not eligible for getting processed by all BeanPostProcessors (for example: not eligible for auto-proxying)
2021-12-22 22:53:44,710 INFO org.springframework.context.support.PostProcessorRegistrationDelegate$BeanPostProcessorChecker [restartedMain] Bean 'methodSecurityMetadataSource' of type [org.springframework.security.access.method.DelegatingMethodSecurityMetadataSource] is not eligible for getting processed by all BeanPostProcessors (for example: not eligible for auto-proxying)
2021-12-22 22:53:47,156 INFO org.springframework.boot.web.embedded.tomcat.TomcatWebServer [restartedMain] Tomcat initialized with port(s): 8443 (https)
2021-12-22 22:53:47,180 INFO org.apache.juli.logging.DirectJDKLog [restartedMain] Initializing ProtocolHandler ["https-jsse-nio-8443"]
2021-12-22 22:53:47,182 INFO org.apache.juli.logging.DirectJDKLog [restartedMain] Starting service [Tomcat]
2021-12-22 22:53:47,184 INFO org.apache.juli.logging.DirectJDKLog [restartedMain] Starting Servlet engine: [Apache Tomcat/9.0.53]
2021-12-22 22:53:47,747 INFO org.apache.juli.logging.DirectJDKLog [restartedMain] Initializing Spring embedded WebApplicationContext
2021-12-22 22:53:47,747 INFO org.springframework.boot.web.servlet.context.ServletWebServerApplicationContext [restartedMain] Root WebApplicationContext: initialization completed in 8419 ms
2021-12-22 22:53:48,329 DEBUG org.springframework.web.filter.GenericFilterBean [restartedMain] Filter 'jwtRequestFilter' configured for use
2021-12-22 22:53:49,215 INFO org.hibernate.jpa.internal.util.LogHelper [restartedMain] HHH000204: Processing PersistenceUnitInfo [name: default]
2021-12-22 22:53:49,362 INFO org.hibernate.Version [restartedMain] HHH000412: Hibernate ORM core version 5.4.32.Final
2021-12-22 22:53:49,898 INFO org.hibernate.annotations.common.reflection.java.JavaReflectionManager [restartedMain] HCANN000001: Hibernate Commons Annotations {5.1.2.Final}
2021-12-22 22:53:50,147 INFO com.zaxxer.hikari.HikariDataSource [restartedMain] HikariPool-1 - Starting...
2021-12-22 22:53:50,500 INFO com.zaxxer.hikari.HikariDataSource [restartedMain] HikariPool-1 - Start completed.
2021-12-22 22:53:50,561 INFO org.hibernate.dialect.Dialect [restartedMain] HHH000400: Using dialect: org.hibernate.dialect.PostgreSQL10Dialect
2021-12-22 22:53:53,156 INFO org.hibernate.engine.transaction.jta.platform.internal.JtaPlatformInitiator [restartedMain] HHH000490: Using JtaPlatform implementation: [org.hibernate.engine.transaction.jta.platform.internal.NoJtaPlatform]
2021-12-22 22:53:53,169 INFO org.springframework.orm.jpa.AbstractEntityManagerFactoryBean [restartedMain] Initialized JPA EntityManagerFactory for persistence unit 'default'
2021-12-22 22:53:53,445 WARN org.springframework.boot.autoconfigure.orm.jpa.JpaBaseConfiguration$JpaWebConfiguration [restartedMain] spring.jpa.open-in-view is enabled by default. Therefore, database queries may be performed during view rendering. Explicitly configure spring.jpa.open-in-view to disable this warning
2021-12-22 22:53:57,890 INFO org.springframework.security.web.DefaultSecurityFilterChain [restartedMain] Will secure any request with [org.springframework.security.web.context.request.async.WebAsyncManagerIntegrationFilter@5c9032c5, org.springframework.security.web.context.SecurityContextPersistenceFilter@12ba15e3, org.springframework.security.web.header.HeaderWriterFilter@5ab8b8d1, org.springframework.web.filter.CorsFilter@7517bdc6, org.springframework.security.web.authentication.logout.LogoutFilter@68baea5c, org.springframework.security.oauth2.client.web.OAuth2AuthorizationRequestRedirectFilter@4f6b3d33, org.springframework.security.oauth2.client.web.OAuth2LoginAuthenticationFilter@31cc60e7, org.springframework.security.web.authentication.ui.DefaultLoginPageGeneratingFilter@3671d96, org.springframework.security.web.authentication.ui.DefaultLogoutPageGeneratingFilter@786daede, org.springframework.security.web.savedrequest.RequestCacheAwareFilter@677f92eb, org.springframework.security.web.servletapi.SecurityContextHolderAwareRequestFilter@b5bbc3f, org.springframework.security.web.authentication.AnonymousAuthenticationFilter@479c338f, org.springframework.security.web.session.SessionManagementFilter@33f48b91, org.springframework.security.web.access.ExceptionTranslationFilter@4513d07, org.springframework.security.web.access.intercept.FilterSecurityInterceptor@7165ca18]
2021-12-22 22:53:58,179 INFO org.springframework.boot.devtools.autoconfigure.OptionalLiveReloadServer [restartedMain] LiveReload server is running on port 35729
2021-12-22 22:53:58,855 INFO org.quartz.impl.StdSchedulerFactory [restartedMain] Using default implementation for ThreadExecutor
2021-12-22 22:53:58,877 INFO org.quartz.core.SchedulerSignalerImpl [restartedMain] Initialized Scheduler Signaller of type: class org.quartz.core.SchedulerSignalerImpl
2021-12-22 22:53:58,878 INFO org.quartz.core.QuartzScheduler [restartedMain] Quartz Scheduler v.2.3.2 created.
2021-12-22 22:53:58,880 INFO org.quartz.simpl.RAMJobStore [restartedMain] RAMJobStore initialized.
2021-12-22 22:53:58,883 INFO org.quartz.core.QuartzScheduler [restartedMain] Scheduler meta-data: Quartz Scheduler (v2.3.2) 'quartzScheduler' with instanceId 'NON_CLUSTERED'
  Scheduler class: 'org.quartz.core.QuartzScheduler' - running locally.
  NOT STARTED.
  Currently in standby mode.
  Number of jobs executed: 0
  Using thread pool 'org.quartz.simpl.SimpleThreadPool' - with 10 threads.
  Using job-store 'org.quartz.simpl.RAMJobStore' - which does not support persistence. and is not clustered.

2021-12-22 22:53:58,884 INFO org.quartz.impl.StdSchedulerFactory [restartedMain] Quartz scheduler 'quartzScheduler' initialized from an externally provided properties instance.
2021-12-22 22:53:58,885 INFO org.quartz.impl.StdSchedulerFactory [restartedMain] Quartz scheduler version: 2.3.2
2021-12-22 22:53:58,885 INFO org.quartz.core.QuartzScheduler [restartedMain] JobFactory set to: org.springframework.scheduling.quartz.SpringBeanJobFactory@7b39c53
2021-12-22 22:53:59,225 INFO org.apache.juli.logging.DirectJDKLog [restartedMain] Starting ProtocolHandler ["https-jsse-nio-8443"]
2021-12-22 22:54:00,364 INFO org.springframework.boot.web.embedded.tomcat.TomcatWebServer [restartedMain] Tomcat started on port(s): 8443 (https) with context path ''
2021-12-22 22:54:00,841 INFO org.springframework.scheduling.quartz.SchedulerFactoryBean [restartedMain] Starting Quartz Scheduler now
2021-12-22 22:54:00,842 INFO org.quartz.core.QuartzScheduler [restartedMain] Scheduler quartzScheduler_$_NON_CLUSTERED started.
2021-12-22 22:54:00,873 INFO org.springframework.boot.StartupInfoLogger [restartedMain] Started EleicaoOnlineApplication in 22.946 seconds (JVM running for 24.082)
2021-12-22 22:55:00,065 INFO br.com.eleicaoonline.job.IniciarFinalizarEleicaoJob [scheduling-1] Executando o job de iniciar eleição
2021-12-22 22:55:00,101 INFO br.com.eleicaoonline.service.EleicaoService [scheduling-1] Executando buscarPorSituacao
2021-12-22 22:55:00,243 INFO br.com.eleicaoonline.job.CalcularResultadoEleicaoJob [scheduling-1] Executando o job de calcular os resultados das eleições com falha
2021-12-22 22:55:00,244 INFO br.com.eleicaoonline.service.EleicaoService [scheduling-1] Executando buscarPorSituacao
2021-12-22 22:55:00,259 INFO br.com.eleicaoonline.job.CalcularResultadoEleicaoJob [scheduling-1] Executando o job de calcular os resultados das eleições iniciadas
2021-12-22 22:55:00,260 INFO br.com.eleicaoonline.service.EleicaoService [scheduling-1] Executando buscarPorSituacao
2021-12-22 22:56:00,010 INFO br.com.eleicaoonline.job.IniciarFinalizarEleicaoJob [scheduling-1] Executando o job de iniciar eleição
2021-12-22 22:56:00,011 INFO br.com.eleicaoonline.service.EleicaoService [scheduling-1] Executando buscarPorSituacao
2021-12-22 22:56:00,029 INFO br.com.eleicaoonline.job.CalcularResultadoEleicaoJob [scheduling-1] Executando o job de calcular os resultados das eleições iniciadas
2021-12-22 22:56:00,030 INFO br.com.eleicaoonline.service.EleicaoService [scheduling-1] Executando buscarPorSituacao
2021-12-22 22:56:00,039 INFO br.com.eleicaoonline.job.CalcularResultadoEleicaoJob [scheduling-1] Executando o job de calcular os resultados das eleições com falha
2021-12-22 22:56:00,040 INFO br.com.eleicaoonline.service.EleicaoService [scheduling-1] Executando buscarPorSituacao
2021-12-22 22:57:00,009 INFO br.com.eleicaoonline.job.IniciarFinalizarEleicaoJob [scheduling-1] Executando o job de iniciar eleição
2021-12-22 22:57:00,010 INFO br.com.eleicaoonline.service.EleicaoService [scheduling-1] Executando buscarPorSituacao
2021-12-22 22:57:00,036 INFO br.com.eleicaoonline.job.CalcularResultadoEleicaoJob [scheduling-1] Executando o job de calcular os resultados das eleições iniciadas
2021-12-22 22:57:00,036 INFO br.com.eleicaoonline.service.EleicaoService [scheduling-1] Executando buscarPorSituacao
2021-12-22 22:57:00,046 INFO br.com.eleicaoonline.job.CalcularResultadoEleicaoJob [scheduling-1] Executando o job de calcular os resultados das eleições com falha
2021-12-22 22:57:00,046 INFO br.com.eleicaoonline.service.EleicaoService [scheduling-1] Executando buscarPorSituacao
2021-12-22 22:58:00,003 INFO br.com.eleicaoonline.job.CalcularResultadoEleicaoJob [scheduling-1] Executando o job de calcular os resultados das eleições iniciadas
2021-12-22 22:58:00,004 INFO br.com.eleicaoonline.service.EleicaoService [scheduling-1] Executando buscarPorSituacao
2021-12-22 22:58:00,028 INFO br.com.eleicaoonline.job.CalcularResultadoEleicaoJob [scheduling-1] Executando o job de calcular os resultados das eleições com falha
2021-12-22 22:58:00,029 INFO br.com.eleicaoonline.service.EleicaoService [scheduling-1] Executando buscarPorSituacao
2021-12-22 22:58:00,035 INFO br.com.eleicaoonline.job.IniciarFinalizarEleicaoJob [scheduling-1] Executando o job de iniciar eleição
2021-12-22 22:58:00,035 INFO br.com.eleicaoonline.service.EleicaoService [scheduling-1] Executando buscarPorSituacao
2021-12-22 22:59:00,041 INFO br.com.eleicaoonline.job.CalcularResultadoEleicaoJob [scheduling-1] Executando o job de calcular os resultados das eleições iniciadas
2021-12-22 22:59:00,042 INFO br.com.eleicaoonline.service.EleicaoService [scheduling-1] Executando buscarPorSituacao
2021-12-22 22:59:00,412 INFO br.com.eleicaoonline.job.IniciarFinalizarEleicaoJob [scheduling-1] Executando o job de iniciar eleição
2021-12-22 22:59:00,412 INFO br.com.eleicaoonline.service.EleicaoService [scheduling-1] Executando buscarPorSituacao
2021-12-22 22:59:00,631 INFO br.com.eleicaoonline.job.CalcularResultadoEleicaoJob [scheduling-1] Executando o job de calcular os resultados das eleições com falha
2021-12-22 22:59:00,632 INFO br.com.eleicaoonline.service.EleicaoService [scheduling-1] Executando buscarPorSituacao
2021-12-22 23:00:00,009 INFO br.com.eleicaoonline.job.CalcularResultadoEleicaoJob [scheduling-1] Executando o job de calcular os resultados das eleições com falha
2021-12-22 23:00:00,009 INFO br.com.eleicaoonline.service.EleicaoService [scheduling-1] Executando buscarPorSituacao
2021-12-22 23:00:00,026 INFO br.com.eleicaoonline.job.IniciarFinalizarEleicaoJob [scheduling-1] Executando o job de iniciar eleição
2021-12-22 23:00:00,028 INFO br.com.eleicaoonline.service.EleicaoService [scheduling-1] Executando buscarPorSituacao
2021-12-22 23:00:00,034 INFO br.com.eleicaoonline.job.CalcularResultadoEleicaoJob [scheduling-1] Executando o job de calcular os resultados das eleições iniciadas
2021-12-22 23:00:00,035 INFO br.com.eleicaoonline.service.EleicaoService [scheduling-1] Executando buscarPorSituacao
2021-12-22 23:00:00,042 INFO br.com.eleicaoonline.job.IniciarFinalizarEleicaoJob [scheduling-1] Executando o job de finalizar eleições processadas
2021-12-22 23:00:00,044 INFO br.com.eleicaoonline.service.EleicaoService [scheduling-1] Executando buscarPorSituacao
2021-12-22 23:01:00,035 INFO br.com.eleicaoonline.job.CalcularResultadoEleicaoJob [scheduling-1] Executando o job de calcular os resultados das eleições com falha
2021-12-22 23:01:00,035 INFO br.com.eleicaoonline.service.EleicaoService [scheduling-1] Executando buscarPorSituacao
2021-12-22 23:01:00,079 INFO br.com.eleicaoonline.job.CalcularResultadoEleicaoJob [scheduling-1] Executando o job de calcular os resultados das eleições iniciadas
2021-12-22 23:01:00,081 INFO br.com.eleicaoonline.service.EleicaoService [scheduling-1] Executando buscarPorSituacao
2021-12-22 23:01:00,093 INFO br.com.eleicaoonline.job.IniciarFinalizarEleicaoJob [scheduling-1] Executando o job de iniciar eleição
2021-12-22 23:01:00,094 INFO br.com.eleicaoonline.service.EleicaoService [scheduling-1] Executando buscarPorSituacao
2021-12-22 23:02:00,003 INFO br.com.eleicaoonline.job.CalcularResultadoEleicaoJob [scheduling-1] Executando o job de calcular os resultados das eleições com falha
2021-12-22 23:02:00,004 INFO br.com.eleicaoonline.service.EleicaoService [scheduling-1] Executando buscarPorSituacao
2021-12-22 23:02:00,013 INFO br.com.eleicaoonline.job.IniciarFinalizarEleicaoJob [scheduling-1] Executando o job de iniciar eleição
2021-12-22 23:02:00,014 INFO br.com.eleicaoonline.service.EleicaoService [scheduling-1] Executando buscarPorSituacao
2021-12-22 23:02:00,017 INFO br.com.eleicaoonline.job.CalcularResultadoEleicaoJob [scheduling-1] Executando o job de calcular os resultados das eleições iniciadas
2021-12-22 23:02:00,019 INFO br.com.eleicaoonline.service.EleicaoService [scheduling-1] Executando buscarPorSituacao
2021-12-22 23:03:00,002 INFO br.com.eleicaoonline.job.CalcularResultadoEleicaoJob [scheduling-1] Executando o job de calcular os resultados das eleições com falha
2021-12-22 23:03:00,003 INFO br.com.eleicaoonline.service.EleicaoService [scheduling-1] Executando buscarPorSituacao
2021-12-22 23:03:00,012 INFO br.com.eleicaoonline.job.CalcularResultadoEleicaoJob [scheduling-1] Executando o job de calcular os resultados das eleições iniciadas
2021-12-22 23:03:00,012 INFO br.com.eleicaoonline.service.EleicaoService [scheduling-1] Executando buscarPorSituacao
2021-12-22 23:03:00,037 INFO br.com.eleicaoonline.job.IniciarFinalizarEleicaoJob [scheduling-1] Executando o job de iniciar eleição
2021-12-22 23:03:00,038 INFO br.com.eleicaoonline.service.EleicaoService [scheduling-1] Executando buscarPorSituacao
2021-12-22 23:04:00,002 INFO br.com.eleicaoonline.job.CalcularResultadoEleicaoJob [scheduling-1] Executando o job de calcular os resultados das eleições com falha
2021-12-22 23:04:00,003 INFO br.com.eleicaoonline.service.EleicaoService [scheduling-1] Executando buscarPorSituacao
2021-12-22 23:04:00,034 INFO br.com.eleicaoonline.job.IniciarFinalizarEleicaoJob [scheduling-1] Executando o job de iniciar eleição
2021-12-22 23:04:00,034 INFO br.com.eleicaoonline.service.EleicaoService [scheduling-1] Executando buscarPorSituacao
2021-12-22 23:04:00,040 INFO br.com.eleicaoonline.job.CalcularResultadoEleicaoJob [scheduling-1] Executando o job de calcular os resultados das eleições iniciadas
2021-12-22 23:04:00,041 INFO br.com.eleicaoonline.service.EleicaoService [scheduling-1] Executando buscarPorSituacao
2021-12-22 23:05:00,023 INFO br.com.eleicaoonline.job.IniciarFinalizarEleicaoJob [scheduling-1] Executando o job de iniciar eleição
2021-12-22 23:05:00,025 INFO br.com.eleicaoonline.service.EleicaoService [scheduling-1] Executando buscarPorSituacao
2021-12-22 23:05:00,039 INFO br.com.eleicaoonline.job.CalcularResultadoEleicaoJob [scheduling-1] Executando o job de calcular os resultados das eleições com falha
2021-12-22 23:05:00,040 INFO br.com.eleicaoonline.service.EleicaoService [scheduling-1] Executando buscarPorSituacao
2021-12-22 23:05:00,047 INFO br.com.eleicaoonline.job.CalcularResultadoEleicaoJob [scheduling-1] Executando o job de calcular os resultados das eleições iniciadas
2021-12-22 23:05:00,048 INFO br.com.eleicaoonline.service.EleicaoService [scheduling-1] Executando buscarPorSituacao
2021-12-22 23:06:00,027 INFO br.com.eleicaoonline.job.CalcularResultadoEleicaoJob [scheduling-1] Executando o job de calcular os resultados das eleições iniciadas
2021-12-22 23:06:00,028 INFO br.com.eleicaoonline.service.EleicaoService [scheduling-1] Executando buscarPorSituacao
2021-12-22 23:06:00,049 INFO br.com.eleicaoonline.job.CalcularResultadoEleicaoJob [scheduling-1] Executando o job de calcular os resultados das eleições com falha
2021-12-22 23:06:00,050 INFO br.com.eleicaoonline.service.EleicaoService [scheduling-1] Executando buscarPorSituacao
2021-12-22 23:06:00,057 INFO br.com.eleicaoonline.job.IniciarFinalizarEleicaoJob [scheduling-1] Executando o job de iniciar eleição
2021-12-22 23:06:00,057 INFO br.com.eleicaoonline.service.EleicaoService [scheduling-1] Executando buscarPorSituacao
2021-12-22 23:07:00,051 INFO br.com.eleicaoonline.job.IniciarFinalizarEleicaoJob [scheduling-1] Executando o job de iniciar eleição
2021-12-22 23:07:00,052 INFO br.com.eleicaoonline.service.EleicaoService [scheduling-1] Executando buscarPorSituacao
2021-12-22 23:07:00,062 INFO br.com.eleicaoonline.job.CalcularResultadoEleicaoJob [scheduling-1] Executando o job de calcular os resultados das eleições com falha
2021-12-22 23:07:00,063 INFO br.com.eleicaoonline.service.EleicaoService [scheduling-1] Executando buscarPorSituacao
2021-12-22 23:07:00,070 INFO br.com.eleicaoonline.job.CalcularResultadoEleicaoJob [scheduling-1] Executando o job de calcular os resultados das eleições iniciadas
2021-12-22 23:07:00,071 INFO br.com.eleicaoonline.service.EleicaoService [scheduling-1] Executando buscarPorSituacao
2021-12-22 23:08:00,021 INFO br.com.eleicaoonline.job.IniciarFinalizarEleicaoJob [scheduling-1] Executando o job de iniciar eleição
2021-12-22 23:08:00,023 INFO br.com.eleicaoonline.service.EleicaoService [scheduling-1] Executando buscarPorSituacao
2021-12-22 23:08:00,048 INFO br.com.eleicaoonline.job.CalcularResultadoEleicaoJob [scheduling-1] Executando o job de calcular os resultados das eleições com falha
2021-12-22 23:08:00,049 INFO br.com.eleicaoonline.service.EleicaoService [scheduling-1] Executando buscarPorSituacao
2021-12-22 23:08:00,056 INFO br.com.eleicaoonline.job.CalcularResultadoEleicaoJob [scheduling-1] Executando o job de calcular os resultados das eleições iniciadas
2021-12-22 23:08:00,057 INFO br.com.eleicaoonline.service.EleicaoService [scheduling-1] Executando buscarPorSituacao
2021-12-22 23:09:00,009 INFO br.com.eleicaoonline.job.IniciarFinalizarEleicaoJob [scheduling-1] Executando o job de iniciar eleição
2021-12-22 23:09:00,013 INFO br.com.eleicaoonline.service.EleicaoService [scheduling-1] Executando buscarPorSituacao
2021-12-22 23:09:00,048 INFO br.com.eleicaoonline.job.CalcularResultadoEleicaoJob [scheduling-1] Executando o job de calcular os resultados das eleições com falha
2021-12-22 23:09:00,049 INFO br.com.eleicaoonline.service.EleicaoService [scheduling-1] Executando buscarPorSituacao
2021-12-22 23:09:00,059 INFO br.com.eleicaoonline.job.CalcularResultadoEleicaoJob [scheduling-1] Executando o job de calcular os resultados das eleições iniciadas
2021-12-22 23:09:00,061 INFO br.com.eleicaoonline.service.EleicaoService [scheduling-1] Executando buscarPorSituacao
2021-12-22 23:10:00,012 INFO br.com.eleicaoonline.job.IniciarFinalizarEleicaoJob [scheduling-1] Executando o job de iniciar eleição
2021-12-22 23:10:00,017 INFO br.com.eleicaoonline.service.EleicaoService [scheduling-1] Executando buscarPorSituacao
2021-12-22 23:10:00,051 INFO br.com.eleicaoonline.job.CalcularResultadoEleicaoJob [scheduling-1] Executando o job de calcular os resultados das eleições com falha
2021-12-22 23:10:00,052 INFO br.com.eleicaoonline.service.EleicaoService [scheduling-1] Executando buscarPorSituacao
2021-12-22 23:10:00,058 INFO br.com.eleicaoonline.job.CalcularResultadoEleicaoJob [scheduling-1] Executando o job de calcular os resultados das eleições iniciadas
2021-12-22 23:10:00,059 INFO br.com.eleicaoonline.service.EleicaoService [scheduling-1] Executando buscarPorSituacao
2021-12-22 23:11:00,016 INFO br.com.eleicaoonline.job.IniciarFinalizarEleicaoJob [scheduling-1] Executando o job de iniciar eleição
2021-12-22 23:11:00,017 INFO br.com.eleicaoonline.service.EleicaoService [scheduling-1] Executando buscarPorSituacao
2021-12-22 23:11:00,025 INFO br.com.eleicaoonline.job.CalcularResultadoEleicaoJob [scheduling-1] Executando o job de calcular os resultados das eleições com falha
2021-12-22 23:11:00,025 INFO br.com.eleicaoonline.service.EleicaoService [scheduling-1] Executando buscarPorSituacao
2021-12-22 23:11:00,029 INFO br.com.eleicaoonline.job.CalcularResultadoEleicaoJob [scheduling-1] Executando o job de calcular os resultados das eleições iniciadas
2021-12-22 23:11:00,029 INFO br.com.eleicaoonline.service.EleicaoService [scheduling-1] Executando buscarPorSituacao
2021-12-22 23:12:00,020 INFO br.com.eleicaoonline.job.CalcularResultadoEleicaoJob [scheduling-1] Executando o job de calcular os resultados das eleições iniciadas
2021-12-22 23:12:00,024 INFO br.com.eleicaoonline.service.EleicaoService [scheduling-1] Executando buscarPorSituacao
2021-12-22 23:12:00,041 INFO br.com.eleicaoonline.job.CalcularResultadoEleicaoJob [scheduling-1] Executando o job de calcular os resultados das eleições com falha
2021-12-22 23:12:00,041 INFO br.com.eleicaoonline.service.EleicaoService [scheduling-1] Executando buscarPorSituacao
2021-12-22 23:12:00,046 INFO br.com.eleicaoonline.job.IniciarFinalizarEleicaoJob [scheduling-1] Executando o job de iniciar eleição
2021-12-22 23:12:00,048 INFO br.com.eleicaoonline.service.EleicaoService [scheduling-1] Executando buscarPorSituacao
2021-12-22 23:13:00,037 INFO br.com.eleicaoonline.job.CalcularResultadoEleicaoJob [scheduling-1] Executando o job de calcular os resultados das eleições iniciadas
2021-12-22 23:13:00,038 INFO br.com.eleicaoonline.service.EleicaoService [scheduling-1] Executando buscarPorSituacao
2021-12-22 23:13:00,059 INFO br.com.eleicaoonline.job.IniciarFinalizarEleicaoJob [scheduling-1] Executando o job de iniciar eleição
2021-12-22 23:13:00,060 INFO br.com.eleicaoonline.service.EleicaoService [scheduling-1] Executando buscarPorSituacao
2021-12-22 23:13:00,067 INFO br.com.eleicaoonline.job.CalcularResultadoEleicaoJob [scheduling-1] Executando o job de calcular os resultados das eleições com falha
2021-12-22 23:13:00,068 INFO br.com.eleicaoonline.service.EleicaoService [scheduling-1] Executando buscarPorSituacao
2021-12-22 23:14:00,017 INFO br.com.eleicaoonline.job.IniciarFinalizarEleicaoJob [scheduling-1] Executando o job de iniciar eleição
2021-12-22 23:14:00,020 INFO br.com.eleicaoonline.service.EleicaoService [scheduling-1] Executando buscarPorSituacao
2021-12-22 23:14:00,039 INFO br.com.eleicaoonline.job.CalcularResultadoEleicaoJob [scheduling-1] Executando o job de calcular os resultados das eleições com falha
2021-12-22 23:14:00,039 INFO br.com.eleicaoonline.service.EleicaoService [scheduling-1] Executando buscarPorSituacao
2021-12-22 23:14:00,046 INFO br.com.eleicaoonline.job.CalcularResultadoEleicaoJob [scheduling-1] Executando o job de calcular os resultados das eleições iniciadas
2021-12-22 23:14:00,046 INFO br.com.eleicaoonline.service.EleicaoService [scheduling-1] Executando buscarPorSituacao
2021-12-22 23:15:00,046 INFO br.com.eleicaoonline.job.CalcularResultadoEleicaoJob [scheduling-1] Executando o job de calcular os resultados das eleições iniciadas
2021-12-22 23:15:00,046 INFO br.com.eleicaoonline.service.EleicaoService [scheduling-1] Executando buscarPorSituacao
2021-12-22 23:15:00,064 INFO br.com.eleicaoonline.job.CalcularResultadoEleicaoJob [scheduling-1] Executando o job de calcular os resultados das eleições com falha
2021-12-22 23:15:00,065 INFO br.com.eleicaoonline.service.EleicaoService [scheduling-1] Executando buscarPorSituacao
2021-12-22 23:15:00,071 INFO br.com.eleicaoonline.job.IniciarFinalizarEleicaoJob [scheduling-1] Executando o job de iniciar eleição
2021-12-22 23:15:00,072 INFO br.com.eleicaoonline.service.EleicaoService [scheduling-1] Executando buscarPorSituacao
2021-12-22 23:16:00,036 INFO br.com.eleicaoonline.job.CalcularResultadoEleicaoJob [scheduling-1] Executando o job de calcular os resultados das eleições iniciadas
2021-12-22 23:16:00,037 INFO br.com.eleicaoonline.service.EleicaoService [scheduling-1] Executando buscarPorSituacao
2021-12-22 23:16:00,057 INFO br.com.eleicaoonline.job.CalcularResultadoEleicaoJob [scheduling-1] Executando o job de calcular os resultados das eleições com falha
2021-12-22 23:16:00,058 INFO br.com.eleicaoonline.service.EleicaoService [scheduling-1] Executando buscarPorSituacao
2021-12-22 23:16:00,063 INFO br.com.eleicaoonline.job.IniciarFinalizarEleicaoJob [scheduling-1] Executando o job de iniciar eleição
2021-12-22 23:16:00,064 INFO br.com.eleicaoonline.service.EleicaoService [scheduling-1] Executando buscarPorSituacao
2021-12-22 23:17:00,006 INFO br.com.eleicaoonline.job.CalcularResultadoEleicaoJob [scheduling-1] Executando o job de calcular os resultados das eleições iniciadas
2021-12-22 23:17:00,007 INFO br.com.eleicaoonline.service.EleicaoService [scheduling-1] Executando buscarPorSituacao
2021-12-22 23:17:00,026 INFO br.com.eleicaoonline.job.IniciarFinalizarEleicaoJob [scheduling-1] Executando o job de iniciar eleição
2021-12-22 23:17:00,027 INFO br.com.eleicaoonline.service.EleicaoService [scheduling-1] Executando buscarPorSituacao
2021-12-22 23:17:00,030 INFO br.com.eleicaoonline.job.CalcularResultadoEleicaoJob [scheduling-1] Executando o job de calcular os resultados das eleições com falha
2021-12-22 23:17:00,031 INFO br.com.eleicaoonline.service.EleicaoService [scheduling-1] Executando buscarPorSituacao
2021-12-22 23:18:00,007 INFO br.com.eleicaoonline.job.CalcularResultadoEleicaoJob [scheduling-1] Executando o job de calcular os resultados das eleições com falha
2021-12-22 23:18:00,009 INFO br.com.eleicaoonline.service.EleicaoService [scheduling-1] Executando buscarPorSituacao
2021-12-22 23:18:00,036 INFO br.com.eleicaoonline.job.CalcularResultadoEleicaoJob [scheduling-1] Executando o job de calcular os resultados das eleições iniciadas
2021-12-22 23:18:00,037 INFO br.com.eleicaoonline.service.EleicaoService [scheduling-1] Executando buscarPorSituacao
2021-12-22 23:18:00,050 INFO br.com.eleicaoonline.job.IniciarFinalizarEleicaoJob [scheduling-1] Executando o job de iniciar eleição
2021-12-22 23:18:00,051 INFO br.com.eleicaoonline.service.EleicaoService [scheduling-1] Executando buscarPorSituacao
2021-12-22 23:19:00,020 INFO br.com.eleicaoonline.job.CalcularResultadoEleicaoJob [scheduling-1] Executando o job de calcular os resultados das eleições com falha
2021-12-22 23:19:00,022 INFO br.com.eleicaoonline.service.EleicaoService [scheduling-1] Executando buscarPorSituacao
2021-12-22 23:19:00,040 INFO br.com.eleicaoonline.job.IniciarFinalizarEleicaoJob [scheduling-1] Executando o job de iniciar eleição
2021-12-22 23:19:00,041 INFO br.com.eleicaoonline.service.EleicaoService [scheduling-1] Executando buscarPorSituacao
2021-12-22 23:19:00,048 INFO br.com.eleicaoonline.job.CalcularResultadoEleicaoJob [scheduling-1] Executando o job de calcular os resultados das eleições iniciadas
2021-12-22 23:19:00,049 INFO br.com.eleicaoonline.service.EleicaoService [scheduling-1] Executando buscarPorSituacao
2021-12-22 23:20:00,023 INFO br.com.eleicaoonline.job.CalcularResultadoEleicaoJob [scheduling-1] Executando o job de calcular os resultados das eleições iniciadas
2021-12-22 23:20:00,025 INFO br.com.eleicaoonline.service.EleicaoService [scheduling-1] Executando buscarPorSituacao
2021-12-22 23:20:00,049 INFO br.com.eleicaoonline.job.CalcularResultadoEleicaoJob [scheduling-1] Executando o job de calcular os resultados das eleições com falha
2021-12-22 23:20:00,050 INFO br.com.eleicaoonline.service.EleicaoService [scheduling-1] Executando buscarPorSituacao
2021-12-22 23:20:00,054 INFO br.com.eleicaoonline.job.IniciarFinalizarEleicaoJob [scheduling-1] Executando o job de iniciar eleição
2021-12-22 23:20:00,055 INFO br.com.eleicaoonline.service.EleicaoService [scheduling-1] Executando buscarPorSituacao
2021-12-22 23:21:00,010 INFO br.com.eleicaoonline.job.CalcularResultadoEleicaoJob [scheduling-1] Executando o job de calcular os resultados das eleições com falha
2021-12-22 23:21:00,013 INFO br.com.eleicaoonline.service.EleicaoService [scheduling-1] Executando buscarPorSituacao
2021-12-22 23:21:00,033 INFO br.com.eleicaoonline.job.IniciarFinalizarEleicaoJob [scheduling-1] Executando o job de iniciar eleição
2021-12-22 23:21:00,035 INFO br.com.eleicaoonline.service.EleicaoService [scheduling-1] Executando buscarPorSituacao
2021-12-22 23:21:00,043 INFO br.com.eleicaoonline.job.CalcularResultadoEleicaoJob [scheduling-1] Executando o job de calcular os resultados das eleições iniciadas
2021-12-22 23:21:00,044 INFO br.com.eleicaoonline.service.EleicaoService [scheduling-1] Executando buscarPorSituacao
