2021-11-22 20:57:41,715 INFO org.springframework.boot.StartupInfoLogger [restartedMain] Starting EleicaoOnlineApplication using Java 15 on DESKTOP-GB6D24J with PID 16536 (C:\Users\Pedro\Documents\Projetos\pessoais\eleicao-online\eleicao-online-backend\target\classes started by Pedro in C:\Users\Pedro\Documents\Projetos\pessoais\eleicao-online\eleicao-online-backend)
2021-11-22 20:57:41,723 DEBUG org.springframework.boot.StartupInfoLogger [restartedMain] Running with Spring Boot v2.5.5, Spring v5.3.10
2021-11-22 20:57:41,690 INFO org.hibernate.validator.internal.util.Version [background-preinit] HV000001: Hibernate Validator 6.2.0.Final
2021-11-22 20:57:41,723 INFO org.springframework.boot.SpringApplication [restartedMain] The following profiles are active: dev
2021-11-22 20:57:42,007 INFO org.springframework.boot.logging.DeferredLog [restartedMain] Devtools property defaults active! Set 'spring.devtools.add-properties' to 'false' to disable
2021-11-22 20:57:42,008 INFO org.springframework.boot.logging.DeferredLog [restartedMain] For additional web related logging consider setting the 'logging.level.web' property to 'DEBUG'
2021-11-22 20:57:45,959 INFO org.springframework.data.repository.config.RepositoryConfigurationDelegate [restartedMain] Bootstrapping Spring Data JPA repositories in DEFAULT mode.
2021-11-22 20:57:46,215 INFO org.springframework.data.repository.config.RepositoryConfigurationDelegate [restartedMain] Finished Spring Data repository scanning in 236 ms. Found 7 JPA repository interfaces.
2021-11-22 20:57:47,342 INFO org.springframework.context.support.PostProcessorRegistrationDelegate$BeanPostProcessorChecker [restartedMain] Bean 'springAsyncConfig' of type [br.com.eleicaoonline.config.SpringAsyncConfig$$EnhancerBySpringCGLIB$$bd81884] is not eligible for getting processed by all BeanPostProcessors (for example: not eligible for auto-proxying)
2021-11-22 20:57:47,640 INFO org.springframework.context.support.PostProcessorRegistrationDelegate$BeanPostProcessorChecker [restartedMain] Bean 'org.springframework.security.access.expression.method.DefaultMethodSecurityExpressionHandler@3f9fb0c4' of type [org.springframework.security.access.expression.method.DefaultMethodSecurityExpressionHandler] is not eligible for getting processed by all BeanPostProcessors (for example: not eligible for auto-proxying)
2021-11-22 20:57:47,645 INFO org.springframework.context.support.PostProcessorRegistrationDelegate$BeanPostProcessorChecker [restartedMain] Bean 'methodSecurityConfig' of type [br.com.eleicaoonline.config.MethodSecurityConfig$$EnhancerBySpringCGLIB$$86b99d2e] is not eligible for getting processed by all BeanPostProcessors (for example: not eligible for auto-proxying)
2021-11-22 20:57:47,676 INFO org.springframework.context.support.PostProcessorRegistrationDelegate$BeanPostProcessorChecker [restartedMain] Bean 'methodSecurityMetadataSource' of type [org.springframework.security.access.method.DelegatingMethodSecurityMetadataSource] is not eligible for getting processed by all BeanPostProcessors (for example: not eligible for auto-proxying)
2021-11-22 20:57:49,075 INFO org.springframework.boot.web.embedded.tomcat.TomcatWebServer [restartedMain] Tomcat initialized with port(s): 8443 (https)
2021-11-22 20:57:49,110 INFO org.apache.juli.logging.DirectJDKLog [restartedMain] Initializing ProtocolHandler ["https-jsse-nio-8443"]
2021-11-22 20:57:49,111 INFO org.apache.juli.logging.DirectJDKLog [restartedMain] Starting service [Tomcat]
2021-11-22 20:57:49,125 INFO org.apache.juli.logging.DirectJDKLog [restartedMain] Starting Servlet engine: [Apache Tomcat/9.0.53]
2021-11-22 20:57:49,580 INFO org.apache.juli.logging.DirectJDKLog [restartedMain] Initializing Spring embedded WebApplicationContext
2021-11-22 20:57:49,581 INFO org.springframework.boot.web.servlet.context.ServletWebServerApplicationContext [restartedMain] Root WebApplicationContext: initialization completed in 7571 ms
2021-11-22 20:57:50,015 DEBUG org.springframework.web.filter.GenericFilterBean [restartedMain] Filter 'jwtRequestFilter' configured for use
2021-11-22 20:57:50,571 INFO org.hibernate.jpa.internal.util.LogHelper [restartedMain] HHH000204: Processing PersistenceUnitInfo [name: default]
2021-11-22 20:57:50,739 INFO org.hibernate.Version [restartedMain] HHH000412: Hibernate ORM core version 5.4.32.Final
2021-11-22 20:57:51,146 INFO org.hibernate.annotations.common.reflection.java.JavaReflectionManager [restartedMain] HCANN000001: Hibernate Commons Annotations {5.1.2.Final}
2021-11-22 20:57:51,476 INFO com.zaxxer.hikari.HikariDataSource [restartedMain] HikariPool-1 - Starting...
2021-11-22 20:57:51,973 INFO com.zaxxer.hikari.HikariDataSource [restartedMain] HikariPool-1 - Start completed.
2021-11-22 20:57:52,080 INFO org.hibernate.dialect.Dialect [restartedMain] HHH000400: Using dialect: org.hibernate.dialect.PostgreSQL10Dialect
2021-11-22 20:57:55,291 INFO org.hibernate.engine.transaction.jta.platform.internal.JtaPlatformInitiator [restartedMain] HHH000490: Using JtaPlatform implementation: [org.hibernate.engine.transaction.jta.platform.internal.NoJtaPlatform]
2021-11-22 20:57:55,314 INFO org.springframework.orm.jpa.AbstractEntityManagerFactoryBean [restartedMain] Initialized JPA EntityManagerFactory for persistence unit 'default'
2021-11-22 20:57:55,657 WARN org.springframework.boot.autoconfigure.orm.jpa.JpaBaseConfiguration$JpaWebConfiguration [restartedMain] spring.jpa.open-in-view is enabled by default. Therefore, database queries may be performed during view rendering. Explicitly configure spring.jpa.open-in-view to disable this warning
2021-11-22 20:58:04,909 INFO org.springframework.security.web.DefaultSecurityFilterChain [restartedMain] Will secure any request with [org.springframework.security.web.context.request.async.WebAsyncManagerIntegrationFilter@59d5c8e2, org.springframework.security.web.context.SecurityContextPersistenceFilter@3dc77cbe, org.springframework.security.web.header.HeaderWriterFilter@3732698d, org.springframework.web.filter.CorsFilter@1bedcf21, org.springframework.security.web.authentication.logout.LogoutFilter@32c591d9, org.springframework.security.oauth2.client.web.OAuth2AuthorizationRequestRedirectFilter@4a7188b, org.springframework.security.oauth2.client.web.OAuth2LoginAuthenticationFilter@701bf169, org.springframework.security.web.authentication.ui.DefaultLoginPageGeneratingFilter@5992a777, org.springframework.security.web.authentication.ui.DefaultLogoutPageGeneratingFilter@684d6733, org.springframework.security.web.savedrequest.RequestCacheAwareFilter@1ee7163, org.springframework.security.web.servletapi.SecurityContextHolderAwareRequestFilter@2daecd4c, org.springframework.security.web.authentication.AnonymousAuthenticationFilter@56c66a2b, org.springframework.security.web.session.SessionManagementFilter@cc66b7c, org.springframework.security.web.access.ExceptionTranslationFilter@4307d5bb, org.springframework.security.web.access.intercept.FilterSecurityInterceptor@720dbce6]
2021-11-22 20:58:05,858 INFO org.springframework.boot.devtools.autoconfigure.OptionalLiveReloadServer [restartedMain] LiveReload server is running on port 35729
2021-11-22 20:58:07,945 INFO org.quartz.impl.StdSchedulerFactory [restartedMain] Using default implementation for ThreadExecutor
2021-11-22 20:58:08,097 INFO org.quartz.core.SchedulerSignalerImpl [restartedMain] Initialized Scheduler Signaller of type: class org.quartz.core.SchedulerSignalerImpl
2021-11-22 20:58:08,098 INFO org.quartz.core.QuartzScheduler [restartedMain] Quartz Scheduler v.2.3.2 created.
2021-11-22 20:58:08,101 INFO org.quartz.simpl.RAMJobStore [restartedMain] RAMJobStore initialized.
2021-11-22 20:58:08,103 INFO org.quartz.core.QuartzScheduler [restartedMain] Scheduler meta-data: Quartz Scheduler (v2.3.2) 'quartzScheduler' with instanceId 'NON_CLUSTERED'
  Scheduler class: 'org.quartz.core.QuartzScheduler' - running locally.
  NOT STARTED.
  Currently in standby mode.
  Number of jobs executed: 0
  Using thread pool 'org.quartz.simpl.SimpleThreadPool' - with 10 threads.
  Using job-store 'org.quartz.simpl.RAMJobStore' - which does not support persistence. and is not clustered.

2021-11-22 20:58:08,104 INFO org.quartz.impl.StdSchedulerFactory [restartedMain] Quartz scheduler 'quartzScheduler' initialized from an externally provided properties instance.
2021-11-22 20:58:08,105 INFO org.quartz.impl.StdSchedulerFactory [restartedMain] Quartz scheduler version: 2.3.2
2021-11-22 20:58:08,106 INFO org.quartz.core.QuartzScheduler [restartedMain] JobFactory set to: org.springframework.scheduling.quartz.SpringBeanJobFactory@7a25ebba
2021-11-22 20:58:08,990 INFO org.apache.juli.logging.DirectJDKLog [restartedMain] Starting ProtocolHandler ["https-jsse-nio-8443"]
2021-11-22 20:58:10,387 INFO org.springframework.boot.web.embedded.tomcat.TomcatWebServer [restartedMain] Tomcat started on port(s): 8443 (https) with context path ''
2021-11-22 20:58:11,460 INFO org.springframework.scheduling.quartz.SchedulerFactoryBean [restartedMain] Starting Quartz Scheduler now
2021-11-22 20:58:11,461 INFO org.quartz.core.QuartzScheduler [restartedMain] Scheduler quartzScheduler_$_NON_CLUSTERED started.
2021-11-22 20:58:11,505 INFO org.springframework.boot.StartupInfoLogger [restartedMain] Started EleicaoOnlineApplication in 31.233 seconds (JVM running for 33.287)
2021-11-22 20:59:00,037 INFO br.com.eleicaoonline.job.CalcularResultadoEleicaoJob [scheduling-1] Executando o job de calcular os resultados das eleições iniciadas
2021-11-22 20:59:00,055 INFO br.com.eleicaoonline.service.EleicaoService [scheduling-1] Executando buscarPorSituacao
2021-11-22 20:59:00,477 INFO br.com.eleicaoonline.job.IniciarFinalizarEleicaoJob [scheduling-1] Executando o job de iniciar eleição
2021-11-22 20:59:00,477 INFO br.com.eleicaoonline.service.EleicaoService [scheduling-1] Executando buscarPorSituacao
2021-11-22 20:59:00,489 INFO br.com.eleicaoonline.job.CalcularResultadoEleicaoJob [scheduling-1] Executando o job de calcular os resultados das eleições com falha
2021-11-22 20:59:00,489 INFO br.com.eleicaoonline.service.EleicaoService [scheduling-1] Executando buscarPorSituacao
2021-11-22 21:00:00,121 INFO br.com.eleicaoonline.job.CalcularResultadoEleicaoJob [scheduling-1] Executando o job de calcular os resultados das eleições com falha
2021-11-22 21:00:00,122 INFO br.com.eleicaoonline.service.EleicaoService [scheduling-1] Executando buscarPorSituacao
2021-11-22 21:00:00,144 INFO br.com.eleicaoonline.job.IniciarFinalizarEleicaoJob [scheduling-1] Executando o job de finalizar eleições processadas
2021-11-22 21:00:00,145 INFO br.com.eleicaoonline.service.EleicaoService [scheduling-1] Executando buscarPorSituacao
2021-11-22 21:00:00,152 INFO br.com.eleicaoonline.job.IniciarFinalizarEleicaoJob [scheduling-1] Executando o job de iniciar eleição
2021-11-22 21:00:00,153 INFO br.com.eleicaoonline.service.EleicaoService [scheduling-1] Executando buscarPorSituacao
2021-11-22 21:00:00,157 INFO br.com.eleicaoonline.job.CalcularResultadoEleicaoJob [scheduling-1] Executando o job de calcular os resultados das eleições iniciadas
2021-11-22 21:00:00,159 INFO br.com.eleicaoonline.service.EleicaoService [scheduling-1] Executando buscarPorSituacao
2021-11-22 21:01:00,307 INFO br.com.eleicaoonline.job.IniciarFinalizarEleicaoJob [scheduling-1] Executando o job de iniciar eleição
2021-11-22 21:01:00,308 INFO br.com.eleicaoonline.service.EleicaoService [scheduling-1] Executando buscarPorSituacao
2021-11-22 21:01:00,486 INFO br.com.eleicaoonline.job.CalcularResultadoEleicaoJob [scheduling-1] Executando o job de calcular os resultados das eleições com falha
2021-11-22 21:01:00,487 INFO br.com.eleicaoonline.service.EleicaoService [scheduling-1] Executando buscarPorSituacao
2021-11-22 21:01:00,572 INFO br.com.eleicaoonline.job.CalcularResultadoEleicaoJob [scheduling-1] Executando o job de calcular os resultados das eleições iniciadas
2021-11-22 21:01:00,573 INFO br.com.eleicaoonline.service.EleicaoService [scheduling-1] Executando buscarPorSituacao
2021-11-22 21:02:00,004 INFO br.com.eleicaoonline.job.CalcularResultadoEleicaoJob [scheduling-1] Executando o job de calcular os resultados das eleições com falha
2021-11-22 21:02:00,004 INFO br.com.eleicaoonline.service.EleicaoService [scheduling-1] Executando buscarPorSituacao
2021-11-22 21:02:00,025 INFO br.com.eleicaoonline.job.IniciarFinalizarEleicaoJob [scheduling-1] Executando o job de iniciar eleição
2021-11-22 21:02:00,026 INFO br.com.eleicaoonline.service.EleicaoService [scheduling-1] Executando buscarPorSituacao
2021-11-22 21:02:00,030 INFO br.com.eleicaoonline.job.CalcularResultadoEleicaoJob [scheduling-1] Executando o job de calcular os resultados das eleições iniciadas
2021-11-22 21:02:00,030 INFO br.com.eleicaoonline.service.EleicaoService [scheduling-1] Executando buscarPorSituacao
2021-11-22 21:03:00,002 INFO br.com.eleicaoonline.job.CalcularResultadoEleicaoJob [scheduling-1] Executando o job de calcular os resultados das eleições com falha
2021-11-22 21:03:00,003 INFO br.com.eleicaoonline.service.EleicaoService [scheduling-1] Executando buscarPorSituacao
2021-11-22 21:03:00,016 INFO br.com.eleicaoonline.job.IniciarFinalizarEleicaoJob [scheduling-1] Executando o job de iniciar eleição
2021-11-22 21:03:00,016 INFO br.com.eleicaoonline.service.EleicaoService [scheduling-1] Executando buscarPorSituacao
2021-11-22 21:03:00,023 INFO br.com.eleicaoonline.job.CalcularResultadoEleicaoJob [scheduling-1] Executando o job de calcular os resultados das eleições iniciadas
2021-11-22 21:03:00,023 INFO br.com.eleicaoonline.service.EleicaoService [scheduling-1] Executando buscarPorSituacao
2021-11-22 21:04:00,023 INFO br.com.eleicaoonline.job.CalcularResultadoEleicaoJob [scheduling-1] Executando o job de calcular os resultados das eleições com falha
2021-11-22 21:04:00,023 INFO br.com.eleicaoonline.service.EleicaoService [scheduling-1] Executando buscarPorSituacao
2021-11-22 21:04:00,032 INFO br.com.eleicaoonline.job.CalcularResultadoEleicaoJob [scheduling-1] Executando o job de calcular os resultados das eleições iniciadas
2021-11-22 21:04:00,033 INFO br.com.eleicaoonline.service.EleicaoService [scheduling-1] Executando buscarPorSituacao
2021-11-22 21:04:00,062 INFO br.com.eleicaoonline.job.IniciarFinalizarEleicaoJob [scheduling-1] Executando o job de iniciar eleição
2021-11-22 21:04:00,062 INFO br.com.eleicaoonline.service.EleicaoService [scheduling-1] Executando buscarPorSituacao
2021-11-22 21:05:00,259 INFO br.com.eleicaoonline.job.CalcularResultadoEleicaoJob [scheduling-1] Executando o job de calcular os resultados das eleições com falha
2021-11-22 21:05:00,259 INFO br.com.eleicaoonline.service.EleicaoService [scheduling-1] Executando buscarPorSituacao
2021-11-22 21:05:00,746 INFO br.com.eleicaoonline.job.CalcularResultadoEleicaoJob [scheduling-1] Executando o job de calcular os resultados das eleições iniciadas
2021-11-22 21:05:00,747 INFO br.com.eleicaoonline.service.EleicaoService [scheduling-1] Executando buscarPorSituacao
2021-11-22 21:05:01,033 INFO br.com.eleicaoonline.job.IniciarFinalizarEleicaoJob [scheduling-1] Executando o job de iniciar eleição
2021-11-22 21:05:01,034 INFO br.com.eleicaoonline.service.EleicaoService [scheduling-1] Executando buscarPorSituacao
2021-11-22 21:06:00,004 INFO br.com.eleicaoonline.job.CalcularResultadoEleicaoJob [scheduling-1] Executando o job de calcular os resultados das eleições iniciadas
2021-11-22 21:06:00,005 INFO br.com.eleicaoonline.service.EleicaoService [scheduling-1] Executando buscarPorSituacao
2021-11-22 21:06:00,043 INFO br.com.eleicaoonline.job.CalcularResultadoEleicaoJob [scheduling-1] Executando o job de calcular os resultados das eleições com falha
2021-11-22 21:06:00,044 INFO br.com.eleicaoonline.service.EleicaoService [scheduling-1] Executando buscarPorSituacao
2021-11-22 21:06:00,051 INFO br.com.eleicaoonline.job.IniciarFinalizarEleicaoJob [scheduling-1] Executando o job de iniciar eleição
2021-11-22 21:06:00,051 INFO br.com.eleicaoonline.service.EleicaoService [scheduling-1] Executando buscarPorSituacao
2021-11-22 21:07:00,024 INFO br.com.eleicaoonline.job.IniciarFinalizarEleicaoJob [scheduling-1] Executando o job de iniciar eleição
2021-11-22 21:07:00,025 INFO br.com.eleicaoonline.service.EleicaoService [scheduling-1] Executando buscarPorSituacao
2021-11-22 21:07:00,032 INFO br.com.eleicaoonline.job.CalcularResultadoEleicaoJob [scheduling-1] Executando o job de calcular os resultados das eleições iniciadas
2021-11-22 21:07:00,033 INFO br.com.eleicaoonline.service.EleicaoService [scheduling-1] Executando buscarPorSituacao
2021-11-22 21:07:00,061 INFO br.com.eleicaoonline.job.CalcularResultadoEleicaoJob [scheduling-1] Executando o job de calcular os resultados das eleições com falha
2021-11-22 21:07:00,062 INFO br.com.eleicaoonline.service.EleicaoService [scheduling-1] Executando buscarPorSituacao
2021-11-22 21:08:00,017 INFO br.com.eleicaoonline.job.IniciarFinalizarEleicaoJob [scheduling-1] Executando o job de iniciar eleição
2021-11-22 21:08:00,018 INFO br.com.eleicaoonline.service.EleicaoService [scheduling-1] Executando buscarPorSituacao
2021-11-22 21:08:00,035 INFO br.com.eleicaoonline.job.CalcularResultadoEleicaoJob [scheduling-1] Executando o job de calcular os resultados das eleições iniciadas
2021-11-22 21:08:00,036 INFO br.com.eleicaoonline.service.EleicaoService [scheduling-1] Executando buscarPorSituacao
2021-11-22 21:08:00,085 INFO br.com.eleicaoonline.job.CalcularResultadoEleicaoJob [scheduling-1] Executando o job de calcular os resultados das eleições com falha
2021-11-22 21:08:00,085 INFO br.com.eleicaoonline.service.EleicaoService [scheduling-1] Executando buscarPorSituacao
2021-11-22 21:09:00,004 INFO br.com.eleicaoonline.job.CalcularResultadoEleicaoJob [scheduling-1] Executando o job de calcular os resultados das eleições iniciadas
2021-11-22 21:09:00,005 INFO br.com.eleicaoonline.service.EleicaoService [scheduling-1] Executando buscarPorSituacao
2021-11-22 21:09:00,043 INFO br.com.eleicaoonline.job.IniciarFinalizarEleicaoJob [scheduling-1] Executando o job de iniciar eleição
2021-11-22 21:09:00,044 INFO br.com.eleicaoonline.service.EleicaoService [scheduling-1] Executando buscarPorSituacao
2021-11-22 21:09:00,052 INFO br.com.eleicaoonline.job.CalcularResultadoEleicaoJob [scheduling-1] Executando o job de calcular os resultados das eleições com falha
2021-11-22 21:09:00,053 INFO br.com.eleicaoonline.service.EleicaoService [scheduling-1] Executando buscarPorSituacao
2021-11-22 21:10:00,003 INFO br.com.eleicaoonline.job.IniciarFinalizarEleicaoJob [scheduling-1] Executando o job de iniciar eleição
2021-11-22 21:10:00,003 INFO br.com.eleicaoonline.service.EleicaoService [scheduling-1] Executando buscarPorSituacao
2021-11-22 21:10:00,015 INFO br.com.eleicaoonline.job.CalcularResultadoEleicaoJob [scheduling-1] Executando o job de calcular os resultados das eleições com falha
2021-11-22 21:10:00,016 INFO br.com.eleicaoonline.service.EleicaoService [scheduling-1] Executando buscarPorSituacao
2021-11-22 21:10:00,026 INFO br.com.eleicaoonline.job.CalcularResultadoEleicaoJob [scheduling-1] Executando o job de calcular os resultados das eleições iniciadas
2021-11-22 21:10:00,026 INFO br.com.eleicaoonline.service.EleicaoService [scheduling-1] Executando buscarPorSituacao
2021-11-22 21:11:00,004 INFO br.com.eleicaoonline.job.CalcularResultadoEleicaoJob [scheduling-1] Executando o job de calcular os resultados das eleições iniciadas
2021-11-22 21:11:00,005 INFO br.com.eleicaoonline.service.EleicaoService [scheduling-1] Executando buscarPorSituacao
2021-11-22 21:11:00,048 INFO br.com.eleicaoonline.job.IniciarFinalizarEleicaoJob [scheduling-1] Executando o job de iniciar eleição
2021-11-22 21:11:00,048 INFO br.com.eleicaoonline.service.EleicaoService [scheduling-1] Executando buscarPorSituacao
2021-11-22 21:11:00,055 INFO br.com.eleicaoonline.job.CalcularResultadoEleicaoJob [scheduling-1] Executando o job de calcular os resultados das eleições com falha
2021-11-22 21:11:00,055 INFO br.com.eleicaoonline.service.EleicaoService [scheduling-1] Executando buscarPorSituacao
2021-11-22 21:12:00,003 INFO br.com.eleicaoonline.job.CalcularResultadoEleicaoJob [scheduling-1] Executando o job de calcular os resultados das eleições com falha
2021-11-22 21:12:00,004 INFO br.com.eleicaoonline.service.EleicaoService [scheduling-1] Executando buscarPorSituacao
2021-11-22 21:12:00,011 INFO br.com.eleicaoonline.job.CalcularResultadoEleicaoJob [scheduling-1] Executando o job de calcular os resultados das eleições iniciadas
2021-11-22 21:12:00,011 INFO br.com.eleicaoonline.service.EleicaoService [scheduling-1] Executando buscarPorSituacao
2021-11-22 21:12:00,122 INFO br.com.eleicaoonline.job.IniciarFinalizarEleicaoJob [scheduling-1] Executando o job de iniciar eleição
2021-11-22 21:12:00,122 INFO br.com.eleicaoonline.service.EleicaoService [scheduling-1] Executando buscarPorSituacao
2021-11-22 21:13:00,002 INFO br.com.eleicaoonline.job.IniciarFinalizarEleicaoJob [scheduling-1] Executando o job de iniciar eleição
2021-11-22 21:13:00,003 INFO br.com.eleicaoonline.service.EleicaoService [scheduling-1] Executando buscarPorSituacao
2021-11-22 21:13:00,025 INFO br.com.eleicaoonline.job.CalcularResultadoEleicaoJob [scheduling-1] Executando o job de calcular os resultados das eleições com falha
2021-11-22 21:13:00,026 INFO br.com.eleicaoonline.service.EleicaoService [scheduling-1] Executando buscarPorSituacao
2021-11-22 21:13:00,035 INFO br.com.eleicaoonline.job.CalcularResultadoEleicaoJob [scheduling-1] Executando o job de calcular os resultados das eleições iniciadas
2021-11-22 21:13:00,035 INFO br.com.eleicaoonline.service.EleicaoService [scheduling-1] Executando buscarPorSituacao
2021-11-22 21:14:00,018 INFO br.com.eleicaoonline.job.CalcularResultadoEleicaoJob [scheduling-1] Executando o job de calcular os resultados das eleições com falha
2021-11-22 21:14:00,020 INFO br.com.eleicaoonline.service.EleicaoService [scheduling-1] Executando buscarPorSituacao
2021-11-22 21:14:00,037 INFO br.com.eleicaoonline.job.CalcularResultadoEleicaoJob [scheduling-1] Executando o job de calcular os resultados das eleições iniciadas
2021-11-22 21:14:00,037 INFO br.com.eleicaoonline.service.EleicaoService [scheduling-1] Executando buscarPorSituacao
2021-11-22 21:14:00,065 INFO br.com.eleicaoonline.job.IniciarFinalizarEleicaoJob [scheduling-1] Executando o job de iniciar eleição
2021-11-22 21:14:00,065 INFO br.com.eleicaoonline.service.EleicaoService [scheduling-1] Executando buscarPorSituacao
2021-11-22 21:15:00,007 INFO br.com.eleicaoonline.job.IniciarFinalizarEleicaoJob [scheduling-1] Executando o job de iniciar eleição
2021-11-22 21:15:00,008 INFO br.com.eleicaoonline.service.EleicaoService [scheduling-1] Executando buscarPorSituacao
2021-11-22 21:15:00,034 INFO br.com.eleicaoonline.job.CalcularResultadoEleicaoJob [scheduling-1] Executando o job de calcular os resultados das eleições com falha
2021-11-22 21:15:00,035 INFO br.com.eleicaoonline.service.EleicaoService [scheduling-1] Executando buscarPorSituacao
2021-11-22 21:15:00,039 INFO br.com.eleicaoonline.job.CalcularResultadoEleicaoJob [scheduling-1] Executando o job de calcular os resultados das eleições iniciadas
2021-11-22 21:15:00,040 INFO br.com.eleicaoonline.service.EleicaoService [scheduling-1] Executando buscarPorSituacao
2021-11-22 21:15:33,082 INFO org.apache.juli.logging.DirectJDKLog [https-jsse-nio-8443-exec-3] Initializing Spring DispatcherServlet 'dispatcherServlet'
2021-11-22 21:15:33,083 INFO org.springframework.web.servlet.FrameworkServlet [https-jsse-nio-8443-exec-3] Initializing Servlet 'dispatcherServlet'
2021-11-22 21:15:33,089 INFO org.springframework.web.servlet.FrameworkServlet [https-jsse-nio-8443-exec-3] Completed initialization in 4 ms
2021-11-22 21:15:37,926 WARN br.com.eleicaoonline.filter.JwtRequestFilter [https-jsse-nio-8443-exec-6] Requisição não possui string bearer
2021-11-22 21:15:37,976 INFO br.com.eleicaoonline.service.AutenticacaoService [https-jsse-nio-8443-exec-6] Executando gerarToken
2021-11-22 21:15:37,985 INFO br.com.eleicaoonline.service.AdministradorService [https-jsse-nio-8443-exec-6] Executando buscarAdministradorPeloEmail
2021-11-22 21:15:38,035 INFO br.com.eleicaoonline.service.EleicaoService [https-jsse-nio-8443-exec-6] Executando buscarMembroComissaoPeloEmail
2021-11-22 21:15:38,058 INFO br.com.eleicaoonline.service.EleitorService [https-jsse-nio-8443-exec-6] Executando buscarEleitorPeloEmail
2021-11-22 21:15:41,083 INFO br.com.eleicaoonline.service.EleicaoService [https-jsse-nio-8443-exec-6] Executando listarEleicoesPorPessoaEleitor
2021-11-22 21:16:00,115 INFO br.com.eleicaoonline.job.IniciarFinalizarEleicaoJob [scheduling-1] Executando o job de iniciar eleição
2021-11-22 21:16:00,116 INFO br.com.eleicaoonline.service.EleicaoService [scheduling-1] Executando buscarPorSituacao
2021-11-22 21:16:00,145 INFO br.com.eleicaoonline.job.CalcularResultadoEleicaoJob [scheduling-1] Executando o job de calcular os resultados das eleições com falha
2021-11-22 21:16:00,145 INFO br.com.eleicaoonline.service.EleicaoService [scheduling-1] Executando buscarPorSituacao
2021-11-22 21:16:00,149 INFO br.com.eleicaoonline.job.CalcularResultadoEleicaoJob [scheduling-1] Executando o job de calcular os resultados das eleições iniciadas
2021-11-22 21:16:00,149 INFO br.com.eleicaoonline.service.EleicaoService [scheduling-1] Executando buscarPorSituacao
2021-11-22 21:16:43,257 INFO br.com.eleicaoonline.service.EleicaoService [https-jsse-nio-8443-exec-5] Executando buscarEleicaoPeloId
2021-11-22 21:16:43,441 INFO br.com.eleicaoonline.service.EleicaoService [https-jsse-nio-8443-exec-8] Executando listarEleicoesPorPessoaEleitor
2021-11-22 21:16:43,646 INFO br.com.eleicaoonline.service.EleicaoService [https-jsse-nio-8443-exec-9] Executando listarCandidatosEleicao
2021-11-22 21:17:00,019 INFO br.com.eleicaoonline.job.CalcularResultadoEleicaoJob [scheduling-1] Executando o job de calcular os resultados das eleições com falha
2021-11-22 21:17:00,021 INFO br.com.eleicaoonline.service.EleicaoService [scheduling-1] Executando buscarPorSituacao
2021-11-22 21:17:00,042 INFO br.com.eleicaoonline.job.IniciarFinalizarEleicaoJob [scheduling-1] Executando o job de iniciar eleição
2021-11-22 21:17:00,043 INFO br.com.eleicaoonline.service.EleicaoService [scheduling-1] Executando buscarPorSituacao
2021-11-22 21:17:00,051 INFO br.com.eleicaoonline.job.CalcularResultadoEleicaoJob [scheduling-1] Executando o job de calcular os resultados das eleições iniciadas
2021-11-22 21:17:00,052 INFO br.com.eleicaoonline.service.EleicaoService [scheduling-1] Executando buscarPorSituacao
2021-11-22 21:18:00,009 INFO br.com.eleicaoonline.job.CalcularResultadoEleicaoJob [scheduling-1] Executando o job de calcular os resultados das eleições com falha
2021-11-22 21:18:00,014 INFO br.com.eleicaoonline.service.EleicaoService [scheduling-1] Executando buscarPorSituacao
2021-11-22 21:18:00,054 INFO br.com.eleicaoonline.job.CalcularResultadoEleicaoJob [scheduling-1] Executando o job de calcular os resultados das eleições iniciadas
2021-11-22 21:18:00,055 INFO br.com.eleicaoonline.service.EleicaoService [scheduling-1] Executando buscarPorSituacao
2021-11-22 21:18:00,088 INFO br.com.eleicaoonline.job.IniciarFinalizarEleicaoJob [scheduling-1] Executando o job de iniciar eleição
2021-11-22 21:18:00,089 INFO br.com.eleicaoonline.service.EleicaoService [scheduling-1] Executando buscarPorSituacao
2021-11-22 21:19:00,007 INFO br.com.eleicaoonline.job.CalcularResultadoEleicaoJob [scheduling-1] Executando o job de calcular os resultados das eleições com falha
2021-11-22 21:19:00,010 INFO br.com.eleicaoonline.service.EleicaoService [scheduling-1] Executando buscarPorSituacao
2021-11-22 21:19:00,041 INFO br.com.eleicaoonline.job.CalcularResultadoEleicaoJob [scheduling-1] Executando o job de calcular os resultados das eleições iniciadas
2021-11-22 21:19:00,042 INFO br.com.eleicaoonline.service.EleicaoService [scheduling-1] Executando buscarPorSituacao
2021-11-22 21:19:00,074 INFO br.com.eleicaoonline.job.IniciarFinalizarEleicaoJob [scheduling-1] Executando o job de iniciar eleição
2021-11-22 21:19:00,074 INFO br.com.eleicaoonline.service.EleicaoService [scheduling-1] Executando buscarPorSituacao
2021-11-22 21:20:00,009 INFO br.com.eleicaoonline.job.IniciarFinalizarEleicaoJob [scheduling-1] Executando o job de iniciar eleição
2021-11-22 21:20:00,009 INFO br.com.eleicaoonline.service.EleicaoService [scheduling-1] Executando buscarPorSituacao
2021-11-22 21:20:00,021 INFO br.com.eleicaoonline.job.CalcularResultadoEleicaoJob [scheduling-1] Executando o job de calcular os resultados das eleições iniciadas
2021-11-22 21:20:00,021 INFO br.com.eleicaoonline.service.EleicaoService [scheduling-1] Executando buscarPorSituacao
2021-11-22 21:20:00,051 INFO br.com.eleicaoonline.job.CalcularResultadoEleicaoJob [scheduling-1] Executando o job de calcular os resultados das eleições com falha
2021-11-22 21:20:00,052 INFO br.com.eleicaoonline.service.EleicaoService [scheduling-1] Executando buscarPorSituacao
2021-11-22 21:21:00,003 INFO br.com.eleicaoonline.job.CalcularResultadoEleicaoJob [scheduling-1] Executando o job de calcular os resultados das eleições iniciadas
2021-11-22 21:21:00,004 INFO br.com.eleicaoonline.service.EleicaoService [scheduling-1] Executando buscarPorSituacao
2021-11-22 21:21:00,060 INFO br.com.eleicaoonline.job.CalcularResultadoEleicaoJob [scheduling-1] Executando o job de calcular os resultados das eleições com falha
2021-11-22 21:21:00,060 INFO br.com.eleicaoonline.service.EleicaoService [scheduling-1] Executando buscarPorSituacao
2021-11-22 21:21:00,083 INFO br.com.eleicaoonline.job.IniciarFinalizarEleicaoJob [scheduling-1] Executando o job de iniciar eleição
2021-11-22 21:21:00,083 INFO br.com.eleicaoonline.service.EleicaoService [scheduling-1] Executando buscarPorSituacao
2021-11-22 21:22:00,029 INFO br.com.eleicaoonline.job.CalcularResultadoEleicaoJob [scheduling-1] Executando o job de calcular os resultados das eleições iniciadas
2021-11-22 21:22:00,032 INFO br.com.eleicaoonline.service.EleicaoService [scheduling-1] Executando buscarPorSituacao
2021-11-22 21:22:00,074 INFO br.com.eleicaoonline.job.CalcularResultadoEleicaoJob [scheduling-1] Executando o job de calcular os resultados das eleições com falha
2021-11-22 21:22:00,074 INFO br.com.eleicaoonline.service.EleicaoService [scheduling-1] Executando buscarPorSituacao
2021-11-22 21:22:00,081 INFO br.com.eleicaoonline.job.IniciarFinalizarEleicaoJob [scheduling-1] Executando o job de iniciar eleição
2021-11-22 21:22:00,081 INFO br.com.eleicaoonline.service.EleicaoService [scheduling-1] Executando buscarPorSituacao
2021-11-22 21:23:00,003 INFO br.com.eleicaoonline.job.CalcularResultadoEleicaoJob [scheduling-1] Executando o job de calcular os resultados das eleições iniciadas
2021-11-22 21:23:00,004 INFO br.com.eleicaoonline.service.EleicaoService [scheduling-1] Executando buscarPorSituacao
2021-11-22 21:23:00,058 INFO br.com.eleicaoonline.job.CalcularResultadoEleicaoJob [scheduling-1] Executando o job de calcular os resultados das eleições com falha
2021-11-22 21:23:00,059 INFO br.com.eleicaoonline.service.EleicaoService [scheduling-1] Executando buscarPorSituacao
2021-11-22 21:23:00,063 INFO br.com.eleicaoonline.job.IniciarFinalizarEleicaoJob [scheduling-1] Executando o job de iniciar eleição
2021-11-22 21:23:00,064 INFO br.com.eleicaoonline.service.EleicaoService [scheduling-1] Executando buscarPorSituacao
2021-11-22 21:24:00,022 INFO br.com.eleicaoonline.job.IniciarFinalizarEleicaoJob [scheduling-1] Executando o job de iniciar eleição
2021-11-22 21:24:00,022 INFO br.com.eleicaoonline.service.EleicaoService [scheduling-1] Executando buscarPorSituacao
2021-11-22 21:24:00,029 INFO br.com.eleicaoonline.job.CalcularResultadoEleicaoJob [scheduling-1] Executando o job de calcular os resultados das eleições iniciadas
2021-11-22 21:24:00,030 INFO br.com.eleicaoonline.service.EleicaoService [scheduling-1] Executando buscarPorSituacao
2021-11-22 21:24:00,065 INFO br.com.eleicaoonline.job.CalcularResultadoEleicaoJob [scheduling-1] Executando o job de calcular os resultados das eleições com falha
2021-11-22 21:24:00,066 INFO br.com.eleicaoonline.service.EleicaoService [scheduling-1] Executando buscarPorSituacao
2021-11-22 21:25:00,038 INFO br.com.eleicaoonline.job.CalcularResultadoEleicaoJob [scheduling-1] Executando o job de calcular os resultados das eleições iniciadas
2021-11-22 21:25:00,040 INFO br.com.eleicaoonline.service.EleicaoService [scheduling-1] Executando buscarPorSituacao
2021-11-22 21:25:00,087 INFO br.com.eleicaoonline.job.CalcularResultadoEleicaoJob [scheduling-1] Executando o job de calcular os resultados das eleições com falha
2021-11-22 21:25:00,088 INFO br.com.eleicaoonline.service.EleicaoService [scheduling-1] Executando buscarPorSituacao
2021-11-22 21:25:00,094 INFO br.com.eleicaoonline.job.IniciarFinalizarEleicaoJob [scheduling-1] Executando o job de iniciar eleição
2021-11-22 21:25:00,094 INFO br.com.eleicaoonline.service.EleicaoService [scheduling-1] Executando buscarPorSituacao
2021-11-22 21:26:00,020 INFO br.com.eleicaoonline.job.IniciarFinalizarEleicaoJob [scheduling-1] Executando o job de iniciar eleição
2021-11-22 21:26:00,021 INFO br.com.eleicaoonline.service.EleicaoService [scheduling-1] Executando buscarPorSituacao
2021-11-22 21:26:00,029 INFO br.com.eleicaoonline.job.CalcularResultadoEleicaoJob [scheduling-1] Executando o job de calcular os resultados das eleições iniciadas
2021-11-22 21:26:00,029 INFO br.com.eleicaoonline.service.EleicaoService [scheduling-1] Executando buscarPorSituacao
2021-11-22 21:26:00,056 INFO br.com.eleicaoonline.job.CalcularResultadoEleicaoJob [scheduling-1] Executando o job de calcular os resultados das eleições com falha
2021-11-22 21:26:00,056 INFO br.com.eleicaoonline.service.EleicaoService [scheduling-1] Executando buscarPorSituacao
2021-11-22 21:27:00,007 INFO br.com.eleicaoonline.job.IniciarFinalizarEleicaoJob [scheduling-1] Executando o job de iniciar eleição
2021-11-22 21:27:00,008 INFO br.com.eleicaoonline.service.EleicaoService [scheduling-1] Executando buscarPorSituacao
2021-11-22 21:27:00,030 INFO br.com.eleicaoonline.job.CalcularResultadoEleicaoJob [scheduling-1] Executando o job de calcular os resultados das eleições com falha
2021-11-22 21:27:00,031 INFO br.com.eleicaoonline.service.EleicaoService [scheduling-1] Executando buscarPorSituacao
2021-11-22 21:27:00,036 INFO br.com.eleicaoonline.job.CalcularResultadoEleicaoJob [scheduling-1] Executando o job de calcular os resultados das eleições iniciadas
2021-11-22 21:27:00,036 INFO br.com.eleicaoonline.service.EleicaoService [scheduling-1] Executando buscarPorSituacao
2021-11-22 21:28:00,007 INFO br.com.eleicaoonline.job.CalcularResultadoEleicaoJob [scheduling-1] Executando o job de calcular os resultados das eleições iniciadas
2021-11-22 21:28:00,009 INFO br.com.eleicaoonline.service.EleicaoService [scheduling-1] Executando buscarPorSituacao
2021-11-22 21:28:00,063 INFO br.com.eleicaoonline.job.IniciarFinalizarEleicaoJob [scheduling-1] Executando o job de iniciar eleição
2021-11-22 21:28:00,063 INFO br.com.eleicaoonline.service.EleicaoService [scheduling-1] Executando buscarPorSituacao
2021-11-22 21:28:00,069 INFO br.com.eleicaoonline.job.CalcularResultadoEleicaoJob [scheduling-1] Executando o job de calcular os resultados das eleições com falha
2021-11-22 21:28:00,070 INFO br.com.eleicaoonline.service.EleicaoService [scheduling-1] Executando buscarPorSituacao
2021-11-22 21:29:00,024 INFO br.com.eleicaoonline.job.CalcularResultadoEleicaoJob [scheduling-1] Executando o job de calcular os resultados das eleições com falha
2021-11-22 21:29:00,026 INFO br.com.eleicaoonline.service.EleicaoService [scheduling-1] Executando buscarPorSituacao
2021-11-22 21:29:00,042 INFO br.com.eleicaoonline.job.CalcularResultadoEleicaoJob [scheduling-1] Executando o job de calcular os resultados das eleições iniciadas
2021-11-22 21:29:00,043 INFO br.com.eleicaoonline.service.EleicaoService [scheduling-1] Executando buscarPorSituacao
2021-11-22 21:29:00,077 INFO br.com.eleicaoonline.job.IniciarFinalizarEleicaoJob [scheduling-1] Executando o job de iniciar eleição
2021-11-22 21:29:00,078 INFO br.com.eleicaoonline.service.EleicaoService [scheduling-1] Executando buscarPorSituacao
2021-11-22 21:30:00,003 INFO br.com.eleicaoonline.job.CalcularResultadoEleicaoJob [scheduling-1] Executando o job de calcular os resultados das eleições com falha
2021-11-22 21:30:00,003 INFO br.com.eleicaoonline.service.EleicaoService [scheduling-1] Executando buscarPorSituacao
2021-11-22 21:30:00,011 INFO br.com.eleicaoonline.job.CalcularResultadoEleicaoJob [scheduling-1] Executando o job de calcular os resultados das eleições iniciadas
2021-11-22 21:30:00,011 INFO br.com.eleicaoonline.service.EleicaoService [scheduling-1] Executando buscarPorSituacao
2021-11-22 21:30:00,097 INFO br.com.eleicaoonline.job.IniciarFinalizarEleicaoJob [scheduling-1] Executando o job de iniciar eleição
2021-11-22 21:30:00,098 INFO br.com.eleicaoonline.service.EleicaoService [scheduling-1] Executando buscarPorSituacao
2021-11-22 21:31:00,038 INFO br.com.eleicaoonline.job.IniciarFinalizarEleicaoJob [scheduling-1] Executando o job de iniciar eleição
2021-11-22 21:31:00,038 INFO br.com.eleicaoonline.service.EleicaoService [scheduling-1] Executando buscarPorSituacao
2021-11-22 21:31:00,059 INFO br.com.eleicaoonline.job.CalcularResultadoEleicaoJob [scheduling-1] Executando o job de calcular os resultados das eleições com falha
2021-11-22 21:31:00,060 INFO br.com.eleicaoonline.service.EleicaoService [scheduling-1] Executando buscarPorSituacao
2021-11-22 21:31:00,066 INFO br.com.eleicaoonline.job.CalcularResultadoEleicaoJob [scheduling-1] Executando o job de calcular os resultados das eleições iniciadas
2021-11-22 21:31:00,067 INFO br.com.eleicaoonline.service.EleicaoService [scheduling-1] Executando buscarPorSituacao
2021-11-22 21:32:00,004 INFO br.com.eleicaoonline.job.IniciarFinalizarEleicaoJob [scheduling-1] Executando o job de iniciar eleição
2021-11-22 21:32:00,005 INFO br.com.eleicaoonline.service.EleicaoService [scheduling-1] Executando buscarPorSituacao
2021-11-22 21:32:00,013 INFO br.com.eleicaoonline.job.CalcularResultadoEleicaoJob [scheduling-1] Executando o job de calcular os resultados das eleições com falha
2021-11-22 21:32:00,013 INFO br.com.eleicaoonline.service.EleicaoService [scheduling-1] Executando buscarPorSituacao
2021-11-22 21:32:00,022 INFO br.com.eleicaoonline.job.CalcularResultadoEleicaoJob [scheduling-1] Executando o job de calcular os resultados das eleições iniciadas
2021-11-22 21:32:00,023 INFO br.com.eleicaoonline.service.EleicaoService [scheduling-1] Executando buscarPorSituacao
2021-11-22 21:32:54,063 INFO br.com.eleicaoonline.service.EleicaoService [https-jsse-nio-8443-exec-10] Executando buscarEleicaoPeloId
2021-11-22 21:32:54,204 INFO br.com.eleicaoonline.service.EleicaoService [https-jsse-nio-8443-exec-1] Executando listarEleicoesPorPessoaEleitor
2021-11-22 21:32:54,392 INFO br.com.eleicaoonline.service.EleicaoService [https-jsse-nio-8443-exec-10] Executando listarCandidatosEleicao
2021-11-22 21:33:00,003 INFO br.com.eleicaoonline.job.CalcularResultadoEleicaoJob [scheduling-1] Executando o job de calcular os resultados das eleições iniciadas
2021-11-22 21:33:00,004 INFO br.com.eleicaoonline.service.EleicaoService [scheduling-1] Executando buscarPorSituacao
2021-11-22 21:33:00,044 INFO br.com.eleicaoonline.job.IniciarFinalizarEleicaoJob [scheduling-1] Executando o job de iniciar eleição
2021-11-22 21:33:00,044 INFO br.com.eleicaoonline.service.EleicaoService [scheduling-1] Executando buscarPorSituacao
2021-11-22 21:33:00,048 INFO br.com.eleicaoonline.job.CalcularResultadoEleicaoJob [scheduling-1] Executando o job de calcular os resultados das eleições com falha
2021-11-22 21:33:00,048 INFO br.com.eleicaoonline.service.EleicaoService [scheduling-1] Executando buscarPorSituacao
2021-11-22 21:34:00,020 INFO br.com.eleicaoonline.job.CalcularResultadoEleicaoJob [scheduling-1] Executando o job de calcular os resultados das eleições iniciadas
2021-11-22 21:34:00,023 INFO br.com.eleicaoonline.service.EleicaoService [scheduling-1] Executando buscarPorSituacao
2021-11-22 21:34:00,074 INFO br.com.eleicaoonline.job.IniciarFinalizarEleicaoJob [scheduling-1] Executando o job de iniciar eleição
2021-11-22 21:34:00,074 INFO br.com.eleicaoonline.service.EleicaoService [scheduling-1] Executando buscarPorSituacao
2021-11-22 21:34:00,078 INFO br.com.eleicaoonline.job.CalcularResultadoEleicaoJob [scheduling-1] Executando o job de calcular os resultados das eleições com falha
2021-11-22 21:34:00,079 INFO br.com.eleicaoonline.service.EleicaoService [scheduling-1] Executando buscarPorSituacao
2021-11-22 21:34:23,895 INFO br.com.eleicaoonline.service.EleicaoService [https-jsse-nio-8443-exec-8] Executando buscarEleicaoPeloId
2021-11-22 21:34:23,989 INFO br.com.eleicaoonline.service.EleicaoService [https-jsse-nio-8443-exec-2] Executando listarEleicoesPorPessoaEleitor
2021-11-22 21:34:24,118 INFO br.com.eleicaoonline.service.EleicaoService [https-jsse-nio-8443-exec-10] Executando listarCandidatosEleicao
2021-11-22 21:34:30,739 INFO br.com.eleicaoonline.service.EleicaoService [https-jsse-nio-8443-exec-7] Executando buscarEleicaoPeloId
2021-11-22 21:34:30,931 INFO br.com.eleicaoonline.service.EleicaoService [https-jsse-nio-8443-exec-5] Executando listarEleicoesPorPessoaEleitor
2021-11-22 21:34:30,940 INFO br.com.eleicaoonline.service.EleicaoService [https-jsse-nio-8443-exec-1] Executando listarCandidatosEleicao
2021-11-22 21:35:00,009 INFO br.com.eleicaoonline.job.CalcularResultadoEleicaoJob [scheduling-1] Executando o job de calcular os resultados das eleições iniciadas
2021-11-22 21:35:00,011 INFO br.com.eleicaoonline.service.EleicaoService [scheduling-1] Executando buscarPorSituacao
2021-11-22 21:35:00,062 INFO br.com.eleicaoonline.job.CalcularResultadoEleicaoJob [scheduling-1] Executando o job de calcular os resultados das eleições com falha
2021-11-22 21:35:00,063 INFO br.com.eleicaoonline.service.EleicaoService [scheduling-1] Executando buscarPorSituacao
2021-11-22 21:35:00,066 INFO br.com.eleicaoonline.job.IniciarFinalizarEleicaoJob [scheduling-1] Executando o job de iniciar eleição
2021-11-22 21:35:00,066 INFO br.com.eleicaoonline.service.EleicaoService [scheduling-1] Executando buscarPorSituacao
2021-11-22 21:35:19,432 INFO br.com.eleicaoonline.service.EleicaoService [https-jsse-nio-8443-exec-2] Executando buscarEleicaoPeloId
2021-11-22 21:35:20,850 INFO br.com.eleicaoonline.service.EleicaoService [https-jsse-nio-8443-exec-6] Executando listarCandidatosEleicao
2021-11-22 21:35:20,850 INFO br.com.eleicaoonline.service.EleicaoService [https-jsse-nio-8443-exec-10] Executando listarEleicoesPorPessoaEleitor
2021-11-22 21:35:41,842 INFO br.com.eleicaoonline.service.EleicaoService [https-jsse-nio-8443-exec-4] Executando buscarEleicaoPeloId
2021-11-22 21:35:42,137 INFO br.com.eleicaoonline.service.EleicaoService [https-jsse-nio-8443-exec-3] Executando listarCandidatosEleicao
2021-11-22 21:35:42,137 INFO br.com.eleicaoonline.service.EleicaoService [https-jsse-nio-8443-exec-9] Executando listarEleicoesPorPessoaEleitor
2021-11-22 21:36:00,015 INFO br.com.eleicaoonline.job.CalcularResultadoEleicaoJob [scheduling-1] Executando o job de calcular os resultados das eleições iniciadas
2021-11-22 21:36:00,015 INFO br.com.eleicaoonline.service.EleicaoService [scheduling-1] Executando buscarPorSituacao
2021-11-22 21:36:00,058 INFO br.com.eleicaoonline.job.CalcularResultadoEleicaoJob [scheduling-1] Executando o job de calcular os resultados das eleições com falha
2021-11-22 21:36:00,059 INFO br.com.eleicaoonline.service.EleicaoService [scheduling-1] Executando buscarPorSituacao
2021-11-22 21:36:00,074 INFO br.com.eleicaoonline.job.IniciarFinalizarEleicaoJob [scheduling-1] Executando o job de iniciar eleição
2021-11-22 21:36:00,075 INFO br.com.eleicaoonline.service.EleicaoService [scheduling-1] Executando buscarPorSituacao
2021-11-22 21:36:07,432 INFO br.com.eleicaoonline.service.EleicaoService [https-jsse-nio-8443-exec-8] Executando buscarEleicaoPeloId
2021-11-22 21:36:07,868 INFO br.com.eleicaoonline.service.EleicaoService [https-jsse-nio-8443-exec-1] Executando listarCandidatosEleicao
2021-11-22 21:36:07,869 INFO br.com.eleicaoonline.service.EleicaoService [https-jsse-nio-8443-exec-7] Executando listarEleicoesPorPessoaEleitor
2021-11-22 21:36:16,389 INFO br.com.eleicaoonline.service.EleicaoService [https-jsse-nio-8443-exec-5] Executando buscarEleicaoPeloId
2021-11-22 21:36:16,602 INFO br.com.eleicaoonline.service.EleicaoService [https-jsse-nio-8443-exec-2] Executando listarEleicoesPorPessoaEleitor
2021-11-22 21:36:16,604 INFO br.com.eleicaoonline.service.EleicaoService [https-jsse-nio-8443-exec-6] Executando listarCandidatosEleicao
2021-11-22 21:36:40,134 INFO br.com.eleicaoonline.service.EleicaoService [https-jsse-nio-8443-exec-10] Executando buscarEleicaoPeloId
2021-11-22 21:36:40,590 INFO br.com.eleicaoonline.service.EleicaoService [https-jsse-nio-8443-exec-4] Executando listarEleicoesPorPessoaEleitor
2021-11-22 21:36:40,601 INFO br.com.eleicaoonline.service.EleicaoService [https-jsse-nio-8443-exec-3] Executando listarCandidatosEleicao
2021-11-22 21:37:00,006 INFO br.com.eleicaoonline.job.IniciarFinalizarEleicaoJob [scheduling-1] Executando o job de iniciar eleição
2021-11-22 21:37:00,007 INFO br.com.eleicaoonline.service.EleicaoService [scheduling-1] Executando buscarPorSituacao
2021-11-22 21:37:00,037 INFO br.com.eleicaoonline.job.CalcularResultadoEleicaoJob [scheduling-1] Executando o job de calcular os resultados das eleições iniciadas
2021-11-22 21:37:00,038 INFO br.com.eleicaoonline.service.EleicaoService [scheduling-1] Executando buscarPorSituacao
2021-11-22 21:37:00,091 INFO br.com.eleicaoonline.job.CalcularResultadoEleicaoJob [scheduling-1] Executando o job de calcular os resultados das eleições com falha
2021-11-22 21:37:00,092 INFO br.com.eleicaoonline.service.EleicaoService [scheduling-1] Executando buscarPorSituacao
2021-11-22 21:37:27,659 INFO br.com.eleicaoonline.service.EleicaoService [https-jsse-nio-8443-exec-9] Executando buscarEleicaoPeloId
2021-11-22 21:37:27,959 INFO br.com.eleicaoonline.service.EleicaoService [https-jsse-nio-8443-exec-8] Executando listarEleicoesPorPessoaEleitor
2021-11-22 21:37:27,962 INFO br.com.eleicaoonline.service.EleicaoService [https-jsse-nio-8443-exec-1] Executando listarCandidatosEleicao
2021-11-22 21:37:41,621 INFO br.com.eleicaoonline.service.EleicaoService [https-jsse-nio-8443-exec-7] Executando buscarEleicaoPeloId
2021-11-22 21:37:41,959 INFO br.com.eleicaoonline.service.EleicaoService [https-jsse-nio-8443-exec-5] Executando listarEleicoesPorPessoaEleitor
2021-11-22 21:37:41,998 INFO br.com.eleicaoonline.service.EleicaoService [https-jsse-nio-8443-exec-6] Executando listarCandidatosEleicao
2021-11-22 21:38:00,002 INFO br.com.eleicaoonline.job.CalcularResultadoEleicaoJob [scheduling-1] Executando o job de calcular os resultados das eleições com falha
2021-11-22 21:38:00,003 INFO br.com.eleicaoonline.service.EleicaoService [scheduling-1] Executando buscarPorSituacao
2021-11-22 21:38:00,013 INFO br.com.eleicaoonline.job.IniciarFinalizarEleicaoJob [scheduling-1] Executando o job de iniciar eleição
2021-11-22 21:38:00,013 INFO br.com.eleicaoonline.service.EleicaoService [scheduling-1] Executando buscarPorSituacao
2021-11-22 21:38:00,017 INFO br.com.eleicaoonline.job.CalcularResultadoEleicaoJob [scheduling-1] Executando o job de calcular os resultados das eleições iniciadas
2021-11-22 21:38:00,017 INFO br.com.eleicaoonline.service.EleicaoService [scheduling-1] Executando buscarPorSituacao
