2021-11-24 00:00:00,032 INFO br.com.eleicaoonline.job.CalcularResultadoEleicaoJob [scheduling-1] Executando o job de calcular os resultados das eleições com falha
2021-11-24 00:00:00,040 INFO br.com.eleicaoonline.service.EleicaoService [scheduling-1] Executando buscarPorSituacao
2021-11-24 00:00:00,052 INFO br.com.eleicaoonline.job.IniciarFinalizarEleicaoJob [scheduling-1] Executando o job de iniciar eleição
2021-11-24 00:00:00,053 INFO br.com.eleicaoonline.service.EleicaoService [scheduling-1] Executando buscarPorSituacao
2021-11-24 00:00:00,062 INFO br.com.eleicaoonline.job.CalcularResultadoEleicaoJob [scheduling-1] Executando o job de calcular os resultados das eleições iniciadas
2021-11-24 00:00:00,063 INFO br.com.eleicaoonline.service.EleicaoService [scheduling-1] Executando buscarPorSituacao
2021-11-24 00:00:00,099 INFO br.com.eleicaoonline.job.IniciarFinalizarEleicaoJob [scheduling-1] Executando o job de finalizar eleições processadas
2021-11-24 00:00:00,099 INFO br.com.eleicaoonline.service.EleicaoService [scheduling-1] Executando buscarPorSituacao
2021-11-24 00:01:00,027 INFO br.com.eleicaoonline.job.CalcularResultadoEleicaoJob [scheduling-1] Executando o job de calcular os resultados das eleições iniciadas
2021-11-24 00:01:00,029 INFO br.com.eleicaoonline.service.EleicaoService [scheduling-1] Executando buscarPorSituacao
2021-11-24 00:01:00,066 INFO br.com.eleicaoonline.job.IniciarFinalizarEleicaoJob [scheduling-1] Executando o job de iniciar eleição
2021-11-24 00:01:00,067 INFO br.com.eleicaoonline.service.EleicaoService [scheduling-1] Executando buscarPorSituacao
2021-11-24 00:01:00,073 INFO br.com.eleicaoonline.job.CalcularResultadoEleicaoJob [scheduling-1] Executando o job de calcular os resultados das eleições com falha
2021-11-24 00:01:00,073 INFO br.com.eleicaoonline.service.EleicaoService [scheduling-1] Executando buscarPorSituacao
2021-11-24 00:02:00,005 INFO br.com.eleicaoonline.job.CalcularResultadoEleicaoJob [scheduling-1] Executando o job de calcular os resultados das eleições com falha
2021-11-24 00:02:00,006 INFO br.com.eleicaoonline.service.EleicaoService [scheduling-1] Executando buscarPorSituacao
2021-11-24 00:02:00,024 INFO br.com.eleicaoonline.job.IniciarFinalizarEleicaoJob [scheduling-1] Executando o job de iniciar eleição
2021-11-24 00:02:00,024 INFO br.com.eleicaoonline.service.EleicaoService [scheduling-1] Executando buscarPorSituacao
2021-11-24 00:02:00,034 INFO br.com.eleicaoonline.job.CalcularResultadoEleicaoJob [scheduling-1] Executando o job de calcular os resultados das eleições iniciadas
2021-11-24 00:02:00,035 INFO br.com.eleicaoonline.service.EleicaoService [scheduling-1] Executando buscarPorSituacao
2021-11-24 00:03:00,004 INFO br.com.eleicaoonline.job.IniciarFinalizarEleicaoJob [scheduling-1] Executando o job de iniciar eleição
2021-11-24 00:03:00,005 INFO br.com.eleicaoonline.service.EleicaoService [scheduling-1] Executando buscarPorSituacao
2021-11-24 00:03:00,020 INFO br.com.eleicaoonline.job.CalcularResultadoEleicaoJob [scheduling-1] Executando o job de calcular os resultados das eleições iniciadas
2021-11-24 00:03:00,020 INFO br.com.eleicaoonline.service.EleicaoService [scheduling-1] Executando buscarPorSituacao
2021-11-24 00:03:00,054 INFO br.com.eleicaoonline.job.CalcularResultadoEleicaoJob [scheduling-1] Executando o job de calcular os resultados das eleições com falha
2021-11-24 00:03:00,055 INFO br.com.eleicaoonline.service.EleicaoService [scheduling-1] Executando buscarPorSituacao
2021-11-24 00:04:00,005 INFO br.com.eleicaoonline.job.CalcularResultadoEleicaoJob [scheduling-1] Executando o job de calcular os resultados das eleições com falha
2021-11-24 00:04:00,006 INFO br.com.eleicaoonline.service.EleicaoService [scheduling-1] Executando buscarPorSituacao
2021-11-24 00:04:00,030 INFO br.com.eleicaoonline.job.CalcularResultadoEleicaoJob [scheduling-1] Executando o job de calcular os resultados das eleições iniciadas
2021-11-24 00:04:00,031 INFO br.com.eleicaoonline.service.EleicaoService [scheduling-1] Executando buscarPorSituacao
2021-11-24 00:04:00,064 INFO br.com.eleicaoonline.job.IniciarFinalizarEleicaoJob [scheduling-1] Executando o job de iniciar eleição
2021-11-24 00:04:00,065 INFO br.com.eleicaoonline.service.EleicaoService [scheduling-1] Executando buscarPorSituacao
2021-11-24 00:05:00,010 INFO br.com.eleicaoonline.job.IniciarFinalizarEleicaoJob [scheduling-1] Executando o job de iniciar eleição
2021-11-24 00:05:00,012 INFO br.com.eleicaoonline.service.EleicaoService [scheduling-1] Executando buscarPorSituacao
2021-11-24 00:05:00,041 INFO br.com.eleicaoonline.job.CalcularResultadoEleicaoJob [scheduling-1] Executando o job de calcular os resultados das eleições com falha
2021-11-24 00:05:00,042 INFO br.com.eleicaoonline.service.EleicaoService [scheduling-1] Executando buscarPorSituacao
2021-11-24 00:05:00,052 INFO br.com.eleicaoonline.job.CalcularResultadoEleicaoJob [scheduling-1] Executando o job de calcular os resultados das eleições iniciadas
2021-11-24 00:05:00,053 INFO br.com.eleicaoonline.service.EleicaoService [scheduling-1] Executando buscarPorSituacao
2021-11-24 00:06:00,009 INFO br.com.eleicaoonline.job.CalcularResultadoEleicaoJob [scheduling-1] Executando o job de calcular os resultados das eleições iniciadas
2021-11-24 00:06:00,011 INFO br.com.eleicaoonline.service.EleicaoService [scheduling-1] Executando buscarPorSituacao
2021-11-24 00:06:00,089 INFO br.com.eleicaoonline.job.CalcularResultadoEleicaoJob [scheduling-1] Executando o job de calcular os resultados das eleições com falha
2021-11-24 00:06:00,090 INFO br.com.eleicaoonline.service.EleicaoService [scheduling-1] Executando buscarPorSituacao
2021-11-24 00:06:00,095 INFO br.com.eleicaoonline.job.IniciarFinalizarEleicaoJob [scheduling-1] Executando o job de iniciar eleição
2021-11-24 00:06:00,095 INFO br.com.eleicaoonline.service.EleicaoService [scheduling-1] Executando buscarPorSituacao
2021-11-24 00:07:00,004 INFO br.com.eleicaoonline.job.CalcularResultadoEleicaoJob [scheduling-1] Executando o job de calcular os resultados das eleições iniciadas
2021-11-24 00:07:00,004 INFO br.com.eleicaoonline.service.EleicaoService [scheduling-1] Executando buscarPorSituacao
2021-11-24 00:07:00,048 INFO br.com.eleicaoonline.job.CalcularResultadoEleicaoJob [scheduling-1] Executando o job de calcular os resultados das eleições com falha
2021-11-24 00:07:00,048 INFO br.com.eleicaoonline.service.EleicaoService [scheduling-1] Executando buscarPorSituacao
2021-11-24 00:07:00,052 INFO br.com.eleicaoonline.job.IniciarFinalizarEleicaoJob [scheduling-1] Executando o job de iniciar eleição
2021-11-24 00:07:00,053 INFO br.com.eleicaoonline.service.EleicaoService [scheduling-1] Executando buscarPorSituacao
2021-11-24 00:08:00,005 INFO br.com.eleicaoonline.job.IniciarFinalizarEleicaoJob [scheduling-1] Executando o job de iniciar eleição
2021-11-24 00:08:00,005 INFO br.com.eleicaoonline.service.EleicaoService [scheduling-1] Executando buscarPorSituacao
2021-11-24 00:08:00,012 INFO br.com.eleicaoonline.job.CalcularResultadoEleicaoJob [scheduling-1] Executando o job de calcular os resultados das eleições com falha
2021-11-24 00:08:00,013 INFO br.com.eleicaoonline.service.EleicaoService [scheduling-1] Executando buscarPorSituacao
2021-11-24 00:08:00,016 INFO br.com.eleicaoonline.job.CalcularResultadoEleicaoJob [scheduling-1] Executando o job de calcular os resultados das eleições iniciadas
2021-11-24 00:08:00,017 INFO br.com.eleicaoonline.service.EleicaoService [scheduling-1] Executando buscarPorSituacao
2021-11-24 00:09:00,013 INFO br.com.eleicaoonline.job.CalcularResultadoEleicaoJob [scheduling-1] Executando o job de calcular os resultados das eleições iniciadas
2021-11-24 00:09:00,016 INFO br.com.eleicaoonline.service.EleicaoService [scheduling-1] Executando buscarPorSituacao
2021-11-24 00:09:00,073 INFO br.com.eleicaoonline.job.CalcularResultadoEleicaoJob [scheduling-1] Executando o job de calcular os resultados das eleições com falha
2021-11-24 00:09:00,074 INFO br.com.eleicaoonline.service.EleicaoService [scheduling-1] Executando buscarPorSituacao
2021-11-24 00:09:00,077 INFO br.com.eleicaoonline.job.IniciarFinalizarEleicaoJob [scheduling-1] Executando o job de iniciar eleição
2021-11-24 00:09:00,078 INFO br.com.eleicaoonline.service.EleicaoService [scheduling-1] Executando buscarPorSituacao
2021-11-24 00:10:00,004 INFO br.com.eleicaoonline.job.CalcularResultadoEleicaoJob [scheduling-1] Executando o job de calcular os resultados das eleições iniciadas
2021-11-24 00:10:00,005 INFO br.com.eleicaoonline.service.EleicaoService [scheduling-1] Executando buscarPorSituacao
2021-11-24 00:10:00,121 INFO br.com.eleicaoonline.job.IniciarFinalizarEleicaoJob [scheduling-1] Executando o job de iniciar eleição
2021-11-24 00:10:00,121 INFO br.com.eleicaoonline.service.EleicaoService [scheduling-1] Executando buscarPorSituacao
2021-11-24 00:10:00,126 INFO br.com.eleicaoonline.job.CalcularResultadoEleicaoJob [scheduling-1] Executando o job de calcular os resultados das eleições com falha
2021-11-24 00:10:00,126 INFO br.com.eleicaoonline.service.EleicaoService [scheduling-1] Executando buscarPorSituacao
2021-11-24 00:11:00,005 INFO br.com.eleicaoonline.job.CalcularResultadoEleicaoJob [scheduling-1] Executando o job de calcular os resultados das eleições com falha
2021-11-24 00:11:00,006 INFO br.com.eleicaoonline.service.EleicaoService [scheduling-1] Executando buscarPorSituacao
2021-11-24 00:11:00,025 INFO br.com.eleicaoonline.job.IniciarFinalizarEleicaoJob [scheduling-1] Executando o job de iniciar eleição
2021-11-24 00:11:00,025 INFO br.com.eleicaoonline.service.EleicaoService [scheduling-1] Executando buscarPorSituacao
2021-11-24 00:11:00,036 INFO br.com.eleicaoonline.job.CalcularResultadoEleicaoJob [scheduling-1] Executando o job de calcular os resultados das eleições iniciadas
2021-11-24 00:11:00,037 INFO br.com.eleicaoonline.service.EleicaoService [scheduling-1] Executando buscarPorSituacao
2021-11-24 00:12:00,003 INFO br.com.eleicaoonline.job.IniciarFinalizarEleicaoJob [scheduling-1] Executando o job de iniciar eleição
2021-11-24 00:12:00,003 INFO br.com.eleicaoonline.service.EleicaoService [scheduling-1] Executando buscarPorSituacao
2021-11-24 00:12:00,010 INFO br.com.eleicaoonline.job.CalcularResultadoEleicaoJob [scheduling-1] Executando o job de calcular os resultados das eleições iniciadas
2021-11-24 00:12:00,010 INFO br.com.eleicaoonline.service.EleicaoService [scheduling-1] Executando buscarPorSituacao
2021-11-24 00:12:00,054 INFO br.com.eleicaoonline.job.CalcularResultadoEleicaoJob [scheduling-1] Executando o job de calcular os resultados das eleições com falha
2021-11-24 00:12:00,055 INFO br.com.eleicaoonline.service.EleicaoService [scheduling-1] Executando buscarPorSituacao
2021-11-24 00:13:00,004 INFO br.com.eleicaoonline.job.CalcularResultadoEleicaoJob [scheduling-1] Executando o job de calcular os resultados das eleições iniciadas
2021-11-24 00:13:00,005 INFO br.com.eleicaoonline.service.EleicaoService [scheduling-1] Executando buscarPorSituacao
2021-11-24 00:13:00,040 INFO br.com.eleicaoonline.job.IniciarFinalizarEleicaoJob [scheduling-1] Executando o job de iniciar eleição
2021-11-24 00:13:00,040 INFO br.com.eleicaoonline.service.EleicaoService [scheduling-1] Executando buscarPorSituacao
2021-11-24 00:13:00,043 INFO br.com.eleicaoonline.job.CalcularResultadoEleicaoJob [scheduling-1] Executando o job de calcular os resultados das eleições com falha
2021-11-24 00:13:00,044 INFO br.com.eleicaoonline.service.EleicaoService [scheduling-1] Executando buscarPorSituacao
2021-11-24 00:14:00,004 INFO br.com.eleicaoonline.job.CalcularResultadoEleicaoJob [scheduling-1] Executando o job de calcular os resultados das eleições iniciadas
2021-11-24 00:14:00,005 INFO br.com.eleicaoonline.service.EleicaoService [scheduling-1] Executando buscarPorSituacao
2021-11-24 00:14:00,047 INFO br.com.eleicaoonline.job.CalcularResultadoEleicaoJob [scheduling-1] Executando o job de calcular os resultados das eleições com falha
2021-11-24 00:14:00,047 INFO br.com.eleicaoonline.service.EleicaoService [scheduling-1] Executando buscarPorSituacao
2021-11-24 00:14:00,050 INFO br.com.eleicaoonline.job.IniciarFinalizarEleicaoJob [scheduling-1] Executando o job de iniciar eleição
2021-11-24 00:14:00,051 INFO br.com.eleicaoonline.service.EleicaoService [scheduling-1] Executando buscarPorSituacao
2021-11-24 00:15:00,003 INFO br.com.eleicaoonline.job.CalcularResultadoEleicaoJob [scheduling-1] Executando o job de calcular os resultados das eleições iniciadas
2021-11-24 00:15:00,004 INFO br.com.eleicaoonline.service.EleicaoService [scheduling-1] Executando buscarPorSituacao
2021-11-24 00:15:00,061 INFO br.com.eleicaoonline.job.IniciarFinalizarEleicaoJob [scheduling-1] Executando o job de iniciar eleição
2021-11-24 00:15:00,061 INFO br.com.eleicaoonline.service.EleicaoService [scheduling-1] Executando buscarPorSituacao
2021-11-24 00:15:00,083 INFO br.com.eleicaoonline.job.CalcularResultadoEleicaoJob [scheduling-1] Executando o job de calcular os resultados das eleições com falha
2021-11-24 00:15:00,083 INFO br.com.eleicaoonline.service.EleicaoService [scheduling-1] Executando buscarPorSituacao
2021-11-24 00:16:00,022 INFO br.com.eleicaoonline.job.CalcularResultadoEleicaoJob [scheduling-1] Executando o job de calcular os resultados das eleições com falha
2021-11-24 00:16:00,024 INFO br.com.eleicaoonline.service.EleicaoService [scheduling-1] Executando buscarPorSituacao
2021-11-24 00:16:00,039 INFO br.com.eleicaoonline.job.CalcularResultadoEleicaoJob [scheduling-1] Executando o job de calcular os resultados das eleições iniciadas
2021-11-24 00:16:00,039 INFO br.com.eleicaoonline.service.EleicaoService [scheduling-1] Executando buscarPorSituacao
2021-11-24 00:16:00,072 INFO br.com.eleicaoonline.job.IniciarFinalizarEleicaoJob [scheduling-1] Executando o job de iniciar eleição
2021-11-24 00:16:00,073 INFO br.com.eleicaoonline.service.EleicaoService [scheduling-1] Executando buscarPorSituacao
2021-11-24 00:17:00,002 INFO br.com.eleicaoonline.job.CalcularResultadoEleicaoJob [scheduling-1] Executando o job de calcular os resultados das eleições com falha
2021-11-24 00:17:00,003 INFO br.com.eleicaoonline.service.EleicaoService [scheduling-1] Executando buscarPorSituacao
2021-11-24 00:17:00,010 INFO br.com.eleicaoonline.job.IniciarFinalizarEleicaoJob [scheduling-1] Executando o job de iniciar eleição
2021-11-24 00:17:00,010 INFO br.com.eleicaoonline.service.EleicaoService [scheduling-1] Executando buscarPorSituacao
2021-11-24 00:17:00,027 INFO br.com.eleicaoonline.job.CalcularResultadoEleicaoJob [scheduling-1] Executando o job de calcular os resultados das eleições iniciadas
2021-11-24 00:17:00,027 INFO br.com.eleicaoonline.service.EleicaoService [scheduling-1] Executando buscarPorSituacao
2021-11-24 00:18:00,017 INFO br.com.eleicaoonline.job.CalcularResultadoEleicaoJob [scheduling-1] Executando o job de calcular os resultados das eleições com falha
2021-11-24 00:18:00,018 INFO br.com.eleicaoonline.service.EleicaoService [scheduling-1] Executando buscarPorSituacao
2021-11-24 00:18:00,029 INFO br.com.eleicaoonline.job.CalcularResultadoEleicaoJob [scheduling-1] Executando o job de calcular os resultados das eleições iniciadas
2021-11-24 00:18:00,029 INFO br.com.eleicaoonline.service.EleicaoService [scheduling-1] Executando buscarPorSituacao
2021-11-24 00:18:00,057 INFO br.com.eleicaoonline.job.IniciarFinalizarEleicaoJob [scheduling-1] Executando o job de iniciar eleição
2021-11-24 00:18:00,057 INFO br.com.eleicaoonline.service.EleicaoService [scheduling-1] Executando buscarPorSituacao
2021-11-24 00:19:00,020 INFO br.com.eleicaoonline.job.CalcularResultadoEleicaoJob [scheduling-1] Executando o job de calcular os resultados das eleições iniciadas
2021-11-24 00:19:00,022 INFO br.com.eleicaoonline.service.EleicaoService [scheduling-1] Executando buscarPorSituacao
2021-11-24 00:19:00,073 INFO br.com.eleicaoonline.job.CalcularResultadoEleicaoJob [scheduling-1] Executando o job de calcular os resultados das eleições com falha
2021-11-24 00:19:00,073 INFO br.com.eleicaoonline.service.EleicaoService [scheduling-1] Executando buscarPorSituacao
2021-11-24 00:19:00,077 INFO br.com.eleicaoonline.job.IniciarFinalizarEleicaoJob [scheduling-1] Executando o job de iniciar eleição
2021-11-24 00:19:00,077 INFO br.com.eleicaoonline.service.EleicaoService [scheduling-1] Executando buscarPorSituacao
2021-11-24 00:20:00,134 INFO br.com.eleicaoonline.job.CalcularResultadoEleicaoJob [scheduling-1] Executando o job de calcular os resultados das eleições com falha
2021-11-24 00:20:00,134 INFO br.com.eleicaoonline.service.EleicaoService [scheduling-1] Executando buscarPorSituacao
2021-11-24 00:20:00,308 INFO br.com.eleicaoonline.job.IniciarFinalizarEleicaoJob [scheduling-1] Executando o job de iniciar eleição
2021-11-24 00:20:00,309 INFO br.com.eleicaoonline.service.EleicaoService [scheduling-1] Executando buscarPorSituacao
2021-11-24 00:20:00,358 INFO br.com.eleicaoonline.job.CalcularResultadoEleicaoJob [scheduling-1] Executando o job de calcular os resultados das eleições iniciadas
2021-11-24 00:20:00,358 INFO br.com.eleicaoonline.service.EleicaoService [scheduling-1] Executando buscarPorSituacao
2021-11-24 00:21:00,002 INFO br.com.eleicaoonline.job.CalcularResultadoEleicaoJob [scheduling-1] Executando o job de calcular os resultados das eleições iniciadas
2021-11-24 00:21:00,004 INFO br.com.eleicaoonline.service.EleicaoService [scheduling-1] Executando buscarPorSituacao
2021-11-24 00:21:00,049 INFO br.com.eleicaoonline.job.CalcularResultadoEleicaoJob [scheduling-1] Executando o job de calcular os resultados das eleições com falha
2021-11-24 00:21:00,049 INFO br.com.eleicaoonline.service.EleicaoService [scheduling-1] Executando buscarPorSituacao
2021-11-24 00:21:00,053 INFO br.com.eleicaoonline.job.IniciarFinalizarEleicaoJob [scheduling-1] Executando o job de iniciar eleição
2021-11-24 00:21:00,053 INFO br.com.eleicaoonline.service.EleicaoService [scheduling-1] Executando buscarPorSituacao
2021-11-24 00:22:00,003 INFO br.com.eleicaoonline.job.CalcularResultadoEleicaoJob [scheduling-1] Executando o job de calcular os resultados das eleições com falha
2021-11-24 00:22:00,004 INFO br.com.eleicaoonline.service.EleicaoService [scheduling-1] Executando buscarPorSituacao
2021-11-24 00:22:00,011 INFO br.com.eleicaoonline.job.IniciarFinalizarEleicaoJob [scheduling-1] Executando o job de iniciar eleição
2021-11-24 00:22:00,011 INFO br.com.eleicaoonline.service.EleicaoService [scheduling-1] Executando buscarPorSituacao
2021-11-24 00:22:00,029 INFO br.com.eleicaoonline.job.CalcularResultadoEleicaoJob [scheduling-1] Executando o job de calcular os resultados das eleições iniciadas
2021-11-24 00:22:00,030 INFO br.com.eleicaoonline.service.EleicaoService [scheduling-1] Executando buscarPorSituacao
2021-11-24 00:23:00,040 INFO br.com.eleicaoonline.job.CalcularResultadoEleicaoJob [scheduling-1] Executando o job de calcular os resultados das eleições iniciadas
2021-11-24 00:23:00,041 INFO br.com.eleicaoonline.service.EleicaoService [scheduling-1] Executando buscarPorSituacao
2021-11-24 00:23:00,093 INFO br.com.eleicaoonline.job.IniciarFinalizarEleicaoJob [scheduling-1] Executando o job de iniciar eleição
2021-11-24 00:23:00,093 INFO br.com.eleicaoonline.service.EleicaoService [scheduling-1] Executando buscarPorSituacao
2021-11-24 00:23:00,107 INFO br.com.eleicaoonline.job.CalcularResultadoEleicaoJob [scheduling-1] Executando o job de calcular os resultados das eleições com falha
2021-11-24 00:23:00,107 INFO br.com.eleicaoonline.service.EleicaoService [scheduling-1] Executando buscarPorSituacao
2021-11-24 00:24:00,004 INFO br.com.eleicaoonline.job.CalcularResultadoEleicaoJob [scheduling-1] Executando o job de calcular os resultados das eleições iniciadas
2021-11-24 00:24:00,004 INFO br.com.eleicaoonline.service.EleicaoService [scheduling-1] Executando buscarPorSituacao
2021-11-24 00:24:00,043 INFO br.com.eleicaoonline.job.IniciarFinalizarEleicaoJob [scheduling-1] Executando o job de iniciar eleição
2021-11-24 00:24:00,043 INFO br.com.eleicaoonline.service.EleicaoService [scheduling-1] Executando buscarPorSituacao
2021-11-24 00:24:00,048 INFO br.com.eleicaoonline.job.CalcularResultadoEleicaoJob [scheduling-1] Executando o job de calcular os resultados das eleições com falha
2021-11-24 00:24:00,049 INFO br.com.eleicaoonline.service.EleicaoService [scheduling-1] Executando buscarPorSituacao
2021-11-24 00:25:00,004 INFO br.com.eleicaoonline.job.IniciarFinalizarEleicaoJob [scheduling-1] Executando o job de iniciar eleição
2021-11-24 00:25:00,004 INFO br.com.eleicaoonline.service.EleicaoService [scheduling-1] Executando buscarPorSituacao
2021-11-24 00:25:00,020 INFO br.com.eleicaoonline.job.CalcularResultadoEleicaoJob [scheduling-1] Executando o job de calcular os resultados das eleições iniciadas
2021-11-24 00:25:00,021 INFO br.com.eleicaoonline.service.EleicaoService [scheduling-1] Executando buscarPorSituacao
2021-11-24 00:25:00,055 INFO br.com.eleicaoonline.job.CalcularResultadoEleicaoJob [scheduling-1] Executando o job de calcular os resultados das eleições com falha
2021-11-24 00:25:00,056 INFO br.com.eleicaoonline.service.EleicaoService [scheduling-1] Executando buscarPorSituacao
2021-11-24 00:26:00,024 INFO br.com.eleicaoonline.job.IniciarFinalizarEleicaoJob [scheduling-1] Executando o job de iniciar eleição
2021-11-24 00:26:00,025 INFO br.com.eleicaoonline.service.EleicaoService [scheduling-1] Executando buscarPorSituacao
2021-11-24 00:26:00,088 INFO br.com.eleicaoonline.job.CalcularResultadoEleicaoJob [scheduling-1] Executando o job de calcular os resultados das eleições com falha
2021-11-24 00:26:00,089 INFO br.com.eleicaoonline.service.EleicaoService [scheduling-1] Executando buscarPorSituacao
2021-11-24 00:26:00,109 INFO br.com.eleicaoonline.job.CalcularResultadoEleicaoJob [scheduling-1] Executando o job de calcular os resultados das eleições iniciadas
2021-11-24 00:26:00,109 INFO br.com.eleicaoonline.service.EleicaoService [scheduling-1] Executando buscarPorSituacao
2021-11-24 00:27:00,003 INFO br.com.eleicaoonline.job.CalcularResultadoEleicaoJob [scheduling-1] Executando o job de calcular os resultados das eleições iniciadas
2021-11-24 00:27:00,003 INFO br.com.eleicaoonline.service.EleicaoService [scheduling-1] Executando buscarPorSituacao
2021-11-24 00:27:00,079 INFO br.com.eleicaoonline.job.IniciarFinalizarEleicaoJob [scheduling-1] Executando o job de iniciar eleição
2021-11-24 00:27:00,079 INFO br.com.eleicaoonline.service.EleicaoService [scheduling-1] Executando buscarPorSituacao
2021-11-24 00:27:00,086 INFO br.com.eleicaoonline.job.CalcularResultadoEleicaoJob [scheduling-1] Executando o job de calcular os resultados das eleições com falha
2021-11-24 00:27:00,086 INFO br.com.eleicaoonline.service.EleicaoService [scheduling-1] Executando buscarPorSituacao
2021-11-24 00:28:00,004 INFO br.com.eleicaoonline.job.IniciarFinalizarEleicaoJob [scheduling-1] Executando o job de iniciar eleição
2021-11-24 00:28:00,005 INFO br.com.eleicaoonline.service.EleicaoService [scheduling-1] Executando buscarPorSituacao
2021-11-24 00:28:00,027 INFO br.com.eleicaoonline.job.CalcularResultadoEleicaoJob [scheduling-1] Executando o job de calcular os resultados das eleições iniciadas
2021-11-24 00:28:00,027 INFO br.com.eleicaoonline.service.EleicaoService [scheduling-1] Executando buscarPorSituacao
2021-11-24 00:28:00,115 INFO br.com.eleicaoonline.job.CalcularResultadoEleicaoJob [scheduling-1] Executando o job de calcular os resultados das eleições com falha
2021-11-24 00:28:00,115 INFO br.com.eleicaoonline.service.EleicaoService [scheduling-1] Executando buscarPorSituacao
2021-11-24 00:29:00,003 INFO br.com.eleicaoonline.job.IniciarFinalizarEleicaoJob [scheduling-1] Executando o job de iniciar eleição
2021-11-24 00:29:00,003 INFO br.com.eleicaoonline.service.EleicaoService [scheduling-1] Executando buscarPorSituacao
2021-11-24 00:29:00,020 INFO br.com.eleicaoonline.job.CalcularResultadoEleicaoJob [scheduling-1] Executando o job de calcular os resultados das eleições iniciadas
2021-11-24 00:29:00,020 INFO br.com.eleicaoonline.service.EleicaoService [scheduling-1] Executando buscarPorSituacao
2021-11-24 00:29:00,087 INFO br.com.eleicaoonline.job.CalcularResultadoEleicaoJob [scheduling-1] Executando o job de calcular os resultados das eleições com falha
2021-11-24 00:29:00,088 INFO br.com.eleicaoonline.service.EleicaoService [scheduling-1] Executando buscarPorSituacao
2021-11-24 00:30:00,010 INFO br.com.eleicaoonline.job.IniciarFinalizarEleicaoJob [scheduling-1] Executando o job de iniciar eleição
2021-11-24 00:30:00,013 INFO br.com.eleicaoonline.service.EleicaoService [scheduling-1] Executando buscarPorSituacao
2021-11-24 00:30:00,043 INFO br.com.eleicaoonline.job.CalcularResultadoEleicaoJob [scheduling-1] Executando o job de calcular os resultados das eleições com falha
2021-11-24 00:30:00,045 INFO br.com.eleicaoonline.service.EleicaoService [scheduling-1] Executando buscarPorSituacao
2021-11-24 00:30:00,052 INFO br.com.eleicaoonline.job.CalcularResultadoEleicaoJob [scheduling-1] Executando o job de calcular os resultados das eleições iniciadas
2021-11-24 00:30:00,053 INFO br.com.eleicaoonline.service.EleicaoService [scheduling-1] Executando buscarPorSituacao
2021-11-24 00:31:00,004 INFO br.com.eleicaoonline.job.CalcularResultadoEleicaoJob [scheduling-1] Executando o job de calcular os resultados das eleições com falha
2021-11-24 00:31:00,005 INFO br.com.eleicaoonline.service.EleicaoService [scheduling-1] Executando buscarPorSituacao
2021-11-24 00:31:00,015 INFO br.com.eleicaoonline.job.CalcularResultadoEleicaoJob [scheduling-1] Executando o job de calcular os resultados das eleições iniciadas
2021-11-24 00:31:00,015 INFO br.com.eleicaoonline.service.EleicaoService [scheduling-1] Executando buscarPorSituacao
2021-11-24 00:31:00,041 INFO br.com.eleicaoonline.job.IniciarFinalizarEleicaoJob [scheduling-1] Executando o job de iniciar eleição
2021-11-24 00:31:00,041 INFO br.com.eleicaoonline.service.EleicaoService [scheduling-1] Executando buscarPorSituacao
2021-11-24 00:32:00,033 INFO br.com.eleicaoonline.job.IniciarFinalizarEleicaoJob [scheduling-1] Executando o job de iniciar eleição
2021-11-24 00:32:00,036 INFO br.com.eleicaoonline.service.EleicaoService [scheduling-1] Executando buscarPorSituacao
2021-11-24 00:32:00,052 INFO br.com.eleicaoonline.job.CalcularResultadoEleicaoJob [scheduling-1] Executando o job de calcular os resultados das eleições iniciadas
2021-11-24 00:32:00,053 INFO br.com.eleicaoonline.service.EleicaoService [scheduling-1] Executando buscarPorSituacao
2021-11-24 00:32:00,092 INFO br.com.eleicaoonline.job.CalcularResultadoEleicaoJob [scheduling-1] Executando o job de calcular os resultados das eleições com falha
2021-11-24 00:32:00,092 INFO br.com.eleicaoonline.service.EleicaoService [scheduling-1] Executando buscarPorSituacao
2021-11-24 00:33:00,023 INFO br.com.eleicaoonline.job.IniciarFinalizarEleicaoJob [scheduling-1] Executando o job de iniciar eleição
2021-11-24 00:33:00,023 INFO br.com.eleicaoonline.service.EleicaoService [scheduling-1] Executando buscarPorSituacao
2021-11-24 00:33:00,031 INFO br.com.eleicaoonline.job.CalcularResultadoEleicaoJob [scheduling-1] Executando o job de calcular os resultados das eleições com falha
2021-11-24 00:33:00,031 INFO br.com.eleicaoonline.service.EleicaoService [scheduling-1] Executando buscarPorSituacao
2021-11-24 00:33:00,034 INFO br.com.eleicaoonline.job.CalcularResultadoEleicaoJob [scheduling-1] Executando o job de calcular os resultados das eleições iniciadas
2021-11-24 00:33:00,035 INFO br.com.eleicaoonline.service.EleicaoService [scheduling-1] Executando buscarPorSituacao
2021-11-24 00:34:00,030 INFO br.com.eleicaoonline.job.IniciarFinalizarEleicaoJob [scheduling-1] Executando o job de iniciar eleição
2021-11-24 00:34:00,031 INFO br.com.eleicaoonline.service.EleicaoService [scheduling-1] Executando buscarPorSituacao
2021-11-24 00:34:00,050 INFO br.com.eleicaoonline.job.CalcularResultadoEleicaoJob [scheduling-1] Executando o job de calcular os resultados das eleições iniciadas
2021-11-24 00:34:00,050 INFO br.com.eleicaoonline.service.EleicaoService [scheduling-1] Executando buscarPorSituacao
2021-11-24 00:34:00,076 INFO br.com.eleicaoonline.job.CalcularResultadoEleicaoJob [scheduling-1] Executando o job de calcular os resultados das eleições com falha
2021-11-24 00:34:00,076 INFO br.com.eleicaoonline.service.EleicaoService [scheduling-1] Executando buscarPorSituacao
2021-11-24 00:35:00,011 INFO br.com.eleicaoonline.job.IniciarFinalizarEleicaoJob [scheduling-1] Executando o job de iniciar eleição
2021-11-24 00:35:00,012 INFO br.com.eleicaoonline.service.EleicaoService [scheduling-1] Executando buscarPorSituacao
2021-11-24 00:35:00,024 INFO br.com.eleicaoonline.job.CalcularResultadoEleicaoJob [scheduling-1] Executando o job de calcular os resultados das eleições com falha
2021-11-24 00:35:00,024 INFO br.com.eleicaoonline.service.EleicaoService [scheduling-1] Executando buscarPorSituacao
2021-11-24 00:35:00,028 INFO br.com.eleicaoonline.job.CalcularResultadoEleicaoJob [scheduling-1] Executando o job de calcular os resultados das eleições iniciadas
2021-11-24 00:35:00,028 INFO br.com.eleicaoonline.service.EleicaoService [scheduling-1] Executando buscarPorSituacao
2021-11-24 00:36:00,020 INFO br.com.eleicaoonline.job.CalcularResultadoEleicaoJob [scheduling-1] Executando o job de calcular os resultados das eleições iniciadas
2021-11-24 00:36:00,021 INFO br.com.eleicaoonline.service.EleicaoService [scheduling-1] Executando buscarPorSituacao
2021-11-24 00:36:00,062 INFO br.com.eleicaoonline.job.IniciarFinalizarEleicaoJob [scheduling-1] Executando o job de iniciar eleição
2021-11-24 00:36:00,063 INFO br.com.eleicaoonline.service.EleicaoService [scheduling-1] Executando buscarPorSituacao
2021-11-24 00:36:00,068 INFO br.com.eleicaoonline.job.CalcularResultadoEleicaoJob [scheduling-1] Executando o job de calcular os resultados das eleições com falha
2021-11-24 00:36:00,068 INFO br.com.eleicaoonline.service.EleicaoService [scheduling-1] Executando buscarPorSituacao
2021-11-24 00:37:00,023 INFO br.com.eleicaoonline.job.CalcularResultadoEleicaoJob [scheduling-1] Executando o job de calcular os resultados das eleições com falha
2021-11-24 00:37:00,025 INFO br.com.eleicaoonline.service.EleicaoService [scheduling-1] Executando buscarPorSituacao
2021-11-24 00:37:00,041 INFO br.com.eleicaoonline.job.CalcularResultadoEleicaoJob [scheduling-1] Executando o job de calcular os resultados das eleições iniciadas
2021-11-24 00:37:00,042 INFO br.com.eleicaoonline.service.EleicaoService [scheduling-1] Executando buscarPorSituacao
2021-11-24 00:37:00,078 INFO br.com.eleicaoonline.job.IniciarFinalizarEleicaoJob [scheduling-1] Executando o job de iniciar eleição
2021-11-24 00:37:00,078 INFO br.com.eleicaoonline.service.EleicaoService [scheduling-1] Executando buscarPorSituacao
2021-11-24 00:38:00,027 INFO br.com.eleicaoonline.job.CalcularResultadoEleicaoJob [scheduling-1] Executando o job de calcular os resultados das eleições iniciadas
2021-11-24 00:38:00,030 INFO br.com.eleicaoonline.service.EleicaoService [scheduling-1] Executando buscarPorSituacao
2021-11-24 00:38:00,077 INFO br.com.eleicaoonline.job.CalcularResultadoEleicaoJob [scheduling-1] Executando o job de calcular os resultados das eleições com falha
2021-11-24 00:38:00,078 INFO br.com.eleicaoonline.service.EleicaoService [scheduling-1] Executando buscarPorSituacao
2021-11-24 00:38:00,080 INFO br.com.eleicaoonline.job.IniciarFinalizarEleicaoJob [scheduling-1] Executando o job de iniciar eleição
2021-11-24 00:38:00,081 INFO br.com.eleicaoonline.service.EleicaoService [scheduling-1] Executando buscarPorSituacao
2021-11-24 00:39:00,003 INFO br.com.eleicaoonline.job.CalcularResultadoEleicaoJob [scheduling-1] Executando o job de calcular os resultados das eleições iniciadas
2021-11-24 00:39:00,003 INFO br.com.eleicaoonline.service.EleicaoService [scheduling-1] Executando buscarPorSituacao
2021-11-24 00:39:00,108 INFO br.com.eleicaoonline.job.IniciarFinalizarEleicaoJob [scheduling-1] Executando o job de iniciar eleição
2021-11-24 00:39:00,109 INFO br.com.eleicaoonline.service.EleicaoService [scheduling-1] Executando buscarPorSituacao
2021-11-24 00:39:00,113 INFO br.com.eleicaoonline.job.CalcularResultadoEleicaoJob [scheduling-1] Executando o job de calcular os resultados das eleições com falha
2021-11-24 00:39:00,113 INFO br.com.eleicaoonline.service.EleicaoService [scheduling-1] Executando buscarPorSituacao
2021-11-24 00:40:00,026 INFO br.com.eleicaoonline.job.CalcularResultadoEleicaoJob [scheduling-1] Executando o job de calcular os resultados das eleições com falha
2021-11-24 00:40:00,029 INFO br.com.eleicaoonline.service.EleicaoService [scheduling-1] Executando buscarPorSituacao
2021-11-24 00:40:00,046 INFO br.com.eleicaoonline.job.CalcularResultadoEleicaoJob [scheduling-1] Executando o job de calcular os resultados das eleições iniciadas
2021-11-24 00:40:00,046 INFO br.com.eleicaoonline.service.EleicaoService [scheduling-1] Executando buscarPorSituacao
2021-11-24 00:40:00,085 INFO br.com.eleicaoonline.job.IniciarFinalizarEleicaoJob [scheduling-1] Executando o job de iniciar eleição
2021-11-24 00:40:00,086 INFO br.com.eleicaoonline.service.EleicaoService [scheduling-1] Executando buscarPorSituacao
2021-11-24 00:41:00,027 INFO br.com.eleicaoonline.job.CalcularResultadoEleicaoJob [scheduling-1] Executando o job de calcular os resultados das eleições iniciadas
2021-11-24 00:41:00,028 INFO br.com.eleicaoonline.service.EleicaoService [scheduling-1] Executando buscarPorSituacao
2021-11-24 00:41:00,108 INFO br.com.eleicaoonline.job.CalcularResultadoEleicaoJob [scheduling-1] Executando o job de calcular os resultados das eleições com falha
2021-11-24 00:41:00,109 INFO br.com.eleicaoonline.service.EleicaoService [scheduling-1] Executando buscarPorSituacao
2021-11-24 00:41:00,112 INFO br.com.eleicaoonline.job.IniciarFinalizarEleicaoJob [scheduling-1] Executando o job de iniciar eleição
2021-11-24 00:41:00,112 INFO br.com.eleicaoonline.service.EleicaoService [scheduling-1] Executando buscarPorSituacao
